
  ___  ____  ____  ____  ____ ©
 /__    /   ____/   /   ____/      17.0
___/   /   /___/   /   /___/       SE—Standard Edition

 Statistics and Data Science       Copyright 1985-2021 StataCorp LLC
                                   StataCorp
                                   4905 Lakeway Drive
                                   College Station, Texas 77845 USA
                                   800-STATA-PC        https://www.stata.com
                                   979-696-4600        stata@stata.com

Stata license: 32-user network perpetual
Serial number: 501706311472
  Licensed to: Harvard Research Computing
               Cambridge MA

Notes:
      1. Stata is running in batch mode.
      2. Unicode is supported; see help unicode_advice.
      3. Maximum number of variables is set to 32,767; see help set_maxvar.

. do dump_all_bumpy.do 

. set more off

. use category year product_desc clean_desc price similarity_score ///
>     using /n/home02/cxu75/sci_eq/derived/first_stage/make_mkt_panel/output/fu
> ll_item_level_tfidf.dta if ///
>     inlist(category, "human serum", "crystallizing dishes", "rectangular carb
> oys", "nitrogen", "bacterial selection antibiotics - rifampicin", "storage ja
> rs") | ///
>     inlist(category, "potassium acetate", "carbon dioxide", "depc", "sodium s
> ulfate", "colorimetric substrates - onpg", "ammonium sulfate") | ///
>     inlist(category, "paraffin", "thrombin", "colorimetric substrates - dab",
>  "chromatography paper", "flash chromatography columns - silica gel", "cell l
> ysis detergents - digitonin") | ///
>     inlist(category, "cell culture antibiotics - zeocin", "dewar flasks", "dr
> ug - anticoagulant", "direct pcr lysis reagents", "lds sample buffer"), clear

. keep if inrange(year, 2010, 2018)
(829 observations deleted)

. rename price log_price

. bysort category: egen med_lp = median(log_price)

. bysort category: egen p25_lp = pctile(log_price), p(25)

. bysort category: egen p75_lp = pctile(log_price), p(75)

. gen iqr_lp = p75_lp - p25_lp

. gen abs_dev = abs(log_price - med_lp)

. gen outlier = abs_dev > 2 * iqr_lp & iqr_lp > 0

. gen low_sim = similarity_score < 0.40

. gen suspect = outlier | low_sim

. keep if suspect == 1
(5,185 observations deleted)

. 
. * Deduplicate descriptions per category
. bysort category clean_desc: gen freq = _N

. bysort category clean_desc: keep if _n == 1
(365 observations deleted)

. 
. * Use clean_desc for keyword extraction (lowercase, no formatting)
. gsort category similarity_score

. keep category similarity_score log_price freq clean_desc product_desc

. export delimited using /tmp/all_suspects.csv, replace
(file /tmp/all_suspects.csv not found)
file /tmp/all_suspects.csv saved

. display "Saved /tmp/all_suspects.csv"
Saved /tmp/all_suspects.csv

. display "Unique suspect descriptions: " _N
Unique suspect descriptions: 368

. 
end of do-file
