
  ___  ____  ____  ____  ____ ©
 /__    /   ____/   /   ____/      17.0
___/   /   /___/   /   /___/       SE—Standard Edition

 Statistics and Data Science       Copyright 1985-2021 StataCorp LLC
                                   StataCorp
                                   4905 Lakeway Drive
                                   College Station, Texas 77845 USA
                                   800-STATA-PC        https://www.stata.com
                                   979-696-4600        stata@stata.com

Stata license: 32-user network perpetual
Serial number: 501706311472
  Licensed to: Harvard Research Computing
               Cambridge MA

Notes:
      1. Stata is running in batch mode.
      2. Unicode is supported; see help unicode_advice.
      3. Maximum number of variables is set to 32,767; see help set_maxvar.

. do inspect_bumpy.do 

. set more off

. * Categories to inspect — top ~20 bumpy controls + 2 treated Tier 3
. local bumpy `" "human serum" "crystallizing dishes" "rectangular carboys" "ni
> trogen" "bacterial selection antibiotics - rifampicin" "storage jars" "potass
> ium acetate" "carbon dioxide" "depc" "sodium sulfate" "colorimetric substrate
> s - onpg" "ammonium sulfate" "paraffin" "thrombin" "colorimetric substrates -
>  dab" "chromatography paper" "flash chromatography columns - silica gel" "cel
> l lysis detergents - digitonin" "cell culture antibiotics - zeocin" "dewar fl
> asks" "drug - anticoagulant" "direct pcr lysis reagents" "lds sample buffer" 
> "'

. 
. use category year product_desc clean_desc price qty spend similarity_score pr
> ediction_source supplier_id ///
>     using /n/home02/cxu75/sci_eq/derived/first_stage/make_mkt_panel/output/fu
> ll_item_level_tfidf.dta if ///
>     inlist(category, "human serum", "crystallizing dishes", "rectangular carb
> oys", "nitrogen", "bacterial selection antibiotics - rifampicin", "storage ja
> rs") | ///
>     inlist(category, "potassium acetate", "carbon dioxide", "depc", "sodium s
> ulfate", "colorimetric substrates - onpg", "ammonium sulfate") | ///
>     inlist(category, "paraffin", "thrombin", "colorimetric substrates - dab",
>  "chromatography paper", "flash chromatography columns - silica gel", "cell l
> ysis detergents - digitonin") | ///
>     inlist(category, "cell culture antibiotics - zeocin", "dewar flasks", "dr
> ug - anticoagulant", "direct pcr lysis reagents", "lds sample buffer"), clear

. 
. display "N obs loaded: " _N
N obs loaded: 6747

. * Restrict to merger window
. keep if inrange(year, 2010, 2018)
(829 observations deleted)

. display "After window filter: " _N
After window filter: 5918

. 
. * Summary by category
. display _newline "=== ITEM COUNTS, SIMILARITY, PRICE SUMMARY BY CATEGORY ==="

=== ITEM COUNTS, SIMILARITY, PRICE SUMMARY BY CATEGORY ===

. bysort category: gen n = _N

. gen low_sim = similarity_score < 0.30

. bysort category: egen pct_low_sim = mean(low_sim*100)

. bysort category: egen med_sim = median(similarity_score)

. bysort category: egen p05_price = pctile(price), p(5)

. bysort category: egen p95_price = pctile(price), p(95)

. bysort category: egen med_price = median(price)

. collapse (first) n pct_low_sim med_sim p05_price p95_price med_price, by(cate
> gory)

. gen ratio_p95_p05 = p95_price / p05_price

. gsort -ratio_p95_p05

. format pct_low_sim med_sim %5.2f

. format ratio_p95_p05 %7.1f

. format p05_price p95_price med_price %9.2f

. list category n med_sim pct_low_sim med_price p05_price p95_price ratio_p95_p
> 05, sep(0) noobs

  +--------------------------------------------------------------------------+
  |                                     category |    n | med_sim | pct_lo~m |
  |                                 storage jars |  175 |    0.77 |     4.00 |
  |--------------------------------------------------------------------------|
  |    med_pr~e     |     p05_pr~e     |     p95_pr~e     |     ratio~05     |
  |        3.69     |         1.15     |         5.04     |          4.4     |
  +--------------------------------------------------------------------------+

  +--------------------------------------------------------------------------+
  |                                     category |    n | med_sim | pct_lo~m |
  |                                     nitrogen |  151 |    0.60 |     3.97 |
  |--------------------------------------------------------------------------|
  |    med_pr~e     |     p05_pr~e     |     p95_pr~e     |     ratio~05     |
  |        4.12     |         1.45     |         6.18     |          4.3     |
  +--------------------------------------------------------------------------+

  +--------------------------------------------------------------------------+
  |                                     category |    n | med_sim | pct_lo~m |
  |                               carbon dioxide | 2059 |    0.82 |     0.10 |
  |--------------------------------------------------------------------------|
  |    med_pr~e     |     p05_pr~e     |     p95_pr~e     |     ratio~05     |
  |        2.83     |         2.08     |         6.55     |          3.1     |
  +--------------------------------------------------------------------------+

  +--------------------------------------------------------------------------+
  |                                     category |    n | med_sim | pct_lo~m |
  |                                     paraffin |  472 |    0.82 |     0.21 |
  |--------------------------------------------------------------------------|
  |    med_pr~e     |     p05_pr~e     |     p95_pr~e     |     ratio~05     |
  |        4.32     |         2.27     |         6.31     |          2.8     |
  +--------------------------------------------------------------------------+

  +--------------------------------------------------------------------------+
  |                                     category |    n | med_sim | pct_lo~m |
  |    flash chromatography columns - silica gel |  102 |    0.82 |     0.00 |
  |--------------------------------------------------------------------------|
  |    med_pr~e     |     p05_pr~e     |     p95_pr~e     |     ratio~05     |
  |        5.20     |         2.63     |         7.10     |          2.7     |
  +--------------------------------------------------------------------------+

  +--------------------------------------------------------------------------+
  |                                     category |    n | med_sim | pct_lo~m |
  |                         crystallizing dishes |  354 |    0.94 |     0.00 |
  |--------------------------------------------------------------------------|
  |    med_pr~e     |     p05_pr~e     |     p95_pr~e     |     ratio~05     |
  |        4.53     |         2.52     |         5.62     |          2.2     |
  +--------------------------------------------------------------------------+

  +--------------------------------------------------------------------------+
  |                                     category |    n | med_sim | pct_lo~m |
  |                               sodium sulfate |  137 |    0.62 |     8.03 |
  |--------------------------------------------------------------------------|
  |    med_pr~e     |     p05_pr~e     |     p95_pr~e     |     ratio~05     |
  |        4.31     |         2.89     |         6.23     |          2.2     |
  +--------------------------------------------------------------------------+

  +--------------------------------------------------------------------------+
  |                                     category |    n | med_sim | pct_lo~m |
  |                         chromatography paper |  190 |    0.66 |     2.11 |
  |--------------------------------------------------------------------------|
  |    med_pr~e     |     p05_pr~e     |     p95_pr~e     |     ratio~05     |
  |        4.78     |         2.87     |         5.62     |          2.0     |
  +--------------------------------------------------------------------------+

  +--------------------------------------------------------------------------+
  |                                     category |    n | med_sim | pct_lo~m |
  |                            lds sample buffer |  168 |    0.90 |     1.79 |
  |--------------------------------------------------------------------------|
  |    med_pr~e     |     p05_pr~e     |     p95_pr~e     |     ratio~05     |
  |        2.64     |         2.48     |         4.84     |          1.9     |
  +--------------------------------------------------------------------------+

  +--------------------------------------------------------------------------+
  |                                     category |    n | med_sim | pct_lo~m |
  |                colorimetric substrates - dab |  582 |    0.80 |     3.09 |
  |--------------------------------------------------------------------------|
  |    med_pr~e     |     p05_pr~e     |     p95_pr~e     |     ratio~05     |
  |        4.87     |         3.72     |         6.99     |          1.9     |
  +--------------------------------------------------------------------------+

  +--------------------------------------------------------------------------+
  |                                     category |    n | med_sim | pct_lo~m |
  |                             ammonium sulfate |   70 |    0.94 |     0.00 |
  |--------------------------------------------------------------------------|
  |    med_pr~e     |     p05_pr~e     |     p95_pr~e     |     ratio~05     |
  |        4.42     |         3.03     |         5.67     |          1.9     |
  +--------------------------------------------------------------------------+

  +--------------------------------------------------------------------------+
  |                                     category |    n | med_sim | pct_lo~m |
  |                                         depc |   67 |    1.00 |     2.99 |
  |--------------------------------------------------------------------------|
  |    med_pr~e     |     p05_pr~e     |     p95_pr~e     |     ratio~05     |
  |        4.64     |         3.07     |         5.46     |          1.8     |
  +--------------------------------------------------------------------------+

  +--------------------------------------------------------------------------+
  |                                     category |    n | med_sim | pct_lo~m |
  |               colorimetric substrates - onpg |   66 |    0.80 |    42.42 |
  |--------------------------------------------------------------------------|
  |    med_pr~e     |     p05_pr~e     |     p95_pr~e     |     ratio~05     |
  |        3.66     |         3.08     |         5.46     |          1.8     |
  +--------------------------------------------------------------------------+

  +--------------------------------------------------------------------------+
  |                                     category |    n | med_sim | pct_lo~m |
  |                                     thrombin |  121 |    0.89 |     0.83 |
  |--------------------------------------------------------------------------|
  |    med_pr~e     |     p05_pr~e     |     p95_pr~e     |     ratio~05     |
  |        4.25     |         3.30     |         5.64     |          1.7     |
  +--------------------------------------------------------------------------+

  +--------------------------------------------------------------------------+
  |                                     category |    n | med_sim | pct_lo~m |
  |                          rectangular carboys |   49 |    0.78 |     0.00 |
  |--------------------------------------------------------------------------|
  |    med_pr~e     |     p05_pr~e     |     p95_pr~e     |     ratio~05     |
  |        4.72     |         3.49     |         5.93     |          1.7     |
  +--------------------------------------------------------------------------+

  +--------------------------------------------------------------------------+
  |                                     category |    n | med_sim | pct_lo~m |
  |                                  human serum |   85 |    0.85 |     0.00 |
  |--------------------------------------------------------------------------|
  |    med_pr~e     |     p05_pr~e     |     p95_pr~e     |     ratio~05     |
  |        4.65     |         3.58     |         5.95     |          1.7     |
  +--------------------------------------------------------------------------+

  +--------------------------------------------------------------------------+
  |                                     category |    n | med_sim | pct_lo~m |
  |            cell culture antibiotics - zeocin |  154 |    0.95 |     4.55 |
  |--------------------------------------------------------------------------|
  |    med_pr~e     |     p05_pr~e     |     p95_pr~e     |     ratio~05     |
  |        5.41     |         4.09     |         6.71     |          1.6     |
  +--------------------------------------------------------------------------+

  +--------------------------------------------------------------------------+
  |                                     category |    n | med_sim | pct_lo~m |
  |                         drug - anticoagulant |  148 |    0.91 |     0.00 |
  |--------------------------------------------------------------------------|
  |    med_pr~e     |     p05_pr~e     |     p95_pr~e     |     ratio~05     |
  |        4.24     |         3.44     |         5.62     |          1.6     |
  +--------------------------------------------------------------------------+

  +--------------------------------------------------------------------------+
  |                                     category |    n | med_sim | pct_lo~m |
  | bacterial selection antibiotics - rifampicin |   47 |    0.78 |     2.13 |
  |--------------------------------------------------------------------------|
  |    med_pr~e     |     p05_pr~e     |     p95_pr~e     |     ratio~05     |
  |        4.35     |         3.57     |         5.62     |          1.6     |
  +--------------------------------------------------------------------------+

  +--------------------------------------------------------------------------+
  |                                     category |    n | med_sim | pct_lo~m |
  |                            potassium acetate |   68 |    0.95 |     1.47 |
  |--------------------------------------------------------------------------|
  |    med_pr~e     |     p05_pr~e     |     p95_pr~e     |     ratio~05     |
  |        3.49     |         2.88     |         4.50     |          1.6     |
  +--------------------------------------------------------------------------+

  +--------------------------------------------------------------------------+
  |                                     category |    n | med_sim | pct_lo~m |
  |            cell lysis detergents - digitonin |  143 |    0.95 |     2.10 |
  |--------------------------------------------------------------------------|
  |    med_pr~e     |     p05_pr~e     |     p95_pr~e     |     ratio~05     |
  |        4.60     |         3.93     |         6.02     |          1.5     |
  +--------------------------------------------------------------------------+

  +--------------------------------------------------------------------------+
  |                                     category |    n | med_sim | pct_lo~m |
  |                                 dewar flasks |  390 |    0.85 |     0.51 |
  |--------------------------------------------------------------------------|
  |    med_pr~e     |     p05_pr~e     |     p95_pr~e     |     ratio~05     |
  |        5.34     |         4.31     |         6.44     |          1.5     |
  +--------------------------------------------------------------------------+

  +--------------------------------------------------------------------------+
  |                                     category |    n | med_sim | pct_lo~m |
  |                    direct pcr lysis reagents |  120 |    0.64 |     4.17 |
  |--------------------------------------------------------------------------|
  |    med_pr~e     |     p05_pr~e     |     p95_pr~e     |     ratio~05     |
  |        5.27     |         4.37     |         5.74     |          1.3     |
  +--------------------------------------------------------------------------+

. 
end of do-file
