
  ___  ____  ____  ____  ____ ©
 /__    /   ____/   /   ____/      17.0
___/   /   /___/   /   /___/       BE—Basic Edition

 Statistics and Data Science       Copyright 1985-2021 StataCorp LLC
                                   StataCorp
                                   4905 Lakeway Drive
                                   College Station, Texas 77845 USA
                                   800-STATA-PC        https://www.stata.com
                                   979-696-4600        stata@stata.com

Stata license: 32-user network perpetual
Serial number: 501706311472
  Licensed to: Harvard Research Computing
               Cambridge MA

Notes:
      1. Stata is running in batch mode.
      2. Unicode is supported; see help unicode_advice.

. do /tmp/mad_diag.do 

. set more off

. clear all

. use /n/holylabs/pakes_lab/Lab/sci_eq/derived/first_stage/make_mkt_panel/outpu
> t/full_item_level_tfidf.dta, clear

. // reconstruct what the MAD filter saw using the same anchors as the new code
. gen lp = log(raw_price)

. bys category: gegen med_lp_cat = median(lp)

. bys category year: gegen med_lp_yr_raw = median(lp)

. gen med_lp_yr = cond(abs(med_lp_yr_raw - med_lp_cat) > ln(2), med_lp_cat, med
> _lp_yr_raw)

. gen abs_dev = abs(lp - med_lp_yr)

. bys category year: gegen mad = median(abs_dev)

. gen cap_a = 3 * mad

. gen cap_b = log(3)

. gen used_cap = min(cap_a, cap_b)

. gen would_drop_cap3 = abs_dev > min(3*mad, log(3)) & mad > 0

. gen would_drop_no_cap = abs_dev > 3*mad & mad > 0

. gen would_drop_cap5 = abs_dev > min(3*mad, log(5)) & mad > 0

. gen would_drop_cap10 = abs_dev > min(3*mad, log(10)) & mad > 0

. di " "
 

. di "MAD distribution across category-years (in log price units)"
MAD distribution across category-years (in log price units)

. sum mad, d

                             mad
-------------------------------------------------------------
      Percentiles      Smallest
 1%            0              0
 5%     .0979748              0
10%     .1670542              0       Obs             929,992
25%     .2506623              0       Sum of wgt.     929,992

50%     .3493946                      Mean           .3374667
                        Largest       Std. dev.      .1412611
75%     .4197056       1.744418
90%     .4797387       1.744418       Variance       .0199547
95%     .5246696       1.749589       Skewness       .9210201
99%     .7195537       2.066599       Kurtosis       9.040526

. di " "
 

. di "When mad>0, fraction of category-years where log(3) cap is the binding co
> nstraint"
When mad>0, fraction of category-years where log(3) cap is the binding constrai
> nt

. qui count if mad > 0

. local denom = r(N)

. qui count if mad > 0 & 3*mad > log(3)

. di "  3*MAD > log(3) (cap binds): " r(N)/`denom'*100 "%"
  3*MAD > log(3) (cap binds): 41.504357%

. qui count if mad > 0 & 3*mad > log(5)

. di "  3*MAD > log(5)            : " r(N)/`denom'*100 "%"
  3*MAD > log(5)            : 4.1863613%

. qui count if mad > 0 & 3*mad > log(10)

. di "  3*MAD > log(10)           : " r(N)/`denom'*100 "%"
  3*MAD > log(10)           : .7476266%

. di " "
 

. di "Drop rate at different caps (cumulative; current = cap3)"
Drop rate at different caps (cumulative; current = cap3)

. qui count

. local n = r(N)

. qui count if would_drop_cap3

. di "  cap = log(3)  drops " r(N)/`n'*100 "%"
  cap = log(3)  drops 5.9246746%

. qui count if would_drop_cap5

. di "  cap = log(5)  drops " r(N)/`n'*100 "%"
  cap = log(5)  drops 5.0177851%

. qui count if would_drop_cap10

. di "  cap = log(10) drops " r(N)/`n'*100 "%"
  cap = log(10) drops 4.808751%

. qui count if would_drop_no_cap

. di "  no cap (3*MAD only) drops " r(N)/`n'*100 "%"
  no cap (3*MAD only) drops 4.808751%

. 
end of do-file
