
  ___  ____  ____  ____  ____ ©
 /__    /   ____/   /   ____/      17.0
___/   /   /___/   /   /___/       SE—Standard Edition

 Statistics and Data Science       Copyright 1985-2021 StataCorp LLC
                                   StataCorp
                                   4905 Lakeway Drive
                                   College Station, Texas 77845 USA
                                   800-STATA-PC        https://www.stata.com
                                   979-696-4600        stata@stata.com

Stata license: 32-user network perpetual
Serial number: 501706311472
  Licensed to: Harvard Research Computing
               Cambridge MA

Notes:
      1. Stata is running in batch mode.
      2. Unicode is supported; see help unicode_advice.
      3. Maximum number of variables is set to 32,767; see help set_maxvar.

. do peek.do 

. set more off

. describe using /n/home02/cxu75/sci_eq/derived/first_stage/make_mkt_panel/outp
> ut/item_level_tfidf.dta

Contains data                                 
 Observations:       766,838                  12 May 2026 03:01
    Variables:            50                  
-------------------------------------------------------------------------------
Variable      Storage   Display    Value
    name         type    format    label      Variable label
-------------------------------------------------------------------------------
product_desc    strL    %9s                   
clean_desc      strL    %9s                   
agencyname      str63   %63s                  
purchase_id     str61   %61s                  
qty             double  %9.0g                 
price           float   %9.0g                 
spend           float   %9.0g                 
date            str10   %10s                  
old_suppliername
                str112  %112s                 
prediction_source
                str16   %16s                  
similarity_score
                float   %9.0g                 
category        str74   %74s                  
purchase_date   float   %9.0g                 
year            float   %9.0g                 
suppliername    str97   %97s                  
num_sup_obs     float   %9.0g                 
tot_sup_spend   double  %10.0g                
precision       float   %9.0g                 
recall          float   %9.0g                 
f1score         float   %9.0g                 f1-score
support         long    %12.0g                
tier1           float   %9.0g                 Tier 1: serious-doubts finding
                                                (EU paras 41/69/98/105) or FTC
                                                Dharmacon
tier2           float   %9.0g                 Tier 2: named overlap, no serious
                                                doubts (EU paras 11, 12, fn 44)
tier3           float   %9.0g                 Tier 3: bundling / extension
                                                robustness
treated_strict  float   %9.0g                 Treated (Tier 1 only)
treated_1and2   float   %9.0g                 Treated (Tier 1 + Tier 2)
treated         float   %9.0g                 Treated (Tier 1 + Tier 2 + Tier
                                                3)
bad_control     float   %9.0g                 Drop from controls:
                                                action/shock/bundling in
                                                2010-2018 window
bad_control_reason
                str118  %118s                 Reason category was flagged as
                                                bad control
keep            float   %9.0g                 
raw_price       float   %9.0g                 
raw_qty         float   %9.0g                 
raw_spend       float   %9.0g                 
obs_cnt         float   %9.0g                 
uni_id          float   %9.0g                 
supplier_id     float   %9.0g                 
total_sup_spend double  %10.0g                
mkt             float   %9.0g                 
num_years       float   %9.0g                 
cat_spend       double  %10.0g                
tot_obs         double  %10.0g                
obs_2013        float   %9.0g                 
spend_2013      float   %9.0g                 
uni_cat_spend   double  %10.0g                
uni_tot_obs     double  %10.0g                
uni_obs_2013    float   %9.0g                 
uni_spend_2013  float   %9.0g                 
uni_mkt         float   %9.0g                 
min_year        float   %9.0g                 
max_year        float   %9.0g                 
-------------------------------------------------------------------------------
Sorted by: uni_mkt  

. display _newline "---"

---

. describe using /n/home02/cxu75/sci_eq/derived/first_stage/make_mkt_panel/outp
> ut/full_item_level_tfidf.dta

Contains data                                 
 Observations:     1,243,574                  12 May 2026 03:01
    Variables:            50                  
-------------------------------------------------------------------------------
Variable      Storage   Display    Value
    name         type    format    label      Variable label
-------------------------------------------------------------------------------
product_desc    strL    %9s                   
clean_desc      strL    %9s                   
agencyname      str63   %63s                  
purchase_id     str61   %61s                  
qty             double  %9.0g                 
price           float   %9.0g                 
spend           float   %9.0g                 
date            str10   %10s                  
old_suppliername
                str112  %112s                 
prediction_source
                str16   %16s                  
similarity_score
                float   %9.0g                 
category        str74   %74s                  
purchase_date   float   %9.0g                 
year            float   %9.0g                 
suppliername    str97   %97s                  
num_sup_obs     float   %9.0g                 
tot_sup_spend   double  %10.0g                
precision       float   %9.0g                 
recall          float   %9.0g                 
f1score         float   %9.0g                 f1-score
support         long    %12.0g                
tier1           float   %9.0g                 Tier 1: serious-doubts finding
                                                (EU paras 41/69/98/105) or FTC
                                                Dharmacon
tier2           float   %9.0g                 Tier 2: named overlap, no serious
                                                doubts (EU paras 11, 12, fn 44)
tier3           float   %9.0g                 Tier 3: bundling / extension
                                                robustness
treated_strict  float   %9.0g                 Treated (Tier 1 only)
treated_1and2   float   %9.0g                 Treated (Tier 1 + Tier 2)
treated         float   %9.0g                 Treated (Tier 1 + Tier 2 + Tier
                                                3)
bad_control     float   %9.0g                 Drop from controls:
                                                action/shock/bundling in
                                                2010-2018 window
bad_control_reason
                str118  %118s                 Reason category was flagged as
                                                bad control
keep            float   %9.0g                 
raw_price       float   %9.0g                 
raw_qty         float   %9.0g                 
raw_spend       float   %9.0g                 
obs_cnt         float   %9.0g                 
uni_id          float   %9.0g                 
supplier_id     float   %9.0g                 
total_sup_spend double  %10.0g                
mkt             float   %9.0g                 
num_years       float   %9.0g                 
cat_spend       double  %10.0g                
tot_obs         double  %10.0g                
obs_2013        float   %9.0g                 
spend_2013      float   %9.0g                 
uni_cat_spend   double  %10.0g                
uni_tot_obs     double  %10.0g                
uni_obs_2013    float   %9.0g                 
uni_spend_2013  float   %9.0g                 
uni_mkt         float   %9.0g                 
min_year        float   %9.0g                 
max_year        float   %9.0g                 
-------------------------------------------------------------------------------
Sorted by: uni_mkt  

. 
end of do-file
