
  ___  ____  ____  ____  ____ ©
 /__    /   ____/   /   ____/      17.0
___/   /   /___/   /   /___/       SE—Standard Edition

 Statistics and Data Science       Copyright 1985-2021 StataCorp LLC
                                   StataCorp
                                   4905 Lakeway Drive
                                   College Station, Texas 77845 USA
                                   800-STATA-PC        https://www.stata.com
                                   979-696-4600        stata@stata.com

Stata license: 32-user network perpetual
Serial number: 501706311472
  Licensed to: Harvard Research Computing
               Cambridge MA

Notes:
      1. Stata is running in batch mode.
      2. Unicode is supported; see help unicode_advice.
      3. Maximum number of variables is set to 32,767; see help set_maxvar.

. do rescreen.do 

. set more off

. use /n/home02/cxu75/sci_eq/derived/first_stage/make_mkt_panel/output/full_cat
> egory_yr_tfidf.dta, clear

. keep if inrange(year, 2010, 2018)
(713 observations deleted)

. keep if keep == 1
(4,706 observations deleted)

. sort category year

. by category: gen dlp = avg_log_price - avg_log_price[_n-1]
(186 missing values generated)

. collapse (sd) sd_dlp = dlp ///
>          (max) max_dlp = dlp (min) min_dlp = dlp ///
>          (count) n_yrs = year ///
>          (max) treated = treated tier1 = tier1 tier2 = tier2 tier3 = tier3 //
> /
>          (mean) spend = raw_spend, by(category)

. gen abs_max = max(abs(max_dlp), abs(min_dlp))

. gen treated_any = (treated > 0 & treated < .)

. keep if n_yrs >= 6
(0 observations deleted)

. gen already_excluded = inlist(category, "slide mounting medium", "collagenase
> ", "catalase", "dextrose", "egta solution", "pipes buffers") | inlist(categor
> y, "synthetic shrna")

. format sd_dlp abs_max %5.3f

. gsort -sd_dlp

. keep category sd_dlp abs_max n_yrs treated_any tier1 tier2 tier3 already_excl
> uded spend

. export delimited using /tmp/volatility_ranked_v2.csv, replace
(file /tmp/volatility_ranked_v2.csv not found)
file /tmp/volatility_ranked_v2.csv saved

. display "Total kept categories: " _N
Total kept categories: 186

. 
end of do-file
