
  ___  ____  ____  ____  ____ ©
 /__    /   ____/   /   ____/      17.0
___/   /   /___/   /   /___/       SE—Standard Edition

 Statistics and Data Science       Copyright 1985-2021 StataCorp LLC
                                   StataCorp
                                   4905 Lakeway Drive
                                   College Station, Texas 77845 USA
                                   800-STATA-PC        https://www.stata.com
                                   979-696-4600        stata@stata.com

Stata license: 32-user network perpetual
Serial number: 501706311472
  Licensed to: Harvard Research Computing
               Cambridge MA

Notes:
      1. Stata is running in batch mode.
      2. Unicode is supported; see help unicode_advice.
      3. Maximum number of variables is set to 32,767; see help set_maxvar.

. do sample_20_30.do 

. set more off

. use category year product_desc clean_desc price similarity_score keep ///
>     using /n/home02/cxu75/sci_eq/derived/first_stage/make_mkt_panel/output/fu
> ll_item_level_tfidf.dta if keep == 1, clear

. keep if inrange(year, 2010, 2018)
(104,859 observations deleted)

. keep if similarity_score >= 0.20 & similarity_score < 0.30
(622,067 observations deleted)

. 
. set seed 42

. gen u = runiform()

. sort u

. display _newline "=== RANDOM SAMPLE OF 30 ITEMS IN sim 0.20-0.30 BAND ==="

=== RANDOM SAMPLE OF 30 ITEMS IN sim 0.20-0.30 BAND ===

. format similarity_score %5.2f

. list category similarity_score product_desc in 1/30, sep(0) noobs string(75)

  +---------------------------------------------------------------------------+
  |                                      category       |      simila~e       |
  |      synthetic dna oligonucleotide - desalted       |          0.22       |
  |---------------------------------------------------------------------------|
  | product_desc                                                              |
  | oligos                                                                    |
  +---------------------------------------------------------------------------+

  +---------------------------------------------------------------------------+
  |                                      category       |      simila~e       |
  |                         microcentrifuge tubes       |          0.25       |
  |---------------------------------------------------------------------------|
  | product_desc                                                              |
  | mct n/s 2.0 ml ast 500/pk                                                 |
  +---------------------------------------------------------------------------+

  +---------------------------------------------------------------------------+
  |                                      category       |      simila~e       |
  |                               pcr tube strips       |          0.22       |
  |---------------------------------------------------------------------------|
  | product_desc                                                              |
  | mx3000p/mx3005p optical strip caps (120 count)                            |
  +---------------------------------------------------------------------------+

  +---------------------------------------------------------------------------+
  |                                      category       |      simila~e       |
  |      synthetic dna oligonucleotide - desalted       |          0.28       |
  |---------------------------------------------------------------------------|
  | product_desc                                                              |
  | B3501-D227K_T228A-FP Custom DNA Oligo, 25N, Desalted, Dry                 |
  +---------------------------------------------------------------------------+

  +---------------------------------------------------------------------------+
  |                                      category       |      simila~e       |
  |      synthetic dna oligonucleotide - desalted       |          0.23       |
  |---------------------------------------------------------------------------|
  | product_desc                                                              |
  | oligo, 25nmol                                                             |
  +---------------------------------------------------------------------------+

  +---------------------------------------------------------------------------+
  |                                      category       |      simila~e       |
  |                                         vials       |          0.23       |
  |---------------------------------------------------------------------------|
  | product_desc                                                              |
  | kit stndrd autsmplrvial 100/pk                                            |
  +---------------------------------------------------------------------------+

  +---------------------------------------------------------------------------+
  |                                      category       |      simila~e       |
  |                           cell culture plates       |          0.28       |
  |---------------------------------------------------------------------------|
  | product_desc                                                              |
  | biolite 6 well multidish 50/cs                                            |
  +---------------------------------------------------------------------------+

  +---------------------------------------------------------------------------+
  |                                      category       |      simila~e       |
  |      synthetic dna oligonucleotide - desalted       |          0.22       |
  |---------------------------------------------------------------------------|
  | product_desc                                                              |
  | oligos                                                                    |
  +---------------------------------------------------------------------------+

  +---------------------------------------------------------------------------+
  |                                      category       |      simila~e       |
  |                             microscope slides       |          0.21       |
  |---------------------------------------------------------------------------|
  | product_desc                                                              |
  | 12-544-2-premium frosted microscope slides - super                        |
  +---------------------------------------------------------------------------+

  +---------------------------------------------------------------------------+
  |                                      category       |      simila~e       |
  |                                  pipette tips       |          0.29       |
  |---------------------------------------------------------------------------|
  | product_desc                                                              |
  | TIPONE 101-1000 5L NATURAL G                                              |
  +---------------------------------------------------------------------------+

  +---------------------------------------------------------------------------+
  |                                      category       |      simila~e       |
  |                           cell culture flasks       |          0.25       |
  |---------------------------------------------------------------------------|
  | product_desc                                                              |
  | Nunc Cell Culture Treated Flasks with Vent/Close Caps, T175               |
  +---------------------------------------------------------------------------+

  +---------------------------------------------------------------------------+
  |                                      category       |      simila~e       |
  |      synthetic dna oligonucleotide - desalted       |          0.22       |
  |---------------------------------------------------------------------------|
  | product_desc                                                              |
  | oligos                                                                    |
  +---------------------------------------------------------------------------+

  +---------------------------------------------------------------------------+
  |                                      category       |      simila~e       |
  |                                     cryovials       |          0.29       |
  |---------------------------------------------------------------------------|
  | product_desc                                                              |
  | cryotube 1800ul rnd exth pk450.                                           |
  +---------------------------------------------------------------------------+

  +---------------------------------------------------------------------------+
  |                                      category       |      simila~e       |
  |      synthetic dna oligonucleotide - desalted       |          0.22       |
  |---------------------------------------------------------------------------|
  | product_desc                                                              |
  | oligos                                                                    |
  +---------------------------------------------------------------------------+

  +---------------------------------------------------------------------------+
  |                                      category       |      simila~e       |
  |                           cell culture plates       |          0.28       |
  |---------------------------------------------------------------------------|
  | product_desc                                                              |
  | cluster tc 6well 5/bag cs100                                              |
  +---------------------------------------------------------------------------+

  +---------------------------------------------------------------------------+
  |                                      category       |      simila~e       |
  |      synthetic dna oligonucleotide - desalted       |          0.22       |
  |---------------------------------------------------------------------------|
  | product_desc                                                              |
  | oligos                                                                    |
  +---------------------------------------------------------------------------+

  +---------------------------------------------------------------------------+
  |                                      category       |      simila~e       |
  |                          serological pipettes       |          0.24       |
  |---------------------------------------------------------------------------|
  | product_desc                                                              |
  | stripette red 25ml cs200                                                  |
  +---------------------------------------------------------------------------+

  +---------------------------------------------------------------------------+
  |                                      category       |      simila~e       |
  |                         microcentrifuge tubes       |          0.20       |
  |---------------------------------------------------------------------------|
  | product_desc                                                              |
  | microtube 2.0ml clear 500pk                                               |
  +---------------------------------------------------------------------------+

  +---------------------------------------------------------------------------+
  |                                      category       |      simila~e       |
  |      synthetic dna oligonucleotide - desalted       |          0.22       |
  |---------------------------------------------------------------------------|
  | product_desc                                                              |
  | oligos                                                                    |
  +---------------------------------------------------------------------------+

  +---------------------------------------------------------------------------+
  |                                      category       |      simila~e       |
  |      synthetic dna oligonucleotide - desalted       |          0.22       |
  |---------------------------------------------------------------------------|
  | product_desc                                                              |
  | oligos                                                                    |
  +---------------------------------------------------------------------------+

  +---------------------------------------------------------------------------+
  |                                      category       |      simila~e       |
  |                                 filter papers       |          0.27       |
  |---------------------------------------------------------------------------|
  | product_desc                                                              |
  | sodium crb anhyd cert acs 500g magnesium chloride acs 500g sodium hydro.. |
  +---------------------------------------------------------------------------+

  +---------------------------------------------------------------------------+
  |                                      category       |      simila~e       |
  |                             microscope slides       |          0.22       |
  |---------------------------------------------------------------------------|
  | product_desc                                                              |
  | slides microscope sterile                                                 |
  +---------------------------------------------------------------------------+

  +---------------------------------------------------------------------------+
  |                                      category       |      simila~e       |
  |                           cell culture plates       |          0.29       |
  |---------------------------------------------------------------------------|
  | product_desc                                                              |
  | 6005070-isoplate-96 tc, tissue culture treated, 50                        |
  +---------------------------------------------------------------------------+

  +---------------------------------------------------------------------------+
  |                                      category       |      simila~e       |
  |                                        bleach       |          0.21       |
  |---------------------------------------------------------------------------|
  | product_desc                                                              |
  | neutral disinfectant germicidal cleaner                                   |
  +---------------------------------------------------------------------------+

  +---------------------------------------------------------------------------+
  |                                      category       |      simila~e       |
  |      synthetic dna oligonucleotide - desalted       |          0.29       |
  |---------------------------------------------------------------------------|
  | product_desc                                                              |
  | a15612-hmthfd2 crispr v2_f value dna oligo , desal                        |
  +---------------------------------------------------------------------------+

  +---------------------------------------------------------------------------+
  |                                      category       |      simila~e       |
  |                                 spray bottles       |          0.29       |
  |---------------------------------------------------------------------------|
  | product_desc                                                              |
  | chemical resistant trigger sprayer, size 9 inches, fits 32 ounces bottle  |
  +---------------------------------------------------------------------------+

  +---------------------------------------------------------------------------+
  |                                      category       |      simila~e       |
  |                           cell culture plates       |          0.29       |
  |---------------------------------------------------------------------------|
  | product_desc                                                              |
  | cluster tc 6well 5/bag cs100                                              |
  +---------------------------------------------------------------------------+

  +---------------------------------------------------------------------------+
  |                                      category       |      simila~e       |
  |      synthetic dna oligonucleotide - desalted       |          0.22       |
  |---------------------------------------------------------------------------|
  | product_desc                                                              |
  | oligos                                                                    |
  +---------------------------------------------------------------------------+

  +---------------------------------------------------------------------------+
  |                                      category       |      simila~e       |
  |      synthetic dna oligonucleotide - desalted       |          0.30       |
  |---------------------------------------------------------------------------|
  | product_desc                                                              |
  | Cf2031_R1 Custom DNA Oligo, 25N, Desalted, Dry                            |
  +---------------------------------------------------------------------------+

  +---------------------------------------------------------------------------+
  |                                      category       |      simila~e       |
  |      synthetic dna oligonucleotide - desalted       |          0.22       |
  |---------------------------------------------------------------------------|
  | product_desc                                                              |
  | oligos                                                                    |
  +---------------------------------------------------------------------------+

. 
end of do-file
