
  ___  ____  ____  ____  ____ ©
 /__    /   ____/   /   ____/      17.0
___/   /   /___/   /   /___/       SE—Standard Edition

 Statistics and Data Science       Copyright 1985-2021 StataCorp LLC
                                   StataCorp
                                   4905 Lakeway Drive
                                   College Station, Texas 77845 USA
                                   800-STATA-PC        https://www.stata.com
                                   979-696-4600        stata@stata.com

Stata license: 32-user network perpetual
Serial number: 501706311472
  Licensed to: Harvard Research Computing
               Cambridge MA

Notes:
      1. Stata is running in batch mode.
      2. Unicode is supported; see help unicode_advice.
      3. Maximum number of variables is set to 32,767; see help set_maxvar.

. do sample_30_40.do 

. set more off

. use category year product_desc clean_desc price similarity_score keep ///
>     using /n/home02/cxu75/sci_eq/derived/first_stage/make_mkt_panel/output/fu
> ll_item_level_tfidf.dta if keep == 1, clear

. keep if inrange(year, 2010, 2018)
(104,859 observations deleted)

. keep if similarity_score >= 0.30 & similarity_score < 0.40
(618,017 observations deleted)

. 
. * Top categories in this band by item count
. bysort category: gen n_cat = _N

. preserve

. bysort category: keep if _n == 1
(43,823 observations deleted)

. gsort -n_cat

. display "=== TOP CATEGORIES IN sim 0.30-0.40 BAND ==="
=== TOP CATEGORIES IN sim 0.30-0.40 BAND ===

. list category n_cat in 1/25, sep(0) noobs

  +--------------------------------------------------+
  |                                 category   n_cat |
  |--------------------------------------------------|
  | synthetic dna oligonucleotide - desalted    5225 |
  |                             pipette tips    4434 |
  |                             latex gloves    4029 |
  |                    microcentrifuge tubes    3571 |
  |                           nitrile gloves    1879 |
  |                                  ethanol    1791 |
  |                                 syringes    1749 |
  |                     serological pipettes    1604 |
  |                                    vials    1522 |
  |                       bottle top filters    1421 |
  |                          syringe filters    1385 |
  |                      cell culture plates     862 |
  |                               coverslips     779 |
  |                                cryovials     770 |
  |                            spray bottles     689 |
  |                                lab coats     603 |
  |                       cell culture tubes     510 |
  |                      cell culture flasks     475 |
  |                      laboratory spatulas     428 |
  |               chemically competent cells     405 |
  |      formaldehydes and paraformaldehydes     399 |
  |                                     dmem     381 |
  |                                     dmso     346 |
  |                                   us fbs     328 |
  |                  pvdf blotting membranes     305 |
  +--------------------------------------------------+

. restore

. 
. * Random sample of 30 items in this band
. set seed 42

. gen u = runiform()

. sort u

. display _newline "=== RANDOM SAMPLE OF 30 ITEMS IN sim 0.30-0.40 BAND ==="

=== RANDOM SAMPLE OF 30 ITEMS IN sim 0.30-0.40 BAND ===

. format similarity_score %5.2f

. list category similarity_score product_desc in 1/30, sep(0) noobs string(75)

  +---------------------------------------------------------------------------+
  |                                      category       |      simila~e       |
  |           formaldehydes and paraformaldehydes       |          0.36       |
  |---------------------------------------------------------------------------|
  | product_desc                                                              |
  | f79-4, formaldehyde 4l bottle, 4 bottles/case                             |
  +---------------------------------------------------------------------------+

  +---------------------------------------------------------------------------+
  |                                      category       |      simila~e       |
  |                           cell culture flasks       |          0.37       |
  |---------------------------------------------------------------------------|
  | product_desc                                                              |
  | flask t25 50ml grid tc cs200                                              |
  +---------------------------------------------------------------------------+

  +---------------------------------------------------------------------------+
  |                                      category       |      simila~e       |
  |                         microcentrifuge tubes       |          0.36       |
  |---------------------------------------------------------------------------|
  | product_desc                                                              |
  | 1.5ML PP LID LOK TB GRN 500/PK                                            |
  +---------------------------------------------------------------------------+

  +---------------------------------------------------------------------------+
  |                                      category       |      simila~e       |
  |                                      syringes       |          0.35       |
  |---------------------------------------------------------------------------|
  | product_desc                                                              |
  | syr/ndl tb 1cc 25gx5/8in 100pk                                            |
  +---------------------------------------------------------------------------+

  +---------------------------------------------------------------------------+
  |                                      category       |      simila~e       |
  |                                 spray bottles       |          0.40       |
  |---------------------------------------------------------------------------|
  | product_desc                                                              |
  | 4109000-spray bottle/quat 256                                             |
  +---------------------------------------------------------------------------+

  +---------------------------------------------------------------------------+
  |                                      category       |      simila~e       |
  |                                          dmem       |          0.33       |
  |---------------------------------------------------------------------------|
  | product_desc                                                              |
  | dulbecco#s modified eagle#s medium - high glucose, with 4500 mg/l gluco.. |
  +---------------------------------------------------------------------------+

  +---------------------------------------------------------------------------+
  |                                      category       |      simila~e       |
  |                                  pipette tips       |          0.39       |
  |---------------------------------------------------------------------------|
  | product_desc                                                              |
  | tip, pipetter; fisherbrand; specialty; volume: 0 to 200ul; length: 2 in.. |
  +---------------------------------------------------------------------------+

  +---------------------------------------------------------------------------+
  |                                      category       |      simila~e       |
  |                         microcentrifuge tubes       |          0.34       |
  |---------------------------------------------------------------------------|
  | product_desc                                                              |
  | c3172-posi-lock 2.0ml microcentrifuge tubes, 500 p                        |
  +---------------------------------------------------------------------------+

  +---------------------------------------------------------------------------+
  |                                      category       |      simila~e       |
  |                                   weigh boats       |          0.39       |
  |---------------------------------------------------------------------------|
  | product_desc                                                              |
  | VWR WEIGHING BOAT LG CS500                                                |
  +---------------------------------------------------------------------------+

  +---------------------------------------------------------------------------+
  |                                      category       |      simila~e       |
  |                                          dmem       |          0.39       |
  |---------------------------------------------------------------------------|
  | product_desc                                                              |
  | dmem/glnhglu w/opyr 6x500 6/pk fb glv ltx pf ambi sm 100/pk               |
  +---------------------------------------------------------------------------+

  +---------------------------------------------------------------------------+
  |                                      category       |      simila~e       |
  |                                boiling flasks       |          0.37       |
  |---------------------------------------------------------------------------|
  | product_desc                                                              |
  | 07-250-082 250ml round bottom flasks                                      |
  +---------------------------------------------------------------------------+

  +---------------------------------------------------------------------------+
  |                                      category       |      simila~e       |
  |                         reverse transcriptase       |          0.35       |
  |---------------------------------------------------------------------------|
  | product_desc                                                              |
  | MAXIMA H MINUS RT 4X10000U                                                |
  +---------------------------------------------------------------------------+

  +---------------------------------------------------------------------------+
  |                                      category       |      simila~e       |
  |                                  pipette tips       |          0.39       |
  |---------------------------------------------------------------------------|
  | product_desc                                                              |
  | pipet tip,1ml,nat,grad,rk,ns                                              |
  +---------------------------------------------------------------------------+

  +---------------------------------------------------------------------------+
  |                                      category       |      simila~e       |
  |                                          dmem       |          0.38       |
  |---------------------------------------------------------------------------|
  | product_desc                                                              |
  | 11966025-dulbecco's modified eagle medium (d-mem)                         |
  +---------------------------------------------------------------------------+

  +---------------------------------------------------------------------------+
  |                                      category       |      simila~e       |
  |                          bovine serum albumin       |          0.38       |
  |---------------------------------------------------------------------------|
  | product_desc                                                              |
  | tis cult dish 100x20mm 500/cs hygromycin dpbs 1x wo ca mg pr 500ml 6/pk.. |
  +---------------------------------------------------------------------------+

  +---------------------------------------------------------------------------+
  |                                      category       |      simila~e       |
  |                                          dmem       |          0.31       |
  |---------------------------------------------------------------------------|
  | product_desc                                                              |
  | sh3051302 hyq sfm4mab w gln lm 1000ml                                     |
  +---------------------------------------------------------------------------+

  +---------------------------------------------------------------------------+
  |                                      category       |      simila~e       |
  |      synthetic dna oligonucleotide - desalted       |          0.32       |
  |---------------------------------------------------------------------------|
  | product_desc                                                              |
  | 3utr_pma7_hnr value dna oligo , desalted, dry, 24 , 25 nmol               |
  +---------------------------------------------------------------------------+

  +---------------------------------------------------------------------------+
  |                                      category       |      simila~e       |
  |                                     lab coats       |          0.31       |
  |---------------------------------------------------------------------------|
  | product_desc                                                              |
  | labcoat x-safe white xl 10/pk                                             |
  +---------------------------------------------------------------------------+

  +---------------------------------------------------------------------------+
  |                                      category       |      simila~e       |
  |                            cell culture tubes       |          0.32       |
  |---------------------------------------------------------------------------|
  | product_desc                                                              |
  | #6q8002854953-000180#tube, tc 16x125 cs500                                |
  +---------------------------------------------------------------------------+

  +---------------------------------------------------------------------------+
  |                                      category       |      simila~e       |
  |                                nitrile gloves       |          0.37       |
  |---------------------------------------------------------------------------|
  | product_desc                                                              |
  | vwr glove sft nitr pf s pk100                                             |
  +---------------------------------------------------------------------------+

  +---------------------------------------------------------------------------+
  |                                      category       |      simila~e       |
  |                                 filter papers       |          0.34       |
  |---------------------------------------------------------------------------|
  | product_desc                                                              |
  | whatman grade 4 qualitative filter papers, ge healthcare - grade 4 qual.. |
  +---------------------------------------------------------------------------+

  +---------------------------------------------------------------------------+
  |                                      category       |      simila~e       |
  |                               lab-grade water       |          0.38       |
  |---------------------------------------------------------------------------|
  | product_desc                                                              |
  | water cell cult grd usp wfi 1l pk6                                        |
  +---------------------------------------------------------------------------+

  +---------------------------------------------------------------------------+
  |                                      category       |      simila~e       |
  |                         microcentrifuge tubes       |          0.32       |
  |---------------------------------------------------------------------------|
  | product_desc                                                              |
  | 1.5ml low adhesion, graduated tube, natural, polypropylene, certified r.. |
  +---------------------------------------------------------------------------+

  +---------------------------------------------------------------------------+
  |                                      category       |      simila~e       |
  |                                      syringes       |          0.37       |
  |---------------------------------------------------------------------------|
  | product_desc                                                              |
  | luer lock plastic syringes                                                |
  +---------------------------------------------------------------------------+

  +---------------------------------------------------------------------------+
  |                                      category       |      simila~e       |
  |                                  pipette tips       |          0.40       |
  |---------------------------------------------------------------------------|
  | product_desc                                                              |
  | 1ml, graduated non-filter racked tips                                     |
  +---------------------------------------------------------------------------+

  +---------------------------------------------------------------------------+
  |                                      category       |      simila~e       |
  |                                       beakers       |          0.38       |
  |---------------------------------------------------------------------------|
  | product_desc                                                              |
  | wine-barnard griffin wa chardonnay                                        |
  +---------------------------------------------------------------------------+

  +---------------------------------------------------------------------------+
  |                                      category       |      simila~e       |
  |                       acrylamide-bis solution       |          0.35       |
  |---------------------------------------------------------------------------|
  | product_desc                                                              |
  | PROTOGEL 30% 1L                                                           |
  +---------------------------------------------------------------------------+

  +---------------------------------------------------------------------------+
  |                                      category       |      simila~e       |
  |                               syringe filters       |          0.35       |
  |---------------------------------------------------------------------------|
  | product_desc                                                              |
  | milx gp 33mm 50/pk                                                        |
  +---------------------------------------------------------------------------+

  +---------------------------------------------------------------------------+
  |                                      category       |      simila~e       |
  |                                  latex gloves       |          0.33       |
  |---------------------------------------------------------------------------|
  | product_desc                                                              |
  | caremates disposable medical gloves - powdered latex (100 ea)             |
  +---------------------------------------------------------------------------+

  +---------------------------------------------------------------------------+
  |                                      category       |      simila~e       |
  |                           cell culture flasks       |          0.39       |
  |---------------------------------------------------------------------------|
  | product_desc                                                              |
  | s304661-solution btl/cultre flsk 5/pk                                     |
  +---------------------------------------------------------------------------+

. 
end of do-file
