
  ___  ____  ____  ____  ____ ©
 /__    /   ____/   /   ____/      17.0
___/   /   /___/   /   /___/       SE—Standard Edition

 Statistics and Data Science       Copyright 1985-2021 StataCorp LLC
                                   StataCorp
                                   4905 Lakeway Drive
                                   College Station, Texas 77845 USA
                                   800-STATA-PC        https://www.stata.com
                                   979-696-4600        stata@stata.com

Stata license: 32-user network perpetual
Serial number: 501706311472
  Licensed to: Harvard Research Computing
               Cambridge MA

Notes:
      1. Stata is running in batch mode.
      2. Unicode is supported; see help unicode_advice.
      3. Maximum number of variables is set to 32,767; see help set_maxvar.

. do sim_dist.do 

. set more off

. use category year similarity_score price keep treated tier1 tier2 tier3 ///
>     using /n/home02/cxu75/sci_eq/derived/first_stage/make_mkt_panel/output/fu
> ll_item_level_tfidf.dta, clear

. keep if inrange(year, 2010, 2018)
(168,297 observations deleted)

. display "Total items 2010-2018: " _N
Total items 2010-2018: 1075277

. 
. display _newline "=== SIMILARITY SCORE DISTRIBUTION ==="

=== SIMILARITY SCORE DISTRIBUTION ===

. display "ALL items:"
ALL items:

. summarize similarity_score, detail

                      similarity_score
-------------------------------------------------------------
      Percentiles      Smallest
 1%      .006243       .0000391
 5%     .1164202       .0000395
10%      .210639       .0000395       Obs           1,072,275
25%     .4093109       .0000424       Sum of wgt.   1,072,275

50%     .6026687                      Mean           .5725775
                        Largest       Std. dev.      .2433772
75%     .7651086              1
90%     .8658007              1       Variance       .0592325
95%     .9242111              1       Skewness      -.4726975
99%     .9695117              1       Kurtosis       2.421267

. 
. display _newline "Items in keep=1 categories only:"

Items in keep=1 categories only:

. summarize similarity_score if keep == 1, detail

                      similarity_score
-------------------------------------------------------------
      Percentiles      Smallest
 1%     .0057897       .0000647
 5%     .1433454       .0001024
10%      .235488       .0001024       Obs             661,342
25%     .4594541       .0001111       Sum of wgt.     661,342

50%     .6384041                      Mean           .6027208
                        Largest       Std. dev.      .2385149
75%     .7887626       .9999747
90%     .8876579       .9999747       Variance       .0568894
95%     .9372236       .9999747       Skewness       -.625221
99%     .9731854       .9999747       Kurtosis        2.72012

. 
. display _newline "=== FRACTIONS BELOW THRESHOLDS (keep=1 items) ==="

=== FRACTIONS BELOW THRESHOLDS (keep=1 items) ===

. count if keep == 1
  661,979

. local n_total = r(N)

. foreach t in 0.10 0.20 0.30 0.40 0.50 0.60 0.70 {
  2.     count if similarity_score < `t' & keep == 1
  3.     local pct = 100 * r(N) / `n_total'
  4.     display "sim < `t': " r(N) " items (" %5.2f `pct' "%)"
  5. }
  25,589
sim < 0.10: 25589 items ( 3.87%)
  47,681
sim < 0.20: 47681 items ( 7.20%)
  87,593
sim < 0.30: 87593 items (13.23%)
  131,555
sim < 0.40: 131555 items (19.87%)
  193,305
sim < 0.50: 193305 items (29.20%)
  294,701
sim < 0.60: 294701 items (44.52%)
  393,453
sim < 0.70: 393453 items (59.44%)

. 
. display _newline "=== ITEM COUNT BY SIM BIN, TREATED vs CONTROL (keep=1) ==="

=== ITEM COUNT BY SIM BIN, TREATED vs CONTROL (keep=1) ===

. gen sim_bin = .
(1,075,277 missing values generated)

. replace sim_bin = 1 if similarity_score < 0.10
(46,707 real changes made)

. replace sim_bin = 2 if similarity_score >= 0.10 & similarity_score < 0.20
(53,470 real changes made)

. replace sim_bin = 3 if similarity_score >= 0.20 & similarity_score < 0.30
(74,051 real changes made)

. replace sim_bin = 4 if similarity_score >= 0.30 & similarity_score < 0.40
(83,885 real changes made)

. replace sim_bin = 5 if similarity_score >= 0.40 & similarity_score < 0.50
(112,933 real changes made)

. replace sim_bin = 6 if similarity_score >= 0.50 & similarity_score < 0.60
(159,687 real changes made)

. replace sim_bin = 7 if similarity_score >= 0.60 & similarity_score < 0.70
(161,394 real changes made)

. replace sim_bin = 8 if similarity_score >= 0.70 & similarity_score < 0.80
(178,682 real changes made)

. replace sim_bin = 9 if similarity_score >= 0.80 & similarity_score < 0.90
(126,737 real changes made)

. replace sim_bin = 10 if similarity_score >= 0.90
(77,731 real changes made)

. label define simbin 1 "<0.10" 2 "0.10-.20" 3 "0.20-.30" 4 "0.30-.40" 5 "0.40-
> .50" 6 "0.50-.60" 7 "0.60-.70" 8 "0.70-.80" 9 "0.80-.90" 10 "0.90+"

. label values sim_bin simbin

. tabulate sim_bin treated if keep == 1

           |   Treated (Tier 1 +
           |   Tier 2 + Tier 3)
   sim_bin |         0          1 |     Total
-----------+----------------------+----------
     <0.10 |    24,812        777 |    25,589 
  0.10-.20 |    19,311      2,781 |    22,092 
  0.20-.30 |    35,839      4,073 |    39,912 
  0.30-.40 |    39,556      4,406 |    43,962 
  0.40-.50 |    55,040      6,710 |    61,750 
  0.50-.60 |    89,239     12,157 |   101,396 
  0.60-.70 |    82,873     15,879 |    98,752 
  0.70-.80 |   108,033     15,900 |   123,933 
  0.80-.90 |    76,480      9,924 |    86,404 
     0.90+ |    53,368      4,821 |    58,189 
-----------+----------------------+----------
     Total |   584,551     77,428 |   661,979 

. 
end of do-file
