
  ___  ____  ____  ____  ____ ©
 /__    /   ____/   /   ____/      17.0
___/   /   /___/   /   /___/       MP—Parallel Edition

 Statistics and Data Science       Copyright 1985-2021 StataCorp LLC
                                   StataCorp
                                   4905 Lakeway Drive
                                   College Station, Texas 77845 USA
                                   800-STATA-PC        https://www.stata.com
                                   979-696-4600        stata@stata.com

Stata license: 32-user 64-core network perpetual
Serial number: 501706311472
  Licensed to: Harvard Research Computing
               Cambridge MA

Notes:
      1. Stata is running in batch mode.
      2. Unicode is supported; see help unicode_advice.
      3. More than 2 billion observations are allowed; see help obs_advice.
      4. Maximum number of variables is set to 120,000; see help set_maxvar.

. 
use analysis/placebo_first_stage/output/did_coefs_placebo.dta, clear
desc
su
> m
duplicates report category
qui gunique category
di r(unique) " unique categ
> ories"
preserve
gcollapse (mean) mean_b=b (sd) sd_b=b (count) n_iters=b, by(c
> ategory)
sum mean_b
list category mean_b if inlist(category, "pipes buffers",
>  "square glass bottles", "spermidine", "chelating resin", "catalase"), noobs

> restore
 

use is not a valid command name
r(199);
