openalexR v2.0.0 introduces breaking changes.
See NEWS.md for details.

To suppress this message, add `openalexR.message = suppressed` to your .Renviron file.
Warning message:
package ‘openalexR’ was built under R version 4.4.3 

Attaching package: ‘dplyr’

The following objects are masked from ‘package:stats’:

    filter, lag

The following objects are masked from ‘package:base’:

    intersect, setdiff, setequal, union

Warning message:
package ‘dplyr’ was built under R version 4.4.3 
Warning message:
package ‘readr’ was built under R version 4.4.3 
Warning message:
package ‘stringr’ was built under R version 4.4.3 
Warning message:
package ‘purrr’ was built under R version 4.4.3 
── Attaching core tidyverse packages ──────────────────────── tidyverse 2.0.0 ──
✔ forcats   1.0.0     ✔ tibble    3.2.1
✔ ggplot2   3.5.1     ✔ tidyr     1.3.1
✔ lubridate 1.9.4     
── Conflicts ────────────────────────────────────────── tidyverse_conflicts() ──
✖ dplyr::filter() masks stats::filter()
✖ dplyr::lag()    masks stats::lag()
ℹ Use the conflicted package (<http://conflicted.r-lib.org/>) to force all conflicts to become errors
Warning messages:
1: package ‘tidyverse’ was built under R version 4.4.3 
2: package ‘tibble’ was built under R version 4.4.3 
3: package ‘tidyr’ was built under R version 4.4.3 
4: package ‘forcats’ was built under R version 4.4.3 
5: package ‘lubridate’ was built under R version 4.4.3 
Processing Chunk: 11
Batch Range: 10001 to 11000
Completed batch 10001
Completed batch 10002
Completed batch 10003
Completed batch 10004
Completed batch 10005
Completed batch 10006
API Error on batch 10007 : lexical error: invalid char in json text.
                                       <!DOCTYPE html> <!--[if lt IE 7
                     (right here) ------^

Completed batch 10008
Completed batch 10009
Completed batch 10010
Completed batch 10011
Completed batch 10012
Completed batch 10013
Completed batch 10014
Completed batch 10015
Completed batch 10016
Completed batch 10017
Completed batch 10018
Completed batch 10019
Completed batch 10020
Completed batch 10021
Completed batch 10022
Completed batch 10023
Completed batch 10024
Completed batch 10025
Completed batch 10026
Completed batch 10027
Completed batch 10028
Completed batch 10029
Completed batch 10030
Completed batch 10031
Completed batch 10032
Completed batch 10033
Completed batch 10034
Completed batch 10035
Completed batch 10036
Completed batch 10037
Completed batch 10038
Completed batch 10039
Completed batch 10040
Completed batch 10041
Completed batch 10042
Completed batch 10043
Completed batch 10044
Completed batch 10045
Completed batch 10046
Completed batch 10047
Completed batch 10048
Completed batch 10049
Completed batch 10050
Completed batch 10051
Completed batch 10052
Completed batch 10053
Completed batch 10054
Completed batch 10055
Completed batch 10056
Completed batch 10057
Completed batch 10058
Completed batch 10059
Completed batch 10060
Completed batch 10061
Completed batch 10062
Completed batch 10063
Completed batch 10064
Completed batch 10065
Completed batch 10066
Completed batch 10067
Completed batch 10068
Completed batch 10069
Completed batch 10070
Completed batch 10071
Completed batch 10072
Completed batch 10073
Completed batch 10074
Completed batch 10075
Completed batch 10076
Completed batch 10077
Completed batch 10078
Completed batch 10079
Completed batch 10080
Completed batch 10081
Completed batch 10082
Completed batch 10083
Completed batch 10084
API Error on batch 10085 : lexical error: invalid char in json text.
                                       <!DOCTYPE html> <!--[if lt IE 7
                     (right here) ------^

Completed batch 10086
Completed batch 10087
Completed batch 10088
Completed batch 10089
Completed batch 10090
Completed batch 10091
Completed batch 10092
Completed batch 10093
Completed batch 10094
Completed batch 10095
Completed batch 10096
Completed batch 10097
Completed batch 10098
Completed batch 10099
Completed batch 10100
Completed batch 10101
Completed batch 10102
Completed batch 10103
Completed batch 10104
Completed batch 10105
Completed batch 10106
Completed batch 10107
Completed batch 10108
