openalexR v2.0.0 introduces breaking changes.
See NEWS.md for details.

To suppress this message, add `openalexR.message = suppressed` to your .Renviron file.
Warning message:
package ‘openalexR’ was built under R version 4.4.3 

Attaching package: ‘dplyr’

The following objects are masked from ‘package:stats’:

    filter, lag

The following objects are masked from ‘package:base’:

    intersect, setdiff, setequal, union

Warning message:
package ‘dplyr’ was built under R version 4.4.3 
Warning message:
package ‘readr’ was built under R version 4.4.3 
Warning message:
package ‘stringr’ was built under R version 4.4.3 
Warning message:
package ‘purrr’ was built under R version 4.4.3 
── Attaching core tidyverse packages ──────────────────────── tidyverse 2.0.0 ──
✔ forcats   1.0.0     ✔ tibble    3.2.1
✔ ggplot2   3.5.1     ✔ tidyr     1.3.1
✔ lubridate 1.9.4     
── Conflicts ────────────────────────────────────────── tidyverse_conflicts() ──
✖ dplyr::filter() masks stats::filter()
✖ dplyr::lag()    masks stats::lag()
ℹ Use the conflicted package (<http://conflicted.r-lib.org/>) to force all conflicts to become errors
Warning messages:
1: package ‘tidyverse’ was built under R version 4.4.3 
2: package ‘tibble’ was built under R version 4.4.3 
3: package ‘tidyr’ was built under R version 4.4.3 
4: package ‘forcats’ was built under R version 4.4.3 
5: package ‘lubridate’ was built under R version 4.4.3 
Processing Chunk: 4
Batch Range: 3001 to 4000
Completed batch 3001
Completed batch 3002
Completed batch 3003
Completed batch 3004
Completed batch 3005
Completed batch 3006
Completed batch 3007
Completed batch 3008
Completed batch 3009
Completed batch 3010
Completed batch 3011
Completed batch 3012
Completed batch 3013
Completed batch 3014
Completed batch 3015
Completed batch 3016
Completed batch 3017
Completed batch 3018
Completed batch 3019
Completed batch 3020
Completed batch 3021
Completed batch 3022
Completed batch 3023
Completed batch 3024
Completed batch 3025
Completed batch 3026
Completed batch 3027
Completed batch 3028
Completed batch 3029
Completed batch 3030
Completed batch 3031
Completed batch 3032
Completed batch 3033
Completed batch 3034
Completed batch 3035
Completed batch 3036
Completed batch 3037
Completed batch 3038
Completed batch 3039
Completed batch 3040
Completed batch 3041
Completed batch 3042
Completed batch 3043
Completed batch 3044
Completed batch 3045
Completed batch 3046
Completed batch 3047
Completed batch 3048
Completed batch 3049
Completed batch 3050
Completed batch 3051
Completed batch 3052
Completed batch 3053
Completed batch 3054
Completed batch 3055
Completed batch 3056
Completed batch 3057
Completed batch 3058
Completed batch 3059
Completed batch 3060
Completed batch 3061
Completed batch 3062
Completed batch 3063
Completed batch 3064
Completed batch 3065
Completed batch 3066
Completed batch 3067
Completed batch 3068
Completed batch 3069
Completed batch 3070
Completed batch 3071
Completed batch 3072
Completed batch 3073
Completed batch 3074
Completed batch 3075
Completed batch 3076
Completed batch 3077
Completed batch 3078
Completed batch 3079
Completed batch 3080
Completed batch 3081
Completed batch 3082
Completed batch 3083
Completed batch 3084
Completed batch 3085
Completed batch 3086
Completed batch 3087
Completed batch 3088
Completed batch 3089
Completed batch 3090
Completed batch 3091
Completed batch 3092
Completed batch 3093
Completed batch 3094
Completed batch 3095
