openalexR v2.0.0 introduces breaking changes.
See NEWS.md for details.

To suppress this message, add `openalexR.message = suppressed` to your .Renviron file.
Warning message:
package ‘openalexR’ was built under R version 4.4.3 

Attaching package: ‘dplyr’

The following objects are masked from ‘package:stats’:

    filter, lag

The following objects are masked from ‘package:base’:

    intersect, setdiff, setequal, union

Warning message:
package ‘dplyr’ was built under R version 4.4.3 
Warning message:
package ‘readr’ was built under R version 4.4.3 
Warning message:
package ‘stringr’ was built under R version 4.4.3 
Warning message:
package ‘purrr’ was built under R version 4.4.3 
── Attaching core tidyverse packages ──────────────────────── tidyverse 2.0.0 ──
✔ forcats   1.0.0     ✔ tibble    3.2.1
✔ ggplot2   3.5.1     ✔ tidyr     1.3.1
✔ lubridate 1.9.4     
── Conflicts ────────────────────────────────────────── tidyverse_conflicts() ──
✖ dplyr::filter() masks stats::filter()
✖ dplyr::lag()    masks stats::lag()
ℹ Use the conflicted package (<http://conflicted.r-lib.org/>) to force all conflicts to become errors
Warning messages:
1: package ‘tidyverse’ was built under R version 4.4.3 
2: package ‘tibble’ was built under R version 4.4.3 
3: package ‘tidyr’ was built under R version 4.4.3 
4: package ‘forcats’ was built under R version 4.4.3 
5: package ‘lubridate’ was built under R version 4.4.3 
Processing Chunk: 19
Batch Range: 18001 to 19000
Completed batch 18001
Completed batch 18002
Completed batch 18003
Completed batch 18004
Completed batch 18005
Completed batch 18006
Completed batch 18007
Completed batch 18008
Completed batch 18009
Completed batch 18010
Completed batch 18011
Completed batch 18012
Completed batch 18013
Completed batch 18014
Completed batch 18015
Completed batch 18016
Completed batch 18017
Completed batch 18018
API Error on batch 18019 : parse error: premature EOF
                                       {"meta":{"count":50,"db_respons
                     (right here) ------^

Completed batch 18020
Completed batch 18021
Completed batch 18022
Completed batch 18023
Completed batch 18024
Completed batch 18025
Completed batch 18026
Completed batch 18027
Completed batch 18028
Completed batch 18029
Completed batch 18030
Completed batch 18031
Completed batch 18032
Completed batch 18033
Completed batch 18034
Completed batch 18035
Completed batch 18036
Completed batch 18037
Completed batch 18038
Completed batch 18039
Completed batch 18040
Completed batch 18041
Completed batch 18042
Completed batch 18043
Completed batch 18044
Completed batch 18045
Completed batch 18046
Completed batch 18047
Completed batch 18048
Completed batch 18049
Completed batch 18050
Completed batch 18051
Completed batch 18052
Completed batch 18053
Completed batch 18054
Completed batch 18055
Completed batch 18056
Completed batch 18057
Completed batch 18058
Completed batch 18059
Completed batch 18060
Completed batch 18061
Completed batch 18062
Completed batch 18063
Completed batch 18064
Completed batch 18065
Completed batch 18066
Completed batch 18067
Completed batch 18068
Completed batch 18069
Completed batch 18070
Completed batch 18071
Completed batch 18072
Completed batch 18073
Completed batch 18074
Completed batch 18075
Completed batch 18076
Completed batch 18077
Completed batch 18078
Completed batch 18079
Completed batch 18080
Completed batch 18081
Completed batch 18082
Completed batch 18083
Completed batch 18084
Completed batch 18085
Completed batch 18086
Completed batch 18087
Completed batch 18088
Completed batch 18089
Completed batch 18090
Completed batch 18091
Completed batch 18092
Completed batch 18093
Completed batch 18094
Completed batch 18095
Completed batch 18096
Completed batch 18097
Completed batch 18098
Completed batch 18099
Completed batch 18100
Completed batch 18101
Completed batch 18102
Completed batch 18103
Completed batch 18104
Completed batch 18105
Completed batch 18106
Completed batch 18107
Completed batch 18108
Completed batch 18109
Completed batch 18110
Completed batch 18111
Completed batch 18112
Completed batch 18113
Completed batch 18114
Completed batch 18115
Completed batch 18116
Completed batch 18117
Completed batch 18118
Completed batch 18119
Completed batch 18120
