openalexR v2.0.0 introduces breaking changes.
See NEWS.md for details.

To suppress this message, add `openalexR.message = suppressed` to your .Renviron file.
Warning message:
package ‘openalexR’ was built under R version 4.4.3 

Attaching package: ‘dplyr’

The following objects are masked from ‘package:stats’:

    filter, lag

The following objects are masked from ‘package:base’:

    intersect, setdiff, setequal, union

Warning message:
package ‘dplyr’ was built under R version 4.4.3 
Warning message:
package ‘readr’ was built under R version 4.4.3 
Warning message:
package ‘stringr’ was built under R version 4.4.3 
Warning message:
package ‘purrr’ was built under R version 4.4.3 
── Attaching core tidyverse packages ──────────────────────── tidyverse 2.0.0 ──
✔ forcats   1.0.0     ✔ tibble    3.2.1
✔ ggplot2   3.5.1     ✔ tidyr     1.3.1
✔ lubridate 1.9.4     
── Conflicts ────────────────────────────────────────── tidyverse_conflicts() ──
✖ dplyr::filter() masks stats::filter()
✖ dplyr::lag()    masks stats::lag()
ℹ Use the conflicted package (<http://conflicted.r-lib.org/>) to force all conflicts to become errors
Warning messages:
1: package ‘tidyverse’ was built under R version 4.4.3 
2: package ‘tibble’ was built under R version 4.4.3 
3: package ‘tidyr’ was built under R version 4.4.3 
4: package ‘forcats’ was built under R version 4.4.3 
5: package ‘lubridate’ was built under R version 4.4.3 
Processing Chunk: 5
Batch Range: 4001 to 5000
Completed batch 4001
Completed batch 4002
Completed batch 4003
Completed batch 4004
Completed batch 4005
Completed batch 4006
Completed batch 4007
Completed batch 4008
Completed batch 4009
Completed batch 4010
Completed batch 4011
Completed batch 4012
Completed batch 4013
Completed batch 4014
Completed batch 4015
Completed batch 4016
Completed batch 4017
Completed batch 4018
Completed batch 4019
Completed batch 4020
Completed batch 4021
Completed batch 4022
Completed batch 4023
Completed batch 4024
Completed batch 4025
Completed batch 4026
Completed batch 4027
Completed batch 4028
Completed batch 4029
Completed batch 4030
Completed batch 4031
Completed batch 4032
Completed batch 4033
Completed batch 4034
Completed batch 4035
Completed batch 4036
Completed batch 4037
Completed batch 4038
Completed batch 4039
Completed batch 4040
Completed batch 4041
Completed batch 4042
Completed batch 4043
Completed batch 4044
Completed batch 4045
Completed batch 4046
Completed batch 4047
Completed batch 4048
Completed batch 4049
Completed batch 4050
Completed batch 4051
Completed batch 4052
Completed batch 4053
Completed batch 4054
Completed batch 4055
Completed batch 4056
Completed batch 4057
Completed batch 4058
Completed batch 4059
Completed batch 4060
Completed batch 4061
Completed batch 4062
Completed batch 4063
Completed batch 4064
Completed batch 4065
Completed batch 4066
Completed batch 4067
Completed batch 4068
Completed batch 4069
Completed batch 4070
Completed batch 4071
Completed batch 4072
Completed batch 4073
Completed batch 4074
Completed batch 4075
Completed batch 4076
Completed batch 4077
Completed batch 4078
Completed batch 4079
Completed batch 4080
Completed batch 4081
Completed batch 4082
Completed batch 4083
Completed batch 4084
Completed batch 4085
Completed batch 4086
Completed batch 4087
Completed batch 4088
Completed batch 4089
Completed batch 4090
Completed batch 4091
Completed batch 4092
Completed batch 4093
Completed batch 4094
Completed batch 4095
Completed batch 4096
Completed batch 4097
