openalexR v2.0.0 introduces breaking changes.
See NEWS.md for details.

To suppress this message, add `openalexR.message = suppressed` to your .Renviron file.
Warning message:
package ‘openalexR’ was built under R version 4.4.3 

Attaching package: ‘dplyr’

The following objects are masked from ‘package:stats’:

    filter, lag

The following objects are masked from ‘package:base’:

    intersect, setdiff, setequal, union

Warning message:
package ‘dplyr’ was built under R version 4.4.3 
Warning message:
package ‘readr’ was built under R version 4.4.3 
Warning message:
package ‘stringr’ was built under R version 4.4.3 
Warning message:
package ‘purrr’ was built under R version 4.4.3 
── Attaching core tidyverse packages ──────────────────────── tidyverse 2.0.0 ──
✔ forcats   1.0.0     ✔ tibble    3.2.1
✔ ggplot2   3.5.1     ✔ tidyr     1.3.1
✔ lubridate 1.9.4     
── Conflicts ────────────────────────────────────────── tidyverse_conflicts() ──
✖ dplyr::filter() masks stats::filter()
✖ dplyr::lag()    masks stats::lag()
ℹ Use the conflicted package (<http://conflicted.r-lib.org/>) to force all conflicts to become errors
Warning messages:
1: package ‘tidyverse’ was built under R version 4.4.3 
2: package ‘tibble’ was built under R version 4.4.3 
3: package ‘tidyr’ was built under R version 4.4.3 
4: package ‘forcats’ was built under R version 4.4.3 
5: package ‘lubridate’ was built under R version 4.4.3 
Processing Chunk: 15
Batch Range: 14001 to 15000
Completed batch 14001
Completed batch 14002
Completed batch 14003
Completed batch 14004
Completed batch 14005
Completed batch 14006
Completed batch 14007
Completed batch 14008
Completed batch 14009
Completed batch 14010
Completed batch 14011
Completed batch 14012
Completed batch 14013
Completed batch 14014
Completed batch 14015
Completed batch 14016
Completed batch 14017
Completed batch 14018
Completed batch 14019
Completed batch 14020
Completed batch 14021
Completed batch 14022
Completed batch 14023
Completed batch 14024
Completed batch 14025
Completed batch 14026
Completed batch 14027
Completed batch 14028
Completed batch 14029
Completed batch 14030
Completed batch 14031
Completed batch 14032
Completed batch 14033
Completed batch 14034
Completed batch 14035
Completed batch 14036
Completed batch 14037
Completed batch 14038
Completed batch 14039
Completed batch 14040
Completed batch 14041
Completed batch 14042
Completed batch 14043
Completed batch 14044
Completed batch 14045
Completed batch 14046
Completed batch 14047
Completed batch 14048
Completed batch 14049
Completed batch 14050
Completed batch 14051
Completed batch 14052
Completed batch 14053
Completed batch 14054
Completed batch 14055
Completed batch 14056
Completed batch 14057
Completed batch 14058
Completed batch 14059
Completed batch 14060
Completed batch 14061
Completed batch 14062
Completed batch 14063
Completed batch 14064
Completed batch 14065
Completed batch 14066
Completed batch 14067
Completed batch 14068
Completed batch 14069
Completed batch 14070
Completed batch 14071
Completed batch 14072
Completed batch 14073
Completed batch 14074
Completed batch 14075
Completed batch 14076
Completed batch 14077
Completed batch 14078
Completed batch 14079
Completed batch 14080
Completed batch 14081
Completed batch 14082
Completed batch 14083
Completed batch 14084
Completed batch 14085
Completed batch 14086
Completed batch 14087
Completed batch 14088
Completed batch 14089
Completed batch 14090
Completed batch 14091
Completed batch 14092
Completed batch 14093
Completed batch 14094
Completed batch 14095
Completed batch 14096
Completed batch 14097
Completed batch 14098
Completed batch 14099
Completed batch 14100
Completed batch 14101
Completed batch 14102
Completed batch 14103
Completed batch 14104
Completed batch 14105
Completed batch 14106
Completed batch 14107
Completed batch 14108
Completed batch 14109
