openalexR v2.0.0 introduces breaking changes.
See NEWS.md for details.

To suppress this message, add `openalexR.message = suppressed` to your .Renviron file.
Warning message:
package ‘openalexR’ was built under R version 4.4.3 

Attaching package: ‘dplyr’

The following objects are masked from ‘package:stats’:

    filter, lag

The following objects are masked from ‘package:base’:

    intersect, setdiff, setequal, union

Warning message:
package ‘dplyr’ was built under R version 4.4.3 
Warning message:
package ‘readr’ was built under R version 4.4.3 
Warning message:
package ‘stringr’ was built under R version 4.4.3 
Warning message:
package ‘purrr’ was built under R version 4.4.3 
── Attaching core tidyverse packages ──────────────────────── tidyverse 2.0.0 ──
✔ forcats   1.0.0     ✔ tibble    3.2.1
✔ ggplot2   3.5.1     ✔ tidyr     1.3.1
✔ lubridate 1.9.4     
── Conflicts ────────────────────────────────────────── tidyverse_conflicts() ──
✖ dplyr::filter() masks stats::filter()
✖ dplyr::lag()    masks stats::lag()
ℹ Use the conflicted package (<http://conflicted.r-lib.org/>) to force all conflicts to become errors
Warning messages:
1: package ‘tidyverse’ was built under R version 4.4.3 
2: package ‘tibble’ was built under R version 4.4.3 
3: package ‘tidyr’ was built under R version 4.4.3 
4: package ‘forcats’ was built under R version 4.4.3 
5: package ‘lubridate’ was built under R version 4.4.3 
Processing Chunk: 18
Batch Range: 17001 to 18000
Completed batch 17001
Completed batch 17002
Completed batch 17003
Completed batch 17004
Completed batch 17005
Completed batch 17006
Completed batch 17007
Completed batch 17008
Completed batch 17009
Completed batch 17010
Completed batch 17011
Completed batch 17012
Completed batch 17013
Completed batch 17014
Completed batch 17015
Completed batch 17016
Completed batch 17017
Completed batch 17018
Completed batch 17019
Completed batch 17020
Completed batch 17021
Completed batch 17022
Completed batch 17023
Completed batch 17024
Completed batch 17025
Completed batch 17026
Completed batch 17027
Completed batch 17028
Completed batch 17029
Completed batch 17030
Completed batch 17031
Completed batch 17032
Completed batch 17033
Completed batch 17034
Completed batch 17035
Completed batch 17036
Completed batch 17037
Completed batch 17038
Completed batch 17039
Completed batch 17040
Completed batch 17041
Completed batch 17042
Completed batch 17043
Completed batch 17044
Completed batch 17045
Completed batch 17046
Completed batch 17047
Completed batch 17048
Completed batch 17049
Completed batch 17050
Completed batch 17051
Completed batch 17052
Completed batch 17053
Completed batch 17054
Completed batch 17055
Completed batch 17056
Completed batch 17057
Completed batch 17058
Completed batch 17059
Completed batch 17060
Completed batch 17061
Completed batch 17062
Completed batch 17063
Completed batch 17064
Completed batch 17065
Completed batch 17066
Completed batch 17067
Completed batch 17068
Completed batch 17069
Completed batch 17070
Completed batch 17071
Completed batch 17072
Completed batch 17073
Completed batch 17074
Completed batch 17075
Completed batch 17076
Completed batch 17077
Completed batch 17078
Completed batch 17079
Completed batch 17080
Completed batch 17081
Completed batch 17082
Completed batch 17083
Completed batch 17084
Completed batch 17085
Completed batch 17086
Completed batch 17087
Completed batch 17088
Completed batch 17089
Completed batch 17090
Completed batch 17091
Completed batch 17092
Completed batch 17093
Completed batch 17094
Completed batch 17095
Completed batch 17096
Completed batch 17097
Completed batch 17098
Completed batch 17099
Completed batch 17100
Completed batch 17101
Completed batch 17102
Completed batch 17103
Completed batch 17104
Completed batch 17105
Completed batch 17106
Completed batch 17107
Completed batch 17108
Completed batch 17109
Completed batch 17110
Completed batch 17111
Completed batch 17112
Completed batch 17113
Completed batch 17114
Completed batch 17115
Completed batch 17116
Completed batch 17117
Completed batch 17118
Completed batch 17119
