openalexR v2.0.0 introduces breaking changes.
See NEWS.md for details.

To suppress this message, add `openalexR.message = suppressed` to your .Renviron file.
Warning message:
package ‘openalexR’ was built under R version 4.4.3 

Attaching package: ‘dplyr’

The following objects are masked from ‘package:stats’:

    filter, lag

The following objects are masked from ‘package:base’:

    intersect, setdiff, setequal, union

Warning message:
package ‘dplyr’ was built under R version 4.4.3 
Warning message:
package ‘readr’ was built under R version 4.4.3 
Warning message:
package ‘stringr’ was built under R version 4.4.3 
Warning message:
package ‘purrr’ was built under R version 4.4.3 
── Attaching core tidyverse packages ──────────────────────── tidyverse 2.0.0 ──
✔ forcats   1.0.0     ✔ tibble    3.2.1
✔ ggplot2   3.5.1     ✔ tidyr     1.3.1
✔ lubridate 1.9.4     
── Conflicts ────────────────────────────────────────── tidyverse_conflicts() ──
✖ dplyr::filter() masks stats::filter()
✖ dplyr::lag()    masks stats::lag()
ℹ Use the conflicted package (<http://conflicted.r-lib.org/>) to force all conflicts to become errors
Warning messages:
1: package ‘tidyverse’ was built under R version 4.4.3 
2: package ‘tibble’ was built under R version 4.4.3 
3: package ‘tidyr’ was built under R version 4.4.3 
4: package ‘forcats’ was built under R version 4.4.3 
5: package ‘lubridate’ was built under R version 4.4.3 
Processing Chunk: 16
Batch Range: 15001 to 16000
Completed batch 15001
Completed batch 15002
Completed batch 15003
Completed batch 15004
Completed batch 15005
Completed batch 15006
Completed batch 15007
Completed batch 15008
Completed batch 15009
Completed batch 15010
Completed batch 15011
Completed batch 15012
Completed batch 15013
Completed batch 15014
Completed batch 15015
Completed batch 15016
Completed batch 15017
Completed batch 15018
Completed batch 15019
Completed batch 15020
Completed batch 15021
Completed batch 15022
Completed batch 15023
Completed batch 15024
Completed batch 15025
Completed batch 15026
Completed batch 15027
Completed batch 15028
Completed batch 15029
Completed batch 15030
Completed batch 15031
Completed batch 15032
Completed batch 15033
Completed batch 15034
Completed batch 15035
Completed batch 15036
Completed batch 15037
Completed batch 15038
Completed batch 15039
Completed batch 15040
Completed batch 15041
Completed batch 15042
Completed batch 15043
Completed batch 15044
Completed batch 15045
Completed batch 15046
Completed batch 15047
Completed batch 15048
Completed batch 15049
Completed batch 15050
Completed batch 15051
Completed batch 15052
Completed batch 15053
Completed batch 15054
Completed batch 15055
Completed batch 15056
API Error on batch 15057 : lexical error: invalid char in json text.
                                       <!DOCTYPE html> <!--[if lt IE 7
                     (right here) ------^

Completed batch 15058
Completed batch 15059
Completed batch 15060
Completed batch 15061
Completed batch 15062
Completed batch 15063
Completed batch 15064
Completed batch 15065
Completed batch 15066
Completed batch 15067
Completed batch 15068
Completed batch 15069
Completed batch 15070
Completed batch 15071
Completed batch 15072
Completed batch 15073
Completed batch 15074
Completed batch 15075
Completed batch 15076
Completed batch 15077
Completed batch 15078
Completed batch 15079
Completed batch 15080
Completed batch 15081
Completed batch 15082
Completed batch 15083
Completed batch 15084
Completed batch 15085
Completed batch 15086
Completed batch 15087
Completed batch 15088
Completed batch 15089
Completed batch 15090
Completed batch 15091
Completed batch 15092
Completed batch 15093
Completed batch 15094
Completed batch 15095
Completed batch 15096
Completed batch 15097
Completed batch 15098
Completed batch 15099
Completed batch 15100
Completed batch 15101
Completed batch 15102
Completed batch 15103
Completed batch 15104
Completed batch 15105
Completed batch 15106
Completed batch 15107
Completed batch 15108
Completed batch 15109
Completed batch 15110
Completed batch 15111
Completed batch 15112
Completed batch 15113
Completed batch 15114
Completed batch 15115
Completed batch 15116
