openalexR v2.0.0 introduces breaking changes.
See NEWS.md for details.

To suppress this message, add `openalexR.message = suppressed` to your .Renviron file.
Warning message:
package ‘openalexR’ was built under R version 4.4.3 

Attaching package: ‘dplyr’

The following objects are masked from ‘package:stats’:

    filter, lag

The following objects are masked from ‘package:base’:

    intersect, setdiff, setequal, union

Warning message:
package ‘dplyr’ was built under R version 4.4.3 
Warning message:
package ‘readr’ was built under R version 4.4.3 
Warning message:
package ‘stringr’ was built under R version 4.4.3 
Warning message:
package ‘purrr’ was built under R version 4.4.3 
── Attaching core tidyverse packages ──────────────────────── tidyverse 2.0.0 ──
✔ forcats   1.0.0     ✔ tibble    3.2.1
✔ ggplot2   3.5.1     ✔ tidyr     1.3.1
✔ lubridate 1.9.4     
── Conflicts ────────────────────────────────────────── tidyverse_conflicts() ──
✖ dplyr::filter() masks stats::filter()
✖ dplyr::lag()    masks stats::lag()
ℹ Use the conflicted package (<http://conflicted.r-lib.org/>) to force all conflicts to become errors
Warning messages:
1: package ‘tidyverse’ was built under R version 4.4.3 
2: package ‘tibble’ was built under R version 4.4.3 
3: package ‘tidyr’ was built under R version 4.4.3 
4: package ‘forcats’ was built under R version 4.4.3 
5: package ‘lubridate’ was built under R version 4.4.3 
Processing Chunk: 6
Batch Range: 5001 to 6000
Completed batch 5001
Completed batch 5002
Completed batch 5003
Completed batch 5004
Completed batch 5005
Completed batch 5006
Completed batch 5007
Completed batch 5008
Completed batch 5009
Completed batch 5010
Completed batch 5011
Completed batch 5012
Completed batch 5013
Completed batch 5014
Completed batch 5015
Completed batch 5016
Completed batch 5017
Completed batch 5018
Completed batch 5019
Completed batch 5020
Completed batch 5021
Completed batch 5022
Completed batch 5023
API Error on batch 5024 : lexical error: invalid char in json text.
                                       <!DOCTYPE html> <!--[if lt IE 7
                     (right here) ------^

Completed batch 5025
Completed batch 5026
Completed batch 5027
Completed batch 5028
Completed batch 5029
Completed batch 5030
Completed batch 5031
Completed batch 5032
Completed batch 5033
Completed batch 5034
Completed batch 5035
Completed batch 5036
Completed batch 5037
Completed batch 5038
Completed batch 5039
Completed batch 5040
Completed batch 5041
Completed batch 5042
Completed batch 5043
Completed batch 5044
Completed batch 5045
Completed batch 5046
Completed batch 5047
Completed batch 5048
Completed batch 5049
Completed batch 5050
Completed batch 5051
Completed batch 5052
Completed batch 5053
Completed batch 5054
Completed batch 5055
Completed batch 5056
Completed batch 5057
Completed batch 5058
Completed batch 5059
Completed batch 5060
Completed batch 5061
Completed batch 5062
Completed batch 5063
Completed batch 5064
Completed batch 5065
Completed batch 5066
Completed batch 5067
Completed batch 5068
Completed batch 5069
Completed batch 5070
Completed batch 5071
Completed batch 5072
Completed batch 5073
Completed batch 5074
Completed batch 5075
Completed batch 5076
Completed batch 5077
Completed batch 5078
Completed batch 5079
Completed batch 5080
Completed batch 5081
Completed batch 5082
Completed batch 5083
Completed batch 5084
Completed batch 5085
Completed batch 5086
Completed batch 5087
Completed batch 5088
Completed batch 5089
Completed batch 5090
Completed batch 5091
Completed batch 5092
Completed batch 5093
Completed batch 5094
Completed batch 5095
Completed batch 5096
Completed batch 5097
Completed batch 5098
