openalexR v2.0.0 introduces breaking changes.
See NEWS.md for details.

To suppress this message, add `openalexR.message = suppressed` to your .Renviron file.
Warning message:
package ‘openalexR’ was built under R version 4.4.3 

Attaching package: ‘dplyr’

The following objects are masked from ‘package:stats’:

    filter, lag

The following objects are masked from ‘package:base’:

    intersect, setdiff, setequal, union

Warning message:
package ‘dplyr’ was built under R version 4.4.3 
Warning message:
package ‘readr’ was built under R version 4.4.3 
Warning message:
package ‘stringr’ was built under R version 4.4.3 
Warning message:
package ‘purrr’ was built under R version 4.4.3 
── Attaching core tidyverse packages ──────────────────────── tidyverse 2.0.0 ──
✔ forcats   1.0.0     ✔ tibble    3.2.1
✔ ggplot2   3.5.1     ✔ tidyr     1.3.1
✔ lubridate 1.9.4     
── Conflicts ────────────────────────────────────────── tidyverse_conflicts() ──
✖ dplyr::filter() masks stats::filter()
✖ dplyr::lag()    masks stats::lag()
ℹ Use the conflicted package (<http://conflicted.r-lib.org/>) to force all conflicts to become errors
Warning messages:
1: package ‘tidyverse’ was built under R version 4.4.3 
2: package ‘tibble’ was built under R version 4.4.3 
3: package ‘tidyr’ was built under R version 4.4.3 
4: package ‘forcats’ was built under R version 4.4.3 
5: package ‘lubridate’ was built under R version 4.4.3 
Processing Chunk: 9
Batch Range: 8001 to 9000
Completed batch 8001
Completed batch 8002
Completed batch 8003
Completed batch 8004
Completed batch 8005
Completed batch 8006
Completed batch 8007
Completed batch 8008
Completed batch 8009
Completed batch 8010
Completed batch 8011
Completed batch 8012
Completed batch 8013
Completed batch 8014
Completed batch 8015
Completed batch 8016
Completed batch 8017
Completed batch 8018
Completed batch 8019
Completed batch 8020
Completed batch 8021
Completed batch 8022
Completed batch 8023
Completed batch 8024
Completed batch 8025
Completed batch 8026
Completed batch 8027
Completed batch 8028
Completed batch 8029
Completed batch 8030
Completed batch 8031
Completed batch 8032
Completed batch 8033
Completed batch 8034
Completed batch 8035
Completed batch 8036
Completed batch 8037
Completed batch 8038
Completed batch 8039
Completed batch 8040
Completed batch 8041
Completed batch 8042
Completed batch 8043
Completed batch 8044
Completed batch 8045
Completed batch 8046
Completed batch 8047
Completed batch 8048
Completed batch 8049
Completed batch 8050
Completed batch 8051
Completed batch 8052
Completed batch 8053
Completed batch 8054
Completed batch 8055
Completed batch 8056
Completed batch 8057
Completed batch 8058
Completed batch 8059
Completed batch 8060
Completed batch 8061
Completed batch 8062
Completed batch 8063
Completed batch 8064
Completed batch 8065
Completed batch 8066
Completed batch 8067
Completed batch 8068
Completed batch 8069
Completed batch 8070
Completed batch 8071
Completed batch 8072
Completed batch 8073
Completed batch 8074
Completed batch 8075
Completed batch 8076
Completed batch 8077
Completed batch 8078
Completed batch 8079
Completed batch 8080
Completed batch 8081
Completed batch 8082
Completed batch 8083
Completed batch 8084
Completed batch 8085
Completed batch 8086
Completed batch 8087
Completed batch 8088
Completed batch 8089
Completed batch 8090
Completed batch 8091
Completed batch 8092
Completed batch 8093
Completed batch 8094
Completed batch 8095
