openalexR v2.0.0 introduces breaking changes.
See NEWS.md for details.

To suppress this message, add `openalexR.message = suppressed` to your .Renviron file.
Warning message:
package ‘openalexR’ was built under R version 4.4.3 

Attaching package: ‘dplyr’

The following objects are masked from ‘package:stats’:

    filter, lag

The following objects are masked from ‘package:base’:

    intersect, setdiff, setequal, union

Warning message:
package ‘dplyr’ was built under R version 4.4.3 
Warning message:
package ‘readr’ was built under R version 4.4.3 
Warning message:
package ‘stringr’ was built under R version 4.4.3 
Warning message:
package ‘purrr’ was built under R version 4.4.3 
── Attaching core tidyverse packages ──────────────────────── tidyverse 2.0.0 ──
✔ forcats   1.0.0     ✔ tibble    3.2.1
✔ ggplot2   3.5.1     ✔ tidyr     1.3.1
✔ lubridate 1.9.4     
── Conflicts ────────────────────────────────────────── tidyverse_conflicts() ──
✖ dplyr::filter() masks stats::filter()
✖ dplyr::lag()    masks stats::lag()
ℹ Use the conflicted package (<http://conflicted.r-lib.org/>) to force all conflicts to become errors
Warning messages:
1: package ‘tidyverse’ was built under R version 4.4.3 
2: package ‘tibble’ was built under R version 4.4.3 
3: package ‘tidyr’ was built under R version 4.4.3 
4: package ‘forcats’ was built under R version 4.4.3 
5: package ‘lubridate’ was built under R version 4.4.3 
Processing Chunk: 10
Batch Range: 9001 to 10000
Completed batch 9001
Completed batch 9002
Completed batch 9003
Completed batch 9004
Completed batch 9005
Completed batch 9006
Completed batch 9007
Completed batch 9008
Completed batch 9009
Completed batch 9010
Completed batch 9011
Completed batch 9012
Completed batch 9013
Completed batch 9014
Completed batch 9015
Completed batch 9016
Completed batch 9017
Completed batch 9018
Completed batch 9019
Completed batch 9020
Completed batch 9021
Completed batch 9022
Completed batch 9023
Completed batch 9024
Completed batch 9025
Completed batch 9026
Completed batch 9027
Completed batch 9028
Completed batch 9029
Completed batch 9030
Completed batch 9031
Completed batch 9032
Completed batch 9033
Completed batch 9034
Completed batch 9035
Completed batch 9036
Completed batch 9037
Completed batch 9038
Completed batch 9039
Completed batch 9040
Completed batch 9041
Completed batch 9042
Completed batch 9043
Completed batch 9044
Completed batch 9045
Completed batch 9046
Completed batch 9047
Completed batch 9048
Completed batch 9049
Completed batch 9050
Completed batch 9051
Completed batch 9052
Completed batch 9053
Completed batch 9054
Completed batch 9055
Completed batch 9056
Completed batch 9057
Completed batch 9058
Completed batch 9059
Completed batch 9060
Completed batch 9061
Completed batch 9062
Completed batch 9063
Completed batch 9064
Completed batch 9065
Completed batch 9066
Completed batch 9067
Completed batch 9068
Completed batch 9069
Completed batch 9070
Completed batch 9071
Completed batch 9072
Completed batch 9073
Completed batch 9074
Completed batch 9075
Completed batch 9076
Completed batch 9077
Completed batch 9078
Completed batch 9079
Completed batch 9080
Completed batch 9081
Completed batch 9082
Completed batch 9083
Completed batch 9084
Completed batch 9085
Completed batch 9086
Completed batch 9087
Completed batch 9088
Completed batch 9089
Completed batch 9090
Completed batch 9091
Completed batch 9092
Completed batch 9093
Completed batch 9094
Completed batch 9095
Completed batch 9096
Completed batch 9097
Completed batch 9098
Completed batch 9099
Completed batch 9100
