
  ___  ____  ____  ____  ____ ©
 /__    /   ____/   /   ____/      17.0
___/   /   /___/   /   /___/       MP—Parallel Edition

 Statistics and Data Science       Copyright 1985-2021 StataCorp LLC
                                   StataCorp
                                   4905 Lakeway Drive
                                   College Station, Texas 77845 USA
                                   800-STATA-PC        https://www.stata.com
                                   979-696-4600        stata@stata.com

Stata license: 32-user 64-core network perpetual
Serial number: 501706311472
  Licensed to: Harvard Research Computing
               Cambridge MA

Notes:
      1. Stata is running in batch mode.
      2. Unicode is supported; see help unicode_advice.
      3. More than 2 billion observations are allowed; see help obs_advice.
      4. Maximum number of variables is set to 120,000; see help set_maxvar.

. do "/tmp/check_targets.do" 

. set more off

. use ../external/ml/categories_tfidf, clear

. keep category

. foreach c in "pcr tube strips" "pcr tubes" "nucleotides" "radiolabeled nucleo
> tides" "synthetic dna oligonucleotide - desalted" "synthetic dna oligonucleot
> ide - purified" "synthetic dna oligonucleotide" "small molecule inhibitors" "
> drug - other" "expression plasmids" "non-viral expression plasmids" {
  2.     count if category == "`c'"
  3.     di "  '`c'': r(N)=" r(N)
  4. }
  1
  'pcr tube strips': r(N)=1
  0
  'pcr tubes': r(N)=0
  1
  'nucleotides': r(N)=1
  0
  'radiolabeled nucleotides': r(N)=0
  1
  'synthetic dna oligonucleotide - desalted': r(N)=1
  0
  'synthetic dna oligonucleotide - purified': r(N)=0
  0
  'synthetic dna oligonucleotide': r(N)=0
  1
  'small molecule inhibitors': r(N)=1
  0
  'drug - other': r(N)=0
  1
  'expression plasmids': r(N)=1
  0
  'non-viral expression plasmids': r(N)=0

. 
end of do-file
