[Parallel(n_jobs=96)]: Using backend LokyBackend with 96 concurrent workers.
Using N_JOBS=96 for parallel transform
Output tag suffix: ''
Loading Universe Data...
Total authors loaded: 2664824
Filtering empty text...
Dropped 0 authors with no text.
Final Universe Size: 2664824
Loading FOIA Data...
FOIA PIs: 194
Fitting vectorizer (min_df=25, max_df=0.05, max_features=60000)...
  fit on 500,000-row universe sample + 194 FOIA docs (min_df=5)...
Vocab size after fit: 60000
Transforming FOIA...
FOIA-aware prune (min=2, max_frac=0.95): keeping 19149 / 60000 features (dropped 40851)
Transforming universe in 134 chunks of ≤20,000 rows across 96 workers...
[Parallel(n_jobs=96)]: Done  24 out of 134 | elapsed:   12.3s remaining:   56.4s
[Parallel(n_jobs=96)]: Done  51 out of 134 | elapsed:   20.0s remaining:   32.5s
[Parallel(n_jobs=96)]: Done  78 out of 134 | elapsed:   26.7s remaining:   19.2s
[Parallel(n_jobs=96)]: Done 105 out of 134 | elapsed:   32.9s remaining:    9.1s
[Parallel(n_jobs=96)]: Done 132 out of 134 | elapsed:   39.4s remaining:    0.6s
[Parallel(n_jobs=96)]: Done 134 out of 134 | elapsed:   40.0s finished
Universe Matrix Shape: (2664824, 19149)
FOIA Matrix Shape:     (194, 19149)
Saving Sparse Matrices...
Saving ID Lists...
Saving Feature Names (Vocabulary)...
Vectorization Complete.
