-------------------------------------------------------------------------------
      name:  <unnamed>
       log:  /n/holylabs/pakes_lab/Lab/sci_eq/analysis/first_stage/code/diag_pr
> eperiod_qty_spend.log
  log type:  text
 opened on:  17 May 2026, 21:10:44

. 
. * ------------------------------------------------------------------
. * Diagnose positive pre-period coefficients in qty / spend event study
. * Suspicion: a specific item or supplier-order shows up only at the
. * start of the pre-period in TREATED categories, inflating raw_qty
. * / raw_spend in 2010-2012 and pulling -4 / -3 / -2 coefs positive.
. * ------------------------------------------------------------------
. 
. * === Step 1: Identify treated categories with biggest pre-period bump
. use ../external/merged/matched_uni_category_panel, clear

. merge m:1 category using ../external/samp/category_hhi_tfidf, assert(1 2 3) k
> eep(3) nogen

    Result                      Number of obs
    -----------------------------------------
    Not matched                             0
    Matched                            15,068  
    -----------------------------------------

. drop if delta_hhi <= -2000
(234 observations deleted)

. gegen uni_mkt = group(uni_id mkt)

. bys uni_mkt: egen min_year = min(year)

. bys uni_mkt: egen max_year = max(year)

. keep if min_year < 2014 & max_year > 2014
(0 observations deleted)

. 
. preserve

. keep if treated == 1
(9,491 observations deleted)

. collapse (sum) raw_qty raw_spend obs_cnt [aw=spend_2013], by(category year)

. foreach v in raw_qty raw_spend obs_cnt {
  2.     gen log_`v' = ln(`v')
  3.     gen `v'_2013 = `v' if year == 2013
  4.     bys category (`v'_2013): replace `v'_2013 = `v'_2013[_n-1] if mi(`v'_2
> 013)
  5.     gen pct_chg_`v' = (`v' - `v'_2013) / `v'_2013 * 100
  6. }
(234 missing values generated)
(234 real changes made)
(234 missing values generated)
(234 real changes made)
(234 missing values generated)
(234 real changes made)

. keep category year pct_chg_* raw_qty raw_spend obs_cnt raw_qty_2013 raw_spend
> _2013

. keep if inlist(year, 2010, 2011, 2012)
(182 observations deleted)

. gsort -pct_chg_raw_qty year

. di " "
 

. di "==== TREATED CATEGORIES sorted by 2010 pct_chg_qty ===="
==== TREATED CATEGORIES sorted by 2010 pct_chg_qty ====

. list category year raw_qty raw_qty_2013 pct_chg_raw_qty raw_spend raw_spend_2
> 013 pct_chg_raw_spend if year == 2010, sep(0) noobs ab(30)

  +------------------------------------------------------------------------+
  |                                                   category   |  year   |
  |                                 pre-cast tris-tricine gels   |  2010   |
  |------------------------------------------------------------------------|
  |  raw_qty | raw_qty_2013 | pct_chg_raw_qty | raw_spend | raw_spend_2013 |
  |       36 |            8 |             350 |       398 |         231.16 |
  |------------------------------------------------------------------------|
  |                           pct_chg_raw_spend                            |
  |                                    72.17512                            |
  +------------------------------------------------------------------------+

  +------------------------------------------------------------------------+
  |                                                   category   |  year   |
  |  nucleic acid modifying enzymes - t4 polynucleotide kinase   |  2010   |
  |------------------------------------------------------------------------|
  |  raw_qty | raw_qty_2013 | pct_chg_raw_qty | raw_spend | raw_spend_2013 |
  |      127 |           65 |        95.38461 |   16934.2 |        3659.35 |
  |------------------------------------------------------------------------|
  |                           pct_chg_raw_spend                            |
  |                                    362.7652                            |
  +------------------------------------------------------------------------+

  +------------------------------------------------------------------------+
  |                                                   category   |  year   |
  |                          nitrocellulose blotting membranes   |  2010   |
  |------------------------------------------------------------------------|
  |  raw_qty | raw_qty_2013 | pct_chg_raw_qty | raw_spend | raw_spend_2013 |
  |      163 |          110 |        48.18182 |  31043.04 |       22952.94 |
  |------------------------------------------------------------------------|
  |                           pct_chg_raw_spend                            |
  |                                    35.24647                            |
  +------------------------------------------------------------------------+

  +------------------------------------------------------------------------+
  |                                                   category   |  year   |
  |                                                     us fbs   |  2010   |
  |------------------------------------------------------------------------|
  |  raw_qty | raw_qty_2013 | pct_chg_raw_qty | raw_spend | raw_spend_2013 |
  |     1769 |         1642 |         7.73447 |  275637.5 |       349920.8 |
  |------------------------------------------------------------------------|
  |                           pct_chg_raw_spend                            |
  |                                   -21.22862                            |
  +------------------------------------------------------------------------+

  +------------------------------------------------------------------------+
  |                                                   category   |  year   |
  |                                                 goat serum   |  2010   |
  |------------------------------------------------------------------------|
  |  raw_qty | raw_qty_2013 | pct_chg_raw_qty | raw_spend | raw_spend_2013 |
  |      101 |          108 |       -6.481482 |   5463.41 |        5527.73 |
  |------------------------------------------------------------------------|
  |                           pct_chg_raw_spend                            |
  |                                   -1.163588                            |
  +------------------------------------------------------------------------+

  +------------------------------------------------------------------------+
  |                                                   category   |  year   |
  |           nucleic acid modifying enzymes - klenow fragment   |  2010   |
  |------------------------------------------------------------------------|
  |  raw_qty | raw_qty_2013 | pct_chg_raw_qty | raw_spend | raw_spend_2013 |
  |       12 |           13 |       -7.692307 |    892.35 |        1565.16 |
  |------------------------------------------------------------------------|
  |                           pct_chg_raw_spend                            |
  |                                   -42.98666                            |
  +------------------------------------------------------------------------+

  +------------------------------------------------------------------------+
  |                                                   category   |  year   |
  |                pre-stained protein molecular-weight ladder   |  2010   |
  |------------------------------------------------------------------------|
  |  raw_qty | raw_qty_2013 | pct_chg_raw_qty | raw_spend | raw_spend_2013 |
  |  389.011 |          467 |           -16.7 |  48531.73 |       67401.24 |
  |------------------------------------------------------------------------|
  |                           pct_chg_raw_spend                            |
  |                                   -27.99579                            |
  +------------------------------------------------------------------------+

  +------------------------------------------------------------------------+
  |                                                   category   |  year   |
  |                                    acrylamide-bis solution   |  2010   |
  |------------------------------------------------------------------------|
  |  raw_qty | raw_qty_2013 | pct_chg_raw_qty | raw_spend | raw_spend_2013 |
  |      181 |          235 |       -22.97872 |  13299.17 |       17732.14 |
  |------------------------------------------------------------------------|
  |                           pct_chg_raw_spend                            |
  |                                   -24.99964                            |
  +------------------------------------------------------------------------+

  +------------------------------------------------------------------------+
  |                                                   category   |  year   |
  |            cell culture nutritional supplements - tryptone   |  2010   |
  |------------------------------------------------------------------------|
  |  raw_qty | raw_qty_2013 | pct_chg_raw_qty | raw_spend | raw_spend_2013 |
  |      112 |          152 |       -26.31579 |  11450.32 |       16257.13 |
  |------------------------------------------------------------------------|
  |                           pct_chg_raw_spend                            |
  |                                    -29.5674                            |
  +------------------------------------------------------------------------+

  +------------------------------------------------------------------------+
  |                                                   category   |  year   |
  |               cell culture nutritional supplements - yeast   |  2010   |
  |------------------------------------------------------------------------|
  |  raw_qty | raw_qty_2013 | pct_chg_raw_qty | raw_spend | raw_spend_2013 |
  |      145 |          205 |       -29.26829 |  16107.52 |       24715.34 |
  |------------------------------------------------------------------------|
  |                           pct_chg_raw_spend                            |
  |                                   -34.82784                            |
  +------------------------------------------------------------------------+

  +------------------------------------------------------------------------+
  |                                                   category   |  year   |
  |                                            taq polymerases   |  2010   |
  |------------------------------------------------------------------------|
  |  raw_qty | raw_qty_2013 | pct_chg_raw_qty | raw_spend | raw_spend_2013 |
  |      391 |          584 |       -33.04795 |  103361.2 |       111585.8 |
  |------------------------------------------------------------------------|
  |                           pct_chg_raw_spend                            |
  |                                   -7.370634                            |
  +------------------------------------------------------------------------+

  +------------------------------------------------------------------------+
  |                                                   category   |  year   |
  |                                      unstained dna ladders   |  2010   |
  |------------------------------------------------------------------------|
  |  raw_qty | raw_qty_2013 | pct_chg_raw_qty | raw_spend | raw_spend_2013 |
  |      421 |     630.4133 |       -33.21841 |  49607.75 |       67650.07 |
  |------------------------------------------------------------------------|
  |                           pct_chg_raw_spend                            |
  |                                   -26.67007                            |
  +------------------------------------------------------------------------+

  +------------------------------------------------------------------------+
  |                                                   category   |  year   |
  |                                chemiluminescent substrates   |  2010   |
  |------------------------------------------------------------------------|
  |  raw_qty | raw_qty_2013 | pct_chg_raw_qty | raw_spend | raw_spend_2013 |
  |      292 |          468 |       -37.60684 |  67748.98 |       91631.02 |
  |------------------------------------------------------------------------|
  |                           pct_chg_raw_spend                            |
  |                                   -26.06327                            |
  +------------------------------------------------------------------------+

  +------------------------------------------------------------------------+
  |                                                   category   |  year   |
  |                hanks' balanced salt solution (hbss) buffer   |  2010   |
  |------------------------------------------------------------------------|
  |  raw_qty | raw_qty_2013 | pct_chg_raw_qty | raw_spend | raw_spend_2013 |
  |       96 |          157 |        -38.8535 |   2352.06 |        6239.84 |
  |------------------------------------------------------------------------|
  |                           pct_chg_raw_spend                            |
  |                                   -62.30576                            |
  +------------------------------------------------------------------------+

  +------------------------------------------------------------------------+
  |                                                   category   |  year   |
  |                          column-based dna plasmid miniprep   |  2010   |
  |------------------------------------------------------------------------|
  |  raw_qty | raw_qty_2013 | pct_chg_raw_qty | raw_spend | raw_spend_2013 |
  |      144 |          243 |       -40.74074 |  33711.61 |       48140.42 |
  |------------------------------------------------------------------------|
  |                           pct_chg_raw_spend                            |
  |                                   -29.97234                            |
  +------------------------------------------------------------------------+

  +------------------------------------------------------------------------+
  |                                                   category   |  year   |
  |                         cell culture dissociation reagents   |  2010   |
  |------------------------------------------------------------------------|
  |  raw_qty | raw_qty_2013 | pct_chg_raw_qty | raw_spend | raw_spend_2013 |
  |      437 |          744 |       -41.26344 |  12346.94 |       26577.18 |
  |------------------------------------------------------------------------|
  |                           pct_chg_raw_spend                            |
  |                                   -53.54308                            |
  +------------------------------------------------------------------------+

  +------------------------------------------------------------------------+
  |                                                   category   |  year   |
  |                     phosphate-buffered saline (pbs) buffer   |  2010   |
  |------------------------------------------------------------------------|
  |  raw_qty | raw_qty_2013 | pct_chg_raw_qty | raw_spend | raw_spend_2013 |
  |      466 |          829 |        -43.7877 |  20733.73 |       39328.44 |
  |------------------------------------------------------------------------|
  |                           pct_chg_raw_spend                            |
  |                                   -47.28057                            |
  +------------------------------------------------------------------------+

  +------------------------------------------------------------------------+
  |                                                   category   |  year   |
  |                                         protein gel stains   |  2010   |
  |------------------------------------------------------------------------|
  |  raw_qty | raw_qty_2013 | pct_chg_raw_qty | raw_spend | raw_spend_2013 |
  |      132 |          239 |       -44.76987 |  13818.21 |       26976.18 |
  |------------------------------------------------------------------------|
  |                           pct_chg_raw_spend                            |
  |                                   -48.77625                            |
  +------------------------------------------------------------------------+

  +------------------------------------------------------------------------+
  |                                                   category   |  year   |
  |                                    nucleic acid gel stains   |  2010   |
  |------------------------------------------------------------------------|
  |  raw_qty | raw_qty_2013 | pct_chg_raw_qty | raw_spend | raw_spend_2013 |
  |      188 |          342 |       -45.02924 |  25609.24 |       39819.04 |
  |------------------------------------------------------------------------|
  |                           pct_chg_raw_spend                            |
  |                                   -35.68594                            |
  +------------------------------------------------------------------------+

  +------------------------------------------------------------------------+
  |                                                   category   |  year   |
  |                                       bovine serum albumin   |  2010   |
  |------------------------------------------------------------------------|
  |  raw_qty | raw_qty_2013 | pct_chg_raw_qty | raw_spend | raw_spend_2013 |
  |      224 |          438 |       -48.85845 |  34337.32 |       61088.22 |
  |------------------------------------------------------------------------|
  |                           pct_chg_raw_spend                            |
  |                                    -43.7906                            |
  +------------------------------------------------------------------------+

  +------------------------------------------------------------------------+
  |                                                   category   |  year   |
  |                                           rnase inhibitors   |  2010   |
  |------------------------------------------------------------------------|
  |  raw_qty | raw_qty_2013 | pct_chg_raw_qty | raw_spend | raw_spend_2013 |
  |       75 |          156 |       -51.92308 |  10041.76 |       28183.31 |
  |------------------------------------------------------------------------|
  |                           pct_chg_raw_spend                            |
  |                                   -64.36983                            |
  +------------------------------------------------------------------------+

  +------------------------------------------------------------------------+
  |                                                   category   |  year   |
  |                                 pre-cast tris-glycine gels   |  2010   |
  |------------------------------------------------------------------------|
  |  raw_qty | raw_qty_2013 | pct_chg_raw_qty | raw_spend | raw_spend_2013 |
  |      215 |          451 |       -52.32816 |   17190.6 |       35301.27 |
  |------------------------------------------------------------------------|
  |                           pct_chg_raw_spend                            |
  |                                   -51.30317                            |
  +------------------------------------------------------------------------+

  +------------------------------------------------------------------------+
  |                                                   category   |  year   |
  |                                  rna stabilization reagent   |  2010   |
  |------------------------------------------------------------------------|
  |  raw_qty | raw_qty_2013 | pct_chg_raw_qty | raw_spend | raw_spend_2013 |
  |       79 |          177 |       -55.36723 |  24759.43 |       41972.18 |
  |------------------------------------------------------------------------|
  |                           pct_chg_raw_spend                            |
  |                                    -41.0099                            |
  +------------------------------------------------------------------------+

  +------------------------------------------------------------------------+
  |                                                   category   |  year   |
  |                                                       rpmi   |  2010   |
  |------------------------------------------------------------------------|
  |  raw_qty | raw_qty_2013 | pct_chg_raw_qty | raw_spend | raw_spend_2013 |
  | 409.0416 |         1066 |       -61.62837 |  14285.25 |       42488.62 |
  |------------------------------------------------------------------------|
  |                           pct_chg_raw_spend                            |
  |                                   -66.37865                            |
  +------------------------------------------------------------------------+

  +------------------------------------------------------------------------+
  |                                                   category   |  year   |
  |                        first-strand cdna synthesis systems   |  2010   |
  |------------------------------------------------------------------------|
  |  raw_qty | raw_qty_2013 | pct_chg_raw_qty | raw_spend | raw_spend_2013 |
  |       82 |          225 |       -63.55556 |   25679.9 |       70258.73 |
  |------------------------------------------------------------------------|
  |                           pct_chg_raw_spend                            |
  |                                   -63.44952                            |
  +------------------------------------------------------------------------+

  +------------------------------------------------------------------------+
  |                                                   category   |  year   |
  |                                          pre-cast tbe gels   |  2010   |
  |------------------------------------------------------------------------|
  |  raw_qty | raw_qty_2013 | pct_chg_raw_qty | raw_spend | raw_spend_2013 |
  |       71 |          371 |       -80.86253 |   3362.81 |       11111.83 |
  |------------------------------------------------------------------------|
  |                           pct_chg_raw_spend                            |
  |                                   -69.73667                            |
  +------------------------------------------------------------------------+

. gsort -pct_chg_raw_spend year

. di " "
 

. di "==== TREATED CATEGORIES sorted by 2010 pct_chg_spend ===="
==== TREATED CATEGORIES sorted by 2010 pct_chg_spend ====

. list category year raw_qty raw_qty_2013 pct_chg_raw_qty raw_spend raw_spend_2
> 013 pct_chg_raw_spend if year == 2010, sep(0) noobs ab(30)

  +------------------------------------------------------------------------+
  |                                                   category   |  year   |
  |  nucleic acid modifying enzymes - t4 polynucleotide kinase   |  2010   |
  |------------------------------------------------------------------------|
  |  raw_qty | raw_qty_2013 | pct_chg_raw_qty | raw_spend | raw_spend_2013 |
  |      127 |           65 |        95.38461 |   16934.2 |        3659.35 |
  |------------------------------------------------------------------------|
  |                           pct_chg_raw_spend                            |
  |                                    362.7652                            |
  +------------------------------------------------------------------------+

  +------------------------------------------------------------------------+
  |                                                   category   |  year   |
  |                                 pre-cast tris-tricine gels   |  2010   |
  |------------------------------------------------------------------------|
  |  raw_qty | raw_qty_2013 | pct_chg_raw_qty | raw_spend | raw_spend_2013 |
  |       36 |            8 |             350 |       398 |         231.16 |
  |------------------------------------------------------------------------|
  |                           pct_chg_raw_spend                            |
  |                                    72.17512                            |
  +------------------------------------------------------------------------+

  +------------------------------------------------------------------------+
  |                                                   category   |  year   |
  |                          nitrocellulose blotting membranes   |  2010   |
  |------------------------------------------------------------------------|
  |  raw_qty | raw_qty_2013 | pct_chg_raw_qty | raw_spend | raw_spend_2013 |
  |      163 |          110 |        48.18182 |  31043.04 |       22952.94 |
  |------------------------------------------------------------------------|
  |                           pct_chg_raw_spend                            |
  |                                    35.24647                            |
  +------------------------------------------------------------------------+

  +------------------------------------------------------------------------+
  |                                                   category   |  year   |
  |                                                 goat serum   |  2010   |
  |------------------------------------------------------------------------|
  |  raw_qty | raw_qty_2013 | pct_chg_raw_qty | raw_spend | raw_spend_2013 |
  |      101 |          108 |       -6.481482 |   5463.41 |        5527.73 |
  |------------------------------------------------------------------------|
  |                           pct_chg_raw_spend                            |
  |                                   -1.163588                            |
  +------------------------------------------------------------------------+

  +------------------------------------------------------------------------+
  |                                                   category   |  year   |
  |                                            taq polymerases   |  2010   |
  |------------------------------------------------------------------------|
  |  raw_qty | raw_qty_2013 | pct_chg_raw_qty | raw_spend | raw_spend_2013 |
  |      391 |          584 |       -33.04795 |  103361.2 |       111585.8 |
  |------------------------------------------------------------------------|
  |                           pct_chg_raw_spend                            |
  |                                   -7.370634                            |
  +------------------------------------------------------------------------+

  +------------------------------------------------------------------------+
  |                                                   category   |  year   |
  |                                                     us fbs   |  2010   |
  |------------------------------------------------------------------------|
  |  raw_qty | raw_qty_2013 | pct_chg_raw_qty | raw_spend | raw_spend_2013 |
  |     1769 |         1642 |         7.73447 |  275637.5 |       349920.8 |
  |------------------------------------------------------------------------|
  |                           pct_chg_raw_spend                            |
  |                                   -21.22862                            |
  +------------------------------------------------------------------------+

  +------------------------------------------------------------------------+
  |                                                   category   |  year   |
  |                                    acrylamide-bis solution   |  2010   |
  |------------------------------------------------------------------------|
  |  raw_qty | raw_qty_2013 | pct_chg_raw_qty | raw_spend | raw_spend_2013 |
  |      181 |          235 |       -22.97872 |  13299.17 |       17732.14 |
  |------------------------------------------------------------------------|
  |                           pct_chg_raw_spend                            |
  |                                   -24.99964                            |
  +------------------------------------------------------------------------+

  +------------------------------------------------------------------------+
  |                                                   category   |  year   |
  |                                chemiluminescent substrates   |  2010   |
  |------------------------------------------------------------------------|
  |  raw_qty | raw_qty_2013 | pct_chg_raw_qty | raw_spend | raw_spend_2013 |
  |      292 |          468 |       -37.60684 |  67748.98 |       91631.02 |
  |------------------------------------------------------------------------|
  |                           pct_chg_raw_spend                            |
  |                                   -26.06327                            |
  +------------------------------------------------------------------------+

  +------------------------------------------------------------------------+
  |                                                   category   |  year   |
  |                                      unstained dna ladders   |  2010   |
  |------------------------------------------------------------------------|
  |  raw_qty | raw_qty_2013 | pct_chg_raw_qty | raw_spend | raw_spend_2013 |
  |      421 |     630.4133 |       -33.21841 |  49607.75 |       67650.07 |
  |------------------------------------------------------------------------|
  |                           pct_chg_raw_spend                            |
  |                                   -26.67007                            |
  +------------------------------------------------------------------------+

  +------------------------------------------------------------------------+
  |                                                   category   |  year   |
  |                pre-stained protein molecular-weight ladder   |  2010   |
  |------------------------------------------------------------------------|
  |  raw_qty | raw_qty_2013 | pct_chg_raw_qty | raw_spend | raw_spend_2013 |
  |  389.011 |          467 |           -16.7 |  48531.73 |       67401.24 |
  |------------------------------------------------------------------------|
  |                           pct_chg_raw_spend                            |
  |                                   -27.99579                            |
  +------------------------------------------------------------------------+

  +------------------------------------------------------------------------+
  |                                                   category   |  year   |
  |            cell culture nutritional supplements - tryptone   |  2010   |
  |------------------------------------------------------------------------|
  |  raw_qty | raw_qty_2013 | pct_chg_raw_qty | raw_spend | raw_spend_2013 |
  |      112 |          152 |       -26.31579 |  11450.32 |       16257.13 |
  |------------------------------------------------------------------------|
  |                           pct_chg_raw_spend                            |
  |                                    -29.5674                            |
  +------------------------------------------------------------------------+

  +------------------------------------------------------------------------+
  |                                                   category   |  year   |
  |                          column-based dna plasmid miniprep   |  2010   |
  |------------------------------------------------------------------------|
  |  raw_qty | raw_qty_2013 | pct_chg_raw_qty | raw_spend | raw_spend_2013 |
  |      144 |          243 |       -40.74074 |  33711.61 |       48140.42 |
  |------------------------------------------------------------------------|
  |                           pct_chg_raw_spend                            |
  |                                   -29.97234                            |
  +------------------------------------------------------------------------+

  +------------------------------------------------------------------------+
  |                                                   category   |  year   |
  |               cell culture nutritional supplements - yeast   |  2010   |
  |------------------------------------------------------------------------|
  |  raw_qty | raw_qty_2013 | pct_chg_raw_qty | raw_spend | raw_spend_2013 |
  |      145 |          205 |       -29.26829 |  16107.52 |       24715.34 |
  |------------------------------------------------------------------------|
  |                           pct_chg_raw_spend                            |
  |                                   -34.82784                            |
  +------------------------------------------------------------------------+

  +------------------------------------------------------------------------+
  |                                                   category   |  year   |
  |                                    nucleic acid gel stains   |  2010   |
  |------------------------------------------------------------------------|
  |  raw_qty | raw_qty_2013 | pct_chg_raw_qty | raw_spend | raw_spend_2013 |
  |      188 |          342 |       -45.02924 |  25609.24 |       39819.04 |
  |------------------------------------------------------------------------|
  |                           pct_chg_raw_spend                            |
  |                                   -35.68594                            |
  +------------------------------------------------------------------------+

  +------------------------------------------------------------------------+
  |                                                   category   |  year   |
  |                                  rna stabilization reagent   |  2010   |
  |------------------------------------------------------------------------|
  |  raw_qty | raw_qty_2013 | pct_chg_raw_qty | raw_spend | raw_spend_2013 |
  |       79 |          177 |       -55.36723 |  24759.43 |       41972.18 |
  |------------------------------------------------------------------------|
  |                           pct_chg_raw_spend                            |
  |                                    -41.0099                            |
  +------------------------------------------------------------------------+

  +------------------------------------------------------------------------+
  |                                                   category   |  year   |
  |           nucleic acid modifying enzymes - klenow fragment   |  2010   |
  |------------------------------------------------------------------------|
  |  raw_qty | raw_qty_2013 | pct_chg_raw_qty | raw_spend | raw_spend_2013 |
  |       12 |           13 |       -7.692307 |    892.35 |        1565.16 |
  |------------------------------------------------------------------------|
  |                           pct_chg_raw_spend                            |
  |                                   -42.98666                            |
  +------------------------------------------------------------------------+

  +------------------------------------------------------------------------+
  |                                                   category   |  year   |
  |                                       bovine serum albumin   |  2010   |
  |------------------------------------------------------------------------|
  |  raw_qty | raw_qty_2013 | pct_chg_raw_qty | raw_spend | raw_spend_2013 |
  |      224 |          438 |       -48.85845 |  34337.32 |       61088.22 |
  |------------------------------------------------------------------------|
  |                           pct_chg_raw_spend                            |
  |                                    -43.7906                            |
  +------------------------------------------------------------------------+

  +------------------------------------------------------------------------+
  |                                                   category   |  year   |
  |                     phosphate-buffered saline (pbs) buffer   |  2010   |
  |------------------------------------------------------------------------|
  |  raw_qty | raw_qty_2013 | pct_chg_raw_qty | raw_spend | raw_spend_2013 |
  |      466 |          829 |        -43.7877 |  20733.73 |       39328.44 |
  |------------------------------------------------------------------------|
  |                           pct_chg_raw_spend                            |
  |                                   -47.28057                            |
  +------------------------------------------------------------------------+

  +------------------------------------------------------------------------+
  |                                                   category   |  year   |
  |                                         protein gel stains   |  2010   |
  |------------------------------------------------------------------------|
  |  raw_qty | raw_qty_2013 | pct_chg_raw_qty | raw_spend | raw_spend_2013 |
  |      132 |          239 |       -44.76987 |  13818.21 |       26976.18 |
  |------------------------------------------------------------------------|
  |                           pct_chg_raw_spend                            |
  |                                   -48.77625                            |
  +------------------------------------------------------------------------+

  +------------------------------------------------------------------------+
  |                                                   category   |  year   |
  |                                 pre-cast tris-glycine gels   |  2010   |
  |------------------------------------------------------------------------|
  |  raw_qty | raw_qty_2013 | pct_chg_raw_qty | raw_spend | raw_spend_2013 |
  |      215 |          451 |       -52.32816 |   17190.6 |       35301.27 |
  |------------------------------------------------------------------------|
  |                           pct_chg_raw_spend                            |
  |                                   -51.30317                            |
  +------------------------------------------------------------------------+

  +------------------------------------------------------------------------+
  |                                                   category   |  year   |
  |                         cell culture dissociation reagents   |  2010   |
  |------------------------------------------------------------------------|
  |  raw_qty | raw_qty_2013 | pct_chg_raw_qty | raw_spend | raw_spend_2013 |
  |      437 |          744 |       -41.26344 |  12346.94 |       26577.18 |
  |------------------------------------------------------------------------|
  |                           pct_chg_raw_spend                            |
  |                                   -53.54308                            |
  +------------------------------------------------------------------------+

  +------------------------------------------------------------------------+
  |                                                   category   |  year   |
  |                hanks' balanced salt solution (hbss) buffer   |  2010   |
  |------------------------------------------------------------------------|
  |  raw_qty | raw_qty_2013 | pct_chg_raw_qty | raw_spend | raw_spend_2013 |
  |       96 |          157 |        -38.8535 |   2352.06 |        6239.84 |
  |------------------------------------------------------------------------|
  |                           pct_chg_raw_spend                            |
  |                                   -62.30576                            |
  +------------------------------------------------------------------------+

  +------------------------------------------------------------------------+
  |                                                   category   |  year   |
  |                        first-strand cdna synthesis systems   |  2010   |
  |------------------------------------------------------------------------|
  |  raw_qty | raw_qty_2013 | pct_chg_raw_qty | raw_spend | raw_spend_2013 |
  |       82 |          225 |       -63.55556 |   25679.9 |       70258.73 |
  |------------------------------------------------------------------------|
  |                           pct_chg_raw_spend                            |
  |                                   -63.44952                            |
  +------------------------------------------------------------------------+

  +------------------------------------------------------------------------+
  |                                                   category   |  year   |
  |                                           rnase inhibitors   |  2010   |
  |------------------------------------------------------------------------|
  |  raw_qty | raw_qty_2013 | pct_chg_raw_qty | raw_spend | raw_spend_2013 |
  |       75 |          156 |       -51.92308 |  10041.76 |       28183.31 |
  |------------------------------------------------------------------------|
  |                           pct_chg_raw_spend                            |
  |                                   -64.36983                            |
  +------------------------------------------------------------------------+

  +------------------------------------------------------------------------+
  |                                                   category   |  year   |
  |                                                       rpmi   |  2010   |
  |------------------------------------------------------------------------|
  |  raw_qty | raw_qty_2013 | pct_chg_raw_qty | raw_spend | raw_spend_2013 |
  | 409.0416 |         1066 |       -61.62837 |  14285.25 |       42488.62 |
  |------------------------------------------------------------------------|
  |                           pct_chg_raw_spend                            |
  |                                   -66.37865                            |
  +------------------------------------------------------------------------+

  +------------------------------------------------------------------------+
  |                                                   category   |  year   |
  |                                          pre-cast tbe gels   |  2010   |
  |------------------------------------------------------------------------|
  |  raw_qty | raw_qty_2013 | pct_chg_raw_qty | raw_spend | raw_spend_2013 |
  |       71 |          371 |       -80.86253 |   3362.81 |       11111.83 |
  |------------------------------------------------------------------------|
  |                           pct_chg_raw_spend                            |
  |                                   -69.73667                            |
  +------------------------------------------------------------------------+

. restore

. 
. * === Step 2: For top suspects, look at item-level data
. use ../external/samp/full_item_level_tfidf, clear

. keep if treated == 1
(803,196 observations deleted)

. gen pre_yr = inlist(year, 2010, 2011)

. gen mid_yr = inlist(year, 2012, 2013)

. gen post_yr = inlist(year, 2015, 2016, 2017, 2018, 2019)

. collapse (sum) raw_spend raw_qty obs = obs_cnt, by(category pre_yr mid_yr pos
> t_yr)

. gen period = "pre" if pre_yr == 1
(189 missing values generated)

. replace period = "mid" if mid_yr == 1
(63 real changes made)

. replace period = "post" if post_yr == 1
variable period was str3 now str4
(63 real changes made)

. drop if mi(period)
(63 observations deleted)

. drop pre_yr mid_yr post_yr

. reshape wide raw_spend raw_qty obs, i(category) j(period) string
(j = mid post pre)

Data                               Long   ->   Wide
-----------------------------------------------------------------------------
Number of observations              189   ->   63          
Number of variables                   5   ->   10          
j variable (3 values)            period   ->   (dropped)
xij variables:
                              raw_spend   ->   raw_spendmid raw_spendpost raw_s
> pendpre
                                raw_qty   ->   raw_qtymid raw_qtypost raw_qtypr
> e
                                    obs   ->   obsmid obspost obspre
-----------------------------------------------------------------------------

. gen pct_chg_spend = (raw_spendpre/2 - raw_spendmid/2) / (raw_spendmid/2) * 10
> 0

. gen pct_chg_qty   = (raw_qtypre/2 - raw_qtymid/2)   / (raw_qtymid/2)   * 100

. gsort -pct_chg_spend

. list category raw_spendpre raw_spendmid pct_chg_spend pct_chg_qty in 1/15, no
> obs sep(0) ab(30)

  +--------------------------------------------------------------------------+
  |                                                  category | raw_spendpre |
  | nucleic acid modifying enzymes - t4 polynucleotide kinase |     28848.74 |
  |--------------------------------------------------------------------------|
  |      raw_spendmid      |      pct_chg_spend      |      pct_chg_qty      |
  |          12540.08      |           130.0523      |         93.41563      |
  +--------------------------------------------------------------------------+

  +--------------------------------------------------------------------------+
  |                                                  category | raw_spendpre |
  |  affinity resins - activated coupling matrices (magnetic) |     63754.01 |
  |--------------------------------------------------------------------------|
  |      raw_spendmid      |      pct_chg_spend      |      pct_chg_qty      |
  |          39723.13      |           60.49594      |          8.86076      |
  +--------------------------------------------------------------------------+

  +--------------------------------------------------------------------------+
  |                                                  category | raw_spendpre |
  |              earle's balanced salt solution (ebss) buffer |      2275.45 |
  |--------------------------------------------------------------------------|
  |      raw_spendmid      |      pct_chg_spend      |      pct_chg_qty      |
  |           1905.28      |           19.42864      |        -9.090909      |
  +--------------------------------------------------------------------------+

  +--------------------------------------------------------------------------+
  |                                                  category | raw_spendpre |
  |                                     crosslinking reagents |     119427.1 |
  |--------------------------------------------------------------------------|
  |      raw_spendmid      |      pct_chg_spend      |      pct_chg_qty      |
  |          105065.4      |           13.66933      |         58.33036      |
  +--------------------------------------------------------------------------+

  +--------------------------------------------------------------------------+
  |                                                  category | raw_spendpre |
  |                                                goat serum |     11923.23 |
  |--------------------------------------------------------------------------|
  |      raw_spendmid      |      pct_chg_spend      |      pct_chg_qty      |
  |          10553.83      |           12.97538      |         6.467662      |
  +--------------------------------------------------------------------------+

  +--------------------------------------------------------------------------+
  |                                                  category | raw_spendpre |
  |                    nucleic acid modifying enzymes - other |     81069.31 |
  |--------------------------------------------------------------------------|
  |      raw_spendmid      |      pct_chg_spend      |      pct_chg_qty      |
  |          73353.77      |           10.51826      |        -34.47556      |
  +--------------------------------------------------------------------------+

  +--------------------------------------------------------------------------+
  |                                                  category | raw_spendpre |
  |                              specialty cell culture media |      64431.5 |
  |--------------------------------------------------------------------------|
  |      raw_spendmid      |      pct_chg_spend      |      pct_chg_qty      |
  |          62187.66      |           3.608176      |        -5.657143      |
  +--------------------------------------------------------------------------+

  +--------------------------------------------------------------------------+
  |                                                  category | raw_spendpre |
  |                         nitrocellulose blotting membranes |     50280.02 |
  |--------------------------------------------------------------------------|
  |      raw_spendmid      |      pct_chg_spend      |      pct_chg_qty      |
  |          49143.82      |           2.311989      |         15.47621      |
  +--------------------------------------------------------------------------+

  +--------------------------------------------------------------------------+
  |                                                  category | raw_spendpre |
  |     cell culture nutritional supplements - casamino acids |      3124.36 |
  |--------------------------------------------------------------------------|
  |      raw_spendmid      |      pct_chg_spend      |      pct_chg_qty      |
  |           3092.94      |           1.015858      |        -39.11681      |
  +--------------------------------------------------------------------------+

  +--------------------------------------------------------------------------+
  |                                                  category | raw_spendpre |
  |              transfection reagents - electroporation kits |     173026.3 |
  |--------------------------------------------------------------------------|
  |      raw_spendmid      |      pct_chg_spend      |      pct_chg_qty      |
  |          174009.1      |          -.5647982      |         29.16667      |
  +--------------------------------------------------------------------------+

  +--------------------------------------------------------------------------+
  |                                                  category | raw_spendpre |
  |                                pre-cast tris-tricine gels |          797 |
  |--------------------------------------------------------------------------|
  |      raw_spendmid      |      pct_chg_spend      |      pct_chg_qty      |
  |            831.41      |          -4.138752      |         75.67567      |
  +--------------------------------------------------------------------------+

  +--------------------------------------------------------------------------+
  |                                                  category | raw_spendpre |
  |                                    dye-based qpcr systems |     516745.1 |
  |--------------------------------------------------------------------------|
  |      raw_spendmid      |      pct_chg_spend      |      pct_chg_qty      |
  |          623940.2      |          -17.18035      |        -32.88073      |
  +--------------------------------------------------------------------------+

  +--------------------------------------------------------------------------+
  |                                                  category | raw_spendpre |
  |                                               pcr systems |     527216.1 |
  |--------------------------------------------------------------------------|
  |      raw_spendmid      |      pct_chg_spend      |      pct_chg_qty      |
  |          643975.3      |            -18.131      |        -25.36778      |
  +--------------------------------------------------------------------------+

  +--------------------------------------------------------------------------+
  |                                                  category | raw_spendpre |
  |                                   bioconjugation reagents |      9110.37 |
  |--------------------------------------------------------------------------|
  |      raw_spendmid      |      pct_chg_spend      |      pct_chg_qty      |
  |          11570.22      |          -21.26018      |        -32.85714      |
  +--------------------------------------------------------------------------+

  +--------------------------------------------------------------------------+
  |                                                  category | raw_spendpre |
  |        cell culture nutritional supplements - l-glutamine |     14114.03 |
  |--------------------------------------------------------------------------|
  |      raw_spendmid      |      pct_chg_spend      |      pct_chg_qty      |
  |          18098.02      |           -22.0134      |        -31.46849      |
  +--------------------------------------------------------------------------+

. gsort -pct_chg_qty

. list category raw_qtypre raw_qtymid pct_chg_qty pct_chg_spend in 1/15, noobs 
> sep(0) ab(30)

  +------------------------------------------------------------------------+
  |                                                  category | raw_qtypre |
  | nucleic acid modifying enzymes - t4 polynucleotide kinase |        235 |
  |------------------------------------------------------------------------|
  |      raw_qtymid      |      pct_chg_qty      |      pct_chg_spend      |
  |           121.5      |         93.41563      |           130.0523      |
  +------------------------------------------------------------------------+

  +------------------------------------------------------------------------+
  |                                                  category | raw_qtypre |
  |                                pre-cast tris-tricine gels |         65 |
  |------------------------------------------------------------------------|
  |      raw_qtymid      |      pct_chg_qty      |      pct_chg_spend      |
  |              37      |         75.67567      |          -4.138752      |
  +------------------------------------------------------------------------+

  +------------------------------------------------------------------------+
  |                                                  category | raw_qtypre |
  |                                     crosslinking reagents |        659 |
  |------------------------------------------------------------------------|
  |      raw_qtymid      |      pct_chg_qty      |      pct_chg_spend      |
  |        416.2184      |         58.33036      |           13.66933      |
  +------------------------------------------------------------------------+

  +------------------------------------------------------------------------+
  |                                                  category | raw_qtypre |
  |              transfection reagents - electroporation kits |        155 |
  |------------------------------------------------------------------------|
  |      raw_qtymid      |      pct_chg_qty      |      pct_chg_spend      |
  |             120      |         29.16667      |          -.5647982      |
  +------------------------------------------------------------------------+

  +------------------------------------------------------------------------+
  |                                                  category | raw_qtypre |
  |                         nitrocellulose blotting membranes |        287 |
  |------------------------------------------------------------------------|
  |      raw_qtymid      |      pct_chg_qty      |      pct_chg_spend      |
  |         248.536      |         15.47621      |           2.311989      |
  +------------------------------------------------------------------------+

  +------------------------------------------------------------------------+
  |                                                  category | raw_qtypre |
  |  affinity resins - activated coupling matrices (magnetic) |         86 |
  |------------------------------------------------------------------------|
  |      raw_qtymid      |      pct_chg_qty      |      pct_chg_spend      |
  |              79      |          8.86076      |           60.49594      |
  +------------------------------------------------------------------------+

  +------------------------------------------------------------------------+
  |                                                  category | raw_qtypre |
  |                                                goat serum |        214 |
  |------------------------------------------------------------------------|
  |      raw_qtymid      |      pct_chg_qty      |      pct_chg_spend      |
  |             201      |         6.467662      |           12.97538      |
  +------------------------------------------------------------------------+

  +------------------------------------------------------------------------+
  |                                                  category | raw_qtypre |
  |                              specialty cell culture media |      660.4 |
  |------------------------------------------------------------------------|
  |      raw_qtymid      |      pct_chg_qty      |      pct_chg_spend      |
  |             700      |        -5.657143      |           3.608176      |
  +------------------------------------------------------------------------+

  +------------------------------------------------------------------------+
  |                                                  category | raw_qtypre |
  |              earle's balanced salt solution (ebss) buffer |         20 |
  |------------------------------------------------------------------------|
  |      raw_qtymid      |      pct_chg_qty      |      pct_chg_spend      |
  |              22      |        -9.090909      |           19.42864      |
  +------------------------------------------------------------------------+

  +------------------------------------------------------------------------+
  |                                                  category | raw_qtypre |
  |                                                    us fbs |   3231.673 |
  |------------------------------------------------------------------------|
  |      raw_qtymid      |      pct_chg_qty      |      pct_chg_spend      |
  |        3578.163      |        -9.683468      |          -22.34072      |
  +------------------------------------------------------------------------+

  +------------------------------------------------------------------------+
  |                                                  category | raw_qtypre |
  |                                 native-page sample buffer |         37 |
  |------------------------------------------------------------------------|
  |      raw_qtymid      |      pct_chg_qty      |      pct_chg_spend      |
  |        44.16666      |         -16.2264      |          -58.23012      |
  +------------------------------------------------------------------------+

  +------------------------------------------------------------------------+
  |                                                  category | raw_qtypre |
  |                                       gel blotting papers |        244 |
  |------------------------------------------------------------------------|
  |      raw_qtymid      |      pct_chg_qty      |      pct_chg_spend      |
  |        300.2025      |        -18.72154      |          -33.38743      |
  +------------------------------------------------------------------------+

  +------------------------------------------------------------------------+
  |                                                  category | raw_qtypre |
  |           cell culture nutritional supplements - tryptone |        255 |
  |------------------------------------------------------------------------|
  |      raw_qtymid      |      pct_chg_qty      |      pct_chg_spend      |
  |        320.5371      |        -20.44602      |          -28.88356      |
  +------------------------------------------------------------------------+

  +------------------------------------------------------------------------+
  |                                                  category | raw_qtypre |
  |               pre-stained protein molecular-weight ladder |    774.011 |
  |------------------------------------------------------------------------|
  |      raw_qtymid      |      pct_chg_qty      |      pct_chg_spend      |
  |        987.8061      |        -21.64343      |          -27.26533      |
  +------------------------------------------------------------------------+

  +------------------------------------------------------------------------+
  |                                                  category | raw_qtypre |
  |                                   acrylamide-bis solution |        380 |
  |------------------------------------------------------------------------|
  |      raw_qtymid      |      pct_chg_qty      |      pct_chg_spend      |
  |        487.1293      |        -21.99196      |           -27.2542      |
  +------------------------------------------------------------------------+

. 
. * === Step 3: For top-3 suspect categories by pct_chg_spend, dump biggest pre
> -period items
. gsort -pct_chg_spend

. keep if _n <= 5
(58 observations deleted)

. levelsof category, local(top_cats) clean
affinity resins - activated coupling matrices (magnetic) crosslinking reagents 
> earle's balanced salt solution (ebss) buffer goat serum nucleic acid modifyin
> g enzymes - t4 polynucleotide kinase

. di "TOP SUSPECT CATEGORIES (by pre-period spend bump):"
TOP SUSPECT CATEGORIES (by pre-period spend bump):

. foreach c in `top_cats' {
  2.     di "  - `c'"
  3. }
  - affinity
  - resins
  - -
  - activated
  - coupling
  - matrices
  - (magnetic)
  - crosslinking
  - reagents
  - earle's
  - balanced
  - salt
  - solution
  - (ebss)
  - buffer
  - goat
  - serum
  - nucleic
  - acid
  - modifying
  - enzymes
  - -
  - t4
  - polynucleotide
  - kinase

. 
. use ../external/samp/full_item_level_tfidf, clear

. keep if treated == 1
(803,196 observations deleted)

. gen pre_yr = inlist(year, 2010, 2011)

. keep if pre_yr == 1
(116,200 observations deleted)

. keep category clean_desc raw_price raw_qty raw_spend year suppliername agency
> name similarity_score prediction_source

. foreach c in `top_cats' {
  2.     preserve
  3.     keep if category == "`c'"
  4.     gsort -raw_spend
  5.     di " "
  6.     di "========================================================"
  7.     di "TOP 20 PRE-PERIOD ITEMS BY SPEND IN: `c'"
  8.     di "========================================================"
  9.     list year suppliername clean_desc raw_qty raw_price raw_spend similari
> ty_score prediction_source in 1/20, noobs sep(0) ab(40)
 10.     restore
 11. }
(13,538 observations deleted)
 
========================================================
TOP 20 PRE-PERIOD ITEMS BY SPEND IN: affinity
========================================================
observation numbers out of range
r(198);

end of do-file
r(198);
