Device: cuda
Loading model: allenai-specter
/n/holylabs/LABS/pakes_lab/Lab/env/lib/python3.10/site-packages/transformers/tokenization_utils_base.py:1617: FutureWarning: `clean_up_tokenization_spaces` was not set. It will be set to `True` by default. This behavior will be deprecated in transformers v4.45, and will be then set to `False` by default. For more details check this issue: https://github.com/huggingface/transformers/issues/31884
  warnings.warn(
Embedding dim: 768
Papers to embed: 15,434,317
/n/holylabs/pakes_lab/Lab/sci_eq/derived/openalex/cluster_fields/code/bert/1_embed_papers.py:64: DeprecationWarning: the `streaming` parameter was deprecated in 1.25.0; use `engine` instead.
  batch_df = lf.slice(offset, take).collect(streaming=True)
  16,384/15,434,317 (5584/s, ETA 0.77h)
  32,768/15,434,317 (6236/s, ETA 0.69h)
  49,152/15,434,317 (6543/s, ETA 0.65h)
  65,536/15,434,317 (6602/s, ETA 0.65h)
  81,920/15,434,317 (6703/s, ETA 0.64h)
  98,304/15,434,317 (6785/s, ETA 0.63h)
  114,688/15,434,317 (6972/s, ETA 0.61h)
  131,072/15,434,317 (7178/s, ETA 0.59h)
  147,456/15,434,317 (7346/s, ETA 0.58h)
  163,840/15,434,317 (7451/s, ETA 0.57h)
  180,224/15,434,317 (7533/s, ETA 0.56h)
  196,608/15,434,317 (7595/s, ETA 0.56h)
  212,992/15,434,317 (6956/s, ETA 0.61h)
  229,376/15,434,317 (6485/s, ETA 0.65h)
  245,760/15,434,317 (6111/s, ETA 0.69h)
  262,144/15,434,317 (5822/s, ETA 0.72h)
  278,528/15,434,317 (5620/s, ETA 0.75h)
  294,912/15,434,317 (5425/s, ETA 0.78h)
  311,296/15,434,317 (5302/s, ETA 0.79h)
  327,680/15,434,317 (5179/s, ETA 0.81h)
  344,064/15,434,317 (5068/s, ETA 0.83h)
  360,448/15,434,317 (4966/s, ETA 0.84h)
  376,832/15,434,317 (4888/s, ETA 0.86h)
  393,216/15,434,317 (4824/s, ETA 0.87h)
  409,600/15,434,317 (4801/s, ETA 0.87h)
  425,984/15,434,317 (4772/s, ETA 0.87h)
  442,368/15,434,317 (4751/s, ETA 0.88h)
  458,752/15,434,317 (4733/s, ETA 0.88h)
  475,136/15,434,317 (4715/s, ETA 0.88h)
  491,520/15,434,317 (4685/s, ETA 0.89h)
  507,904/15,434,317 (4614/s, ETA 0.90h)
  524,288/15,434,317 (4549/s, ETA 0.91h)
  540,672/15,434,317 (4480/s, ETA 0.92h)
  557,056/15,434,317 (4427/s, ETA 0.93h)
  573,440/15,434,317 (4364/s, ETA 0.95h)
  589,824/15,434,317 (4329/s, ETA 0.95h)
  606,208/15,434,317 (4342/s, ETA 0.95h)
  622,592/15,434,317 (4356/s, ETA 0.94h)
  638,976/15,434,317 (4363/s, ETA 0.94h)
  655,360/15,434,317 (4367/s, ETA 0.94h)
  671,744/15,434,317 (4375/s, ETA 0.94h)
  688,128/15,434,317 (4393/s, ETA 0.93h)
  704,512/15,434,317 (4429/s, ETA 0.92h)
  720,896/15,434,317 (4467/s, ETA 0.91h)
  737,280/15,434,317 (4497/s, ETA 0.91h)
  753,664/15,434,317 (4530/s, ETA 0.90h)
  770,048/15,434,317 (4564/s, ETA 0.89h)
  786,432/15,434,317 (4565/s, ETA 0.89h)
  802,816/15,434,317 (4549/s, ETA 0.89h)
  819,200/15,434,317 (4530/s, ETA 0.90h)
  835,584/15,434,317 (4512/s, ETA 0.90h)
  851,968/15,434,317 (4496/s, ETA 0.90h)
  868,352/15,434,317 (4480/s, ETA 0.90h)
  884,736/15,434,317 (4462/s, ETA 0.91h)
  901,120/15,434,317 (4448/s, ETA 0.91h)
  917,504/15,434,317 (4432/s, ETA 0.91h)
  933,888/15,434,317 (4417/s, ETA 0.91h)
  950,272/15,434,317 (4406/s, ETA 0.91h)
  966,656/15,434,317 (4392/s, ETA 0.92h)
  983,040/15,434,317 (4428/s, ETA 0.91h)
  999,424/15,434,317 (4463/s, ETA 0.90h)
  1,015,808/15,434,317 (4499/s, ETA 0.89h)
  1,032,192/15,434,317 (4532/s, ETA 0.88h)
  1,048,576/15,434,317 (4568/s, ETA 0.87h)
  1,064,960/15,434,317 (4601/s, ETA 0.87h)
  1,081,344/15,434,317 (4581/s, ETA 0.87h)
  1,097,728/15,434,317 (4556/s, ETA 0.87h)
  1,114,112/15,434,317 (4532/s, ETA 0.88h)
  1,130,496/15,434,317 (4510/s, ETA 0.88h)
  1,146,880/15,434,317 (4487/s, ETA 0.88h)
  1,163,264/15,434,317 (4471/s, ETA 0.89h)
  1,179,648/15,434,317 (4493/s, ETA 0.88h)
  1,196,032/15,434,317 (4518/s, ETA 0.88h)
  1,212,416/15,434,317 (4539/s, ETA 0.87h)
  1,228,800/15,434,317 (4560/s, ETA 0.87h)
  1,245,184/15,434,317 (4584/s, ETA 0.86h)
  1,261,568/15,434,317 (4599/s, ETA 0.86h)
  1,277,952/15,434,317 (4586/s, ETA 0.86h)
  1,294,336/15,434,317 (4569/s, ETA 0.86h)
  1,310,720/15,434,317 (4554/s, ETA 0.86h)
  1,327,104/15,434,317 (4538/s, ETA 0.86h)
  1,343,488/15,434,317 (4527/s, ETA 0.86h)
  1,359,872/15,434,317 (4515/s, ETA 0.87h)
  1,376,256/15,434,317 (4514/s, ETA 0.87h)
  1,392,640/15,434,317 (4512/s, ETA 0.86h)
  1,409,024/15,434,317 (4511/s, ETA 0.86h)
  1,425,408/15,434,317 (4508/s, ETA 0.86h)
  1,441,792/15,434,317 (4506/s, ETA 0.86h)
  1,458,176/15,434,317 (4495/s, ETA 0.86h)
  1,474,560/15,434,317 (4473/s, ETA 0.87h)
  1,490,944/15,434,317 (4448/s, ETA 0.87h)
  1,507,328/15,434,317 (4425/s, ETA 0.87h)
  1,523,712/15,434,317 (4406/s, ETA 0.88h)
  1,540,096/15,434,317 (4385/s, ETA 0.88h)
  1,556,480/15,434,317 (4383/s, ETA 0.88h)
  1,572,864/15,434,317 (4400/s, ETA 0.88h)
  1,589,248/15,434,317 (4418/s, ETA 0.87h)
  1,605,632/15,434,317 (4435/s, ETA 0.87h)
  1,622,016/15,434,317 (4453/s, ETA 0.86h)
  1,638,400/15,434,317 (4470/s, ETA 0.86h)
  1,654,784/15,434,317 (4481/s, ETA 0.85h)
  1,671,168/15,434,317 (4482/s, ETA 0.85h)
  1,687,552/15,434,317 (4486/s, ETA 0.85h)
  1,703,936/15,434,317 (4491/s, ETA 0.85h)
  1,720,320/15,434,317 (4494/s, ETA 0.85h)
  1,736,704/15,434,317 (4498/s, ETA 0.85h)
  1,753,088/15,434,317 (4491/s, ETA 0.85h)
  1,769,472/15,434,317 (4483/s, ETA 0.85h)
  1,785,856/15,434,317 (4473/s, ETA 0.85h)
  1,802,240/15,434,317 (4465/s, ETA 0.85h)
  1,818,624/15,434,317 (4458/s, ETA 0.85h)
  1,835,008/15,434,317 (4461/s, ETA 0.85h)
  1,851,392/15,434,317 (4480/s, ETA 0.84h)
  1,867,776/15,434,317 (4500/s, ETA 0.84h)
  1,884,160/15,434,317 (4517/s, ETA 0.83h)
  1,900,544/15,434,317 (4535/s, ETA 0.83h)
  1,916,928/15,434,317 (4553/s, ETA 0.82h)
  1,933,312/15,434,317 (4570/s, ETA 0.82h)
  1,949,696/15,434,317 (4584/s, ETA 0.82h)
  1,966,080/15,434,317 (4597/s, ETA 0.81h)
  1,982,464/15,434,317 (4611/s, ETA 0.81h)
  1,998,848/15,434,317 (4624/s, ETA 0.81h)
  2,015,232/15,434,317 (4637/s, ETA 0.80h)
  2,031,616/15,434,317 (4640/s, ETA 0.80h)
  2,048,000/15,434,317 (4635/s, ETA 0.80h)
  2,064,384/15,434,317 (4628/s, ETA 0.80h)
  2,080,768/15,434,317 (4622/s, ETA 0.80h)
  2,097,152/15,434,317 (4616/s, ETA 0.80h)
  2,113,536/15,434,317 (4610/s, ETA 0.80h)
  2,129,920/15,434,317 (4604/s, ETA 0.80h)
  2,146,304/15,434,317 (4597/s, ETA 0.80h)
  2,162,688/15,434,317 (4591/s, ETA 0.80h)
  2,179,072/15,434,317 (4583/s, ETA 0.80h)
  2,195,456/15,434,317 (4575/s, ETA 0.80h)
  2,211,840/15,434,317 (4568/s, ETA 0.80h)
  2,228,224/15,434,317 (4573/s, ETA 0.80h)
  2,244,608/15,434,317 (4585/s, ETA 0.80h)
  2,260,992/15,434,317 (4597/s, ETA 0.80h)
  2,277,376/15,434,317 (4610/s, ETA 0.79h)
  2,293,760/15,434,317 (4622/s, ETA 0.79h)
  2,310,144/15,434,317 (4634/s, ETA 0.79h)
  2,326,528/15,434,317 (4627/s, ETA 0.79h)
  2,342,912/15,434,317 (4615/s, ETA 0.79h)
  2,359,296/15,434,317 (4602/s, ETA 0.79h)
  2,375,680/15,434,317 (4590/s, ETA 0.79h)
  2,392,064/15,434,317 (4578/s, ETA 0.79h)
  2,408,448/15,434,317 (4565/s, ETA 0.79h)
  2,424,832/15,434,317 (4563/s, ETA 0.79h)
  2,441,216/15,434,317 (4563/s, ETA 0.79h)
  2,457,600/15,434,317 (4562/s, ETA 0.79h)
  2,473,984/15,434,317 (4561/s, ETA 0.79h)
  2,490,368/15,434,317 (4562/s, ETA 0.79h)
  2,506,752/15,434,317 (4561/s, ETA 0.79h)
  2,523,136/15,434,317 (4548/s, ETA 0.79h)
  2,539,520/15,434,317 (4534/s, ETA 0.79h)
  2,555,904/15,434,317 (4520/s, ETA 0.79h)
  2,572,288/15,434,317 (4507/s, ETA 0.79h)
  2,588,672/15,434,317 (4494/s, ETA 0.79h)
  2,605,056/15,434,317 (4480/s, ETA 0.80h)
  2,621,440/15,434,317 (4481/s, ETA 0.79h)
  2,637,824/15,434,317 (4482/s, ETA 0.79h)
  2,654,208/15,434,317 (4483/s, ETA 0.79h)
  2,670,592/15,434,317 (4484/s, ETA 0.79h)
  2,686,976/15,434,317 (4484/s, ETA 0.79h)
  2,703,360/15,434,317 (4485/s, ETA 0.79h)
  2,719,744/15,434,317 (4483/s, ETA 0.79h)
  2,736,128/15,434,317 (4481/s, ETA 0.79h)
  2,752,512/15,434,317 (4480/s, ETA 0.79h)
  2,768,896/15,434,317 (4479/s, ETA 0.79h)
  2,785,280/15,434,317 (4477/s, ETA 0.78h)
  2,801,664/15,434,317 (4476/s, ETA 0.78h)
  2,818,048/15,434,317 (4468/s, ETA 0.78h)
  2,834,432/15,434,317 (4460/s, ETA 0.78h)
  2,850,816/15,434,317 (4453/s, ETA 0.78h)
  2,867,200/15,434,317 (4445/s, ETA 0.79h)
  2,883,584/15,434,317 (4439/s, ETA 0.79h)
  2,899,968/15,434,317 (4436/s, ETA 0.78h)
  2,916,352/15,434,317 (4446/s, ETA 0.78h)
  2,932,736/15,434,317 (4455/s, ETA 0.78h)
  2,949,120/15,434,317 (4464/s, ETA 0.78h)
  2,965,504/15,434,317 (4474/s, ETA 0.77h)
  2,981,888/15,434,317 (4483/s, ETA 0.77h)
  2,998,272/15,434,317 (4493/s, ETA 0.77h)
  3,014,656/15,434,317 (4505/s, ETA 0.77h)
  3,031,040/15,434,317 (4517/s, ETA 0.76h)
  3,047,424/15,434,317 (4528/s, ETA 0.76h)
  3,063,808/15,434,317 (4539/s, ETA 0.76h)
  3,080,192/15,434,317 (4550/s, ETA 0.75h)
  3,096,576/15,434,317 (4555/s, ETA 0.75h)
  3,112,960/15,434,317 (4549/s, ETA 0.75h)
  3,129,344/15,434,317 (4545/s, ETA 0.75h)
  3,145,728/15,434,317 (4539/s, ETA 0.75h)
  3,162,112/15,434,317 (4534/s, ETA 0.75h)
  3,178,496/15,434,317 (4528/s, ETA 0.75h)
  3,194,880/15,434,317 (4521/s, ETA 0.75h)
  3,211,264/15,434,317 (4509/s, ETA 0.75h)
  3,227,648/15,434,317 (4497/s, ETA 0.75h)
  3,244,032/15,434,317 (4487/s, ETA 0.75h)
  3,260,416/15,434,317 (4476/s, ETA 0.76h)
  3,276,800/15,434,317 (4466/s, ETA 0.76h)
  3,293,184/15,434,317 (4465/s, ETA 0.76h)
  3,309,568/15,434,317 (4474/s, ETA 0.75h)
  3,325,952/15,434,317 (4482/s, ETA 0.75h)
  3,342,336/15,434,317 (4491/s, ETA 0.75h)
  3,358,720/15,434,317 (4500/s, ETA 0.75h)
  3,375,104/15,434,317 (4508/s, ETA 0.74h)
  3,391,488/15,434,317 (4510/s, ETA 0.74h)
  3,407,872/15,434,317 (4509/s, ETA 0.74h)
  3,424,256/15,434,317 (4510/s, ETA 0.74h)
  3,440,640/15,434,317 (4508/s, ETA 0.74h)
  3,457,024/15,434,317 (4508/s, ETA 0.74h)
  3,473,408/15,434,317 (4507/s, ETA 0.74h)
  3,489,792/15,434,317 (4497/s, ETA 0.74h)
  3,506,176/15,434,317 (4485/s, ETA 0.74h)
  3,522,560/15,434,317 (4473/s, ETA 0.74h)
  3,538,944/15,434,317 (4463/s, ETA 0.74h)
  3,555,328/15,434,317 (4451/s, ETA 0.74h)
  3,571,712/15,434,317 (4442/s, ETA 0.74h)
  3,588,096/15,434,317 (4442/s, ETA 0.74h)
  3,604,480/15,434,317 (4440/s, ETA 0.74h)
  3,620,864/15,434,317 (4439/s, ETA 0.74h)
  3,637,248/15,434,317 (4439/s, ETA 0.74h)
  3,653,632/15,434,317 (4438/s, ETA 0.74h)
  3,670,016/15,434,317 (4436/s, ETA 0.74h)
  3,686,400/15,434,317 (4433/s, ETA 0.74h)
  3,702,784/15,434,317 (4432/s, ETA 0.74h)
  3,719,168/15,434,317 (4429/s, ETA 0.73h)
  3,735,552/15,434,317 (4427/s, ETA 0.73h)
  3,751,936/15,434,317 (4424/s, ETA 0.73h)
  3,768,320/15,434,317 (4426/s, ETA 0.73h)
  3,784,704/15,434,317 (4435/s, ETA 0.73h)
  3,801,088/15,434,317 (4444/s, ETA 0.73h)
  3,817,472/15,434,317 (4454/s, ETA 0.72h)
  3,833,856/15,434,317 (4462/s, ETA 0.72h)
  3,850,240/15,434,317 (4472/s, ETA 0.72h)
  3,866,624/15,434,317 (4475/s, ETA 0.72h)
  3,883,008/15,434,317 (4471/s, ETA 0.72h)
  3,899,392/15,434,317 (4467/s, ETA 0.72h)
  3,915,776/15,434,317 (4463/s, ETA 0.72h)
  3,932,160/15,434,317 (4459/s, ETA 0.72h)
  3,948,544/15,434,317 (4455/s, ETA 0.72h)
  3,964,928/15,434,317 (4450/s, ETA 0.72h)
  3,981,312/15,434,317 (4445/s, ETA 0.72h)
  3,997,696/15,434,317 (4439/s, ETA 0.72h)
  4,014,080/15,434,317 (4433/s, ETA 0.72h)
  4,030,464/15,434,317 (4428/s, ETA 0.72h)
  4,046,848/15,434,317 (4423/s, ETA 0.72h)
  4,063,232/15,434,317 (4418/s, ETA 0.71h)
  4,079,616/15,434,317 (4414/s, ETA 0.71h)
  4,096,000/15,434,317 (4409/s, ETA 0.71h)
  4,112,384/15,434,317 (4406/s, ETA 0.71h)
  4,128,768/15,434,317 (4401/s, ETA 0.71h)
  4,145,152/15,434,317 (4399/s, ETA 0.71h)
  4,161,536/15,434,317 (4401/s, ETA 0.71h)
  4,177,920/15,434,317 (4407/s, ETA 0.71h)
  4,194,304/15,434,317 (4413/s, ETA 0.71h)
  4,210,688/15,434,317 (4420/s, ETA 0.71h)
  4,227,072/15,434,317 (4426/s, ETA 0.70h)
  4,243,456/15,434,317 (4433/s, ETA 0.70h)
  4,259,840/15,434,317 (4438/s, ETA 0.70h)
  4,276,224/15,434,317 (4444/s, ETA 0.70h)
  4,292,608/15,434,317 (4450/s, ETA 0.70h)
  4,308,992/15,434,317 (4457/s, ETA 0.69h)
  4,325,376/15,434,317 (4462/s, ETA 0.69h)
  4,341,760/15,434,317 (4468/s, ETA 0.69h)
  4,358,144/15,434,317 (4470/s, ETA 0.69h)
  4,374,528/15,434,317 (4471/s, ETA 0.69h)
  4,390,912/15,434,317 (4472/s, ETA 0.69h)
  4,407,296/15,434,317 (4473/s, ETA 0.68h)
  4,423,680/15,434,317 (4474/s, ETA 0.68h)
  4,440,064/15,434,317 (4476/s, ETA 0.68h)
  4,456,448/15,434,317 (4470/s, ETA 0.68h)
  4,472,832/15,434,317 (4462/s, ETA 0.68h)
  4,489,216/15,434,317 (4455/s, ETA 0.68h)
  4,505,600/15,434,317 (4447/s, ETA 0.68h)
  4,521,984/15,434,317 (4441/s, ETA 0.68h)
  4,538,368/15,434,317 (4433/s, ETA 0.68h)
  4,554,752/15,434,317 (4429/s, ETA 0.68h)
  4,571,136/15,434,317 (4427/s, ETA 0.68h)
  4,587,520/15,434,317 (4424/s, ETA 0.68h)
  4,603,904/15,434,317 (4422/s, ETA 0.68h)
  4,620,288/15,434,317 (4419/s, ETA 0.68h)
  4,636,672/15,434,317 (4417/s, ETA 0.68h)
  4,653,056/15,434,317 (4424/s, ETA 0.68h)
  4,669,440/15,434,317 (4431/s, ETA 0.67h)
  4,685,824/15,434,317 (4439/s, ETA 0.67h)
  4,702,208/15,434,317 (4446/s, ETA 0.67h)
  4,718,592/15,434,317 (4454/s, ETA 0.67h)
  4,734,976/15,434,317 (4462/s, ETA 0.67h)
  4,751,360/15,434,317 (4467/s, ETA 0.66h)
  4,767,744/15,434,317 (4472/s, ETA 0.66h)
  4,784,128/15,434,317 (4478/s, ETA 0.66h)
  4,800,512/15,434,317 (4483/s, ETA 0.66h)
  4,816,896/15,434,317 (4489/s, ETA 0.66h)
  4,833,280/15,434,317 (4494/s, ETA 0.66h)
  4,849,664/15,434,317 (4492/s, ETA 0.65h)
  4,866,048/15,434,317 (4488/s, ETA 0.65h)
  4,882,432/15,434,317 (4485/s, ETA 0.65h)
  4,898,816/15,434,317 (4482/s, ETA 0.65h)
  4,915,200/15,434,317 (4479/s, ETA 0.65h)
  4,931,584/15,434,317 (4477/s, ETA 0.65h)
  4,947,968/15,434,317 (4476/s, ETA 0.65h)
  4,964,352/15,434,317 (4476/s, ETA 0.65h)
  4,980,736/15,434,317 (4474/s, ETA 0.65h)
  4,997,120/15,434,317 (4474/s, ETA 0.65h)
  5,013,504/15,434,317 (4473/s, ETA 0.65h)
  5,029,888/15,434,317 (4470/s, ETA 0.65h)
  5,046,272/15,434,317 (4465/s, ETA 0.65h)
  5,062,656/15,434,317 (4461/s, ETA 0.65h)
  5,079,040/15,434,317 (4456/s, ETA 0.65h)
  5,095,424/15,434,317 (4452/s, ETA 0.65h)
  5,111,808/15,434,317 (4447/s, ETA 0.64h)
  5,128,192/15,434,317 (4443/s, ETA 0.64h)
  5,144,576/15,434,317 (4440/s, ETA 0.64h)
  5,160,960/15,434,317 (4437/s, ETA 0.64h)
  5,177,344/15,434,317 (4434/s, ETA 0.64h)
  5,193,728/15,434,317 (4430/s, ETA 0.64h)
  5,210,112/15,434,317 (4427/s, ETA 0.64h)
  5,226,496/15,434,317 (4425/s, ETA 0.64h)
  5,242,880/15,434,317 (4425/s, ETA 0.64h)
  5,259,264/15,434,317 (4425/s, ETA 0.64h)
  5,275,648/15,434,317 (4424/s, ETA 0.64h)
  5,292,032/15,434,317 (4423/s, ETA 0.64h)
  5,308,416/15,434,317 (4423/s, ETA 0.64h)
  5,324,800/15,434,317 (4418/s, ETA 0.64h)
  5,341,184/15,434,317 (4412/s, ETA 0.64h)
  5,357,568/15,434,317 (4406/s, ETA 0.64h)
  5,373,952/15,434,317 (4400/s, ETA 0.64h)
  5,390,336/15,434,317 (4395/s, ETA 0.63h)
  5,406,720/15,434,317 (4388/s, ETA 0.63h)
  5,423,104/15,434,317 (4389/s, ETA 0.63h)
  5,439,488/15,434,317 (4390/s, ETA 0.63h)
  5,455,872/15,434,317 (4391/s, ETA 0.63h)
  5,472,256/15,434,317 (4392/s, ETA 0.63h)
  5,488,640/15,434,317 (4393/s, ETA 0.63h)
  5,505,024/15,434,317 (4394/s, ETA 0.63h)
  5,521,408/15,434,317 (4391/s, ETA 0.63h)
  5,537,792/15,434,317 (4389/s, ETA 0.63h)
  5,554,176/15,434,317 (4386/s, ETA 0.63h)
  5,570,560/15,434,317 (4384/s, ETA 0.62h)
  5,586,944/15,434,317 (4382/s, ETA 0.62h)
  5,603,328/15,434,317 (4385/s, ETA 0.62h)
  5,619,712/15,434,317 (4389/s, ETA 0.62h)
  5,636,096/15,434,317 (4394/s, ETA 0.62h)
  5,652,480/15,434,317 (4399/s, ETA 0.62h)
  5,668,864/15,434,317 (4404/s, ETA 0.62h)
  5,685,248/15,434,317 (4408/s, ETA 0.61h)
  5,701,632/15,434,317 (4414/s, ETA 0.61h)
  5,718,016/15,434,317 (4420/s, ETA 0.61h)
  5,734,400/15,434,317 (4425/s, ETA 0.61h)
  5,750,784/15,434,317 (4432/s, ETA 0.61h)
  5,767,168/15,434,317 (4438/s, ETA 0.61h)
  5,783,552/15,434,317 (4444/s, ETA 0.60h)
  5,799,936/15,434,317 (4448/s, ETA 0.60h)
  5,816,320/15,434,317 (4453/s, ETA 0.60h)
  5,832,704/15,434,317 (4457/s, ETA 0.60h)
  5,849,088/15,434,317 (4462/s, ETA 0.60h)
  5,865,472/15,434,317 (4467/s, ETA 0.60h)
  5,881,856/15,434,317 (4471/s, ETA 0.59h)
  5,898,240/15,434,317 (4467/s, ETA 0.59h)
  5,914,624/15,434,317 (4462/s, ETA 0.59h)
  5,931,008/15,434,317 (4458/s, ETA 0.59h)
  5,947,392/15,434,317 (4453/s, ETA 0.59h)
  5,963,776/15,434,317 (4449/s, ETA 0.59h)
  5,980,160/15,434,317 (4445/s, ETA 0.59h)
  5,996,544/15,434,317 (4443/s, ETA 0.59h)
  6,012,928/15,434,317 (4440/s, ETA 0.59h)
  6,029,312/15,434,317 (4438/s, ETA 0.59h)
  6,045,696/15,434,317 (4435/s, ETA 0.59h)
  6,062,080/15,434,317 (4433/s, ETA 0.59h)
  6,078,464/15,434,317 (4431/s, ETA 0.59h)
  6,094,848/15,434,317 (4429/s, ETA 0.59h)
  6,111,232/15,434,317 (4428/s, ETA 0.58h)
  6,127,616/15,434,317 (4426/s, ETA 0.58h)
  6,144,000/15,434,317 (4425/s, ETA 0.58h)
  6,160,384/15,434,317 (4423/s, ETA 0.58h)
  6,176,768/15,434,317 (4422/s, ETA 0.58h)
  6,193,152/15,434,317 (4421/s, ETA 0.58h)
  6,209,536/15,434,317 (4422/s, ETA 0.58h)
  6,225,920/15,434,317 (4421/s, ETA 0.58h)
  6,242,304/15,434,317 (4421/s, ETA 0.58h)
  6,258,688/15,434,317 (4422/s, ETA 0.58h)
  6,275,072/15,434,317 (4422/s, ETA 0.58h)
  6,291,456/15,434,317 (4422/s, ETA 0.57h)
  6,307,840/15,434,317 (4423/s, ETA 0.57h)
  6,324,224/15,434,317 (4423/s, ETA 0.57h)
  6,340,608/15,434,317 (4423/s, ETA 0.57h)
  6,356,992/15,434,317 (4424/s, ETA 0.57h)
  6,373,376/15,434,317 (4422/s, ETA 0.57h)
  6,389,760/15,434,317 (4417/s, ETA 0.57h)
  6,406,144/15,434,317 (4412/s, ETA 0.57h)
  6,422,528/15,434,317 (4407/s, ETA 0.57h)
  6,438,912/15,434,317 (4402/s, ETA 0.57h)
  6,455,296/15,434,317 (4398/s, ETA 0.57h)
  6,471,680/15,434,317 (4394/s, ETA 0.57h)
  6,488,064/15,434,317 (4391/s, ETA 0.57h)
  6,504,448/15,434,317 (4389/s, ETA 0.57h)
  6,520,832/15,434,317 (4386/s, ETA 0.56h)
  6,537,216/15,434,317 (4383/s, ETA 0.56h)
  6,553,600/15,434,317 (4381/s, ETA 0.56h)
  6,569,984/15,434,317 (4382/s, ETA 0.56h)
  6,586,368/15,434,317 (4386/s, ETA 0.56h)
  6,602,752/15,434,317 (4391/s, ETA 0.56h)
  6,619,136/15,434,317 (4394/s, ETA 0.56h)
  6,635,520/15,434,317 (4399/s, ETA 0.56h)
  6,651,904/15,434,317 (4402/s, ETA 0.55h)
  6,668,288/15,434,317 (4406/s, ETA 0.55h)
  6,684,672/15,434,317 (4411/s, ETA 0.55h)
  6,701,056/15,434,317 (4415/s, ETA 0.55h)
  6,717,440/15,434,317 (4419/s, ETA 0.55h)
  6,733,824/15,434,317 (4423/s, ETA 0.55h)
  6,750,208/15,434,317 (4428/s, ETA 0.54h)
  6,766,592/15,434,317 (4424/s, ETA 0.54h)
  6,782,976/15,434,317 (4420/s, ETA 0.54h)
  6,799,360/15,434,317 (4414/s, ETA 0.54h)
  6,815,744/15,434,317 (4410/s, ETA 0.54h)
  6,832,128/15,434,317 (4405/s, ETA 0.54h)
  6,848,512/15,434,317 (4401/s, ETA 0.54h)
  6,864,896/15,434,317 (4406/s, ETA 0.54h)
  6,881,280/15,434,317 (4411/s, ETA 0.54h)
  6,897,664/15,434,317 (4416/s, ETA 0.54h)
  6,914,048/15,434,317 (4421/s, ETA 0.54h)
  6,930,432/15,434,317 (4426/s, ETA 0.53h)
  6,946,816/15,434,317 (4431/s, ETA 0.53h)
  6,963,200/15,434,317 (4429/s, ETA 0.53h)
  6,979,584/15,434,317 (4429/s, ETA 0.53h)
  6,995,968/15,434,317 (4428/s, ETA 0.53h)
  7,012,352/15,434,317 (4427/s, ETA 0.53h)
  7,028,736/15,434,317 (4426/s, ETA 0.53h)
  7,045,120/15,434,317 (4425/s, ETA 0.53h)
  7,061,504/15,434,317 (4422/s, ETA 0.53h)
  7,077,888/15,434,317 (4421/s, ETA 0.53h)
  7,094,272/15,434,317 (4418/s, ETA 0.52h)
  7,110,656/15,434,317 (4416/s, ETA 0.52h)
  7,127,040/15,434,317 (4414/s, ETA 0.52h)
  7,143,424/15,434,317 (4412/s, ETA 0.52h)
  7,159,808/15,434,317 (4411/s, ETA 0.52h)
  7,176,192/15,434,317 (4411/s, ETA 0.52h)
  7,192,576/15,434,317 (4411/s, ETA 0.52h)
  7,208,960/15,434,317 (4411/s, ETA 0.52h)
  7,225,344/15,434,317 (4411/s, ETA 0.52h)
  7,241,728/15,434,317 (4412/s, ETA 0.52h)
  7,258,112/15,434,317 (4416/s, ETA 0.51h)
  7,274,496/15,434,317 (4419/s, ETA 0.51h)
  7,290,880/15,434,317 (4423/s, ETA 0.51h)
  7,307,264/15,434,317 (4427/s, ETA 0.51h)
  7,323,648/15,434,317 (4431/s, ETA 0.51h)
  7,340,032/15,434,317 (4433/s, ETA 0.51h)
  7,356,416/15,434,317 (4433/s, ETA 0.51h)
  7,372,800/15,434,317 (4432/s, ETA 0.51h)
  7,389,184/15,434,317 (4432/s, ETA 0.50h)
  7,405,568/15,434,317 (4432/s, ETA 0.50h)
  7,421,952/15,434,317 (4431/s, ETA 0.50h)
  7,438,336/15,434,317 (4428/s, ETA 0.50h)
  7,454,720/15,434,317 (4423/s, ETA 0.50h)
  7,471,104/15,434,317 (4418/s, ETA 0.50h)
  7,487,488/15,434,317 (4412/s, ETA 0.50h)
  7,503,872/15,434,317 (4407/s, ETA 0.50h)
  7,520,256/15,434,317 (4402/s, ETA 0.50h)
  7,536,640/15,434,317 (4398/s, ETA 0.50h)
  7,553,024/15,434,317 (4396/s, ETA 0.50h)
  7,569,408/15,434,317 (4394/s, ETA 0.50h)
  7,585,792/15,434,317 (4393/s, ETA 0.50h)
  7,602,176/15,434,317 (4392/s, ETA 0.50h)
  7,618,560/15,434,317 (4390/s, ETA 0.49h)
  7,634,944/15,434,317 (4388/s, ETA 0.49h)
  7,651,328/15,434,317 (4387/s, ETA 0.49h)
  7,667,712/15,434,317 (4386/s, ETA 0.49h)
  7,684,096/15,434,317 (4385/s, ETA 0.49h)
  7,700,480/15,434,317 (4384/s, ETA 0.49h)
  7,716,864/15,434,317 (4383/s, ETA 0.49h)
  7,733,248/15,434,317 (4386/s, ETA 0.49h)
  7,749,632/15,434,317 (4390/s, ETA 0.49h)
  7,766,016/15,434,317 (4393/s, ETA 0.48h)
  7,782,400/15,434,317 (4397/s, ETA 0.48h)
  7,798,784/15,434,317 (4400/s, ETA 0.48h)
  7,815,168/15,434,317 (4403/s, ETA 0.48h)
  7,831,552/15,434,317 (4401/s, ETA 0.48h)
  7,847,936/15,434,317 (4398/s, ETA 0.48h)
  7,864,320/15,434,317 (4396/s, ETA 0.48h)
  7,880,704/15,434,317 (4393/s, ETA 0.48h)
  7,897,088/15,434,317 (4391/s, ETA 0.48h)
  7,913,472/15,434,317 (4388/s, ETA 0.48h)
  7,929,856/15,434,317 (4386/s, ETA 0.48h)
  7,946,240/15,434,317 (4384/s, ETA 0.47h)
  7,962,624/15,434,317 (4383/s, ETA 0.47h)
  7,979,008/15,434,317 (4380/s, ETA 0.47h)
  7,995,392/15,434,317 (4377/s, ETA 0.47h)
  8,011,776/15,434,317 (4376/s, ETA 0.47h)
  8,028,160/15,434,317 (4380/s, ETA 0.47h)
  8,044,544/15,434,317 (4384/s, ETA 0.47h)
  8,060,928/15,434,317 (4389/s, ETA 0.47h)
  8,077,312/15,434,317 (4393/s, ETA 0.47h)
  8,093,696/15,434,317 (4397/s, ETA 0.46h)
  8,110,080/15,434,317 (4400/s, ETA 0.46h)
  8,126,464/15,434,317 (4400/s, ETA 0.46h)
  8,142,848/15,434,317 (4400/s, ETA 0.46h)
  8,159,232/15,434,317 (4400/s, ETA 0.46h)
  8,175,616/15,434,317 (4400/s, ETA 0.46h)
  8,192,000/15,434,317 (4399/s, ETA 0.46h)
  8,208,384/15,434,317 (4399/s, ETA 0.46h)
  8,224,768/15,434,317 (4402/s, ETA 0.45h)
  8,241,152/15,434,317 (4405/s, ETA 0.45h)
  8,257,536/15,434,317 (4409/s, ETA 0.45h)
  8,273,920/15,434,317 (4411/s, ETA 0.45h)
  8,290,304/15,434,317 (4414/s, ETA 0.45h)
  8,306,688/15,434,317 (4415/s, ETA 0.45h)
  8,323,072/15,434,317 (4411/s, ETA 0.45h)
  8,339,456/15,434,317 (4407/s, ETA 0.45h)
  8,355,840/15,434,317 (4403/s, ETA 0.45h)
  8,372,224/15,434,317 (4399/s, ETA 0.45h)
  8,388,608/15,434,317 (4395/s, ETA 0.45h)
  8,404,992/15,434,317 (4393/s, ETA 0.44h)
  8,421,376/15,434,317 (4391/s, ETA 0.44h)
  8,437,760/15,434,317 (4390/s, ETA 0.44h)
  8,454,144/15,434,317 (4388/s, ETA 0.44h)
  8,470,528/15,434,317 (4387/s, ETA 0.44h)
  8,486,912/15,434,317 (4385/s, ETA 0.44h)
  8,503,296/15,434,317 (4386/s, ETA 0.44h)
  8,519,680/15,434,317 (4386/s, ETA 0.44h)
  8,536,064/15,434,317 (4387/s, ETA 0.44h)
  8,552,448/15,434,317 (4387/s, ETA 0.44h)
  8,568,832/15,434,317 (4388/s, ETA 0.43h)
  8,585,216/15,434,317 (4388/s, ETA 0.43h)
  8,601,600/15,434,317 (4391/s, ETA 0.43h)
  8,617,984/15,434,317 (4394/s, ETA 0.43h)
  8,634,368/15,434,317 (4397/s, ETA 0.43h)
  8,650,752/15,434,317 (4401/s, ETA 0.43h)
  8,667,136/15,434,317 (4404/s, ETA 0.43h)
  8,683,520/15,434,317 (4406/s, ETA 0.43h)
  8,699,904/15,434,317 (4411/s, ETA 0.42h)
  8,716,288/15,434,317 (4414/s, ETA 0.42h)
  8,732,672/15,434,317 (4419/s, ETA 0.42h)
  8,749,056/15,434,317 (4423/s, ETA 0.42h)
  8,765,440/15,434,317 (4427/s, ETA 0.42h)
  8,781,824/15,434,317 (4430/s, ETA 0.42h)
  8,798,208/15,434,317 (4429/s, ETA 0.42h)
  8,814,592/15,434,317 (4427/s, ETA 0.42h)
  8,830,976/15,434,317 (4426/s, ETA 0.41h)
  8,847,360/15,434,317 (4424/s, ETA 0.41h)
  8,863,744/15,434,317 (4423/s, ETA 0.41h)
  8,880,128/15,434,317 (4421/s, ETA 0.41h)
  8,896,512/15,434,317 (4421/s, ETA 0.41h)
  8,912,896/15,434,317 (4420/s, ETA 0.41h)
  8,929,280/15,434,317 (4420/s, ETA 0.41h)
  8,945,664/15,434,317 (4420/s, ETA 0.41h)
  8,962,048/15,434,317 (4419/s, ETA 0.41h)
  8,978,432/15,434,317 (4418/s, ETA 0.41h)
  8,994,816/15,434,317 (4416/s, ETA 0.41h)
  9,011,200/15,434,317 (4415/s, ETA 0.40h)
  9,027,584/15,434,317 (4413/s, ETA 0.40h)
  9,043,968/15,434,317 (4411/s, ETA 0.40h)
  9,060,352/15,434,317 (4409/s, ETA 0.40h)
  9,076,736/15,434,317 (4407/s, ETA 0.40h)
  9,093,120/15,434,317 (4403/s, ETA 0.40h)
  9,109,504/15,434,317 (4400/s, ETA 0.40h)
  9,125,888/15,434,317 (4396/s, ETA 0.40h)
  9,142,272/15,434,317 (4393/s, ETA 0.40h)
  9,158,656/15,434,317 (4390/s, ETA 0.40h)
  9,175,040/15,434,317 (4386/s, ETA 0.40h)
  9,191,424/15,434,317 (4384/s, ETA 0.40h)
  9,207,808/15,434,317 (4381/s, ETA 0.39h)
  9,224,192/15,434,317 (4379/s, ETA 0.39h)
  9,240,576/15,434,317 (4376/s, ETA 0.39h)
  9,256,960/15,434,317 (4374/s, ETA 0.39h)
  9,273,344/15,434,317 (4373/s, ETA 0.39h)
  9,289,728/15,434,317 (4376/s, ETA 0.39h)
  9,306,112/15,434,317 (4379/s, ETA 0.39h)
  9,322,496/15,434,317 (4382/s, ETA 0.39h)
  9,338,880/15,434,317 (4385/s, ETA 0.39h)
  9,355,264/15,434,317 (4387/s, ETA 0.38h)
  9,371,648/15,434,317 (4388/s, ETA 0.38h)
  9,388,032/15,434,317 (4387/s, ETA 0.38h)
  9,404,416/15,434,317 (4386/s, ETA 0.38h)
  9,420,800/15,434,317 (4385/s, ETA 0.38h)
  9,437,184/15,434,317 (4384/s, ETA 0.38h)
  9,453,568/15,434,317 (4383/s, ETA 0.38h)
  9,469,952/15,434,317 (4383/s, ETA 0.38h)
  9,486,336/15,434,317 (4383/s, ETA 0.38h)
  9,502,720/15,434,317 (4384/s, ETA 0.38h)
  9,519,104/15,434,317 (4385/s, ETA 0.37h)
  9,535,488/15,434,317 (4385/s, ETA 0.37h)
  9,551,872/15,434,317 (4386/s, ETA 0.37h)
  9,568,256/15,434,317 (4385/s, ETA 0.37h)
  9,584,640/15,434,317 (4384/s, ETA 0.37h)
  9,601,024/15,434,317 (4382/s, ETA 0.37h)
  9,617,408/15,434,317 (4381/s, ETA 0.37h)
  9,633,792/15,434,317 (4379/s, ETA 0.37h)
  9,650,176/15,434,317 (4380/s, ETA 0.37h)
  9,666,560/15,434,317 (4382/s, ETA 0.37h)
  9,682,944/15,434,317 (4385/s, ETA 0.36h)
  9,699,328/15,434,317 (4387/s, ETA 0.36h)
  9,715,712/15,434,317 (4390/s, ETA 0.36h)
  9,732,096/15,434,317 (4393/s, ETA 0.36h)
  9,748,480/15,434,317 (4396/s, ETA 0.36h)
  9,764,864/15,434,317 (4400/s, ETA 0.36h)
  9,781,248/15,434,317 (4403/s, ETA 0.36h)
  9,797,632/15,434,317 (4406/s, ETA 0.36h)
  9,814,016/15,434,317 (4410/s, ETA 0.35h)
  9,830,400/15,434,317 (4413/s, ETA 0.35h)
  9,846,784/15,434,317 (4414/s, ETA 0.35h)
  9,863,168/15,434,317 (4412/s, ETA 0.35h)
  9,879,552/15,434,317 (4411/s, ETA 0.35h)
  9,895,936/15,434,317 (4410/s, ETA 0.35h)
  9,912,320/15,434,317 (4408/s, ETA 0.35h)
  9,928,704/15,434,317 (4407/s, ETA 0.35h)
  9,945,088/15,434,317 (4405/s, ETA 0.35h)
  9,961,472/15,434,317 (4402/s, ETA 0.35h)
  9,977,856/15,434,317 (4400/s, ETA 0.34h)
  9,994,240/15,434,317 (4397/s, ETA 0.34h)
  10,010,624/15,434,317 (4395/s, ETA 0.34h)
  10,027,008/15,434,317 (4392/s, ETA 0.34h)
  10,043,392/15,434,317 (4392/s, ETA 0.34h)
  10,059,776/15,434,317 (4392/s, ETA 0.34h)
  10,076,160/15,434,317 (4392/s, ETA 0.34h)
  10,092,544/15,434,317 (4391/s, ETA 0.34h)
  10,108,928/15,434,317 (4392/s, ETA 0.34h)
  10,125,312/15,434,317 (4392/s, ETA 0.34h)
  10,141,696/15,434,317 (4393/s, ETA 0.33h)
  10,158,080/15,434,317 (4396/s, ETA 0.33h)
  10,174,464/15,434,317 (4399/s, ETA 0.33h)
  10,190,848/15,434,317 (4402/s, ETA 0.33h)
  10,207,232/15,434,317 (4404/s, ETA 0.33h)
  10,223,616/15,434,317 (4407/s, ETA 0.33h)
  10,240,000/15,434,317 (4405/s, ETA 0.33h)
  10,256,384/15,434,317 (4402/s, ETA 0.33h)
  10,272,768/15,434,317 (4398/s, ETA 0.33h)
  10,289,152/15,434,317 (4395/s, ETA 0.33h)
  10,305,536/15,434,317 (4392/s, ETA 0.32h)
  10,321,920/15,434,317 (4389/s, ETA 0.32h)
  10,338,304/15,434,317 (4389/s, ETA 0.32h)
  10,354,688/15,434,317 (4389/s, ETA 0.32h)
  10,371,072/15,434,317 (4390/s, ETA 0.32h)
  10,387,456/15,434,317 (4390/s, ETA 0.32h)
  10,403,840/15,434,317 (4390/s, ETA 0.32h)
  10,420,224/15,434,317 (4390/s, ETA 0.32h)
  10,436,608/15,434,317 (4388/s, ETA 0.32h)
  10,452,992/15,434,317 (4386/s, ETA 0.32h)
  10,469,376/15,434,317 (4385/s, ETA 0.31h)
  10,485,760/15,434,317 (4383/s, ETA 0.31h)
  10,502,144/15,434,317 (4380/s, ETA 0.31h)
  10,518,528/15,434,317 (4379/s, ETA 0.31h)
  10,534,912/15,434,317 (4379/s, ETA 0.31h)
  10,551,296/15,434,317 (4378/s, ETA 0.31h)
  10,567,680/15,434,317 (4378/s, ETA 0.31h)
  10,584,064/15,434,317 (4377/s, ETA 0.31h)
  10,600,448/15,434,317 (4377/s, ETA 0.31h)
  10,616,832/15,434,317 (4377/s, ETA 0.31h)
  10,633,216/15,434,317 (4380/s, ETA 0.30h)
  10,649,600/15,434,317 (4384/s, ETA 0.30h)
  10,665,984/15,434,317 (4387/s, ETA 0.30h)
  10,682,368/15,434,317 (4390/s, ETA 0.30h)
  10,698,752/15,434,317 (4393/s, ETA 0.30h)
  10,715,136/15,434,317 (4394/s, ETA 0.30h)
  10,731,520/15,434,317 (4393/s, ETA 0.30h)
  10,747,904/15,434,317 (4392/s, ETA 0.30h)
  10,764,288/15,434,317 (4391/s, ETA 0.30h)
  10,780,672/15,434,317 (4389/s, ETA 0.29h)
  10,797,056/15,434,317 (4388/s, ETA 0.29h)
  10,813,440/15,434,317 (4386/s, ETA 0.29h)
  10,829,824/15,434,317 (4383/s, ETA 0.29h)
  10,846,208/15,434,317 (4380/s, ETA 0.29h)
  10,862,592/15,434,317 (4377/s, ETA 0.29h)
  10,878,976/15,434,317 (4374/s, ETA 0.29h)
  10,895,360/15,434,317 (4371/s, ETA 0.29h)
  10,911,744/15,434,317 (4370/s, ETA 0.29h)
  10,928,128/15,434,317 (4373/s, ETA 0.29h)
  10,944,512/15,434,317 (4376/s, ETA 0.29h)
  10,960,896/15,434,317 (4378/s, ETA 0.28h)
  10,977,280/15,434,317 (4380/s, ETA 0.28h)
  10,993,664/15,434,317 (4383/s, ETA 0.28h)
  11,010,048/15,434,317 (4384/s, ETA 0.28h)
  11,026,432/15,434,317 (4384/s, ETA 0.28h)
  11,042,816/15,434,317 (4384/s, ETA 0.28h)
  11,059,200/15,434,317 (4384/s, ETA 0.28h)
  11,075,584/15,434,317 (4383/s, ETA 0.28h)
  11,091,968/15,434,317 (4383/s, ETA 0.28h)
  11,108,352/15,434,317 (4385/s, ETA 0.27h)
  11,124,736/15,434,317 (4388/s, ETA 0.27h)
  11,141,120/15,434,317 (4390/s, ETA 0.27h)
  11,157,504/15,434,317 (4393/s, ETA 0.27h)
  11,173,888/15,434,317 (4395/s, ETA 0.27h)
  11,190,272/15,434,317 (4398/s, ETA 0.27h)
  11,206,656/15,434,317 (4395/s, ETA 0.27h)
  11,223,040/15,434,317 (4391/s, ETA 0.27h)
  11,239,424/15,434,317 (4388/s, ETA 0.27h)
  11,255,808/15,434,317 (4384/s, ETA 0.26h)
  11,272,192/15,434,317 (4381/s, ETA 0.26h)
  11,288,576/15,434,317 (4378/s, ETA 0.26h)
  11,304,960/15,434,317 (4378/s, ETA 0.26h)
  11,321,344/15,434,317 (4377/s, ETA 0.26h)
  11,337,728/15,434,317 (4377/s, ETA 0.26h)
  11,354,112/15,434,317 (4377/s, ETA 0.26h)
  11,370,496/15,434,317 (4377/s, ETA 0.26h)
  11,386,880/15,434,317 (4376/s, ETA 0.26h)
  11,403,264/15,434,317 (4375/s, ETA 0.26h)
  11,419,648/15,434,317 (4374/s, ETA 0.25h)
  11,436,032/15,434,317 (4373/s, ETA 0.25h)
  11,452,416/15,434,317 (4372/s, ETA 0.25h)
  11,468,800/15,434,317 (4371/s, ETA 0.25h)
  11,485,184/15,434,317 (4370/s, ETA 0.25h)
  11,501,568/15,434,317 (4369/s, ETA 0.25h)
  11,517,952/15,434,317 (4368/s, ETA 0.25h)
  11,534,336/15,434,317 (4367/s, ETA 0.25h)
  11,550,720/15,434,317 (4365/s, ETA 0.25h)
  11,567,104/15,434,317 (4364/s, ETA 0.25h)
  11,583,488/15,434,317 (4365/s, ETA 0.25h)
  11,599,872/15,434,317 (4368/s, ETA 0.24h)
  11,616,256/15,434,317 (4371/s, ETA 0.24h)
  11,632,640/15,434,317 (4374/s, ETA 0.24h)
  11,649,024/15,434,317 (4377/s, ETA 0.24h)
  11,665,408/15,434,317 (4380/s, ETA 0.24h)
  11,681,792/15,434,317 (4382/s, ETA 0.24h)
  11,698,176/15,434,317 (4385/s, ETA 0.24h)
  11,714,560/15,434,317 (4387/s, ETA 0.24h)
  11,730,944/15,434,317 (4390/s, ETA 0.23h)
  11,747,328/15,434,317 (4392/s, ETA 0.23h)
  11,763,712/15,434,317 (4394/s, ETA 0.23h)
  11,780,096/15,434,317 (4394/s, ETA 0.23h)
  11,796,480/15,434,317 (4392/s, ETA 0.23h)
  11,812,864/15,434,317 (4390/s, ETA 0.23h)
  11,829,248/15,434,317 (4387/s, ETA 0.23h)
  11,845,632/15,434,317 (4386/s, ETA 0.23h)
  11,862,016/15,434,317 (4384/s, ETA 0.23h)
  11,878,400/15,434,317 (4382/s, ETA 0.23h)
  11,894,784/15,434,317 (4381/s, ETA 0.22h)
  11,911,168/15,434,317 (4379/s, ETA 0.22h)
  11,927,552/15,434,317 (4378/s, ETA 0.22h)
  11,943,936/15,434,317 (4377/s, ETA 0.22h)
  11,960,320/15,434,317 (4375/s, ETA 0.22h)
  11,976,704/15,434,317 (4375/s, ETA 0.22h)
  11,993,088/15,434,317 (4374/s, ETA 0.22h)
  12,009,472/15,434,317 (4374/s, ETA 0.22h)
  12,025,856/15,434,317 (4374/s, ETA 0.22h)
  12,042,240/15,434,317 (4374/s, ETA 0.22h)
  12,058,624/15,434,317 (4374/s, ETA 0.21h)
  12,075,008/15,434,317 (4375/s, ETA 0.21h)
  12,091,392/15,434,317 (4377/s, ETA 0.21h)
  12,107,776/15,434,317 (4379/s, ETA 0.21h)
  12,124,160/15,434,317 (4380/s, ETA 0.21h)
  12,140,544/15,434,317 (4383/s, ETA 0.21h)
  12,156,928/15,434,317 (4384/s, ETA 0.21h)
  12,173,312/15,434,317 (4383/s, ETA 0.21h)
  12,189,696/15,434,317 (4380/s, ETA 0.21h)
  12,206,080/15,434,317 (4377/s, ETA 0.20h)
  12,222,464/15,434,317 (4374/s, ETA 0.20h)
  12,238,848/15,434,317 (4371/s, ETA 0.20h)
  12,255,232/15,434,317 (4368/s, ETA 0.20h)
  12,271,616/15,434,317 (4369/s, ETA 0.20h)
  12,288,000/15,434,317 (4369/s, ETA 0.20h)
  12,304,384/15,434,317 (4369/s, ETA 0.20h)
  12,320,768/15,434,317 (4370/s, ETA 0.20h)
  12,337,152/15,434,317 (4370/s, ETA 0.20h)
  12,353,536/15,434,317 (4370/s, ETA 0.20h)
  12,369,920/15,434,317 (4369/s, ETA 0.19h)
  12,386,304/15,434,317 (4368/s, ETA 0.19h)
  12,402,688/15,434,317 (4366/s, ETA 0.19h)
  12,419,072/15,434,317 (4365/s, ETA 0.19h)
  12,435,456/15,434,317 (4364/s, ETA 0.19h)
  12,451,840/15,434,317 (4363/s, ETA 0.19h)
  12,468,224/15,434,317 (4362/s, ETA 0.19h)
  12,484,608/15,434,317 (4362/s, ETA 0.19h)
  12,500,992/15,434,317 (4360/s, ETA 0.19h)
  12,517,376/15,434,317 (4360/s, ETA 0.19h)
  12,533,760/15,434,317 (4359/s, ETA 0.18h)
  12,550,144/15,434,317 (4360/s, ETA 0.18h)
  12,566,528/15,434,317 (4362/s, ETA 0.18h)
  12,582,912/15,434,317 (4365/s, ETA 0.18h)
  12,599,296/15,434,317 (4368/s, ETA 0.18h)
  12,615,680/15,434,317 (4370/s, ETA 0.18h)
  12,632,064/15,434,317 (4373/s, ETA 0.18h)
  12,648,448/15,434,317 (4376/s, ETA 0.18h)
  12,664,832/15,434,317 (4378/s, ETA 0.18h)
  12,681,216/15,434,317 (4380/s, ETA 0.17h)
  12,697,600/15,434,317 (4382/s, ETA 0.17h)
  12,713,984/15,434,317 (4384/s, ETA 0.17h)
  12,730,368/15,434,317 (4386/s, ETA 0.17h)
  12,746,752/15,434,317 (4386/s, ETA 0.17h)
  12,763,136/15,434,317 (4384/s, ETA 0.17h)
  12,779,520/15,434,317 (4382/s, ETA 0.17h)
  12,795,904/15,434,317 (4379/s, ETA 0.17h)
  12,812,288/15,434,317 (4378/s, ETA 0.17h)
  12,828,672/15,434,317 (4375/s, ETA 0.17h)
  12,845,056/15,434,317 (4374/s, ETA 0.16h)
  12,861,440/15,434,317 (4373/s, ETA 0.16h)
  12,877,824/15,434,317 (4372/s, ETA 0.16h)
  12,894,208/15,434,317 (4370/s, ETA 0.16h)
  12,910,592/15,434,317 (4369/s, ETA 0.16h)
  12,926,976/15,434,317 (4368/s, ETA 0.16h)
  12,943,360/15,434,317 (4368/s, ETA 0.16h)
  12,959,744/15,434,317 (4367/s, ETA 0.16h)
  12,976,128/15,434,317 (4367/s, ETA 0.16h)
  12,992,512/15,434,317 (4367/s, ETA 0.16h)
  13,008,896/15,434,317 (4367/s, ETA 0.15h)
  13,025,280/15,434,317 (4367/s, ETA 0.15h)
  13,041,664/15,434,317 (4368/s, ETA 0.15h)
  13,058,048/15,434,317 (4370/s, ETA 0.15h)
  13,074,432/15,434,317 (4372/s, ETA 0.15h)
  13,090,816/15,434,317 (4374/s, ETA 0.15h)
  13,107,200/15,434,317 (4376/s, ETA 0.15h)
  13,123,584/15,434,317 (4378/s, ETA 0.15h)
  13,139,968/15,434,317 (4378/s, ETA 0.15h)
  13,156,352/15,434,317 (4378/s, ETA 0.14h)
  13,172,736/15,434,317 (4379/s, ETA 0.14h)
  13,189,120/15,434,317 (4379/s, ETA 0.14h)
  13,205,504/15,434,317 (4380/s, ETA 0.14h)
  13,221,888/15,434,317 (4379/s, ETA 0.14h)
  13,238,272/15,434,317 (4377/s, ETA 0.14h)
  13,254,656/15,434,317 (4374/s, ETA 0.14h)
  13,271,040/15,434,317 (4372/s, ETA 0.14h)
  13,287,424/15,434,317 (4370/s, ETA 0.14h)
  13,303,808/15,434,317 (4367/s, ETA 0.14h)
  13,320,192/15,434,317 (4365/s, ETA 0.13h)
  13,336,576/15,434,317 (4364/s, ETA 0.13h)
  13,352,960/15,434,317 (4363/s, ETA 0.13h)
  13,369,344/15,434,317 (4361/s, ETA 0.13h)
  13,385,728/15,434,317 (4360/s, ETA 0.13h)
  13,402,112/15,434,317 (4358/s, ETA 0.13h)
  13,418,496/15,434,317 (4358/s, ETA 0.13h)
  13,434,880/15,434,317 (4357/s, ETA 0.13h)
  13,451,264/15,434,317 (4357/s, ETA 0.13h)
  13,467,648/15,434,317 (4356/s, ETA 0.13h)
  13,484,032/15,434,317 (4356/s, ETA 0.12h)
  13,500,416/15,434,317 (4355/s, ETA 0.12h)
  13,516,800/15,434,317 (4357/s, ETA 0.12h)
  13,533,184/15,434,317 (4359/s, ETA 0.12h)
  13,549,568/15,434,317 (4362/s, ETA 0.12h)
  13,565,952/15,434,317 (4364/s, ETA 0.12h)
  13,582,336/15,434,317 (4367/s, ETA 0.12h)
  13,598,720/15,434,317 (4369/s, ETA 0.12h)
  13,615,104/15,434,317 (4371/s, ETA 0.12h)
  13,631,488/15,434,317 (4373/s, ETA 0.11h)
  13,647,872/15,434,317 (4375/s, ETA 0.11h)
  13,664,256/15,434,317 (4377/s, ETA 0.11h)
  13,680,640/15,434,317 (4379/s, ETA 0.11h)
  13,697,024/15,434,317 (4381/s, ETA 0.11h)
  13,713,408/15,434,317 (4379/s, ETA 0.11h)
  13,729,792/15,434,317 (4376/s, ETA 0.11h)
  13,746,176/15,434,317 (4375/s, ETA 0.11h)
  13,762,560/15,434,317 (4373/s, ETA 0.11h)
  13,778,944/15,434,317 (4371/s, ETA 0.11h)
  13,795,328/15,434,317 (4369/s, ETA 0.10h)
  13,811,712/15,434,317 (4368/s, ETA 0.10h)
  13,828,096/15,434,317 (4367/s, ETA 0.10h)
  13,844,480/15,434,317 (4366/s, ETA 0.10h)
  13,860,864/15,434,317 (4365/s, ETA 0.10h)
  13,877,248/15,434,317 (4364/s, ETA 0.10h)
  13,893,632/15,434,317 (4363/s, ETA 0.10h)
  13,910,016/15,434,317 (4364/s, ETA 0.10h)
  13,926,400/15,434,317 (4363/s, ETA 0.10h)
  13,942,784/15,434,317 (4363/s, ETA 0.09h)
  13,959,168/15,434,317 (4363/s, ETA 0.09h)
  13,975,552/15,434,317 (4363/s, ETA 0.09h)
  13,991,936/15,434,317 (4364/s, ETA 0.09h)
  14,008,320/15,434,317 (4365/s, ETA 0.09h)
  14,024,704/15,434,317 (4368/s, ETA 0.09h)
  14,041,088/15,434,317 (4369/s, ETA 0.09h)
  14,057,472/15,434,317 (4371/s, ETA 0.09h)
  14,073,856/15,434,317 (4373/s, ETA 0.09h)
  14,090,240/15,434,317 (4374/s, ETA 0.09h)
  14,106,624/15,434,317 (4371/s, ETA 0.08h)
  14,123,008/15,434,317 (4369/s, ETA 0.08h)
  14,139,392/15,434,317 (4367/s, ETA 0.08h)
  14,155,776/15,434,317 (4364/s, ETA 0.08h)
  14,172,160/15,434,317 (4362/s, ETA 0.08h)
  14,188,544/15,434,317 (4361/s, ETA 0.08h)
  14,204,928/15,434,317 (4361/s, ETA 0.08h)
  14,221,312/15,434,317 (4361/s, ETA 0.08h)
  14,237,696/15,434,317 (4361/s, ETA 0.08h)
  14,254,080/15,434,317 (4361/s, ETA 0.08h)
  14,270,464/15,434,317 (4361/s, ETA 0.07h)
  14,286,848/15,434,317 (4361/s, ETA 0.07h)
  14,303,232/15,434,317 (4359/s, ETA 0.07h)
  14,319,616/15,434,317 (4358/s, ETA 0.07h)
  14,336,000/15,434,317 (4356/s, ETA 0.07h)
  14,352,384/15,434,317 (4355/s, ETA 0.07h)
  14,368,768/15,434,317 (4354/s, ETA 0.07h)
  14,385,152/15,434,317 (4353/s, ETA 0.07h)
  14,401,536/15,434,317 (4353/s, ETA 0.07h)
  14,417,920/15,434,317 (4352/s, ETA 0.06h)
  14,434,304/15,434,317 (4352/s, ETA 0.06h)
  14,450,688/15,434,317 (4352/s, ETA 0.06h)
  14,467,072/15,434,317 (4352/s, ETA 0.06h)
  14,483,456/15,434,317 (4353/s, ETA 0.06h)
  14,499,840/15,434,317 (4356/s, ETA 0.06h)
  14,516,224/15,434,317 (4358/s, ETA 0.06h)
  14,532,608/15,434,317 (4360/s, ETA 0.06h)
  14,548,992/15,434,317 (4362/s, ETA 0.06h)
  14,565,376/15,434,317 (4365/s, ETA 0.06h)
  14,581,760/15,434,317 (4366/s, ETA 0.05h)
  14,598,144/15,434,317 (4368/s, ETA 0.05h)
  14,614,528/15,434,317 (4370/s, ETA 0.05h)
  14,630,912/15,434,317 (4372/s, ETA 0.05h)
  14,647,296/15,434,317 (4374/s, ETA 0.05h)
  14,663,680/15,434,317 (4376/s, ETA 0.05h)
  14,680,064/15,434,317 (4374/s, ETA 0.05h)
  14,696,448/15,434,317 (4372/s, ETA 0.05h)
  14,712,832/15,434,317 (4369/s, ETA 0.05h)
  14,729,216/15,434,317 (4367/s, ETA 0.04h)
  14,745,600/15,434,317 (4365/s, ETA 0.04h)
  14,761,984/15,434,317 (4362/s, ETA 0.04h)
  14,778,368/15,434,317 (4361/s, ETA 0.04h)
  14,794,752/15,434,317 (4360/s, ETA 0.04h)
  14,811,136/15,434,317 (4359/s, ETA 0.04h)
  14,827,520/15,434,317 (4358/s, ETA 0.04h)
  14,843,904/15,434,317 (4357/s, ETA 0.04h)
  14,860,288/15,434,317 (4356/s, ETA 0.04h)
  14,876,672/15,434,317 (4356/s, ETA 0.04h)
  14,893,056/15,434,317 (4356/s, ETA 0.03h)
  14,909,440/15,434,317 (4356/s, ETA 0.03h)
  14,925,824/15,434,317 (4356/s, ETA 0.03h)
  14,942,208/15,434,317 (4355/s, ETA 0.03h)
  14,958,592/15,434,317 (4356/s, ETA 0.03h)
  14,974,976/15,434,317 (4358/s, ETA 0.03h)
  14,991,360/15,434,317 (4359/s, ETA 0.03h)
  15,007,744/15,434,317 (4361/s, ETA 0.03h)
  15,024,128/15,434,317 (4363/s, ETA 0.03h)
  15,040,512/15,434,317 (4365/s, ETA 0.03h)
  15,056,896/15,434,317 (4365/s, ETA 0.02h)
  15,073,280/15,434,317 (4363/s, ETA 0.02h)
  15,089,664/15,434,317 (4360/s, ETA 0.02h)
  15,106,048/15,434,317 (4358/s, ETA 0.02h)
  15,122,432/15,434,317 (4355/s, ETA 0.02h)
  15,138,816/15,434,317 (4352/s, ETA 0.02h)
  15,155,200/15,434,317 (4351/s, ETA 0.02h)
  15,171,584/15,434,317 (4351/s, ETA 0.02h)
  15,187,968/15,434,317 (4350/s, ETA 0.02h)
  15,204,352/15,434,317 (4351/s, ETA 0.01h)
  15,220,736/15,434,317 (4350/s, ETA 0.01h)
  15,237,120/15,434,317 (4350/s, ETA 0.01h)
  15,253,504/15,434,317 (4349/s, ETA 0.01h)
  15,269,888/15,434,317 (4349/s, ETA 0.01h)
  15,286,272/15,434,317 (4348/s, ETA 0.01h)
  15,302,656/15,434,317 (4347/s, ETA 0.01h)
  15,319,040/15,434,317 (4347/s, ETA 0.01h)
  15,335,424/15,434,317 (4346/s, ETA 0.01h)
  15,351,808/15,434,317 (4345/s, ETA 0.01h)
  15,368,192/15,434,317 (4344/s, ETA 0.00h)
  15,384,576/15,434,317 (4343/s, ETA 0.00h)
  15,400,960/15,434,317 (4342/s, ETA 0.00h)
  15,417,344/15,434,317 (4341/s, ETA 0.00h)
  15,433,728/15,434,317 (4340/s, ETA 0.00h)
  15,434,317/15,434,317 (4340/s, ETA 0.00h)
Saving embeddings...
Done. ../../output/bert/paper_embeddings.npy  shape=(15434317, 768)  dtype=float16
