
  ___  ____  ____  ____  ____ ©
 /__    /   ____/   /   ____/      17.0
___/   /   /___/   /   /___/       BE—Basic Edition

 Statistics and Data Science       Copyright 1985-2021 StataCorp LLC
                                   StataCorp
                                   4905 Lakeway Drive
                                   College Station, Texas 77845 USA
                                   800-STATA-PC        https://www.stata.com
                                   979-696-4600        stata@stata.com

Stata license: 32-user network perpetual
Serial number: 501706311472
  Licensed to: Harvard Research Computing
               Cambridge MA

Notes:
      1. Stata is running in batch mode.
      2. Unicode is supported; see help unicode_advice.

. do /tmp/check_qty_2017.do 

. set more off

. use /n/home02/cxu75/sci_eq/derived/first_stage/make_mkt_panel/output/category
> _yr_tfidf.dta, clear

. di "=== Treated cat-year averages: log raw qty, qty, spend, price by year ===
> "
=== Treated cat-year averages: log raw qty, qty, spend, price by year ===

. preserve

. keep if treated == 1
(1,400 observations deleted)

. collapse (mean) avg_log_qty avg_log_price avg_log_spend log_raw_qty log_raw_s
> pend log_raw_price (sum) raw_qty raw_spend (count) n_cats=category, by(year)
string variable category not allowed with statistic count
r(109);

end of do-file
r(109);
