--- Starting Prediction Pipeline [Variant: umich_supplier] ---
  - Gatekeeper Model:    tfidf
  - Expert Model Choice:   tfidf
  - Data Source:         utaustin

Loading necessary models and categorizers...
  - Initializing TfidfItemCategorizer...
  - Loaded word feats: 84322, char feats: 265937, supplier feats: 2138, contrastive weights: yes
Initializing RuleBasedCategorizer with upgraded logic...
  - Loaded 923 market override rules.
  - Loaded 30 exact-match veto rules.
  - Loaded 2 hierarchical veto rules.

Found 1 file(s) to process.

--- Processing file: utaustin_2012_2019_standardized_clean.csv ---
  - Step 1: Running gatekeeper...
  - Gatekeeper identified 45269 potential lab items.
  - Step 2: Predicting markets with 'tfidf' expert (batched)...
  - Step 3: Applying prediction veto rules...
  - WARNING:Vetoed 844 expert predictions.
  - Step 4: Applying final market override rules...
  - 36576 unique description pairs among 62263 rows
  - Applied 31885 market override rules.
  - Step 5: Calculating final similarity scores for lab predictions...
  -  DEBUG: Category mismatch. Rule category 'instrument part - buffer dams' not found in expert model's category list.
  -  DEBUG: Category mismatch. Rule category 'irrelevant chemicals - solvents' not found in expert model's category list.
Prediction file saved to: /n/holylabs/pakes_lab/Lab/sci_eq/derived/process_foias/prdct_classification/output/umich_supplier/utaustin_2012_2019_standardized_clean_classified_with_tfidf.csv

--- All files processed. ---
