
  ___  ____  ____  ____  ____ ©
 /__    /   ____/   /   ____/      17.0
___/   /   /___/   /   /___/       MP—Parallel Edition

 Statistics and Data Science       Copyright 1985-2021 StataCorp LLC
                                   StataCorp
                                   4905 Lakeway Drive
                                   College Station, Texas 77845 USA
                                   800-STATA-PC        https://www.stata.com
                                   979-696-4600        stata@stata.com

Stata license: 32-user 64-core network perpetual
Serial number: 501706311472
  Licensed to: Harvard Research Computing
               Cambridge MA

Notes:
      1. Stata is running in batch mode.
      2. Unicode is supported; see help unicode_advice.
      3. More than 2 billion observations are allowed; see help obs_advice.
      4. Maximum number of variables is set to 120,000; see help set_maxvar.

. do /tmp/denom.do 

. use output/cleaned_merged_fois, clear

. keep if year <= 2013
(160,964 observations deleted)

. keep if keep == 1
(15,234 observations deleted)

. qui sum spend

. local total = r(sum)

. * small-spend rows are often noise
. gen pricecut = (price < 1)

. gen tinyqty = (qty == 0)

. qui sum spend if pricecut == 1

. di "rows with price<1: spend=" r(sum) "  N=" r(N)
rows with price<1: spend=8982.9599  N=1433

. qui sum spend if tinyqty == 1

. di "rows with qty==0: spend=" r(sum) "  N=" r(N)
rows with qty==0: spend=0  N=0

. 
. * Expert Model with sim 0.10-0.20: borderline kept
. qui sum spend if prediction_source == "Expert Model" & similarity_score < 0.2
> 0 & similarity_score > 0.10

. di "Expert Model 0.10<sim<0.20 (currently KEPT): spend=" r(sum) "  N=" r(N)
Expert Model 0.10<sim<0.20 (currently KEPT): spend=74759.04  N=1098

. 
. * Market Rules with very low precision (the precision floor is 0.10)
. qui sum spend if precision < 0.20 & !mi(precision)

. di "precision < 0.20 (currently kept): spend=" r(sum) "  N=" r(N)
precision < 0.20 (currently kept): spend=0  N=0

. 
. * low-support categories
. qui sum spend if support < 10 & !mi(support)

. di "support < 10: spend=" r(sum) "  N=" r(N)
support < 10: spend=0  N=0

. 
. * Market Rules with sim 0.05-0.10: between current floor (0.05) and Expert Mo
> del floor (0.10)
. qui sum spend if prediction_source == "Market Rules" & similarity_score >= 0.
> 05 & similarity_score < 0.10

. di "Market Rules 0.05<=sim<0.10 (currently KEPT): spend=" r(sum) "  N=" r(N)
Market Rules 0.05<=sim<0.10 (currently KEPT): spend=91696.6  N=1853

. 
. * spend buckets by row size
. foreach lo in 0 1 2 5 10 {
  2.     foreach hi in 1 2 5 10 25 100 {
  3.         qui sum spend if spend >= `lo' & spend < `hi'
  4.         if r(N) > 0 di "  spend in [`lo', `hi'): " r(sum) "   N=" r(N)
  5.     }
  6. }
  spend in [0, 1): .05   N=4
  spend in [0, 2): 43.8   N=39
  spend in [0, 5): 9609.1999   N=2342
  spend in [0, 10): 56186.47   N=9662
  spend in [0, 25): 126210.05   N=14180
  spend in [0, 100): 1018717.1   N=28695
  spend in [1, 2): 43.75   N=35
  spend in [1, 5): 9609.1499   N=2338
  spend in [1, 10): 56186.42   N=9658
  spend in [1, 25): 126210   N=14176
  spend in [1, 100): 1018717.1   N=28691
  spend in [2, 5): 9565.3999   N=2303
  spend in [2, 10): 56142.67   N=9623
  spend in [2, 25): 126166.25   N=14141
  spend in [2, 100): 1018673.3   N=28656
  spend in [5, 10): 46577.27   N=7320
  spend in [5, 25): 116600.85   N=11838
  spend in [5, 100): 1009107.9   N=26353
  spend in [10, 25): 70023.582   N=4518
  spend in [10, 100): 962530.66   N=19033

. 
end of do-file
