
  ___  ____  ____  ____  ____ ©
 /__    /   ____/   /   ____/      17.0
___/   /   /___/   /   /___/       MP—Parallel Edition

 Statistics and Data Science       Copyright 1985-2021 StataCorp LLC
                                   StataCorp
                                   4905 Lakeway Drive
                                   College Station, Texas 77845 USA
                                   800-STATA-PC        https://www.stata.com
                                   979-696-4600        stata@stata.com

Stata license: 32-user 64-core network perpetual
Serial number: 501706311472
  Licensed to: Harvard Research Computing
               Cambridge MA

Notes:
      1. Stata is running in batch mode.
      2. Unicode is supported; see help unicode_advice.
      3. More than 2 billion observations are allowed; see help obs_advice.
      4. Maximum number of variables is set to 120,000; see help set_maxvar.

. do /tmp/diag.do 

. set more off

. * run gen_exposure logic up to where exposure is computed
. use output/cleaned_merged_fois, clear

. keep if year <= 2013
(160,964 observations deleted)

. keep if keep == 1
(15,234 observations deleted)

. merge m:1 athr_id using output/foia_athrs_with_clusters_10, assert(1 2 3) kee
> p(3) nogen

    Result                      Number of obs
    -----------------------------------------
    Not matched                             0
    Matched                            47,290  
    -----------------------------------------

. gcollapse (sum) spend (mean) treated cluster_label, by(athr_id category)

. bys athr_id: egen tot_lab_spend = total(spend)

. gen lab_spend_shr = spend / tot_lab_spend
(12 missing values generated)

. merge m:1 category using external/betas/did_coefs, assert(1 2 3) keep(1 3)

    Result                      Number of obs
    -----------------------------------------
    Not matched                         6,154
        from master                     6,154  (_merge==1)
        from using                          0  (_merge==2)

    Matched                             1,155  (_merge==3)
    -----------------------------------------

. rename _merge has_beta

. replace has_beta = 0 if has_beta == 1
(6,154 real changes made)

. replace has_beta = 1 if has_beta == 3
(1,155 real changes made)

. 
. qui sum spend

. local total_spend = r(sum)

. qui sum spend if has_beta == 1

. local beta_spend = r(sum)

. di "TOTAL pre-2014 keep==1 spend: " `total_spend'
TOTAL pre-2014 keep==1 spend: 5393509.2

. di "    of which has_beta==1 spend: " `beta_spend' "  (" string(`beta_spend'/
> `total_spend'*100) "%)"
    of which has_beta==1 spend: 1019241.8  (18.89756%)

. di "    has_beta==0 spend: " `total_spend' - `beta_spend'
    has_beta==0 spend: 4374267.4

. 
. * per-author share with beta
. preserve

. gen beta_spend = spend if has_beta == 1
(6,154 missing values generated)

. gcollapse (sum) spend beta_spend, by(athr_id)

. gen shr_with_beta = beta_spend / spend
(6 missing values generated)

. sum shr_with_beta, d

                        shr_with_beta
-------------------------------------------------------------
      Percentiles      Smallest
 1%            0              0
 5%            0              0
10%            0              0       Obs                 239
25%     .0270345              0       Sum of wgt.         239

50%     .1362836                      Mean           .1803375
                        Largest       Std. dev.      .1916092
75%      .265489              1
90%       .43768              1       Variance       .0367141
95%     .4972313              1       Skewness       1.769801
99%            1              1       Kurtosis       7.281767

. restore

. 
. * which categories have biggest non-matched spend? (no beta, but kept)
. preserve

. keep if has_beta == 0
(1,155 observations deleted)

. gcollapse (sum) spend, by(category)

. gsort -spend

. di "TOP 30 categories with NO beta (could potentially merge to existing betas
>  or warrant new betas):"
TOP 30 categories with NO beta (could potentially merge to existing betas or wa
> rrant new betas):

. list category spend in 1/30, sep(0) noobs ab(50)

  +-----------------------------------------------------+
  |                                 category      spend |
  |-----------------------------------------------------|
  |                       primary antibodies   773687.1 |
  |                             pipette tips   507442.5 |
  |                     serological pipettes     309239 |
  |                      cell culture dishes   173515.8 |
  |                    microcentrifuge tubes     150725 |
  |                      cell culture plates   132817.7 |
  |                             latex gloves   128114.1 |
  |                     secondary antibodies   122231.9 |
  |                       bottle top filters   118502.3 |
  | synthetic dna oligonucleotide - desalted   117236.8 |
  |                      cell culture flasks   108214.8 |
  |                             petri dishes   101956.1 |
  |                           nitrile gloves   99862.31 |
  |                          syringe filters   96556.45 |
  |                                    vials   91026.76 |
  |      centrifugal ultrafiltration devices   85584.49 |
  |                               xray films   85134.76 |
  |                                 syringes   72302.77 |
  |                        microscope slides   57107.65 |
  |                                 cuvettes   52421.67 |
  |                                  agarose   44043.14 |
  |                                cryovials   43779.88 |
  |                               coverslips   40482.25 |
  |                     bovine serum albumin   37324.05 |
  |                              collagenase   35499.64 |
  |               dehydrated bacterial broth   34306.02 |
  |                                  ethanol   33966.99 |
  |                            cell scrapers   29408.97 |
  |                                 methanol   28836.16 |
  |                      disposable pipettes   26242.74 |
  +-----------------------------------------------------+

. restore

. 
. * how many betas are in did_coefs total?
. use external/betas/did_coefs, clear

. qui count

. di "Betas in did_coefs: " r(N)
Betas in did_coefs: 47

. sum b, d

                              b
-------------------------------------------------------------
      Percentiles      Smallest
 1%    -.3956295      -.3956295
 5%     -.148911      -.1547124
10%    -.1325086       -.148911       Obs                  47
25%    -.0562947      -.1346296       Sum of wgt.          47

50%     .0639029                      Mean           .0569441
                        Largest       Std. dev.      .1627244
75%     .1142471       .3347266
90%     .3208254       .3375783       Variance       .0264792
95%     .3375783       .3616748       Skewness       .3852616
99%     .5452346       .5452346       Kurtosis       4.323148

. 
end of do-file
