
  ___  ____  ____  ____  ____ ©
 /__    /   ____/   /   ____/      17.0
___/   /   /___/   /   /___/       MP—Parallel Edition

 Statistics and Data Science       Copyright 1985-2021 StataCorp LLC
                                   StataCorp
                                   4905 Lakeway Drive
                                   College Station, Texas 77845 USA
                                   800-STATA-PC        https://www.stata.com
                                   979-696-4600        stata@stata.com

Stata license: 32-user 64-core network perpetual
Serial number: 501706311472
  Licensed to: Harvard Research Computing
               Cambridge MA

Notes:
      1. Stata is running in batch mode.
      2. Unicode is supported; see help unicode_advice.
      3. More than 2 billion observations are allowed; see help obs_advice.
      4. Maximum number of variables is set to 120,000; see help set_maxvar.

. do /tmp/diag2.do 

. set more off

. use external/betas/did_coefs, clear

. list, sep(0) noobs ab(50)

  +---------------------------------------------------------------------------+
  |                      b              |                    se               |
  |              -.3956295              |              .0421587               |
  |---------------------------------------------------------------------------|
  |                                                  category | simulated_hhi |
  |                                           synthetic shrna |      1.438067 |
  |---------------------------------------------------------------------------|
  | treated  | delta_hhi  | tot_cnt  | spend_2013  |        lb  |         ub  |
  |       1  | -266.5604  |     435  |   224644.8  | -.4782605  |  -.3129984  |
  +---------------------------------------------------------------------------+

  +---------------------------------------------------------------------------+
  |                      b              |                    se               |
  |              -.1547124              |              .0272927               |
  |---------------------------------------------------------------------------|
  |                                                  category | simulated_hhi |
  |                                     unstained dna ladders |      1364.025 |
  |---------------------------------------------------------------------------|
  | treated  | delta_hhi  | tot_cnt  | spend_2013  |        lb  |         ub  |
  |       1  |  1886.849  |    2971  |   723926.4  |  -.208206  |  -.1012187  |
  +---------------------------------------------------------------------------+

  +---------------------------------------------------------------------------+
  |                      b              |                    se               |
  |               -.148911              |               .066092               |
  |---------------------------------------------------------------------------|
  |                                                  category | simulated_hhi |
  |                                    pre amplification kits |             . |
  |---------------------------------------------------------------------------|
  | treated  | delta_hhi  | tot_cnt  | spend_2013  |        lb  |         ub  |
  |       1  | -2300.862  |      51  |   100979.7  | -.2784513  |  -.0193707  |
  +---------------------------------------------------------------------------+

  +---------------------------------------------------------------------------+
  |                      b              |                    se               |
  |              -.1346296              |              .0486233               |
  |---------------------------------------------------------------------------|
  |                                                  category | simulated_hhi |
  | nucleic acid modifying enzymes - t4 polynucleotide kinase |      19.30589 |
  |---------------------------------------------------------------------------|
  | treated  | delta_hhi  | tot_cnt  | spend_2013  |        lb  |         ub  |
  |       1  | -384.8243  |     291  |    84262.5  | -.2299312  |  -.0393279  |
  +---------------------------------------------------------------------------+

  +---------------------------------------------------------------------------+
  |                      b              |                    se               |
  |              -.1325086              |              .0235366               |
  |---------------------------------------------------------------------------|
  |                                                  category | simulated_hhi |
  |                                         pre-cast tbe gels |      1226.747 |
  |---------------------------------------------------------------------------|
  | treated  | delta_hhi  | tot_cnt  | spend_2013  |        lb  |         ub  |
  |       1  |  2737.236  |     377  |     105280  | -.1786403  |  -.0863769  |
  +---------------------------------------------------------------------------+

  +---------------------------------------------------------------------------+
  |                      b              |                    se               |
  |              -.1051974              |              .0473533               |
  |---------------------------------------------------------------------------|
  |                                                  category | simulated_hhi |
  |                                                 dmem-f-12 |      4209.604 |
  |---------------------------------------------------------------------------|
  | treated  | delta_hhi  | tot_cnt  | spend_2013  |        lb  |         ub  |
  |       1  |  4397.515  |     893  |   224496.5  | -.1980099  |  -.0123848  |
  +---------------------------------------------------------------------------+

  +---------------------------------------------------------------------------+
  |                      b              |                    se               |
  |              -.0940758              |              .0316023               |
  |---------------------------------------------------------------------------|
  |                                                  category | simulated_hhi |
  |                    phosphate-buffered saline (pbs) buffer |      1746.752 |
  |---------------------------------------------------------------------------|
  | treated  | delta_hhi  | tot_cnt  | spend_2013  |        lb  |         ub  |
  |       1  |  2524.046  |    2930  |   551268.2  | -.1560163  |  -.0321352  |
  +---------------------------------------------------------------------------+

  +---------------------------------------------------------------------------+
  |                      b              |                    se               |
  |              -.0861504              |              .0232578               |
  |---------------------------------------------------------------------------|
  |                                                  category | simulated_hhi |
  |                                pre-cast tris-glycine gels |      61.03406 |
  |---------------------------------------------------------------------------|
  | treated  | delta_hhi  | tot_cnt  | spend_2013  |        lb  |         ub  |
  |       1  |  1324.906  |    1627  |   478063.7  | -.1317357  |  -.0405651  |
  +---------------------------------------------------------------------------+

  +---------------------------------------------------------------------------+
  |                      b              |                    se               |
  |              -.0755864              |              .0483923               |
  |---------------------------------------------------------------------------|
  |                                                  category | simulated_hhi |
  |                         column-based dna plasmid midiprep |      71.54335 |
  |---------------------------------------------------------------------------|
  | treated  | delta_hhi  | tot_cnt  | spend_2013  |        lb  |         ub  |
  |       1  | -809.4611  |     504  |     298368  | -.1704354  |   .0192625  |
  +---------------------------------------------------------------------------+

  +---------------------------------------------------------------------------+
  |                      b              |                    se               |
  |              -.0731436              |              .0490094               |
  |---------------------------------------------------------------------------|
  |                                                  category | simulated_hhi |
  |                                           taq polymerases |      759.2326 |
  |---------------------------------------------------------------------------|
  | treated  | delta_hhi  | tot_cnt  | spend_2013  |        lb  |         ub  |
  |       1  |  1536.264  |    2283  |    1133136  |  -.169202  |   .0229149  |
  +---------------------------------------------------------------------------+

  +---------------------------------------------------------------------------+
  |                      b              |                    se               |
  |              -.0587695              |              .0457942               |
  |---------------------------------------------------------------------------|
  |                                                  category | simulated_hhi |
  |                                 rna stabilization reagent |      369.8358 |
  |---------------------------------------------------------------------------|
  | treated  | delta_hhi  | tot_cnt  | spend_2013  |        lb  |         ub  |
  |       1  |  214.3722  |     470  |   316770.3  | -.1485262  |   .0309871  |
  +---------------------------------------------------------------------------+

  +---------------------------------------------------------------------------+
  |                      b              |                    se               |
  |              -.0562947              |              .0553478               |
  |---------------------------------------------------------------------------|
  |                                                  category | simulated_hhi |
  |                                          rnase inhibitors |      2160.146 |
  |---------------------------------------------------------------------------|
  | treated  | delta_hhi  | tot_cnt  | spend_2013  |        lb  |         ub  |
  |       1  |  3583.452  |     785  |   353744.4  | -.1647763  |   .0521869  |
  +---------------------------------------------------------------------------+

  +---------------------------------------------------------------------------+
  |                      b              |                    se               |
  |              -.0547869              |              .0738551               |
  |---------------------------------------------------------------------------|
  |                                                  category | simulated_hhi |
  |                                           mops-sds buffer |             . |
  |---------------------------------------------------------------------------|
  | treated  | delta_hhi  | tot_cnt  | spend_2013  |        lb  |         ub  |
  |       1  | -232.3871  |     149  |   29559.43  | -.1995429  |    .089969  |
  +---------------------------------------------------------------------------+

  +---------------------------------------------------------------------------+
  |                      b              |                    se               |
  |              -.0481501              |              .0202437               |
  |---------------------------------------------------------------------------|
  |                                                  category | simulated_hhi |
  |                                            mes-sds buffer |             . |
  |---------------------------------------------------------------------------|
  | treated  | delta_hhi  | tot_cnt  | spend_2013  |        lb  |         ub  |
  |       1  |  76.55654  |     207  |    56632.6  | -.0878277  |  -.0084725  |
  +---------------------------------------------------------------------------+

  +---------------------------------------------------------------------------+
  |                      b              |                    se               |
  |              -.0282467              |               .056863               |
  |---------------------------------------------------------------------------|
  |                                                  category | simulated_hhi |
  |                      column-based gel dna extraction kits |      26.91823 |
  |---------------------------------------------------------------------------|
  | treated  | delta_hhi  | tot_cnt  | spend_2013  |        lb  |         ub  |
  |       1  | -1344.918  |    1043  |   421044.3  | -.1396981  |   .0832048  |
  +---------------------------------------------------------------------------+

  +---------------------------------------------------------------------------+
  |                      b              |                    se               |
  |              -.0245896              |              .0343806               |
  |---------------------------------------------------------------------------|
  |                                                  category | simulated_hhi |
  |                                  pre-designed qpcr assays |             . |
  |---------------------------------------------------------------------------|
  | treated  | delta_hhi  | tot_cnt  | spend_2013  |        lb  |         ub  |
  |       1  |  768.6602  |    1965  |   698592.6  | -.0919756  |   .0427963  |
  +---------------------------------------------------------------------------+

  +---------------------------------------------------------------------------+
  |                      b              |                    se               |
  |              -.0143749              |              .0242505               |
  |---------------------------------------------------------------------------|
  |                                                  category | simulated_hhi |
  |                                     laemmli sample buffer |             . |
  |---------------------------------------------------------------------------|
  | treated  | delta_hhi  | tot_cnt  | spend_2013  |        lb  |         ub  |
  |       1  |  103.9837  |     365  |   21708.42  | -.0619059  |   .0331561  |
  +---------------------------------------------------------------------------+

  +---------------------------------------------------------------------------+
  |                      b              |                    se               |
  |               .0168783              |              .0304244               |
  |---------------------------------------------------------------------------|
  |                                                  category | simulated_hhi |
  |                                         lds sample buffer |      2238.759 |
  |---------------------------------------------------------------------------|
  | treated  | delta_hhi  | tot_cnt  | spend_2013  |        lb  |         ub  |
  |       1  |   1347.56  |     105  |    8665.28  | -.0427536  |   .0765102  |
  +---------------------------------------------------------------------------+

  +---------------------------------------------------------------------------+
  |                      b              |                    se               |
  |               .0184592              |              .0676704               |
  |---------------------------------------------------------------------------|
  |                                                  category | simulated_hhi |
  |                                    dye-based qpcr systems |      758.6051 |
  |---------------------------------------------------------------------------|
  | treated  | delta_hhi  | tot_cnt  | spend_2013  |        lb  |         ub  |
  |       1  |  802.2849  |    2578  |    3000502  | -.1141749  |   .1510932  |
  +---------------------------------------------------------------------------+

  +---------------------------------------------------------------------------+
  |                      b              |                    se               |
  |                .025892              |               .108254               |
  |---------------------------------------------------------------------------|
  |                                                  category | simulated_hhi |
  |                                          viability stains |      1313.178 |
  |---------------------------------------------------------------------------|
  | treated  | delta_hhi  | tot_cnt  | spend_2013  |        lb  |         ub  |
  |       1  |  1473.394  |    1189  |   354462.2  | -.1862859  |     .23807  |
  +---------------------------------------------------------------------------+

  +---------------------------------------------------------------------------+
  |                      b              |                    se               |
  |               .0265716              |              .1153268               |
  |---------------------------------------------------------------------------|
  |                                                  category | simulated_hhi |
  |                                   acrylamide-bis solution |      40.78727 |
  |---------------------------------------------------------------------------|
  | treated  | delta_hhi  | tot_cnt  | spend_2013  |        lb  |         ub  |
  |       1  |  765.3064  |    1238  |   261558.5  | -.1994689  |   .2526121  |
  +---------------------------------------------------------------------------+

  +---------------------------------------------------------------------------+
  |                      b              |                    se               |
  |               .0350862              |              .0171488               |
  |---------------------------------------------------------------------------|
  |                                                  category | simulated_hhi |
  |               hanks' balanced salt solution (hbss) buffer |      3383.527 |
  |---------------------------------------------------------------------------|
  | treated  | delta_hhi  | tot_cnt  | spend_2013  |        lb  |         ub  |
  |       1  |  2764.599  |     547  |   75819.73  |  .0014745  |   .0686979  |
  +---------------------------------------------------------------------------+

  +---------------------------------------------------------------------------+
  |                      b              |                    se               |
  |               .0601577              |               .057149               |
  |---------------------------------------------------------------------------|
  |                                                  category | simulated_hhi |
  |                                     hot start pcr systems |      2209.164 |
  |---------------------------------------------------------------------------|
  | treated  | delta_hhi  | tot_cnt  | spend_2013  |        lb  |         ub  |
  |       1  |  1173.656  |     704  |   523380.3  | -.0518544  |   .1721698  |
  +---------------------------------------------------------------------------+

  +---------------------------------------------------------------------------+
  |                      b              |                    se               |
  |               .0639029              |              .0208241               |
  |---------------------------------------------------------------------------|
  |                                                  category | simulated_hhi |
  |               pre-stained protein molecular-weight ladder |      876.9319 |
  |---------------------------------------------------------------------------|
  | treated  | delta_hhi  | tot_cnt  | spend_2013  |        lb  |         ub  |
  |       1  |  486.2073  |    2411  |   792462.3  |  .0230876  |   .1047182  |
  +---------------------------------------------------------------------------+

  +---------------------------------------------------------------------------+
  |                      b              |                    se               |
  |               .0647708              |              .0419552               |
  |---------------------------------------------------------------------------|
  |                                                  category | simulated_hhi |
  |                                chemically competent cells |      1596.128 |
  |---------------------------------------------------------------------------|
  | treated  | delta_hhi  | tot_cnt  | spend_2013  |        lb  |         ub  |
  |       1  |  670.9874  |    2216  |   950929.8  | -.0174614  |    .147003  |
  +---------------------------------------------------------------------------+

  +---------------------------------------------------------------------------+
  |                      b              |                    se               |
  |               .0832503              |              .0628528               |
  |---------------------------------------------------------------------------|
  |                                                  category | simulated_hhi |
  |                         column-based dna plasmid miniprep |      406.4825 |
  |---------------------------------------------------------------------------|
  | treated  | delta_hhi  | tot_cnt  | spend_2013  |        lb  |         ub  |
  |       1  |  764.1306  |    1689  |   800728.9  | -.0399412  |   .2064417  |
  +---------------------------------------------------------------------------+

  +---------------------------------------------------------------------------+
  |                      b              |                    se               |
  |               .0918764              |              .0334059               |
  |---------------------------------------------------------------------------|
  |                                                  category | simulated_hhi |
  |                                               horse serum |      964.0694 |
  |---------------------------------------------------------------------------|
  | treated  | delta_hhi  | tot_cnt  | spend_2013  |        lb  |         ub  |
  |       1  |  2544.019  |     219  |   51318.84  |  .0264008  |   .1573521  |
  +---------------------------------------------------------------------------+

  +---------------------------------------------------------------------------+
  |                      b              |                    se               |
  |               .0941231              |                .05432               |
  |---------------------------------------------------------------------------|
  |                                                  category | simulated_hhi |
  |                                   rapid dna ligation kits |      118.0144 |
  |---------------------------------------------------------------------------|
  | treated  | delta_hhi  | tot_cnt  | spend_2013  |        lb  |         ub  |
  |       1  |  2081.946  |     301  |   96182.72  | -.0123441  |   .2005903  |
  +---------------------------------------------------------------------------+

  +---------------------------------------------------------------------------+
  |                      b              |                    se               |
  |                .095609              |               .037986               |
  |---------------------------------------------------------------------------|
  |                                                  category | simulated_hhi |
  |                                                      dmem |      2942.354 |
  |---------------------------------------------------------------------------|
  | treated  | delta_hhi  | tot_cnt  | spend_2013  |        lb  |         ub  |
  |       1  |  3905.167  |    4469  |   841879.8  |  .0211565  |   .1700616  |
  +---------------------------------------------------------------------------+

  +---------------------------------------------------------------------------+
  |                      b              |                    se               |
  |               .0989047              |              .0517053               |
  |---------------------------------------------------------------------------|
  |                                                  category | simulated_hhi |
  |                               chemiluminescent substrates |      21.95119 |
  |---------------------------------------------------------------------------|
  | treated  | delta_hhi  | tot_cnt  | spend_2013  |        lb  |         ub  |
  |       1  |  3.739416  |    2000  |   899411.3  | -.0024378  |   .2002472  |
  +---------------------------------------------------------------------------+

  +---------------------------------------------------------------------------+
  |                      b              |                    se               |
  |               .1006109              |              .0144911               |
  |---------------------------------------------------------------------------|
  |                                                  category | simulated_hhi |
  |                                   nucleic acid gel stains |      1242.803 |
  |---------------------------------------------------------------------------|
  | treated  | delta_hhi  | tot_cnt  | spend_2013  |        lb  |         ub  |
  |       1  |  2021.391  |    2296  |   758911.3  |  .0722083  |   .1290136  |
  +---------------------------------------------------------------------------+

  +---------------------------------------------------------------------------+
  |                      b              |                    se               |
  |               .1021569              |              .0635969               |
  |---------------------------------------------------------------------------|
  |                                                  category | simulated_hhi |
  |                         column-based dna plasmid maxiprep |      25.43744 |
  |---------------------------------------------------------------------------|
  | treated  | delta_hhi  | tot_cnt  | spend_2013  |        lb  |         ub  |
  |       1  |  -1687.42  |     781  |   629200.3  | -.0224929  |   .2268068  |
  +---------------------------------------------------------------------------+

  +---------------------------------------------------------------------------+
  |                      b              |                    se               |
  |               .1023881              |              .0258934               |
  |---------------------------------------------------------------------------|
  |                                                  category | simulated_hhi |
  |                                           synthetic sirna |       792.296 |
  |---------------------------------------------------------------------------|
  | treated  | delta_hhi  | tot_cnt  | spend_2013  |        lb  |         ub  |
  |       1  |  677.8315  |    1216  |   744370.8  |  .0516371  |   .1531391  |
  +---------------------------------------------------------------------------+

  +---------------------------------------------------------------------------+
  |                      b              |                    se               |
  |               .1029168              |               .066398               |
  |---------------------------------------------------------------------------|
  |                                                  category | simulated_hhi |
  |           cell culture nutritional supplements - tryptone |             . |
  |---------------------------------------------------------------------------|
  | treated  | delta_hhi  | tot_cnt  | spend_2013  |        lb  |         ub  |
  |       1  | -509.4496  |     745  |   192804.3  | -.0272233  |   .2330568  |
  +---------------------------------------------------------------------------+

  +---------------------------------------------------------------------------+
  |                      b              |                    se               |
  |               .1114135              |              .0465628               |
  |---------------------------------------------------------------------------|
  |                                                  category | simulated_hhi |
  |        dulbecco's phosphate-buffered saline (dpbs) buffer |      1849.688 |
  |---------------------------------------------------------------------------|
  | treated  | delta_hhi  | tot_cnt  | spend_2013  |        lb  |         ub  |
  |       1  |  2162.928  |    1465  |   273663.6  |  .0201505  |   .2026766  |
  +---------------------------------------------------------------------------+

  +---------------------------------------------------------------------------+
  |                      b              |                    se               |
  |               .1142471              |              .0431227               |
  |---------------------------------------------------------------------------|
  |                                                  category | simulated_hhi |
  |                                                   dnase i |      560.1965 |
  |---------------------------------------------------------------------------|
  | treated  | delta_hhi  | tot_cnt  | spend_2013  |        lb  |         ub  |
  |       1  |   615.338  |    2031  |   454155.6  |  .0297266  |   .1987675  |
  +---------------------------------------------------------------------------+

  +---------------------------------------------------------------------------+
  |                      b              |                    se               |
  |               .1270902              |              .0310449               |
  |---------------------------------------------------------------------------|
  |                                                  category | simulated_hhi |
  |                         nitrocellulose blotting membranes |      279.2662 |
  |---------------------------------------------------------------------------|
  | treated  | delta_hhi  | tot_cnt  | spend_2013  |        lb  |         ub  |
  |       1  |  29.57963  |     589  |   268120.7  |  .0662422  |   .1879383  |
  +---------------------------------------------------------------------------+

  +---------------------------------------------------------------------------+
  |                      b              |                    se               |
  |               .1485031              |              .0432579               |
  |---------------------------------------------------------------------------|
  |                                                  category | simulated_hhi |
  |                              high-fidelity dna polymerase |      346.2836 |
  |---------------------------------------------------------------------------|
  | treated  | delta_hhi  | tot_cnt  | spend_2013  |        lb  |         ub  |
  |       1  |  1081.267  |    1516  |   689406.3  |  .0637175  |   .2332886  |
  +---------------------------------------------------------------------------+

  +---------------------------------------------------------------------------+
  |                      b              |                    se               |
  |               .1489992              |              .0609751               |
  |---------------------------------------------------------------------------|
  |                                                  category | simulated_hhi |
  |                                                      rpmi |      2862.539 |
  |---------------------------------------------------------------------------|
  | treated  | delta_hhi  | tot_cnt  | spend_2013  |        lb  |         ub  |
  |       1  |  3760.633  |    2834  |   561784.3  |  .0294879  |   .2685105  |
  +---------------------------------------------------------------------------+

  +---------------------------------------------------------------------------+
  |                      b              |                    se               |
  |               .1527122              |              .0941137               |
  |---------------------------------------------------------------------------|
  |                                                  category | simulated_hhi |
  |              cell culture nutritional supplements - yeast |      489.1038 |
  |---------------------------------------------------------------------------|
  | treated  | delta_hhi  | tot_cnt  | spend_2013  |        lb  |         ub  |
  |       1  | -349.7675  |     832  |   214126.8  | -.0317506  |   .3371749  |
  +---------------------------------------------------------------------------+

  +---------------------------------------------------------------------------+
  |                      b              |                    se               |
  |               .2158368              |              .0224423               |
  |---------------------------------------------------------------------------|
  |                                                  category | simulated_hhi |
  |                                   pvdf blotting membranes |             . |
  |---------------------------------------------------------------------------|
  | treated  | delta_hhi  | tot_cnt  | spend_2013  |        lb  |         ub  |
  |       1  | -304.1429  |    1093  |   620192.3  |  .1718498  |   .2598238  |
  +---------------------------------------------------------------------------+

  +---------------------------------------------------------------------------+
  |                      b              |                    se               |
  |               .2597333              |              .0383809               |
  |---------------------------------------------------------------------------|
  |                                                  category | simulated_hhi |
  |              column-based microbial dna purification kits |             . |
  |---------------------------------------------------------------------------|
  | treated  | delta_hhi  | tot_cnt  | spend_2013  |        lb  |         ub  |
  |       1  |  1684.649  |     381  |   549338.3  |  .1845068  |   .3349598  |
  +---------------------------------------------------------------------------+

  +---------------------------------------------------------------------------+
  |                      b              |                    se               |
  |               .3208254              |              .1749799               |
  |---------------------------------------------------------------------------|
  |                                                  category | simulated_hhi |
  |          nucleic acid modifying enzymes - klenow fragment |      566.6334 |
  |---------------------------------------------------------------------------|
  | treated  | delta_hhi  | tot_cnt  | spend_2013  |        lb  |         ub  |
  |       1  |  654.9703  |      76  |   19925.57  | -.0221352  |   .6637861  |
  +---------------------------------------------------------------------------+

  +---------------------------------------------------------------------------+
  |                      b              |                    se               |
  |               .3347266              |              .0553789               |
  |---------------------------------------------------------------------------|
  |                                                  category | simulated_hhi |
  |                                    pre-cast bis-tris gels |      150.6364 |
  |---------------------------------------------------------------------------|
  | treated  | delta_hhi  | tot_cnt  | spend_2013  |        lb  |         ub  |
  |       1  |  2944.023  |    1348  |   527842.1  |  .2261839  |   .4432692  |
  +---------------------------------------------------------------------------+

  +---------------------------------------------------------------------------+
  |                      b              |                    se               |
  |               .3375783              |              .0502874               |
  |---------------------------------------------------------------------------|
  |                                                  category | simulated_hhi |
  |                                pre-cast tris-tricine gels |             . |
  |---------------------------------------------------------------------------|
  | treated  | delta_hhi  | tot_cnt  | spend_2013  |        lb  |         ub  |
  |       1  |   2157.66  |      50  |    7909.23  |  .2390151  |   .4361415  |
  +---------------------------------------------------------------------------+

  +---------------------------------------------------------------------------+
  |                      b              |                    se               |
  |               .3616748              |              .1261761               |
  |---------------------------------------------------------------------------|
  |                                                  category | simulated_hhi |
  |                                 direct pcr lysis reagents |             . |
  |---------------------------------------------------------------------------|
  | treated  | delta_hhi  | tot_cnt  | spend_2013  |        lb  |         ub  |
  |       1  |  4224.849  |      58  |   59031.08  |  .1143697  |   .6089801  |
  +---------------------------------------------------------------------------+

  +---------------------------------------------------------------------------+
  |                      b              |                    se               |
  |               .5452346              |              .0278422               |
  |---------------------------------------------------------------------------|
  |                                                  category | simulated_hhi |
  |                                                    us fbs |      1398.234 |
  |---------------------------------------------------------------------------|
  | treated  | delta_hhi  | tot_cnt  | spend_2013  |        lb  |         ub  |
  |       1  |  1081.495  |    3278  |    5755703  |  .4906639  |   .5998052  |
  +---------------------------------------------------------------------------+

. 
end of do-file
