
  ___  ____  ____  ____  ____ ©
 /__    /   ____/   /   ____/      17.0
___/   /   /___/   /   /___/       MP—Parallel Edition

 Statistics and Data Science       Copyright 1985-2021 StataCorp LLC
                                   StataCorp
                                   4905 Lakeway Drive
                                   College Station, Texas 77845 USA
                                   800-STATA-PC        https://www.stata.com
                                   979-696-4600        stata@stata.com

Stata license: 32-user 64-core network perpetual
Serial number: 501706311472
  Licensed to: Harvard Research Computing
               Cambridge MA

Notes:
      1. Stata is running in batch mode.
      2. Unicode is supported; see help unicode_advice.
      3. More than 2 billion observations are allowed; see help obs_advice.
      4. Maximum number of variables is set to 120,000; see help set_maxvar.

. do /tmp/list_betas.do 

. set more off

. use external/betas/did_coefs, clear

. keep category b se

. sort category

. list, sep(0) noobs ab(60)

  +-----------------------------------------------------------+
  |                  b          |                se           |
  |           .0265716          |          .1153268           |
  |-----------------------------------------------------------|
  |                                                  category |
  |                                   acrylamide-bis solution |
  +-----------------------------------------------------------+

  +-----------------------------------------------------------+
  |                  b          |                se           |
  |           .1029168          |           .066398           |
  |-----------------------------------------------------------|
  |                                                  category |
  |           cell culture nutritional supplements - tryptone |
  +-----------------------------------------------------------+

  +-----------------------------------------------------------+
  |                  b          |                se           |
  |           .1527122          |          .0941137           |
  |-----------------------------------------------------------|
  |                                                  category |
  |              cell culture nutritional supplements - yeast |
  +-----------------------------------------------------------+

  +-----------------------------------------------------------+
  |                  b          |                se           |
  |           .0647708          |          .0419552           |
  |-----------------------------------------------------------|
  |                                                  category |
  |                                chemically competent cells |
  +-----------------------------------------------------------+

  +-----------------------------------------------------------+
  |                  b          |                se           |
  |           .0989047          |          .0517053           |
  |-----------------------------------------------------------|
  |                                                  category |
  |                               chemiluminescent substrates |
  +-----------------------------------------------------------+

  +-----------------------------------------------------------+
  |                  b          |                se           |
  |           .1021569          |          .0635969           |
  |-----------------------------------------------------------|
  |                                                  category |
  |                         column-based dna plasmid maxiprep |
  +-----------------------------------------------------------+

  +-----------------------------------------------------------+
  |                  b          |                se           |
  |          -.0755864          |          .0483923           |
  |-----------------------------------------------------------|
  |                                                  category |
  |                         column-based dna plasmid midiprep |
  +-----------------------------------------------------------+

  +-----------------------------------------------------------+
  |                  b          |                se           |
  |           .0832503          |          .0628528           |
  |-----------------------------------------------------------|
  |                                                  category |
  |                         column-based dna plasmid miniprep |
  +-----------------------------------------------------------+

  +-----------------------------------------------------------+
  |                  b          |                se           |
  |          -.0282467          |           .056863           |
  |-----------------------------------------------------------|
  |                                                  category |
  |                      column-based gel dna extraction kits |
  +-----------------------------------------------------------+

  +-----------------------------------------------------------+
  |                  b          |                se           |
  |           .2597333          |          .0383809           |
  |-----------------------------------------------------------|
  |                                                  category |
  |              column-based microbial dna purification kits |
  +-----------------------------------------------------------+

  +-----------------------------------------------------------+
  |                  b          |                se           |
  |           .3616748          |          .1261761           |
  |-----------------------------------------------------------|
  |                                                  category |
  |                                 direct pcr lysis reagents |
  +-----------------------------------------------------------+

  +-----------------------------------------------------------+
  |                  b          |                se           |
  |            .095609          |           .037986           |
  |-----------------------------------------------------------|
  |                                                  category |
  |                                                      dmem |
  +-----------------------------------------------------------+

  +-----------------------------------------------------------+
  |                  b          |                se           |
  |          -.1051974          |          .0473533           |
  |-----------------------------------------------------------|
  |                                                  category |
  |                                                 dmem-f-12 |
  +-----------------------------------------------------------+

  +-----------------------------------------------------------+
  |                  b          |                se           |
  |           .1142471          |          .0431227           |
  |-----------------------------------------------------------|
  |                                                  category |
  |                                                   dnase i |
  +-----------------------------------------------------------+

  +-----------------------------------------------------------+
  |                  b          |                se           |
  |           .1114135          |          .0465628           |
  |-----------------------------------------------------------|
  |                                                  category |
  |        dulbecco's phosphate-buffered saline (dpbs) buffer |
  +-----------------------------------------------------------+

  +-----------------------------------------------------------+
  |                  b          |                se           |
  |           .0184592          |          .0676704           |
  |-----------------------------------------------------------|
  |                                                  category |
  |                                    dye-based qpcr systems |
  +-----------------------------------------------------------+

  +-----------------------------------------------------------+
  |                  b          |                se           |
  |           .0350862          |          .0171488           |
  |-----------------------------------------------------------|
  |                                                  category |
  |               hanks' balanced salt solution (hbss) buffer |
  +-----------------------------------------------------------+

  +-----------------------------------------------------------+
  |                  b          |                se           |
  |           .1485031          |          .0432579           |
  |-----------------------------------------------------------|
  |                                                  category |
  |                              high-fidelity dna polymerase |
  +-----------------------------------------------------------+

  +-----------------------------------------------------------+
  |                  b          |                se           |
  |           .0918764          |          .0334059           |
  |-----------------------------------------------------------|
  |                                                  category |
  |                                               horse serum |
  +-----------------------------------------------------------+

  +-----------------------------------------------------------+
  |                  b          |                se           |
  |           .0601577          |           .057149           |
  |-----------------------------------------------------------|
  |                                                  category |
  |                                     hot start pcr systems |
  +-----------------------------------------------------------+

  +-----------------------------------------------------------+
  |                  b          |                se           |
  |          -.0143749          |          .0242505           |
  |-----------------------------------------------------------|
  |                                                  category |
  |                                     laemmli sample buffer |
  +-----------------------------------------------------------+

  +-----------------------------------------------------------+
  |                  b          |                se           |
  |           .0168783          |          .0304244           |
  |-----------------------------------------------------------|
  |                                                  category |
  |                                         lds sample buffer |
  +-----------------------------------------------------------+

  +-----------------------------------------------------------+
  |                  b          |                se           |
  |          -.0481501          |          .0202437           |
  |-----------------------------------------------------------|
  |                                                  category |
  |                                            mes-sds buffer |
  +-----------------------------------------------------------+

  +-----------------------------------------------------------+
  |                  b          |                se           |
  |          -.0547869          |          .0738551           |
  |-----------------------------------------------------------|
  |                                                  category |
  |                                           mops-sds buffer |
  +-----------------------------------------------------------+

  +-----------------------------------------------------------+
  |                  b          |                se           |
  |           .1270902          |          .0310449           |
  |-----------------------------------------------------------|
  |                                                  category |
  |                         nitrocellulose blotting membranes |
  +-----------------------------------------------------------+

  +-----------------------------------------------------------+
  |                  b          |                se           |
  |           .1006109          |          .0144911           |
  |-----------------------------------------------------------|
  |                                                  category |
  |                                   nucleic acid gel stains |
  +-----------------------------------------------------------+

  +-----------------------------------------------------------+
  |                  b          |                se           |
  |           .3208254          |          .1749799           |
  |-----------------------------------------------------------|
  |                                                  category |
  |          nucleic acid modifying enzymes - klenow fragment |
  +-----------------------------------------------------------+

  +-----------------------------------------------------------+
  |                  b          |                se           |
  |          -.1346296          |          .0486233           |
  |-----------------------------------------------------------|
  |                                                  category |
  | nucleic acid modifying enzymes - t4 polynucleotide kinase |
  +-----------------------------------------------------------+

  +-----------------------------------------------------------+
  |                  b          |                se           |
  |          -.0940758          |          .0316023           |
  |-----------------------------------------------------------|
  |                                                  category |
  |                    phosphate-buffered saline (pbs) buffer |
  +-----------------------------------------------------------+

  +-----------------------------------------------------------+
  |                  b          |                se           |
  |           -.148911          |           .066092           |
  |-----------------------------------------------------------|
  |                                                  category |
  |                                    pre amplification kits |
  +-----------------------------------------------------------+

  +-----------------------------------------------------------+
  |                  b          |                se           |
  |           .3347266          |          .0553789           |
  |-----------------------------------------------------------|
  |                                                  category |
  |                                    pre-cast bis-tris gels |
  +-----------------------------------------------------------+

  +-----------------------------------------------------------+
  |                  b          |                se           |
  |          -.1325086          |          .0235366           |
  |-----------------------------------------------------------|
  |                                                  category |
  |                                         pre-cast tbe gels |
  +-----------------------------------------------------------+

  +-----------------------------------------------------------+
  |                  b          |                se           |
  |          -.0861504          |          .0232578           |
  |-----------------------------------------------------------|
  |                                                  category |
  |                                pre-cast tris-glycine gels |
  +-----------------------------------------------------------+

  +-----------------------------------------------------------+
  |                  b          |                se           |
  |           .3375783          |          .0502874           |
  |-----------------------------------------------------------|
  |                                                  category |
  |                                pre-cast tris-tricine gels |
  +-----------------------------------------------------------+

  +-----------------------------------------------------------+
  |                  b          |                se           |
  |          -.0245896          |          .0343806           |
  |-----------------------------------------------------------|
  |                                                  category |
  |                                  pre-designed qpcr assays |
  +-----------------------------------------------------------+

  +-----------------------------------------------------------+
  |                  b          |                se           |
  |           .0639029          |          .0208241           |
  |-----------------------------------------------------------|
  |                                                  category |
  |               pre-stained protein molecular-weight ladder |
  +-----------------------------------------------------------+

  +-----------------------------------------------------------+
  |                  b          |                se           |
  |           .2158368          |          .0224423           |
  |-----------------------------------------------------------|
  |                                                  category |
  |                                   pvdf blotting membranes |
  +-----------------------------------------------------------+

  +-----------------------------------------------------------+
  |                  b          |                se           |
  |           .0941231          |            .05432           |
  |-----------------------------------------------------------|
  |                                                  category |
  |                                   rapid dna ligation kits |
  +-----------------------------------------------------------+

  +-----------------------------------------------------------+
  |                  b          |                se           |
  |          -.0587695          |          .0457942           |
  |-----------------------------------------------------------|
  |                                                  category |
  |                                 rna stabilization reagent |
  +-----------------------------------------------------------+

  +-----------------------------------------------------------+
  |                  b          |                se           |
  |          -.0562947          |          .0553478           |
  |-----------------------------------------------------------|
  |                                                  category |
  |                                          rnase inhibitors |
  +-----------------------------------------------------------+

  +-----------------------------------------------------------+
  |                  b          |                se           |
  |           .1489992          |          .0609751           |
  |-----------------------------------------------------------|
  |                                                  category |
  |                                                      rpmi |
  +-----------------------------------------------------------+

  +-----------------------------------------------------------+
  |                  b          |                se           |
  |          -.3956295          |          .0421587           |
  |-----------------------------------------------------------|
  |                                                  category |
  |                                           synthetic shrna |
  +-----------------------------------------------------------+

  +-----------------------------------------------------------+
  |                  b          |                se           |
  |           .1023881          |          .0258934           |
  |-----------------------------------------------------------|
  |                                                  category |
  |                                           synthetic sirna |
  +-----------------------------------------------------------+

  +-----------------------------------------------------------+
  |                  b          |                se           |
  |          -.0731436          |          .0490094           |
  |-----------------------------------------------------------|
  |                                                  category |
  |                                           taq polymerases |
  +-----------------------------------------------------------+

  +-----------------------------------------------------------+
  |                  b          |                se           |
  |          -.1547124          |          .0272927           |
  |-----------------------------------------------------------|
  |                                                  category |
  |                                     unstained dna ladders |
  +-----------------------------------------------------------+

  +-----------------------------------------------------------+
  |                  b          |                se           |
  |           .5452346          |          .0278422           |
  |-----------------------------------------------------------|
  |                                                  category |
  |                                                    us fbs |
  +-----------------------------------------------------------+

  +-----------------------------------------------------------+
  |                  b          |                se           |
  |            .025892          |           .108254           |
  |-----------------------------------------------------------|
  |                                                  category |
  |                                          viability stains |
  +-----------------------------------------------------------+

. 
end of do-file
