
  ___  ____  ____  ____  ____ ©
 /__    /   ____/   /   ____/      17.0
___/   /   /___/   /   /___/       MP—Parallel Edition

 Statistics and Data Science       Copyright 1985-2021 StataCorp LLC
                                   StataCorp
                                   4905 Lakeway Drive
                                   College Station, Texas 77845 USA
                                   800-STATA-PC        https://www.stata.com
                                   979-696-4600        stata@stata.com

Stata license: 32-user 64-core network perpetual
Serial number: 501706311472
  Licensed to: Harvard Research Computing
               Cambridge MA

Notes:
      1. Stata is running in batch mode.
      2. Unicode is supported; see help unicode_advice.
      3. More than 2 billion observations are allowed; see help obs_advice.
      4. Maximum number of variables is set to 120,000; see help set_maxvar.

. do /tmp/recheck.do 

. use external/betas/did_coefs, clear

. list category if regexm(category, "acryl") | regexm(category, "dmem"), sep(0)
>  noobs ab(60)

  +-------------------------+
  |                category |
  |-------------------------|
  |               dmem-f-12 |
  | acrylamide-bis solution |
  |                    dmem |
  +-------------------------+

. 
. * now do the actual merge as in build.do gen_exposure
. use output/cleaned_merged_fois, clear

. keep if year <= 2013
(156,443 observations deleted)

. keep if keep == 1
(14,485 observations deleted)

. gcollapse (sum) spend, by(category)

. merge 1:1 category using external/betas/did_coefs, keep(1 2 3)

    Result                      Number of obs
    -----------------------------------------
    Not matched                           149
        from master                       147  (_merge==1)
        from using                          2  (_merge==2)

    Matched                                45  (_merge==3)
    -----------------------------------------

. * show the two relevant ones
. list category _merge spend if regexm(category, "acryl") | regexm(category, "d
> mem"), sep(0) noobs ab(60)

  +------------------------------------------------------+
  |                category            _merge      spend |
  |------------------------------------------------------|
  | acrylamide/bis solution   Master only (1)   13583.92 |
  |                    dmem       Matched (3)   15873.41 |
  |               dmem/f-12   Master only (1)    5830.61 |
  | acrylamide-bis solution    Using only (2)          . |
  |               dmem-f-12    Using only (2)          . |
  +------------------------------------------------------+

. 
end of do-file
