
  ___  ____  ____  ____  ____ ©
 /__    /   ____/   /   ____/      17.0
___/   /   /___/   /   /___/       MP—Parallel Edition

 Statistics and Data Science       Copyright 1985-2021 StataCorp LLC
                                   StataCorp
                                   4905 Lakeway Drive
                                   College Station, Texas 77845 USA
                                   800-STATA-PC        https://www.stata.com
                                   979-696-4600        stata@stata.com

Stata license: 32-user 64-core network perpetual
Serial number: 501706311472
  Licensed to: Harvard Research Computing
               Cambridge MA

Notes:
      1. Stata is running in batch mode.
      2. Unicode is supported; see help unicode_advice.
      3. More than 2 billion observations are allowed; see help obs_advice.
      4. Maximum number of variables is set to 120,000; see help set_maxvar.

. do /tmp/scan_nl.do 

. set more off

. use output/cleaned_merged_fois, clear

. keep if keep == 1
(55,213 observations deleted)

. qui count if prediction_source == "Non-Lab"

. di "Non-Lab rows surviving: " r(N)
Non-Lab rows surviving: 2327

. qui sum spend if prediction_source == "Non-Lab"

. di "Non-Lab spend surviving: " r(sum)
Non-Lab spend surviving: 346857.93

. tab prediction_source, missing

prediction_sourc |
               e |      Freq.     Percent        Cum.
-----------------+-----------------------------------
    Expert Model |     40,237       21.72       21.72
    Market Rules |    142,698       77.02       98.74
         Non-Lab |      2,327        1.26      100.00
-----------------+-----------------------------------
           Total |    185,262      100.00

. * and count by source
. gen has_pred = !mi(prediction_source)

. tab prediction_source if keep==1

prediction_sourc |
               e |      Freq.     Percent        Cum.
-----------------+-----------------------------------
    Expert Model |     40,237       21.72       21.72
    Market Rules |    142,698       77.02       98.74
         Non-Lab |      2,327        1.26      100.00
-----------------+-----------------------------------
           Total |    185,262      100.00

. 
end of do-file
