
  ___  ____  ____  ____  ____ ©
 /__    /   ____/   /   ____/      17.0
___/   /   /___/   /   /___/       MP—Parallel Edition

 Statistics and Data Science       Copyright 1985-2021 StataCorp LLC
                                   StataCorp
                                   4905 Lakeway Drive
                                   College Station, Texas 77845 USA
                                   800-STATA-PC        https://www.stata.com
                                   979-696-4600        stata@stata.com

Stata license: 32-user 64-core network perpetual
Serial number: 501706311472
  Licensed to: Harvard Research Computing
               Cambridge MA

Notes:
      1. Stata is running in batch mode.
      2. Unicode is supported; see help unicode_advice.
      3. More than 2 billion observations are allowed; see help obs_advice.
      4. Maximum number of variables is set to 120,000; see help set_maxvar.

. do /tmp/scan_susp3.do 

. set more off

. use output/cleaned_merged_fois, clear

. keep if keep == 1
(55,213 observations deleted)

. * show the actual descriptions with high-conviction non-consumable tokens
. gen flag = ""
(185,262 missing values generated)

. foreach v in "service" "repair" "calibrat" "warranty" "rental" "lease" ///
>     "subscription" "training" "install" "consult" "labor" "hourly" ///
>     "agreement" "contract" "estimate" "quote" {
  2.     replace flag = flag + " `v'" if strpos(clean_desc, "`v'") > 0
  3. }
variable flag was str1 now str8
(13 real changes made)
(46 real changes made)
variable flag was str8 now str17
(2 real changes made)
(0 real changes made)
(2 real changes made)
(0 real changes made)
(0 real changes made)
(0 real changes made)
(0 real changes made)
(0 real changes made)
(128 real changes made)
variable flag was str17 now str20
(1 real change made)
(0 real changes made)
(3 real changes made)
(0 real changes made)
(92 real changes made)

. keep if flag != ""
(184,979 observations deleted)

. gsort -spend

. keep clean_desc category spend flag prediction_source similarity_score

. list in 1/40, sep(0) noobs ab(60)

  +---------------------------------------------------------------------------+
  | clean_desc                                                                |
  | h1030fbs specified lot (h1030) fetal calf serum (pricing quoted ian web.. |
  |---------------------------------------------------------------------------|
  |       spend      |     prediction_source      |     similarity_score      |
  |        4032      |          Market Rules      |             .3506944      |
  |---------------------------------------------------------------------------|
  |                                    category    |                 flag     |
  |                                      us fbs    |                quote     |
  +---------------------------------------------------------------------------+

  +---------------------------------------------------------------------------+
  | clean_desc                                                                |
  | custom modification specific polyclonal antibody ab name anti-p-ps1261-.. |
  |---------------------------------------------------------------------------|
  |       spend      |     prediction_source      |     similarity_score      |
  |        1630      |          Market Rules      |             .6592797      |
  |---------------------------------------------------------------------------|
  |                                    category    |                 flag     |
  |                          primary antibodies    |                quote     |
  +---------------------------------------------------------------------------+

  +---------------------------------------------------------------------------+
  | clean_desc                                                                |
  | custom modification specific polyclonal antibody ab name anti-p-raptor .. |
  |---------------------------------------------------------------------------|
  |       spend      |     prediction_source      |     similarity_score      |
  |        1630      |          Market Rules      |             .6445534      |
  |---------------------------------------------------------------------------|
  |                                    category    |                 flag     |
  |                          primary antibodies    |                quote     |
  +---------------------------------------------------------------------------+

  +---------------------------------------------------------------------------+
  | clean_desc                                                                |
  | iq sybr green supermix -quote                                             |
  |---------------------------------------------------------------------------|
  |       spend      |     prediction_source      |     similarity_score      |
  |        1170      |          Market Rules      |             .6134831      |
  |---------------------------------------------------------------------------|
  |                                    category    |                 flag     |
  |                      dye-based qpcr systems    |                quote     |
  +---------------------------------------------------------------------------+

  +---------------------------------------------------------------------------+
  | clean_desc                                                                |
  | sh3007103-characterized fbs 500ml-quote                                   |
  |---------------------------------------------------------------------------|
  |       spend      |     prediction_source      |     similarity_score      |
  |     1106.88      |          Market Rules      |             .5178833      |
  |---------------------------------------------------------------------------|
  |                                    category    |                 flag     |
  |                                      us fbs    |                quote     |
  +---------------------------------------------------------------------------+

  +---------------------------------------------------------------------------+
  | clean_desc                                                                |
  | rotator-quote -46 attached                                                |
  |---------------------------------------------------------------------------|
  |       spend      |     prediction_source      |     similarity_score      |
  |      903.41      |          Market Rules      |             .0069975      |
  |---------------------------------------------------------------------------|
  |                                    category    |                 flag     |
  |    synthetic dna oligonucleotide - desalted    |                quote     |
  +---------------------------------------------------------------------------+

  +---------------------------------------------------------------------------+
  | clean_desc                                                                |
  | custom polyclonal antibody service ab name anti-raptor                    |
  |---------------------------------------------------------------------------|
  |       spend      |     prediction_source      |     similarity_score      |
  |       881.8      |          Market Rules      |              .699017      |
  |---------------------------------------------------------------------------|
  |                                    category    |                 flag     |
  |                          primary antibodies    |              service     |
  +---------------------------------------------------------------------------+

  +---------------------------------------------------------------------------+
  | clean_desc                                                                |
  | quote101163 line musycen                                                  |
  |---------------------------------------------------------------------------|
  |       spend      |     prediction_source      |     similarity_score      |
  |         718      |               Non-Lab      |                    .      |
  |---------------------------------------------------------------------------|
  |                                    category    |                 flag     |
  |    synthetic dna oligonucleotide - desalted    |                quote     |
  +---------------------------------------------------------------------------+

  +---------------------------------------------------------------------------+
  | clean_desc                                                                |
  | nebnext ultra ii end repair/da-tailing module                             |
  |---------------------------------------------------------------------------|
  |       spend      |     prediction_source      |     similarity_score      |
  |       715.5      |          Expert Model      |             .5323627      |
  |---------------------------------------------------------------------------|
  |                                    category    |                 flag     |
  |                     rapid dna ligation kits    |               repair     |
  +---------------------------------------------------------------------------+

  +---------------------------------------------------------------------------+
  | clean_desc                                                                |
  | quote101163 line ssty1/2                                                  |
  |---------------------------------------------------------------------------|
  |       spend      |     prediction_source      |     similarity_score      |
  |         700      |               Non-Lab      |                    .      |
  |---------------------------------------------------------------------------|
  |                                    category    |                 flag     |
  |    synthetic dna oligonucleotide - desalted    |                quote     |
  +---------------------------------------------------------------------------+

  +---------------------------------------------------------------------------+
  | clean_desc                                                                |
  | quote101163 line ssty1/2                                                  |
  |---------------------------------------------------------------------------|
  |       spend      |     prediction_source      |     similarity_score      |
  |         682      |               Non-Lab      |                    .      |
  |---------------------------------------------------------------------------|
  |                                    category    |                 flag     |
  |    synthetic dna oligonucleotide - desalted    |                quote     |
  +---------------------------------------------------------------------------+

  +---------------------------------------------------------------------------+
  | clean_desc                                                                |
  | 4 cuvette disposable 1.5ml acrylic -quote -f                              |
  |---------------------------------------------------------------------------|
  |       spend      |     prediction_source      |     similarity_score      |
  |         605      |          Market Rules      |             .4416805      |
  |---------------------------------------------------------------------------|
  |                                    category    |                 flag     |
  |                                    cuvettes    |                quote     |
  +---------------------------------------------------------------------------+

  +---------------------------------------------------------------------------+
  | clean_desc                                                                |
  | service/pipette calibrations service                                      |
  |---------------------------------------------------------------------------|
  |       spend      |     prediction_source      |     similarity_score      |
  |         580      |          Market Rules      |             .2803888      |
  |---------------------------------------------------------------------------|
  |                                    category    |                 flag     |
  |                        serological pipettes    |     service calibrat     |
  +---------------------------------------------------------------------------+

  +---------------------------------------------------------------------------+
  | clean_desc                                                                |
  | quote- shipfree 570 anti-phospho histone h3 (ser10) 200ug                 |
  |---------------------------------------------------------------------------|
  |       spend      |     prediction_source      |     similarity_score      |
  |       568.5      |          Market Rules      |             .2945215      |
  |---------------------------------------------------------------------------|
  |                                    category    |                 flag     |
  |                          primary antibodies    |                quote     |
  +---------------------------------------------------------------------------+

  +---------------------------------------------------------------------------+
  | clean_desc                                                                |
  | 9653s-double strand breaks (dsb) repair antibody                          |
  |---------------------------------------------------------------------------|
  |       spend      |     prediction_source      |     similarity_score      |
  |         559      |          Expert Model      |             .3342659      |
  |---------------------------------------------------------------------------|
  |                                    category    |                 flag     |
  |                          primary antibodies    |               repair     |
  +---------------------------------------------------------------------------+

  +---------------------------------------------------------------------------+
  | clean_desc                                                                |
  | p1122 p200 filter tips dsiquote2014212                                    |
  |---------------------------------------------------------------------------|
  |       spend      |     prediction_source      |     similarity_score      |
  |         500      |          Market Rules      |             .4006381      |
  |---------------------------------------------------------------------------|
  |                                    category    |                 flag     |
  |                                pipette tips    |                quote     |
  +---------------------------------------------------------------------------+

  +---------------------------------------------------------------------------+
  | clean_desc                                                                |
  | p1121 p20 filter tips dsiquote2014212                                     |
  |---------------------------------------------------------------------------|
  |       spend      |     prediction_source      |     similarity_score      |
  |         500      |          Market Rules      |             .4009883      |
  |---------------------------------------------------------------------------|
  |                                    category    |                 flag     |
  |                                pipette tips    |                quote     |
  +---------------------------------------------------------------------------+

  +---------------------------------------------------------------------------+
  | clean_desc                                                                |
  | pw6-pipette service invoice                                               |
  |---------------------------------------------------------------------------|
  |       spend      |     prediction_source      |     similarity_score      |
  |         460      |          Market Rules      |             .3485689      |
  |---------------------------------------------------------------------------|
  |                                    category    |                 flag     |
  |                        serological pipettes    |              service     |
  +---------------------------------------------------------------------------+

  +---------------------------------------------------------------------------+
  | clean_desc                                                                |
  | 10mg-y- 10mg. offer (quote) number                                        |
  |---------------------------------------------------------------------------|
  |       spend      |     prediction_source      |     similarity_score      |
  |       394.5      |          Market Rules      |             .0032089      |
  |---------------------------------------------------------------------------|
  |                                    category    |                 flag     |
  |    synthetic dna oligonucleotide - desalted    |                quote     |
  +---------------------------------------------------------------------------+

  +---------------------------------------------------------------------------+
  | clean_desc                                                                |
  | immunization affinity purification ab name anti-p-ps1261-quote            |
  |---------------------------------------------------------------------------|
  |       spend      |     prediction_source      |     similarity_score      |
  |         380      |          Market Rules      |             .2197886      |
  |---------------------------------------------------------------------------|
  |                                    category    |                 flag     |
  |                          primary antibodies    |                quote     |
  +---------------------------------------------------------------------------+

  +---------------------------------------------------------------------------+
  | clean_desc                                                                |
  | immunization affinity purification ab name anti-p-raptor ps859-quote      |
  |---------------------------------------------------------------------------|
  |       spend      |     prediction_source      |     similarity_score      |
  |         380      |          Market Rules      |             .2163509      |
  |---------------------------------------------------------------------------|
  |                                    category    |                 flag     |
  |                          primary antibodies    |                quote     |
  +---------------------------------------------------------------------------+

  +---------------------------------------------------------------------------+
  | clean_desc                                                                |
  | dsiquote2014212 p2101-n tips,200ul reload natural empty rack              |
  |---------------------------------------------------------------------------|
  |       spend      |     prediction_source      |     similarity_score      |
  |         365      |          Market Rules      |             .5197274      |
  |---------------------------------------------------------------------------|
  |                                    category    |                 flag     |
  |                                pipette tips    |                quote     |
  +---------------------------------------------------------------------------+

  +---------------------------------------------------------------------------+
  | clean_desc                                                                |
  | p2112 tip 1250ul racked sterile 576 (quote                                |
  |---------------------------------------------------------------------------|
  |       spend      |     prediction_source      |     similarity_score      |
  |         358      |          Market Rules      |             .5434504      |
  |---------------------------------------------------------------------------|
  |                                    category    |                 flag     |
  |                                pipette tips    |                quote     |
  +---------------------------------------------------------------------------+

  +---------------------------------------------------------------------------+
  | clean_desc                                                                |
  | e3018 film hyblot price quotesys 20130102173025 63241                     |
  |---------------------------------------------------------------------------|
  |       spend      |     prediction_source      |     similarity_score      |
  |      356.28      |          Expert Model      |             .6608539      |
  |---------------------------------------------------------------------------|
  |                                    category    |                 flag     |
  |                                  xray films    |                quote     |
  +---------------------------------------------------------------------------+

  +---------------------------------------------------------------------------+
  | clean_desc                                                                |
  | inv repair co2                                                            |
  |---------------------------------------------------------------------------|
  |       spend      |     prediction_source      |     similarity_score      |
  |         348      |          Market Rules      |             .0021971      |
  |---------------------------------------------------------------------------|
  |                                    category    |                 flag     |
  |    synthetic dna oligonucleotide - desalted    |               repair     |
  +---------------------------------------------------------------------------+

  +---------------------------------------------------------------------------+
  | clean_desc                                                                |
  | dsiquote2014212 p2109 tips 1250ul,woodpecker reload 576 per               |
  |---------------------------------------------------------------------------|
  |       spend      |     prediction_source      |     similarity_score      |
  |         340      |          Market Rules      |             .4237919      |
  |---------------------------------------------------------------------------|
  |                                    category    |                 flag     |
  |                                pipette tips    |                quote     |
  +---------------------------------------------------------------------------+

  +---------------------------------------------------------------------------+
  | clean_desc                                                                |
  | propanol laboratory 4l                                                    |
  |---------------------------------------------------------------------------|
  |       spend      |     prediction_source      |     similarity_score      |
  |       324.3      |          Market Rules      |             .8656177      |
  |---------------------------------------------------------------------------|
  |                                    category    |                 flag     |
  |                                 isopropanol    |                labor     |
  +---------------------------------------------------------------------------+

  +---------------------------------------------------------------------------+
  | clean_desc                                                                |
  | bmi24au111 18 pipettes service                                            |
  |---------------------------------------------------------------------------|
  |       spend      |     prediction_source      |     similarity_score      |
  |         324      |          Market Rules      |              .424594      |
  |---------------------------------------------------------------------------|
  |                                    category    |                 flag     |
  |                        serological pipettes    |              service     |
  +---------------------------------------------------------------------------+

  +---------------------------------------------------------------------------+
  | clean_desc                                                                |
  | propanol laboratory 4l                                                    |
  |---------------------------------------------------------------------------|
  |       spend      |     prediction_source      |     similarity_score      |
  |      313.32      |          Market Rules      |             .8656177      |
  |---------------------------------------------------------------------------|
  |                                    category    |                 flag     |
  |                                 isopropanol    |                labor     |
  +---------------------------------------------------------------------------+

  +---------------------------------------------------------------------------+
  | clean_desc                                                                |
  | propanol laboratory 4l                                                    |
  |---------------------------------------------------------------------------|
  |       spend      |     prediction_source      |     similarity_score      |
  |      313.32      |          Market Rules      |             .8656177      |
  |---------------------------------------------------------------------------|
  |                                    category    |                 flag     |
  |                                 isopropanol    |                labor     |
  +---------------------------------------------------------------------------+

  +---------------------------------------------------------------------------+
  | clean_desc                                                                |
  | propanol laboratory 4l                                                    |
  |---------------------------------------------------------------------------|
  |       spend      |     prediction_source      |     similarity_score      |
  |      313.32      |          Market Rules      |             .8656177      |
  |---------------------------------------------------------------------------|
  |                                    category    |                 flag     |
  |                                 isopropanol    |                labor     |
  +---------------------------------------------------------------------------+

  +---------------------------------------------------------------------------+
  | clean_desc                                                                |
  | propanol laboratory 4l                                                    |
  |---------------------------------------------------------------------------|
  |       spend      |     prediction_source      |     similarity_score      |
  |      313.32      |          Market Rules      |             .8656177      |
  |---------------------------------------------------------------------------|
  |                                    category    |                 flag     |
  |                                 isopropanol    |                labor     |
  +---------------------------------------------------------------------------+

  +---------------------------------------------------------------------------+
  | clean_desc                                                                |
  | propanol laboratory 4l                                                    |
  |---------------------------------------------------------------------------|
  |       spend      |     prediction_source      |     similarity_score      |
  |      303.66      |          Market Rules      |             .8656177      |
  |---------------------------------------------------------------------------|
  |                                    category    |                 flag     |
  |                                 isopropanol    |                labor     |
  +---------------------------------------------------------------------------+

  +---------------------------------------------------------------------------+
  | clean_desc                                                                |
  | propanol laboratory 4l                                                    |
  |---------------------------------------------------------------------------|
  |       spend      |     prediction_source      |     similarity_score      |
  |      303.66      |          Market Rules      |             .8656177      |
  |---------------------------------------------------------------------------|
  |                                    category    |                 flag     |
  |                                 isopropanol    |                labor     |
  +---------------------------------------------------------------------------+

  +---------------------------------------------------------------------------+
  | clean_desc                                                                |
  | tips 1000ul barrier tip packs p1126 46.80 (quote 30um00511)               |
  |---------------------------------------------------------------------------|
  |       spend      |     prediction_source      |     similarity_score      |
  |       280.8      |          Market Rules      |             .6529664      |
  |---------------------------------------------------------------------------|
  |                                    category    |                 flag     |
  |                                pipette tips    |                quote     |
  +---------------------------------------------------------------------------+

  +---------------------------------------------------------------------------+
  | clean_desc                                                                |
  | p1096-cps tip 10 racked sterile (quote                                    |
  |---------------------------------------------------------------------------|
  |       spend      |     prediction_source      |     similarity_score      |
  |         279      |          Market Rules      |              .473947      |
  |---------------------------------------------------------------------------|
  |                                    category    |                 flag     |
  |                                pipette tips    |                quote     |
  +---------------------------------------------------------------------------+

  +---------------------------------------------------------------------------+
  | clean_desc                                                                |
  | 20ul sterile filter tipone papette tips (quote                            |
  |---------------------------------------------------------------------------|
  |       spend      |     prediction_source      |     similarity_score      |
  |       259.8      |          Market Rules      |             .5333241      |
  |---------------------------------------------------------------------------|
  |                                    category    |                 flag     |
  |                                pipette tips    |                quote     |
  +---------------------------------------------------------------------------+

  +---------------------------------------------------------------------------+
  | clean_desc                                                                |
  | 10ul sterile filter tipone pipette tips (quote                            |
  |---------------------------------------------------------------------------|
  |       spend      |     prediction_source      |     similarity_score      |
  |       259.8      |          Market Rules      |             .2628482      |
  |---------------------------------------------------------------------------|
  |                                    category    |                 flag     |
  |                                pipette tips    |                quote     |
  +---------------------------------------------------------------------------+

  +---------------------------------------------------------------------------+
  | clean_desc                                                                |
  | p1126 p1000 filter tips dsiquote2014212                                   |
  |---------------------------------------------------------------------------|
  |       spend      |     prediction_source      |     similarity_score      |
  |         250      |          Market Rules      |             .3913528      |
  |---------------------------------------------------------------------------|
  |                                    category    |                 flag     |
  |                                pipette tips    |                quote     |
  +---------------------------------------------------------------------------+

  +---------------------------------------------------------------------------+
  | clean_desc                                                                |
  | p1096-fr p10 filter tips dsiquote2014212                                  |
  |---------------------------------------------------------------------------|
  |       spend      |     prediction_source      |     similarity_score      |
  |         250      |          Market Rules      |             .3561824      |
  |---------------------------------------------------------------------------|
  |                                    category    |                 flag     |
  |                                pipette tips    |                quote     |
  +---------------------------------------------------------------------------+

. 
end of do-file
