
  ___  ____  ____  ____  ____ ©
 /__    /   ____/   /   ____/      17.0
___/   /   /___/   /   /___/       MP—Parallel Edition

 Statistics and Data Science       Copyright 1985-2021 StataCorp LLC
                                   StataCorp
                                   4905 Lakeway Drive
                                   College Station, Texas 77845 USA
                                   800-STATA-PC        https://www.stata.com
                                   979-696-4600        stata@stata.com

Stata license: 32-user 64-core network perpetual
Serial number: 501706311472
  Licensed to: Harvard Research Computing
               Cambridge MA

Notes:
      1. Stata is running in batch mode.
      2. Unicode is supported; see help unicode_advice.
      3. More than 2 billion observations are allowed; see help obs_advice.
      4. Maximum number of variables is set to 120,000; see help set_maxvar.

. do /tmp/scan_cats2.do 

. set more off

. use output/cleaned_merged_fois, clear

. keep if keep == 1
(55,213 observations deleted)

. gcollapse (sum) spend (count) n=spend, by(category)

. gsort -spend

. list category spend n in 100/192, sep(0) noobs ab(45)

  +----------------------------------------------------------------------+
  |                                                  category |    spend |
  |                                      square glass bottles | 17695.85 |
  |----------------------------------------------------------------------|
  |                                   n                                  |
  |                                 141                                  |
  +----------------------------------------------------------------------+

  +----------------------------------------------------------------------+
  |                                                  category |    spend |
  |                                    reducing agents - tcep | 17299.27 |
  |----------------------------------------------------------------------|
  |                                   n                                  |
  |                                  96                                  |
  +----------------------------------------------------------------------+

  +----------------------------------------------------------------------+
  |                                                  category |    spend |
  |                                                   sucrose | 16752.47 |
  |----------------------------------------------------------------------|
  |                                   n                                  |
  |                                 232                                  |
  +----------------------------------------------------------------------+

  +----------------------------------------------------------------------+
  |                                                  category |    spend |
  |                                                    bleach | 15743.39 |
  |----------------------------------------------------------------------|
  |                                   n                                  |
  |                                 499                                  |
  +----------------------------------------------------------------------+

  +----------------------------------------------------------------------+
  |                                                  category |    spend |
  |                      cell culture antibiotics - puromycin |  15738.7 |
  |----------------------------------------------------------------------|
  |                                   n                                  |
  |                                  97                                  |
  +----------------------------------------------------------------------+

  +----------------------------------------------------------------------+
  |                                                  category |    spend |
  |                                                 imidazole | 15492.66 |
  |----------------------------------------------------------------------|
  |                                   n                                  |
  |                                  96                                  |
  +----------------------------------------------------------------------+

  +----------------------------------------------------------------------+
  |                                                  category |    spend |
  |                     cell culture antibiotics - hygromycin | 14752.37 |
  |----------------------------------------------------------------------|
  |                                   n                                  |
  |                                  97                                  |
  +----------------------------------------------------------------------+

  +----------------------------------------------------------------------+
  |                                                  category |    spend |
  |                                                   funnels | 14528.56 |
  |----------------------------------------------------------------------|
  |                                   n                                  |
  |                                 129                                  |
  +----------------------------------------------------------------------+

  +----------------------------------------------------------------------+
  |                                                  category |    spend |
  |                     cell culture antibiotics - ampicillin |  13633.5 |
  |----------------------------------------------------------------------|
  |                                   n                                  |
  |                                 190                                  |
  +----------------------------------------------------------------------+

  +----------------------------------------------------------------------+
  |                                                  category |    spend |
  |                                            sodium acetate |  12987.8 |
  |----------------------------------------------------------------------|
  |                                   n                                  |
  |                                  61                                  |
  +----------------------------------------------------------------------+

  +----------------------------------------------------------------------+
  |                                                  category |    spend |
  |                                                   xylenes |  12894.9 |
  |----------------------------------------------------------------------|
  |                                   n                                  |
  |                                 151                                  |
  +----------------------------------------------------------------------+

  +----------------------------------------------------------------------+
  |                                                  category |    spend |
  |                                                      urea | 12893.46 |
  |----------------------------------------------------------------------|
  |                                   n                                  |
  |                                 132                                  |
  +----------------------------------------------------------------------+

  +----------------------------------------------------------------------+
  |                                                  category |    spend |
  |                                                 stir bars | 12696.89 |
  |----------------------------------------------------------------------|
  |                                   n                                  |
  |                                 266                                  |
  +----------------------------------------------------------------------+

  +----------------------------------------------------------------------+
  |                                                  category |    spend |
  |                         cell lysis detergents - digitonin | 12646.99 |
  |----------------------------------------------------------------------|
  |                                   n                                  |
  |                                  55                                  |
  +----------------------------------------------------------------------+

  +----------------------------------------------------------------------+
  |                                                  category |    spend |
  |                                                  dextrose | 12175.53 |
  |----------------------------------------------------------------------|
  |                                   n                                  |
  |                                  93                                  |
  +----------------------------------------------------------------------+

  +----------------------------------------------------------------------+
  |                                                  category |    spend |
  |                                                 dmem/f-12 | 11547.32 |
  |----------------------------------------------------------------------|
  |                                   n                                  |
  |                                  79                                  |
  +----------------------------------------------------------------------+

  +----------------------------------------------------------------------+
  |                                                  category |    spend |
  |                                                      depc |  11536.5 |
  |----------------------------------------------------------------------|
  |                                   n                                  |
  |                                  80                                  |
  +----------------------------------------------------------------------+

  +----------------------------------------------------------------------+
  |                                                  category |    spend |
  |                                    pre amplification kits | 11431.11 |
  |----------------------------------------------------------------------|
  |                                   n                                  |
  |                                  16                                  |
  +----------------------------------------------------------------------+

  +----------------------------------------------------------------------+
  |                                                  category |    spend |
  |                                chromatography-grade water | 11404.68 |
  |----------------------------------------------------------------------|
  |                                   n                                  |
  |                                 159                                  |
  +----------------------------------------------------------------------+

  +----------------------------------------------------------------------+
  |                                                  category |    spend |
  |                                                goat serum | 11204.28 |
  |----------------------------------------------------------------------|
  |                                   n                                  |
  |                                 159                                  |
  +----------------------------------------------------------------------+

  +----------------------------------------------------------------------+
  |                                                  category |    spend |
  |                                    ldh cytotoxicity assay | 10633.68 |
  |----------------------------------------------------------------------|
  |                                   n                                  |
  |                                  43                                  |
  +----------------------------------------------------------------------+

  +----------------------------------------------------------------------+
  |                                                  category |    spend |
  |              column-based microbial dna purification kits |  9825.48 |
  |----------------------------------------------------------------------|
  |                                   n                                  |
  |                                  28                                  |
  +----------------------------------------------------------------------+

  +----------------------------------------------------------------------+
  |                                                  category |    spend |
  |                    cell culture antibiotics - blasticidin |  9659.53 |
  |----------------------------------------------------------------------|
  |                                   n                                  |
  |                                  37                                  |
  +----------------------------------------------------------------------+

  +----------------------------------------------------------------------+
  |                                                  category |    spend |
  |                                      drug - anticoagulant |  9524.17 |
  |----------------------------------------------------------------------|
  |                                   n                                  |
  |                                  93                                  |
  +----------------------------------------------------------------------+

  +----------------------------------------------------------------------+
  |                                                  category |    spend |
  | nucleic acid modifying enzymes - t4 polynucleotide kinase |  9181.28 |
  |----------------------------------------------------------------------|
  |                                   n                                  |
  |                                  79                                  |
  +----------------------------------------------------------------------+

  +----------------------------------------------------------------------+
  |                                                  category |    spend |
  |                                                  thrombin |  9153.36 |
  |----------------------------------------------------------------------|
  |                                   n                                  |
  |                                  66                                  |
  +----------------------------------------------------------------------+

  +----------------------------------------------------------------------+
  |                                                  category |    spend |
  |                                             egta solution |     9080 |
  |----------------------------------------------------------------------|
  |                                   n                                  |
  |                                  85                                  |
  +----------------------------------------------------------------------+

  +----------------------------------------------------------------------+
  |                                                  category |    spend |
  |                                                chloroform |  9041.09 |
  |----------------------------------------------------------------------|
  |                                   n                                  |
  |                                 160                                  |
  +----------------------------------------------------------------------+

  +----------------------------------------------------------------------+
  |                                                  category |    spend |
  |                   phosphoprotein electrophoresis reagents |  8948.87 |
  |----------------------------------------------------------------------|
  |                                   n                                  |
  |                                  20                                  |
  +----------------------------------------------------------------------+

  +----------------------------------------------------------------------+
  |                                                  category |    spend |
  |                                               human serum |  8706.46 |
  |----------------------------------------------------------------------|
  |                                   n                                  |
  |                                  37                                  |
  +----------------------------------------------------------------------+

  +----------------------------------------------------------------------+
  |                                                  category |    spend |
  |                                               heavy water |  8371.56 |
  |----------------------------------------------------------------------|
  |                                   n                                  |
  |                                  29                                  |
  +----------------------------------------------------------------------+

  +----------------------------------------------------------------------+
  |                                                  category |    spend |
  |        dulbecco's phosphate-buffered saline (dpbs) buffer |  8345.55 |
  |----------------------------------------------------------------------|
  |                                   n                                  |
  |                                 110                                  |
  +----------------------------------------------------------------------+

  +----------------------------------------------------------------------+
  |                                                  category |    spend |
  |                         cell culture antibiotics - zeocin |  8283.74 |
  |----------------------------------------------------------------------|
  |                                   n                                  |
  |                                  38                                  |
  +----------------------------------------------------------------------+

  +----------------------------------------------------------------------+
  |                                                  category |    spend |
  |                                            mes-sds buffer |  8112.69 |
  |----------------------------------------------------------------------|
  |                                   n                                  |
  |                                  48                                  |
  +----------------------------------------------------------------------+

  +----------------------------------------------------------------------+
  |                                                  category |    spend |
  |                                         hydrogen peroxide |  8070.21 |
  |----------------------------------------------------------------------|
  |                                   n                                  |
  |                                 168                                  |
  +----------------------------------------------------------------------+

  +----------------------------------------------------------------------+
  |                                                  category |    spend |
  |                                                   acetone |  7727.68 |
  |----------------------------------------------------------------------|
  |                                   n                                  |
  |                                 142                                  |
  +----------------------------------------------------------------------+

  +----------------------------------------------------------------------+
  |                                                  category |    spend |
  |                                   rapid dna ligation kits |  7699.57 |
  |----------------------------------------------------------------------|
  |                                   n                                  |
  |                                  36                                  |
  +----------------------------------------------------------------------+

  +----------------------------------------------------------------------+
  |                                                  category |    spend |
  |                                          sodium hydroxide |  7269.43 |
  |----------------------------------------------------------------------|
  |                                   n                                  |
  |                                 134                                  |
  +----------------------------------------------------------------------+

  +----------------------------------------------------------------------+
  |                                                  category |    spend |
  |          mes (2-(n-morpholino)ethanesulfonic acid) buffer |  6498.88 |
  |----------------------------------------------------------------------|
  |                                   n                                  |
  |                                  65                                  |
  +----------------------------------------------------------------------+

  +----------------------------------------------------------------------+
  |                                                  category |    spend |
  |                                              donkey serum |  6355.45 |
  |----------------------------------------------------------------------|
  |                                   n                                  |
  |                                  94                                  |
  +----------------------------------------------------------------------+

  +----------------------------------------------------------------------+
  |                                                  category |    spend |
  |                                        magnesium chloride | 6274.675 |
  |----------------------------------------------------------------------|
  |                                   n                                  |
  |                                 118                                  |
  +----------------------------------------------------------------------+

  +----------------------------------------------------------------------+
  |                                                  category |    spend |
  |                      cell lysis detergents - triton x-100 |  5494.96 |
  |----------------------------------------------------------------------|
  |                                   n                                  |
  |                                 122                                  |
  +----------------------------------------------------------------------+

  +----------------------------------------------------------------------+
  |                                                  category |    spend |
  |                                             spray bottles |  5460.07 |
  |----------------------------------------------------------------------|
  |                                   n                                  |
  |                                 137                                  |
  +----------------------------------------------------------------------+

  +----------------------------------------------------------------------+
  |                                                  category |    spend |
  |                                              storage jars |  5394.94 |
  |----------------------------------------------------------------------|
  |                                   n                                  |
  |                                  86                                  |
  +----------------------------------------------------------------------+

  +----------------------------------------------------------------------+
  |                                                  category |    spend |
  |                                            boiling flasks |  5330.71 |
  |----------------------------------------------------------------------|
  |                                   n                                  |
  |                                  54                                  |
  +----------------------------------------------------------------------+

  +----------------------------------------------------------------------+
  |                                                  category |    spend |
  |                                                boric acid |  4830.52 |
  |----------------------------------------------------------------------|
  |                                   n                                  |
  |                                  71                                  |
  +----------------------------------------------------------------------+

  +----------------------------------------------------------------------+
  |                                                  category |    spend |
  |                      cell culture antibiotics - pen-strep |  4799.32 |
  |----------------------------------------------------------------------|
  |                                   n                                  |
  |                                 104                                  |
  +----------------------------------------------------------------------+

  +----------------------------------------------------------------------+
  |                                                  category |    spend |
  |              bacterial selection antibiotics - rifampicin |  4623.79 |
  |----------------------------------------------------------------------|
  |                                   n                                  |
  |                                  41                                  |
  +----------------------------------------------------------------------+

  +----------------------------------------------------------------------+
  |                                                  category |    spend |
  |                                           cesium chloride |  4600.21 |
  |----------------------------------------------------------------------|
  |                                   n                                  |
  |                                  20                                  |
  +----------------------------------------------------------------------+

  +----------------------------------------------------------------------+
  |                                                  category |    spend |
  |                                             sulfuric acid |   4579.7 |
  |----------------------------------------------------------------------|
  |                                   n                                  |
  |                                  51                                  |
  +----------------------------------------------------------------------+

  +----------------------------------------------------------------------+
  |                                                  category |    spend |
  |                                                  catalase |  4478.48 |
  |----------------------------------------------------------------------|
  |                                   n                                  |
  |                                  40                                  |
  +----------------------------------------------------------------------+

  +----------------------------------------------------------------------+
  |                                                  category |    spend |
  |                                        sodium bicarbonate |  4249.58 |
  |----------------------------------------------------------------------|
  |                                   n                                  |
  |                                 102                                  |
  +----------------------------------------------------------------------+

  +----------------------------------------------------------------------+
  |                                                  category |    spend |
  |                                          calcium chloride |  4065.52 |
  |----------------------------------------------------------------------|
  |                                   n                                  |
  |                                  76                                  |
  +----------------------------------------------------------------------+

  +----------------------------------------------------------------------+
  |                                                  category |    spend |
  |                                            sodium citrate |   3832.7 |
  |----------------------------------------------------------------------|
  |                                   n                                  |
  |                                  72                                  |
  +----------------------------------------------------------------------+

  +----------------------------------------------------------------------+
  |                                                  category |    spend |
  |                             colorimetric substrates - mtt |  3609.63 |
  |----------------------------------------------------------------------|
  |                                   n                                  |
  |                                  32                                  |
  +----------------------------------------------------------------------+

  +----------------------------------------------------------------------+
  |                                                  category |    spend |
  |                                             ethyl acetate |  3435.24 |
  |----------------------------------------------------------------------|
  |                                   n                                  |
  |                                  46                                  |
  +----------------------------------------------------------------------+

  +----------------------------------------------------------------------+
  |                                                  category |    spend |
  |                                                  nitrogen |  3290.53 |
  |----------------------------------------------------------------------|
  |                                   n                                  |
  |                                   3                                  |
  +----------------------------------------------------------------------+

  +----------------------------------------------------------------------+
  |                                                  category |    spend |
  |                             colorimetric substrates - dab |  3262.06 |
  |----------------------------------------------------------------------|
  |                                   n                                  |
  |                                  30                                  |
  +----------------------------------------------------------------------+

  +----------------------------------------------------------------------+
  |                                                  category |    spend |
  |                                              wash bottles |  3216.01 |
  |----------------------------------------------------------------------|
  |                                   n                                  |
  |                                 124                                  |
  +----------------------------------------------------------------------+

  +----------------------------------------------------------------------+
  |                                                  category |    spend |
  |          nucleic acid modifying enzymes - klenow fragment |  3162.08 |
  |----------------------------------------------------------------------|
  |                                   n                                  |
  |                                  25                                  |
  +----------------------------------------------------------------------+

  +----------------------------------------------------------------------+
  |                                                  category |    spend |
  |                                           weighing papers |  3042.64 |
  |----------------------------------------------------------------------|
  |                                   n                                  |
  |                                 120                                  |
  +----------------------------------------------------------------------+

  +----------------------------------------------------------------------+
  |                                                  category |    spend |
  |                                           mops-sds buffer |  3020.35 |
  |----------------------------------------------------------------------|
  |                                   n                                  |
  |                                  32                                  |
  +----------------------------------------------------------------------+

  +----------------------------------------------------------------------+
  |                                                  category |    spend |
  |                                       ammonium persulfate |  2893.81 |
  |----------------------------------------------------------------------|
  |                                   n                                  |
  |                                 123                                  |
  +----------------------------------------------------------------------+

  +----------------------------------------------------------------------+
  |                                                  category |    spend |
  |                                            sodium sulfate |  2727.54 |
  |----------------------------------------------------------------------|
  |                                   n                                  |
  |                                  40                                  |
  +----------------------------------------------------------------------+

  +----------------------------------------------------------------------+
  |                                                  category |    spend |
  |                                          lithium chloride |  2687.13 |
  |----------------------------------------------------------------------|
  |                                   n                                  |
  |                                  46                                  |
  +----------------------------------------------------------------------+

  +----------------------------------------------------------------------+
  |                                                  category |    spend |
  |               hanks' balanced salt solution (hbss) buffer |  2576.07 |
  |----------------------------------------------------------------------|
  |                                   n                                  |
  |                                  64                                  |
  +----------------------------------------------------------------------+

  +----------------------------------------------------------------------+
  |                                                  category |    spend |
  |                                               nitric acid |  2549.11 |
  |----------------------------------------------------------------------|
  |                                   n                                  |
  |                                  25                                  |
  +----------------------------------------------------------------------+

  +----------------------------------------------------------------------+
  |                                                  category |    spend |
  |         bacterial selection antibiotics - chloramphenicol |  2420.82 |
  |----------------------------------------------------------------------|
  |                                   n                                  |
  |                                  49                                  |
  +----------------------------------------------------------------------+

  +----------------------------------------------------------------------+
  |                                                  category |    spend |
  |                                 direct pcr lysis reagents |  2292.47 |
  |----------------------------------------------------------------------|
  |                                   n                                  |
  |                                  11                                  |
  +----------------------------------------------------------------------+

  +----------------------------------------------------------------------+
  |                                                  category |    spend |
  |                                         ammonium chloride |  2240.87 |
  |----------------------------------------------------------------------|
  |                                   n                                  |
  |                                  40                                  |
  +----------------------------------------------------------------------+

  +----------------------------------------------------------------------+
  |                                                  category |    spend |
  |                                               mouse serum |  2224.28 |
  |----------------------------------------------------------------------|
  |                                   n                                  |
  |                                  20                                  |
  +----------------------------------------------------------------------+

  +----------------------------------------------------------------------+
  |                                                  category |    spend |
  |                                pre-cast tris-tricine gels |  2224.09 |
  |----------------------------------------------------------------------|
  |                                   n                                  |
  |                                  34                                  |
  +----------------------------------------------------------------------+

  +----------------------------------------------------------------------+
  |                                                  category |    spend |
  |                                            sodium hydride |  2174.63 |
  |----------------------------------------------------------------------|
  |                                   n                                  |
  |                                  16                                  |
  +----------------------------------------------------------------------+

  +----------------------------------------------------------------------+
  |                                                  category |    spend |
  |                                      crystallizing dishes |  2078.29 |
  |----------------------------------------------------------------------|
  |                                   n                                  |
  |                                  12                                  |
  +----------------------------------------------------------------------+

  +----------------------------------------------------------------------+
  |                                                  category |    spend |
  |                                          ammonium acetate |  2043.08 |
  |----------------------------------------------------------------------|
  |                                   n                                  |
  |                                  31                                  |
  +----------------------------------------------------------------------+

  +----------------------------------------------------------------------+
  |                                                  category |    spend |
  |                                              sodium azide |  2013.89 |
  |----------------------------------------------------------------------|
  |                                   n                                  |
  |                                  41                                  |
  +----------------------------------------------------------------------+

  +----------------------------------------------------------------------+
  |                                                  category |    spend |
  |                                capped mrna synthesis kits |  1989.32 |
  |----------------------------------------------------------------------|
  |                                   n                                  |
  |                                   7                                  |
  +----------------------------------------------------------------------+

  +----------------------------------------------------------------------+
  |                                                  category |    spend |
  |                                                spermidine |  1983.54 |
  |----------------------------------------------------------------------|
  |                                   n                                  |
  |                                  30                                  |
  +----------------------------------------------------------------------+

  +----------------------------------------------------------------------+
  |                                                  category |    spend |
  |                                               horse serum |  1947.07 |
  |----------------------------------------------------------------------|
  |                                   n                                  |
  |                                  33                                  |
  +----------------------------------------------------------------------+

  +----------------------------------------------------------------------+
  |                                                  category |    spend |
  |                            colorimetric substrates - onpg |  1903.25 |
  |----------------------------------------------------------------------|
  |                                   n                                  |
  |                                  36                                  |
  +----------------------------------------------------------------------+

  +----------------------------------------------------------------------+
  |                                                  category |    spend |
  |                 flash chromatography columns - silica gel |   1845.9 |
  |----------------------------------------------------------------------|
  |                                   n                                  |
  |                                  11                                  |
  +----------------------------------------------------------------------+

  +----------------------------------------------------------------------+
  |                                                  category |    spend |
  |                                     tris-edta (te) buffer |  1843.51 |
  |----------------------------------------------------------------------|
  |                                   n                                  |
  |                                  41                                  |
  +----------------------------------------------------------------------+

  +----------------------------------------------------------------------+
  |                                                  category |    spend |
  |                           alphascreen proximity assay kit |  1685.52 |
  |----------------------------------------------------------------------|
  |                                   n                                  |
  |                                   5                                  |
  +----------------------------------------------------------------------+

  +----------------------------------------------------------------------+
  |                                                  category |    spend |
  |                                     tetrahydrofuran (thf) |  1683.26 |
  |----------------------------------------------------------------------|
  |                                   n                                  |
  |                                  28                                  |
  +----------------------------------------------------------------------+

  +----------------------------------------------------------------------+
  |                                                  category |    spend |
  |                                               citric acid |  1578.81 |
  |----------------------------------------------------------------------|
  |                                   n                                  |
  |                                  43                                  |
  +----------------------------------------------------------------------+

  +----------------------------------------------------------------------+
  |                                                  category |    spend |
  |                                               formic acid |  1442.71 |
  |----------------------------------------------------------------------|
  |                                   n                                  |
  |                                  30                                  |
  +----------------------------------------------------------------------+

  +----------------------------------------------------------------------+
  |                                                  category |    spend |
  |                                          sodium carbonate |  1342.06 |
  |----------------------------------------------------------------------|
  |                                   n                                  |
  |                                  20                                  |
  +----------------------------------------------------------------------+

  +----------------------------------------------------------------------+
  |                                                  category |    spend |
  |                                       extraction thimbles |  1179.69 |
  |----------------------------------------------------------------------|
  |                                   n                                  |
  |                                  12                                  |
  +----------------------------------------------------------------------+

  +----------------------------------------------------------------------+
  |                                                  category |    spend |
  |                                     laemmli sample buffer |  1036.42 |
  |----------------------------------------------------------------------|
  |                                   n                                  |
  |                                  47                                  |
  +----------------------------------------------------------------------+

  +----------------------------------------------------------------------+
  |                                                  category |    spend |
  |                                         lds sample buffer |  1030.74 |
  |----------------------------------------------------------------------|
  |                                   n                                  |
  |                                  34                                  |
  +----------------------------------------------------------------------+

  +----------------------------------------------------------------------+
  |                                                  category |    spend |
  |                                       potassium carbonate |   993.91 |
  |----------------------------------------------------------------------|
  |                                   n                                  |
  |                                  16                                  |
  +----------------------------------------------------------------------+

  +----------------------------------------------------------------------+
  |                                                  category |    spend |
  |                                             zinc chloride |   732.64 |
  |----------------------------------------------------------------------|
  |                                   n                                  |
  |                                  20                                  |
  +----------------------------------------------------------------------+

  +----------------------------------------------------------------------+
  |                                                  category |    spend |
  |                                            carbon dioxide |   621.26 |
  |----------------------------------------------------------------------|
  |                                   n                                  |
  |                                  11                                  |
  +----------------------------------------------------------------------+

. 
end of do-file
