
  ___  ____  ____  ____  ____ ©
 /__    /   ____/   /   ____/      17.0
___/   /   /___/   /   /___/       MP—Parallel Edition

 Statistics and Data Science       Copyright 1985-2021 StataCorp LLC
                                   StataCorp
                                   4905 Lakeway Drive
                                   College Station, Texas 77845 USA
                                   800-STATA-PC        https://www.stata.com
                                   979-696-4600        stata@stata.com

Stata license: 32-user 64-core network perpetual
Serial number: 501706311472
  Licensed to: Harvard Research Computing
               Cambridge MA

Notes:
      1. Stata is running in batch mode.
      2. Unicode is supported; see help unicode_advice.
      3. More than 2 billion observations are allowed; see help obs_advice.
      4. Maximum number of variables is set to 120,000; see help set_maxvar.

. do /tmp/scan_micro.do 

. set more off

. use output/cleaned_merged_fois, clear

. keep if keep == 1
(55,213 observations deleted)

. * explicit equipment/instrument keywords in clean_desc
. gen flag = ""
(185,262 missing values generated)

. foreach v in "microscope" "centrifuge" "spectrophotometer" "incubator" "therm
> ocycler" ///
>     "freezer" "refrigerator" "luminometer" "imager" "sonicator" "homogenizer"
>  ///
>     "shaker" "vortex" "stirrer" "balance " "ph meter" "rotor" "compressor" //
> /
>     "generator" "machine" "workstation" "blotter" "analyzer" "scanner" "print
> er" ///
>     "steponeplus" "viia7" "viia 7" "biosafety cabinet" "fume hood" "hvac" "cy
> cler" ///
>     "tirf mounted" "bead mill" "aspirator system" "tank row" "tirf " "fluorim
> eter" ///
>     "cabinet" "oven" "monitor" "lithography" "wafer" "tower" {
  2.     replace flag = flag + " `v'" if strpos(clean_desc, "`v'") > 0
  3. }
variable flag was str1 now str11
(36 real changes made)
(700 real changes made)
(0 real changes made)
(0 real changes made)
(0 real changes made)
(6 real changes made)
(0 real changes made)
(0 real changes made)
(1 real change made)
(0 real changes made)
(0 real changes made)
(2 real changes made)
(4 real changes made)
(5 real changes made)
(11 real changes made)
(1 real change made)
(0 real changes made)
(0 real changes made)
(0 real changes made)
(0 real changes made)
(0 real changes made)
(0 real changes made)
(0 real changes made)
(0 real changes made)
(0 real changes made)
variable flag was str11 now str12
(1 real change made)
(0 real changes made)
(0 real changes made)
(0 real changes made)
(0 real changes made)
(0 real changes made)
(0 real changes made)
variable flag was str12 now str13
(5 real changes made)
(1 real change made)
variable flag was str13 now str17
(1 real change made)
(2 real changes made)
variable flag was str17 now str19
(5 real changes made)
(3 real changes made)
(0 real changes made)
(0 real changes made)
(0 real changes made)
(0 real changes made)
(0 real changes made)
(0 real changes made)

. keep if flag != ""
(184,483 observations deleted)

. gsort -spend

. keep clean_desc category spend prediction_source similarity_score flag

. list in 1/30, sep(0) noobs ab(60)

  +---------------------------------------------------------------------------+
  | clean_desc                                                                |
  | microcentrifuge ro                                                        |
  |---------------------------------------------------------------------------|
  |       spend      |     prediction_source      |     similarity_score      |
  |     4303.76      |          Expert Model      |             .2446876      |
  |-----------------------------------------------+---------------------------|
  |                                   category    |                   flag    |
  |                      microcentrifuge tubes    |             centrifuge    |
  +---------------------------------------------------------------------------+

  +---------------------------------------------------------------------------+
  | clean_desc                                                                |
  | 0010 steponeplus real-time pcr system ab rc support                       |
  |---------------------------------------------------------------------------|
  |       spend      |     prediction_source      |     similarity_score      |
  |     3408.54      |          Market Rules      |             .0085937      |
  |-----------------------------------------------+---------------------------|
  |                                   category    |                   flag    |
  |                         primary antibodies    |            steponeplus    |
  +---------------------------------------------------------------------------+

  +---------------------------------------------------------------------------+
  | clean_desc                                                                |
  | 3lrow6-r-3l tank row (no dividers) (12 3l tanks                           |
  |---------------------------------------------------------------------------|
  |       spend      |     prediction_source      |     similarity_score      |
  |      3304.8      |          Market Rules      |             .0050562      |
  |-----------------------------------------------+---------------------------|
  |                                   category    |                   flag    |
  |   synthetic dna oligonucleotide - desalted    |               tank row    |
  +---------------------------------------------------------------------------+

  +---------------------------------------------------------------------------+
  | clean_desc                                                                |
  | value lab upright freezers 20.0 cu. ft.                                   |
  |---------------------------------------------------------------------------|
  |       spend      |     prediction_source      |     similarity_score      |
  |        2330      |          Expert Model      |             .2572141      |
  |-----------------------------------------------+---------------------------|
  |                                   category    |                   flag    |
  |                                  lab coats    |                freezer    |
  +---------------------------------------------------------------------------+

  +---------------------------------------------------------------------------+
  | clean_desc                                                                |
  | et495/25x zt502rdc-uf2 91032 nikon te2000/ti tirf mounted                 |
  |---------------------------------------------------------------------------|
  |       spend      |     prediction_source      |     similarity_score      |
  |        1475      |          Market Rules      |             .0023971      |
  |-----------------------------------------------+---------------------------|
  |                                   category    |                   flag    |
  |   synthetic dna oligonucleotide - desalted    |     tirf mounted tirf     |
  +---------------------------------------------------------------------------+

  +---------------------------------------------------------------------------+
  | clean_desc                                                                |
  | scientific bead mill                                                      |
  |---------------------------------------------------------------------------|
  |       spend      |     prediction_source      |     similarity_score      |
  |     1412.46      |          Market Rules      |             .0075569      |
  |-----------------------------------------------+---------------------------|
  |                                   category    |                   flag    |
  |   synthetic dna oligonucleotide - desalted    |              bead mill    |
  +---------------------------------------------------------------------------+

  +---------------------------------------------------------------------------+
  | clean_desc                                                                |
  | zet365/20x zt365bcm-uf2 91032 nikon te2000/ti tirf mounted                |
  |---------------------------------------------------------------------------|
  |       spend      |     prediction_source      |     similarity_score      |
  |        1325      |          Market Rules      |             .0016696      |
  |-----------------------------------------------+---------------------------|
  |                                   category    |                   flag    |
  |   synthetic dna oligonucleotide - desalted    |     tirf mounted tirf     |
  +---------------------------------------------------------------------------+

  +---------------------------------------------------------------------------+
  | clean_desc                                                                |
  | et480/30x zt488rdc-uf2 91032 nikon te2000/ti tirf mounted                 |
  |---------------------------------------------------------------------------|
  |       spend      |     prediction_source      |     similarity_score      |
  |        1275      |          Market Rules      |             .0022875      |
  |-----------------------------------------------+---------------------------|
  |                                   category    |                   flag    |
  |   synthetic dna oligonucleotide - desalted    |     tirf mounted tirf     |
  +---------------------------------------------------------------------------+

  +---------------------------------------------------------------------------+
  | clean_desc                                                                |
  | zet635/20x zt647rdc-uf2 91032 nikon te2000/ti tirf mounted                |
  |---------------------------------------------------------------------------|
  |       spend      |     prediction_source      |     similarity_score      |
  |        1275      |          Market Rules      |              .001675      |
  |-----------------------------------------------+---------------------------|
  |                                   category    |                   flag    |
  |   synthetic dna oligonucleotide - desalted    |     tirf mounted tirf     |
  +---------------------------------------------------------------------------+

  +---------------------------------------------------------------------------+
  | clean_desc                                                                |
  | et555/20x zt561rdc-uf2 91032 nikon te2000/ti tirf mounted                 |
  |---------------------------------------------------------------------------|
  |       spend      |     prediction_source      |     similarity_score      |
  |        1275      |          Market Rules      |             .0017147      |
  |-----------------------------------------------+---------------------------|
  |                                   category    |                   flag    |
  |   synthetic dna oligonucleotide - desalted    |     tirf mounted tirf     |
  +---------------------------------------------------------------------------+

  +---------------------------------------------------------------------------+
  | clean_desc                                                                |
  | b- e-vac aspirator system barbed tube                                     |
  |---------------------------------------------------------------------------|
  |       spend      |     prediction_source      |     similarity_score      |
  |        1163      |          Market Rules      |             .0144086      |
  |-----------------------------------------------+---------------------------|
  |                                   category    |                   flag    |
  |   synthetic dna oligonucleotide - desalted    |       aspirator system    |
  +---------------------------------------------------------------------------+

  +---------------------------------------------------------------------------+
  | clean_desc                                                                |
  | product microscope slides diamond white glass charged 90 ground edges f.. |
  |---------------------------------------------------------------------------|
  |       spend      |     prediction_source      |     similarity_score      |
  |      756.04      |          Market Rules      |             .3171726      |
  |-----------------------------------------------+---------------------------|
  |                                   category    |                   flag    |
  |                          microscope slides    |             microscope    |
  +---------------------------------------------------------------------------+

  +---------------------------------------------------------------------------+
  | clean_desc                                                                |
  | 10lrow6-r-10l tank row (6 10l tanks valve                                 |
  |---------------------------------------------------------------------------|
  |       spend      |     prediction_source      |     similarity_score      |
  |       705.6      |          Market Rules      |             .0034733      |
  |-----------------------------------------------+---------------------------|
  |                                   category    |                   flag    |
  |   synthetic dna oligonucleotide - desalted    |               tank row    |
  +---------------------------------------------------------------------------+

  +---------------------------------------------------------------------------+
  | clean_desc                                                                |
  | microcentrifuge galaxy 7d                                                 |
  |---------------------------------------------------------------------------|
  |       spend      |     prediction_source      |     similarity_score      |
  |      691.13      |          Expert Model      |             .2614067      |
  |-----------------------------------------------+---------------------------|
  |                                   category    |                   flag    |
  |                      microcentrifuge tubes    |             centrifuge    |
  +---------------------------------------------------------------------------+

  +---------------------------------------------------------------------------+
  | clean_desc                                                                |
  | c2170 posi-click 1.7ml microcentrifuge tube natural color                 |
  |---------------------------------------------------------------------------|
  |       spend      |     prediction_source      |     similarity_score      |
  |       684.8      |          Market Rules      |             .5195404      |
  |-----------------------------------------------+---------------------------|
  |                                   category    |                   flag    |
  |                      microcentrifuge tubes    |             centrifuge    |
  +---------------------------------------------------------------------------+

  +---------------------------------------------------------------------------+
  | clean_desc                                                                |
  | e4530 luciferase assay system freezer                                     |
  |---------------------------------------------------------------------------|
  |       spend      |     prediction_source      |     similarity_score      |
  |         684      |          Market Rules      |             .5526249      |
  |-----------------------------------------------+---------------------------|
  |                                   category    |                   flag    |
  |                  bioluminescence assay kit    |                freezer    |
  +---------------------------------------------------------------------------+

  +---------------------------------------------------------------------------+
  | clean_desc                                                                |
  | freezer drawer rack multip                                                |
  |---------------------------------------------------------------------------|
  |       spend      |     prediction_source      |     similarity_score      |
  |       581.5      |          Market Rules      |             .1391852      |
  |-----------------------------------------------+---------------------------|
  |                                   category    |                   flag    |
  |                               pipette tips    |                freezer    |
  +---------------------------------------------------------------------------+

  +---------------------------------------------------------------------------+
  | clean_desc                                                                |
  | asi supreme frosted glass microscope slides positive charge inner packs.. |
  |---------------------------------------------------------------------------|
  |       spend      |     prediction_source      |     similarity_score      |
  |         507      |          Market Rules      |             .2162257      |
  |-----------------------------------------------+---------------------------|
  |                                   category    |                   flag    |
  |                          microscope slides    |             microscope    |
  +---------------------------------------------------------------------------+

  +---------------------------------------------------------------------------+
  | clean_desc                                                                |
  | stirrer disp                                                              |
  |---------------------------------------------------------------------------|
  |       spend      |     prediction_source      |     similarity_score      |
  |      501.42      |               Non-Lab      |                    .      |
  |-----------------------------------------------+---------------------------|
  |                                   category    |                   flag    |
  |                                  stir bars    |                stirrer    |
  +---------------------------------------------------------------------------+

  +---------------------------------------------------------------------------+
  | clean_desc                                                                |
  | siliconized low-retention microcentrifuge tubes                           |
  |---------------------------------------------------------------------------|
  |       spend      |     prediction_source      |     similarity_score      |
  |         456      |          Market Rules      |             .2165797      |
  |-----------------------------------------------+---------------------------|
  |                                   category    |                   flag    |
  |                      microcentrifuge tubes    |             centrifuge    |
  +---------------------------------------------------------------------------+

  +---------------------------------------------------------------------------+
  | clean_desc                                                                |
  | minimixer 3d shaker nutator                                               |
  |---------------------------------------------------------------------------|
  |       spend      |     prediction_source      |     similarity_score      |
  |       444.5      |          Market Rules      |             .0017593      |
  |-----------------------------------------------+---------------------------|
  |                                   category    |                   flag    |
  |   synthetic dna oligonucleotide - desalted    |                 shaker    |
  +---------------------------------------------------------------------------+

  +---------------------------------------------------------------------------+
  | clean_desc                                                                |
  | 1.5ml micro centrifuge tube sterile 5000/ca                               |
  |---------------------------------------------------------------------------|
  |       spend      |     prediction_source      |     similarity_score      |
  |      441.25      |          Market Rules      |             .5351766      |
  |-----------------------------------------------+---------------------------|
  |                                   category    |                   flag    |
  |                      microcentrifuge tubes    |             centrifuge    |
  +---------------------------------------------------------------------------+

  +---------------------------------------------------------------------------+
  | clean_desc                                                                |
  | vortex mixer-standard                                                     |
  |---------------------------------------------------------------------------|
  |       spend      |     prediction_source      |     similarity_score      |
  |         430      |          Market Rules      |              .107152      |
  |-----------------------------------------------+---------------------------|
  |                                   category    |                   flag    |
  |   synthetic dna oligonucleotide - desalted    |                 vortex    |
  +---------------------------------------------------------------------------+

  +---------------------------------------------------------------------------+
  | clean_desc                                                                |
  | genemate ph meter-only kit                                                |
  |---------------------------------------------------------------------------|
  |       spend      |     prediction_source      |     similarity_score      |
  |      410.97      |          Market Rules      |             .0011899      |
  |-----------------------------------------------+---------------------------|
  |                                   category    |                   flag    |
  |   synthetic dna oligonucleotide - desalted    |               ph meter    |
  +---------------------------------------------------------------------------+

  +---------------------------------------------------------------------------+
  | clean_desc                                                                |
  | 2.0ml snaplock microcentrifuge tube clear boil proof 500/bg               |
  |---------------------------------------------------------------------------|
  |       spend      |     prediction_source      |     similarity_score      |
  |       409.5      |          Market Rules      |             .4096232      |
  |-----------------------------------------------+---------------------------|
  |                                   category    |                   flag    |
  |                      microcentrifuge tubes    |             centrifuge    |
  +---------------------------------------------------------------------------+

  +---------------------------------------------------------------------------+
  | clean_desc                                                                |
  | 5ml centrifuge tubes snap cap                                             |
  |---------------------------------------------------------------------------|
  |       spend      |     prediction_source      |     similarity_score      |
  |       408.8      |          Market Rules      |             .2711862      |
  |-----------------------------------------------+---------------------------|
  |                                   category    |                   flag    |
  |                      microcentrifuge tubes    |             centrifuge    |
  +---------------------------------------------------------------------------+

  +---------------------------------------------------------------------------+
  | clean_desc                                                                |
  | mct- c-s axygen 1.5ml snaplock microcentrifuge tube polypropylene clear.. |
  |---------------------------------------------------------------------------|
  |       spend      |     prediction_source      |     similarity_score      |
  |      374.94      |          Market Rules      |             .5444275      |
  |-----------------------------------------------+---------------------------|
  |                                   category    |                   flag    |
  |                      microcentrifuge tubes    |             centrifuge    |
  +---------------------------------------------------------------------------+

  +---------------------------------------------------------------------------+
  | clean_desc                                                                |
  | 1.5ml microcentrifuge tubes,                                              |
  |---------------------------------------------------------------------------|
  |       spend      |     prediction_source      |     similarity_score      |
  |         363      |          Market Rules      |              .552892      |
  |-----------------------------------------------+---------------------------|
  |                                   category    |                   flag    |
  |                      microcentrifuge tubes    |             centrifuge    |
  +---------------------------------------------------------------------------+

  +---------------------------------------------------------------------------+
  | clean_desc                                                                |
  | 2.0ml microcentrifuge tubes natural                                       |
  |---------------------------------------------------------------------------|
  |       spend      |     prediction_source      |     similarity_score      |
  |         344      |          Market Rules      |              .337924      |
  |-----------------------------------------------+---------------------------|
  |                                   category    |                   flag    |
  |                      microcentrifuge tubes    |             centrifuge    |
  +---------------------------------------------------------------------------+

  +---------------------------------------------------------------------------+
  | clean_desc                                                                |
  | sm2575 asi supreme frosted glass microscope slides positive charge inne.. |
  |---------------------------------------------------------------------------|
  |       spend      |     prediction_source      |     similarity_score      |
  |       339.9      |          Market Rules      |             .2162257      |
  |-----------------------------------------------+---------------------------|
  |                                   category    |                   flag    |
  |                          microscope slides    |             microscope    |
  +---------------------------------------------------------------------------+

. qui sum spend

. di "TOTAL EQUIPMENT-LIKE spend: " r(sum) "  N=" r(N)
TOTAL EQUIPMENT-LIKE spend: 85837.11  N=713

. 
end of do-file
