
  ___  ____  ____  ____  ____ ©
 /__    /   ____/   /   ____/      17.0
___/   /   /___/   /   /___/       MP—Parallel Edition

 Statistics and Data Science       Copyright 1985-2021 StataCorp LLC
                                   StataCorp
                                   4905 Lakeway Drive
                                   College Station, Texas 77845 USA
                                   800-STATA-PC        https://www.stata.com
                                   979-696-4600        stata@stata.com

Stata license: 32-user 64-core network perpetual
Serial number: 501706311472
  Licensed to: Harvard Research Computing
               Cambridge MA

Notes:
      1. Stata is running in batch mode.
      2. Unicode is supported; see help unicode_advice.
      3. More than 2 billion observations are allowed; see help obs_advice.
      4. Maximum number of variables is set to 120,000; see help set_maxvar.

. do /tmp/scan_high.do 

. set more off

. use output/cleaned_merged_fois, clear

. keep if keep == 1
(55,213 observations deleted)

. gsort -spend

. keep clean_desc category spend prediction_source similarity_score

. list in 1/80, sep(0) noobs ab(60)

  +---------------------------------------------------------------------------+
  | clean_desc                                                                |
  | sfm-400 basic- syringe stopped flow basic mixer (see attached -7 sole s.. |
  |---------------------------------------------------------------------------|
  |        spend     |     prediction_source      |     similarity_score      |
  |     26165.12     |          Market Rules      |             .3709532      |
  |---------------------------------------------------------------------------|
  |                                                 category                  |
  |                                                 syringes                  |
  +---------------------------------------------------------------------------+

  +---------------------------------------------------------------------------+
  | clean_desc                                                                |
  | chef- system. complete variable angle pfge system cooling module includ.. |
  |---------------------------------------------------------------------------|
  |        spend     |     prediction_source      |     similarity_score      |
  |     25892.57     |          Market Rules      |             .0530079      |
  |---------------------------------------------------------------------------|
  |                                                 category                  |
  |                 synthetic dna oligonucleotide - desalted                  |
  +---------------------------------------------------------------------------+

  +---------------------------------------------------------------------------+
  | clean_desc                                                                |
  | fetal bovine serum qualified usda-appro                                   |
  |---------------------------------------------------------------------------|
  |        spend     |     prediction_source      |     similarity_score      |
  |        16250     |          Market Rules      |             .7195523      |
  |---------------------------------------------------------------------------|
  |                                                 category                  |
  |                                                   us fbs                  |
  +---------------------------------------------------------------------------+

  +---------------------------------------------------------------------------+
  | clean_desc                                                                |
  | material cstgly description mission shrna custom glycerol clone           |
  |---------------------------------------------------------------------------|
  |        spend     |     prediction_source      |     similarity_score      |
  |        15050     |          Market Rules      |             .5761924      |
  |---------------------------------------------------------------------------|
  |                                                 category                  |
  |                                          synthetic shrna                  |
  +---------------------------------------------------------------------------+

  +---------------------------------------------------------------------------+
  | clean_desc                                                                |
  | syringe stopped flow                                                      |
  |---------------------------------------------------------------------------|
  |        spend     |     prediction_source      |     similarity_score      |
  |        14500     |          Market Rules      |             .6510529      |
  |---------------------------------------------------------------------------|
  |                                                 category                  |
  |                                                 syringes                  |
  +---------------------------------------------------------------------------+

  +---------------------------------------------------------------------------+
  | clean_desc                                                                |
  | s11150-fetal bovine serum premium 500ml                                   |
  |---------------------------------------------------------------------------|
  |        spend     |     prediction_source      |     similarity_score      |
  |        13920     |          Market Rules      |             .6968034      |
  |---------------------------------------------------------------------------|
  |                                                 category                  |
  |                                                   us fbs                  |
  +---------------------------------------------------------------------------+

  +---------------------------------------------------------------------------+
  | clean_desc                                                                |
  | nanodrop one spec cuvette                                                 |
  |---------------------------------------------------------------------------|
  |        spend     |     prediction_source      |     similarity_score      |
  |        11850     |          Market Rules      |             .4924948      |
  |---------------------------------------------------------------------------|
  |                                                 category                  |
  |                                                 cuvettes                  |
  +---------------------------------------------------------------------------+

  +---------------------------------------------------------------------------+
  | clean_desc                                                                |
  | nd onec step                                                              |
  |---------------------------------------------------------------------------|
  |        spend     |     prediction_source      |     similarity_score      |
  |     10095.71     |          Market Rules      |             .0013424      |
  |---------------------------------------------------------------------------|
  |                                                 category                  |
  |                 synthetic dna oligonucleotide - desalted                  |
  +---------------------------------------------------------------------------+

  +---------------------------------------------------------------------------+
  | clean_desc                                                                |
  | well plate xy stage controller                                            |
  |---------------------------------------------------------------------------|
  |        spend     |     prediction_source      |     similarity_score      |
  |         9950     |          Expert Model      |             .6431282      |
  |---------------------------------------------------------------------------|
  |                                                 category                  |
  |                                      cell culture plates                  |
  +---------------------------------------------------------------------------+

  +---------------------------------------------------------------------------+
  | clean_desc                                                                |
  | ethovision xt 11 base multiple arena modules video tracking system auto.. |
  |---------------------------------------------------------------------------|
  |        spend     |     prediction_source      |     similarity_score      |
  |         9100     |          Market Rules      |             .0300608      |
  |---------------------------------------------------------------------------|
  |                                                 category                  |
  |                                             pipette tips                  |
  +---------------------------------------------------------------------------+

  +---------------------------------------------------------------------------+
  | clean_desc                                                                |
  | number s11550 500ml fetal bovine serum premium select                     |
  |---------------------------------------------------------------------------|
  |        spend     |     prediction_source      |     similarity_score      |
  |     8347.199     |          Market Rules      |             .6956601      |
  |---------------------------------------------------------------------------|
  |                                                 category                  |
  |                                                   us fbs                  |
  +---------------------------------------------------------------------------+

  +---------------------------------------------------------------------------+
  | clean_desc                                                                |
  | s11550-fetal bovine serum premium select 500ml                            |
  |---------------------------------------------------------------------------|
  |        spend     |     prediction_source      |     similarity_score      |
  |         8160     |          Market Rules      |             .6888648      |
  |---------------------------------------------------------------------------|
  |                                                 category                  |
  |                                                   us fbs                  |
  +---------------------------------------------------------------------------+

  +---------------------------------------------------------------------------+
  | clean_desc                                                                |
  | h1030fbs specified lot (h1030) fetal calf serum                           |
  |---------------------------------------------------------------------------|
  |        spend     |     prediction_source      |     similarity_score      |
  |         8064     |          Market Rules      |             .3699643      |
  |---------------------------------------------------------------------------|
  |                                                 category                  |
  |                                                   us fbs                  |
  +---------------------------------------------------------------------------+

  +---------------------------------------------------------------------------+
  | clean_desc                                                                |
  | pump 11 elite infusion single syringe q-                                  |
  |---------------------------------------------------------------------------|
  |        spend     |     prediction_source      |     similarity_score      |
  |         7980     |          Expert Model      |             .4725288      |
  |---------------------------------------------------------------------------|
  |                                                 category                  |
  |                                                 syringes                  |
  +---------------------------------------------------------------------------+

  +---------------------------------------------------------------------------+
  | clean_desc                                                                |
  | benchmark fbs 500ml lot a66b00z                                           |
  |---------------------------------------------------------------------------|
  |        spend     |     prediction_source      |     similarity_score      |
  |         7800     |          Market Rules      |             .4030787      |
  |---------------------------------------------------------------------------|
  |                                                 category                  |
  |                                                   us fbs                  |
  +---------------------------------------------------------------------------+

  +---------------------------------------------------------------------------+
  | clean_desc                                                                |
  | fetal bovine serum qualified us origin                                    |
  |---------------------------------------------------------------------------|
  |        spend     |     prediction_source      |     similarity_score      |
  |         7644     |          Market Rules      |             .6944277      |
  |---------------------------------------------------------------------------|
  |                                                 category                  |
  |                                                   us fbs                  |
  +---------------------------------------------------------------------------+

  +---------------------------------------------------------------------------+
  | clean_desc                                                                |
  | fetal bovine serum qualified us origin                                    |
  |---------------------------------------------------------------------------|
  |        spend     |     prediction_source      |     similarity_score      |
  |       7429.2     |          Market Rules      |             .6944277      |
  |---------------------------------------------------------------------------|
  |                                                 category                  |
  |                                                   us fbs                  |
  +---------------------------------------------------------------------------+

  +---------------------------------------------------------------------------+
  | clean_desc                                                                |
  | sh3007003-defined fbs 500ml                                               |
  |---------------------------------------------------------------------------|
  |        spend     |     prediction_source      |     similarity_score      |
  |         7000     |          Market Rules      |             .5282812      |
  |---------------------------------------------------------------------------|
  |                                                 category                  |
  |                                                   us fbs                  |
  +---------------------------------------------------------------------------+

  +---------------------------------------------------------------------------+
  | clean_desc                                                                |
  | sh3007003-defined fbs 500ml                                               |
  |---------------------------------------------------------------------------|
  |        spend     |     prediction_source      |     similarity_score      |
  |      6718.32     |          Market Rules      |             .5282812      |
  |---------------------------------------------------------------------------|
  |                                                 category                  |
  |                                                   us fbs                  |
  +---------------------------------------------------------------------------+

  +---------------------------------------------------------------------------+
  | clean_desc                                                                |
  | /ecu-as-dv auto sampler 0.5 vial ad vendor                                |
  |---------------------------------------------------------------------------|
  |        spend     |     prediction_source      |     similarity_score      |
  |         6532     |          Market Rules      |             .4670252      |
  |---------------------------------------------------------------------------|
  |                                                 category                  |
  |                                                    vials                  |
  +---------------------------------------------------------------------------+

  +---------------------------------------------------------------------------+
  | clean_desc                                                                |
  | fbs usda approved                                                         |
  |---------------------------------------------------------------------------|
  |        spend     |     prediction_source      |     similarity_score      |
  |         6100     |          Market Rules      |               .54453      |
  |---------------------------------------------------------------------------|
  |                                                 category                  |
  |                                                   us fbs                  |
  +---------------------------------------------------------------------------+

  +---------------------------------------------------------------------------+
  | clean_desc                                                                |
  | olympus 100x oil objective super-apochromat coverslip-corrected           |
  |---------------------------------------------------------------------------|
  |        spend     |     prediction_source      |     similarity_score      |
  |         5940     |          Market Rules      |             .0044291      |
  |---------------------------------------------------------------------------|
  |                                                 category                  |
  |                 synthetic dna oligonucleotide - desalted                  |
  +---------------------------------------------------------------------------+

  +---------------------------------------------------------------------------+
  | clean_desc                                                                |
  | fbs usda appd. origin                                                     |
  |---------------------------------------------------------------------------|
  |        spend     |     prediction_source      |     similarity_score      |
  |         5300     |          Market Rules      |             .5393351      |
  |---------------------------------------------------------------------------|
  |                                                 category                  |
  |                                                   us fbs                  |
  +---------------------------------------------------------------------------+

  +---------------------------------------------------------------------------+
  | clean_desc                                                                |
  | s11150 fetal bovine serum (fbs)                                           |
  |---------------------------------------------------------------------------|
  |        spend     |     prediction_source      |     similarity_score      |
  |      5241.84     |          Market Rules      |             .8507096      |
  |---------------------------------------------------------------------------|
  |                                                 category                  |
  |                                                   us fbs                  |
  +---------------------------------------------------------------------------+

  +---------------------------------------------------------------------------+
  | clean_desc                                                                |
  | 500ml-benchmark fbs                                                       |
  |---------------------------------------------------------------------------|
  |        spend     |     prediction_source      |     similarity_score      |
  |         5184     |          Market Rules      |             .4087054      |
  |---------------------------------------------------------------------------|
  |                                                 category                  |
  |                                                   us fbs                  |
  +---------------------------------------------------------------------------+

  +---------------------------------------------------------------------------+
  | clean_desc                                                                |
  | p1126 1000ul filter tips -960 per                                         |
  |---------------------------------------------------------------------------|
  |        spend     |     prediction_source      |     similarity_score      |
  |         4950     |          Market Rules      |             .5542536      |
  |---------------------------------------------------------------------------|
  |                                                 category                  |
  |                                             pipette tips                  |
  +---------------------------------------------------------------------------+

  +---------------------------------------------------------------------------+
  | clean_desc                                                                |
  | fly vials wd ps blk                                                       |
  |---------------------------------------------------------------------------|
  |        spend     |     prediction_source      |     similarity_score      |
  |       4889.4     |          Expert Model      |             .4228011      |
  |---------------------------------------------------------------------------|
  |                                                 category                  |
  |                                                    vials                  |
  +---------------------------------------------------------------------------+

  +---------------------------------------------------------------------------+
  | clean_desc                                                                |
  | radiant sybr green 2x lo-rox qpcr kit 35 reactions 350ml total q5629      |
  |---------------------------------------------------------------------------|
  |        spend     |     prediction_source      |     similarity_score      |
  |         4865     |          Market Rules      |             .5886295      |
  |---------------------------------------------------------------------------|
  |                                                 category                  |
  |                                   dye-based qpcr systems                  |
  +---------------------------------------------------------------------------+

  +---------------------------------------------------------------------------+
  | clean_desc                                                                |
  | radiant green 2x lo-rox qpcr kit zzz1                                     |
  |---------------------------------------------------------------------------|
  |        spend     |     prediction_source      |     similarity_score      |
  |         4865     |          Market Rules      |             .2869476      |
  |---------------------------------------------------------------------------|
  |                                                 category                  |
  |                                   dye-based qpcr systems                  |
  +---------------------------------------------------------------------------+

  +---------------------------------------------------------------------------+
  | clean_desc                                                                |
  | fbs-usda approved 500ml                                                   |
  |---------------------------------------------------------------------------|
  |        spend     |     prediction_source      |     similarity_score      |
  |         4800     |          Market Rules      |             .5328192      |
  |---------------------------------------------------------------------------|
  |                                                 category                  |
  |                                                   us fbs                  |
  +---------------------------------------------------------------------------+

  +---------------------------------------------------------------------------+
  | clean_desc                                                                |
  | fbs qualified usa origin-reserve                                          |
  |---------------------------------------------------------------------------|
  |        spend     |     prediction_source      |     similarity_score      |
  |         4784     |          Market Rules      |             .4877581      |
  |---------------------------------------------------------------------------|
  |                                                 category                  |
  |                                                   us fbs                  |
  +---------------------------------------------------------------------------+

  +---------------------------------------------------------------------------+
  | clean_desc                                                                |
  | 48 bottles fbs premium (s11150) buy get free. free                        |
  |---------------------------------------------------------------------------|
  |        spend     |     prediction_source      |     similarity_score      |
  |         4752     |          Market Rules      |             .4352541      |
  |---------------------------------------------------------------------------|
  |                                                 category                  |
  |                                                   us fbs                  |
  +---------------------------------------------------------------------------+

  +---------------------------------------------------------------------------+
  | clean_desc                                                                |
  | fetal bovine serum qualified usda-approved regions                        |
  |---------------------------------------------------------------------------|
  |        spend     |     prediction_source      |     similarity_score      |
  |       4728.4     |          Market Rules      |             .7232903      |
  |---------------------------------------------------------------------------|
  |                                                 category                  |
  |                                                   us fbs                  |
  +---------------------------------------------------------------------------+

  +---------------------------------------------------------------------------+
  | clean_desc                                                                |
  | fetal bovine serum usda approved countriesbatch number 12c483             |
  |---------------------------------------------------------------------------|
  |        spend     |     prediction_source      |     similarity_score      |
  |       4725.6     |          Market Rules      |             .7172928      |
  |---------------------------------------------------------------------------|
  |                                                 category                  |
  |                                                   us fbs                  |
  +---------------------------------------------------------------------------+

  +---------------------------------------------------------------------------+
  | clean_desc                                                                |
  | corning(r) cellstack(tm) culture chambe                                   |
  |---------------------------------------------------------------------------|
  |        spend     |     prediction_source      |     similarity_score      |
  |         4576     |          Expert Model      |             .2778835      |
  |---------------------------------------------------------------------------|
  |                                                 category                  |
  |                                      cell culture flasks                  |
  +---------------------------------------------------------------------------+

  +---------------------------------------------------------------------------+
  | clean_desc                                                                |
  | sh3007003-defined fbs 500ml. -78                                          |
  |---------------------------------------------------------------------------|
  |        spend     |     prediction_source      |     similarity_score      |
  |       4564.8     |          Market Rules      |             .5236718      |
  |---------------------------------------------------------------------------|
  |                                                 category                  |
  |                                                   us fbs                  |
  +---------------------------------------------------------------------------+

  +---------------------------------------------------------------------------+
  | clean_desc                                                                |
  | kapa sybr fast universal 2x qpcr master mix 5ml                           |
  |---------------------------------------------------------------------------|
  |        spend     |     prediction_source      |     similarity_score      |
  |         4500     |          Market Rules      |             .6555263      |
  |---------------------------------------------------------------------------|
  |                                                 category                  |
  |                                   dye-based qpcr systems                  |
  +---------------------------------------------------------------------------+

  +---------------------------------------------------------------------------+
  | clean_desc                                                                |
  | 2003phd 22/2000 syringe pump infusion 6/10 multi-syringe rack standard .. |
  |---------------------------------------------------------------------------|
  |        spend     |     prediction_source      |     similarity_score      |
  |         4452     |          Expert Model      |             .5365101      |
  |---------------------------------------------------------------------------|
  |                                                 category                  |
  |                                                 syringes                  |
  +---------------------------------------------------------------------------+

  +---------------------------------------------------------------------------+
  | clean_desc                                                                |
  | fetal bovine serum-premium 500ml lot number t.b.d.                        |
  |---------------------------------------------------------------------------|
  |        spend     |     prediction_source      |     similarity_score      |
  |       4420.8     |          Market Rules      |             .6920235      |
  |---------------------------------------------------------------------------|
  |                                                 category                  |
  |                                                   us fbs                  |
  +---------------------------------------------------------------------------+

  +---------------------------------------------------------------------------+
  | clean_desc                                                                |
  | sodium acetate (1, 13c2 d3                                                |
  |---------------------------------------------------------------------------|
  |        spend     |     prediction_source      |     similarity_score      |
  |         4350     |          Expert Model      |             .9575394      |
  |---------------------------------------------------------------------------|
  |                                                 category                  |
  |                                           sodium acetate                  |
  +---------------------------------------------------------------------------+

  +---------------------------------------------------------------------------+
  | clean_desc                                                                |
  | fetal bovine serum usa origin sterile- sterile                            |
  |---------------------------------------------------------------------------|
  |        spend     |     prediction_source      |     similarity_score      |
  |         4308     |          Market Rules      |             .6752484      |
  |---------------------------------------------------------------------------|
  |                                                 category                  |
  |                                                   us fbs                  |
  +---------------------------------------------------------------------------+

  +---------------------------------------------------------------------------+
  | clean_desc                                                                |
  | microcentrifuge ro                                                        |
  |---------------------------------------------------------------------------|
  |        spend     |     prediction_source      |     similarity_score      |
  |      4303.76     |          Expert Model      |             .2446876      |
  |---------------------------------------------------------------------------|
  |                                                 category                  |
  |                                    microcentrifuge tubes                  |
  +---------------------------------------------------------------------------+

  +---------------------------------------------------------------------------+
  | clean_desc                                                                |
  | s11150 fetal bovine serum premium                                         |
  |---------------------------------------------------------------------------|
  |        spend     |     prediction_source      |     similarity_score      |
  |      4244.04     |          Market Rules      |             .6834858      |
  |---------------------------------------------------------------------------|
  |                                                 category                  |
  |                                                   us fbs                  |
  +---------------------------------------------------------------------------+

  +---------------------------------------------------------------------------+
  | clean_desc                                                                |
  | s11550h e17066 500ml fetal bovine serum premium select heat inactivated   |
  |---------------------------------------------------------------------------|
  |        spend     |     prediction_source      |     similarity_score      |
  |         4200     |          Market Rules      |             .6776344      |
  |---------------------------------------------------------------------------|
  |                                                 category                  |
  |                                                   us fbs                  |
  +---------------------------------------------------------------------------+

  +---------------------------------------------------------------------------+
  | clean_desc                                                                |
  | fetal bovine serum premium t.b.d 500ml                                    |
  |---------------------------------------------------------------------------|
  |        spend     |     prediction_source      |     similarity_score      |
  |         4200     |          Market Rules      |             .7110262      |
  |---------------------------------------------------------------------------|
  |                                                 category                  |
  |                                                   us fbs                  |
  +---------------------------------------------------------------------------+

  +---------------------------------------------------------------------------+
  | clean_desc                                                                |
  | fetal bovine serum-premium 500ml                                          |
  |---------------------------------------------------------------------------|
  |        spend     |     prediction_source      |     similarity_score      |
  |         4176     |          Market Rules      |             .7002875      |
  |---------------------------------------------------------------------------|
  |                                                 category                  |
  |                                                   us fbs                  |
  +---------------------------------------------------------------------------+

  +---------------------------------------------------------------------------+
  | clean_desc                                                                |
  | promo legend micro 21                                                     |
  |---------------------------------------------------------------------------|
  |        spend     |     prediction_source      |     similarity_score      |
  |         4175     |          Market Rules      |             .0137263      |
  |---------------------------------------------------------------------------|
  |                                                 category                  |
  |                 synthetic dna oligonucleotide - desalted                  |
  +---------------------------------------------------------------------------+

  +---------------------------------------------------------------------------+
  | clean_desc                                                                |
  | fetal bovine serum qualified usda-approved regions                        |
  |---------------------------------------------------------------------------|
  |        spend     |     prediction_source      |     similarity_score      |
  |       4151.4     |          Market Rules      |             .7232903      |
  |---------------------------------------------------------------------------|
  |                                                 category                  |
  |                                                   us fbs                  |
  +---------------------------------------------------------------------------+

  +---------------------------------------------------------------------------+
  | clean_desc                                                                |
  | number s11150                                                             |
  |---------------------------------------------------------------------------|
  |        spend     |     prediction_source      |     similarity_score      |
  |      4123.92     |               Non-Lab      |                    .      |
  |---------------------------------------------------------------------------|
  |                                                 category                  |
  |                                                   us fbs                  |
  +---------------------------------------------------------------------------+

  +---------------------------------------------------------------------------+
  | clean_desc                                                                |
  | h1030fbs specified lot (h1030) fetal calf serum (pricing quoted ian web.. |
  |---------------------------------------------------------------------------|
  |        spend     |     prediction_source      |     similarity_score      |
  |         4032     |          Market Rules      |             .3506944      |
  |---------------------------------------------------------------------------|
  |                                                 category                  |
  |                                                   us fbs                  |
  +---------------------------------------------------------------------------+

  +---------------------------------------------------------------------------+
  | clean_desc                                                                |
  | fetal bovine serum-premium 500ml                                          |
  |---------------------------------------------------------------------------|
  |        spend     |     prediction_source      |     similarity_score      |
  |      3824.04     |          Market Rules      |             .7002875      |
  |---------------------------------------------------------------------------|
  |                                                 category                  |
  |                                                   us fbs                  |
  +---------------------------------------------------------------------------+

  +---------------------------------------------------------------------------+
  | clean_desc                                                                |
  | fetal bovine serum certified us origin                                    |
  |---------------------------------------------------------------------------|
  |        spend     |     prediction_source      |     similarity_score      |
  |       3822.2     |          Market Rules      |             .6721553      |
  |---------------------------------------------------------------------------|
  |                                                 category                  |
  |                                                   us fbs                  |
  +---------------------------------------------------------------------------+

  +---------------------------------------------------------------------------+
  | clean_desc                                                                |
  | fetal bovine serum qualified us origin                                    |
  |---------------------------------------------------------------------------|
  |        spend     |     prediction_source      |     similarity_score      |
  |      3728.23     |          Market Rules      |             .7006597      |
  |---------------------------------------------------------------------------|
  |                                                 category                  |
  |                                                   us fbs                  |
  +---------------------------------------------------------------------------+

  +---------------------------------------------------------------------------+
  | clean_desc                                                                |
  | nc1203398 legend micro 17 vendor original number                          |
  |---------------------------------------------------------------------------|
  |        spend     |     prediction_source      |     similarity_score      |
  |      3636.39     |          Market Rules      |             .0100606      |
  |---------------------------------------------------------------------------|
  |                                                 category                  |
  |                 synthetic dna oligonucleotide - desalted                  |
  +---------------------------------------------------------------------------+

  +---------------------------------------------------------------------------+
  | clean_desc                                                                |
  | sh30070. fetal bovine serum                                               |
  |---------------------------------------------------------------------------|
  |        spend     |     prediction_source      |     similarity_score      |
  |      3632.64     |          Market Rules      |             .7112252      |
  |---------------------------------------------------------------------------|
  |                                                 category                  |
  |                                                   us fbs                  |
  +---------------------------------------------------------------------------+

  +---------------------------------------------------------------------------+
  | clean_desc                                                                |
  | fetal bovine serum heat inactivated                                       |
  |---------------------------------------------------------------------------|
  |        spend     |     prediction_source      |     similarity_score      |
  |         3600     |          Market Rules      |             .6335199      |
  |---------------------------------------------------------------------------|
  |                                                 category                  |
  |                                                   us fbs                  |
  +---------------------------------------------------------------------------+

  +---------------------------------------------------------------------------+
  | clean_desc                                                                |
  | s11150 fetal bovine serum premium                                         |
  |---------------------------------------------------------------------------|
  |        spend     |     prediction_source      |     similarity_score      |
  |         3600     |          Market Rules      |             .6834858      |
  |---------------------------------------------------------------------------|
  |                                                 category                  |
  |                                                   us fbs                  |
  +---------------------------------------------------------------------------+

  +---------------------------------------------------------------------------+
  | clean_desc                                                                |
  | qs2050 radianttm green hi-rox qpcr kit reactions                          |
  |---------------------------------------------------------------------------|
  |        spend     |     prediction_source      |     similarity_score      |
  |         3475     |          Market Rules      |             .2695208      |
  |---------------------------------------------------------------------------|
  |                                                 category                  |
  |                                   dye-based qpcr systems                  |
  +---------------------------------------------------------------------------+

  +---------------------------------------------------------------------------+
  | clean_desc                                                                |
  | kk4601 kapa sybr fast universal 2x qpcr master mix 5ml                    |
  |---------------------------------------------------------------------------|
  |        spend     |     prediction_source      |     similarity_score      |
  |         3465     |          Market Rules      |             .6400691      |
  |---------------------------------------------------------------------------|
  |                                                 category                  |
  |                                   dye-based qpcr systems                  |
  +---------------------------------------------------------------------------+

  +---------------------------------------------------------------------------+
  | clean_desc                                                                |
  | wide vials polystryene bulk /pallet                                       |
  |---------------------------------------------------------------------------|
  |        spend     |     prediction_source      |     similarity_score      |
  |       3420.3     |          Expert Model      |             .3229586      |
  |---------------------------------------------------------------------------|
  |                                                 category                  |
  |                                                    vials                  |
  +---------------------------------------------------------------------------+

  +---------------------------------------------------------------------------+
  | clean_desc                                                                |
  | 0010 steponeplus real-time pcr system ab rc support                       |
  |---------------------------------------------------------------------------|
  |        spend     |     prediction_source      |     similarity_score      |
  |      3408.54     |          Market Rules      |             .0085937      |
  |---------------------------------------------------------------------------|
  |                                                 category                  |
  |                                       primary antibodies                  |
  +---------------------------------------------------------------------------+

  +---------------------------------------------------------------------------+
  | clean_desc                                                                |
  | fast sybr green master mix                                                |
  |---------------------------------------------------------------------------|
  |        spend     |     prediction_source      |     similarity_score      |
  |         3395     |          Market Rules      |             .6852676      |
  |---------------------------------------------------------------------------|
  |                                                 category                  |
  |                                   dye-based qpcr systems                  |
  +---------------------------------------------------------------------------+

  +---------------------------------------------------------------------------+
  | clean_desc                                                                |
  | fetal bovine serum lot c1041                                              |
  |---------------------------------------------------------------------------|
  |        spend     |     prediction_source      |     similarity_score      |
  |         3384     |          Market Rules      |             .7005792      |
  |---------------------------------------------------------------------------|
  |                                                 category                  |
  |                                                   us fbs                  |
  +---------------------------------------------------------------------------+

  +---------------------------------------------------------------------------+
  | clean_desc                                                                |
  | fetal bovine serum lot c1041                                              |
  |---------------------------------------------------------------------------|
  |        spend     |     prediction_source      |     similarity_score      |
  |         3384     |          Market Rules      |             .7005792      |
  |---------------------------------------------------------------------------|
  |                                                 category                  |
  |                                                   us fbs                  |
  +---------------------------------------------------------------------------+

  +---------------------------------------------------------------------------+
  | clean_desc                                                                |
  | 3lrow6-r-3l tank row (no dividers) (12 3l tanks                           |
  |---------------------------------------------------------------------------|
  |        spend     |     prediction_source      |     similarity_score      |
  |       3304.8     |          Market Rules      |             .0050562      |
  |---------------------------------------------------------------------------|
  |                                                 category                  |
  |                 synthetic dna oligonucleotide - desalted                  |
  +---------------------------------------------------------------------------+

  +---------------------------------------------------------------------------+
  | clean_desc                                                                |
  | 500a07d benchmark fbs 500ml                                               |
  |---------------------------------------------------------------------------|
  |        spend     |     prediction_source      |     similarity_score      |
  |         3300     |          Market Rules      |             .4118731      |
  |---------------------------------------------------------------------------|
  |                                                 category                  |
  |                                                   us fbs                  |
  +---------------------------------------------------------------------------+

  +---------------------------------------------------------------------------+
  | clean_desc                                                                |
  | power sybr green pcr master mix                                           |
  |---------------------------------------------------------------------------|
  |        spend     |     prediction_source      |     similarity_score      |
  |       3239.6     |          Market Rules      |             .5029932      |
  |---------------------------------------------------------------------------|
  |                                                 category                  |
  |                                   dye-based qpcr systems                  |
  +---------------------------------------------------------------------------+

  +---------------------------------------------------------------------------+
  | clean_desc                                                                |
  | ms104ts                                                                   |
  |---------------------------------------------------------------------------|
  |        spend     |     prediction_source      |     similarity_score      |
  |      3221.64     |               Non-Lab      |                    .      |
  |---------------------------------------------------------------------------|
  |                                                 category                  |
  |                 synthetic dna oligonucleotide - desalted                  |
  +---------------------------------------------------------------------------+

  +---------------------------------------------------------------------------+
  | clean_desc                                                                |
  | power sybr green pcr master mix ml)                                       |
  |---------------------------------------------------------------------------|
  |        spend     |     prediction_source      |     similarity_score      |
  |       3208.4     |          Market Rules      |             .4982942      |
  |---------------------------------------------------------------------------|
  |                                                 category                  |
  |                                   dye-based qpcr systems                  |
  +---------------------------------------------------------------------------+

  +---------------------------------------------------------------------------+
  | clean_desc                                                                |
  | matrix 384 125ul                                                          |
  |---------------------------------------------------------------------------|
  |        spend     |     prediction_source      |     similarity_score      |
  |         3128     |               Non-Lab      |                    .      |
  |---------------------------------------------------------------------------|
  |                                                 category                  |
  |                                             pipette tips                  |
  +---------------------------------------------------------------------------+

  +---------------------------------------------------------------------------+
  | clean_desc                                                                |
  | power sybr green pcr master mix                                           |
  |---------------------------------------------------------------------------|
  |        spend     |     prediction_source      |     similarity_score      |
  |         3115     |          Market Rules      |             .5029932      |
  |---------------------------------------------------------------------------|
  |                                                 category                  |
  |                                   dye-based qpcr systems                  |
  +---------------------------------------------------------------------------+

  +---------------------------------------------------------------------------+
  | clean_desc                                                                |
  | matrix 384 30ul                                                           |
  |---------------------------------------------------------------------------|
  |        spend     |     prediction_source      |     similarity_score      |
  |         3112     |               Non-Lab      |                    .      |
  |---------------------------------------------------------------------------|
  |                                                 category                  |
  |                                             pipette tips                  |
  +---------------------------------------------------------------------------+

  +---------------------------------------------------------------------------+
  | clean_desc                                                                |
  | fetal bovine serum usa origin sterile- sterile                            |
  |---------------------------------------------------------------------------|
  |        spend     |     prediction_source      |     similarity_score      |
  |         3096     |          Market Rules      |             .6752484      |
  |---------------------------------------------------------------------------|
  |                                                 category                  |
  |                                                   us fbs                  |
  +---------------------------------------------------------------------------+

  +---------------------------------------------------------------------------+
  | clean_desc                                                                |
  | fetal bovine serum certified                                              |
  |---------------------------------------------------------------------------|
  |        spend     |     prediction_source      |     similarity_score      |
  |         3090     |          Market Rules      |             .6728811      |
  |---------------------------------------------------------------------------|
  |                                                 category                  |
  |                                                   us fbs                  |
  +---------------------------------------------------------------------------+

  +---------------------------------------------------------------------------+
  | clean_desc                                                                |
  | fetal bovine serum certified                                              |
  |---------------------------------------------------------------------------|
  |        spend     |     prediction_source      |     similarity_score      |
  |         3090     |          Market Rules      |             .6728811      |
  |---------------------------------------------------------------------------|
  |                                                 category                  |
  |                                                   us fbs                  |
  +---------------------------------------------------------------------------+

  +---------------------------------------------------------------------------+
  | clean_desc                                                                |
  | seaplaque agarose 125g                                                    |
  |---------------------------------------------------------------------------|
  |        spend     |     prediction_source      |     similarity_score      |
  |       3066.3     |          Expert Model      |             .7893819      |
  |---------------------------------------------------------------------------|
  |                                                 category                  |
  |                                                  agarose                  |
  +---------------------------------------------------------------------------+

  +---------------------------------------------------------------------------+
  | clean_desc                                                                |
  | powerupsybrgreen                                                          |
  |---------------------------------------------------------------------------|
  |        spend     |     prediction_source      |     similarity_score      |
  |         3060     |          Market Rules      |             .3915438      |
  |---------------------------------------------------------------------------|
  |                                                 category                  |
  |                                   dye-based qpcr systems                  |
  +---------------------------------------------------------------------------+

  +---------------------------------------------------------------------------+
  | clean_desc                                                                |
  | fetal bovine serum qualified us origin                                    |
  |---------------------------------------------------------------------------|
  |        spend     |     prediction_source      |     similarity_score      |
  |       3017.6     |          Market Rules      |             .7006597      |
  |---------------------------------------------------------------------------|
  |                                                 category                  |
  |                                                   us fbs                  |
  +---------------------------------------------------------------------------+

  +---------------------------------------------------------------------------+
  | clean_desc                                                                |
  | kk4601 kapa sybr fast universal 2x qpcr master mix 5ml                    |
  |---------------------------------------------------------------------------|
  |        spend     |     prediction_source      |     similarity_score      |
  |         3000     |          Market Rules      |             .6400691      |
  |---------------------------------------------------------------------------|
  |                                                 category                  |
  |                                   dye-based qpcr systems                  |
  +---------------------------------------------------------------------------+

  +---------------------------------------------------------------------------+
  | clean_desc                                                                |
  | s11150 fetal bovine serum premium                                         |
  |---------------------------------------------------------------------------|
  |        spend     |     prediction_source      |     similarity_score      |
  |         3000     |          Market Rules      |             .6834858      |
  |---------------------------------------------------------------------------|
  |                                                 category                  |
  |                                                   us fbs                  |
  +---------------------------------------------------------------------------+

. 
end of do-file
