
  ___  ____  ____  ____  ____ ©
 /__    /   ____/   /   ____/      17.0
___/   /   /___/   /   /___/       MP—Parallel Edition

 Statistics and Data Science       Copyright 1985-2021 StataCorp LLC
                                   StataCorp
                                   4905 Lakeway Drive
                                   College Station, Texas 77845 USA
                                   800-STATA-PC        https://www.stata.com
                                   979-696-4600        stata@stata.com

Stata license: 32-user 64-core network perpetual
Serial number: 501706311472
  Licensed to: Harvard Research Computing
               Cambridge MA

Notes:
      1. Stata is running in batch mode.
      2. Unicode is supported; see help unicode_advice.
      3. More than 2 billion observations are allowed; see help obs_advice.
      4. Maximum number of variables is set to 120,000; see help set_maxvar.

. do /tmp/scan_susp.do 

. set more off

. use output/cleaned_merged_fois, clear

. keep if keep == 1
(55,213 observations deleted)

. * flag suspicious clean_desc tokens that survived
. gen susp = 0

. foreach v in "service" "repair" "calibrat" "install" "rental" "lease" "warran
> ty" ///
>     "subscription" "license" "training" "consult" "shipping" "freight" ///
>     "labor" "hourly" "professional" "agreement" "contract" "estimate" "quote"
>  ///
>     "centrifuge" "microscope" "spectrometer" "spectrophotom" "fluorimeter" "f
> reezer" "refrigerator" ///
>     "incubator" "shaker" "vortex" "thermocycler" "luminometer" "imager" "scan
> ner" "printer" ///
>     "sonicator" "homogenizer" "balance" "scale" "ph meter" "stirrer" "pump" "
> dispenser" "extractor" ///
>     "manifold" "stand" "rack only" "holder" "platform" "stage" "objective" "l
> ens" "filter cube" ///
>     "macbook" "laptop" "computer" "ipad" "iphone" "monitor" "keyboard" "mouse
>  pad" ///
>     "chair" "stool" "cabinet" "bench" "freezer box" "storage box" "drawer" "s
> helf" ///
>     "gift card" "amazon.com" "uber" "lyft" "hotel" "airfare" "registration" "
> membership" ///
>     "book" "textbook" "journal" "paper towel" "kleenex" "trash bag" {
  2.     replace susp = 1 if strpos(clean_desc, "`v'") > 0
  3. }
(13 real changes made)
(46 real changes made)
(0 real changes made)
(0 real changes made)
(2 real changes made)
(0 real changes made)
(0 real changes made)
(0 real changes made)
(0 real changes made)
(0 real changes made)
(0 real changes made)
(5,891 real changes made)
(0 real changes made)
(127 real changes made)
(0 real changes made)
(0 real changes made)
(0 real changes made)
(3 real changes made)
(0 real changes made)
(92 real changes made)
(699 real changes made)
(36 real changes made)
(0 real changes made)
(22 real changes made)
(3 real changes made)
(6 real changes made)
(0 real changes made)
(0 real changes made)
(2 real changes made)
(4 real changes made)
(0 real changes made)
(0 real changes made)
(1 real change made)
(0 real changes made)
(0 real changes made)
(0 real changes made)
(0 real changes made)
(41 real changes made)
(10,030 real changes made)
(1 real change made)
(5 real changes made)
(8 real changes made)
(11 real changes made)
(4 real changes made)
(1 real change made)
(55,122 real changes made)
(0 real changes made)
(7 real changes made)
(0 real changes made)
(1 real change made)
(1 real change made)
(2 real changes made)
(0 real changes made)
(0 real changes made)
(0 real changes made)
(0 real changes made)
(1 real change made)
(0 real changes made)
(0 real changes made)
(0 real changes made)
(0 real changes made)
(0 real changes made)
(1 real change made)
(0 real changes made)
(53 real changes made)
(0 real changes made)
(1 real change made)
(0 real changes made)
(1 real change made)
(0 real changes made)
(0 real changes made)
(14 real changes made)
(0 real changes made)
(0 real changes made)
(0 real changes made)
(0 real changes made)
(0 real changes made)
(0 real changes made)
(0 real changes made)
(0 real changes made)
(0 real changes made)
(0 real changes made)
(0 real changes made)

. keep if susp == 1
(113,010 observations deleted)

. gcollapse (sum) spend (count) n=spend, by(category)

. gsort -spend

. list in 1/40, sep(0) noobs ab(50)

  +----------------------------------------------------------------+
  |                                    category      spend       n |
  |----------------------------------------------------------------|
  |    synthetic dna oligonucleotide - desalted   503804.5   68747 |
  |                    pre-designed qpcr assays   66271.15     442 |
  | pre-stained protein molecular-weight ladder   62643.73     284 |
  |                       microcentrifuge tubes   54660.25     644 |
  |                                      us fbs   41061.32      26 |
  |                             synthetic sirna   24653.65     142 |
  |                                pipette tips   15051.96      86 |
  |                                    syringes   14906.61      17 |
  |                         cell culture plates    9999.79       2 |
  |                             taq polymerases     9497.7      28 |
  |                           microscope slides    8056.99      30 |
  |                                    methanol    7447.47      75 |
  |                        serological pipettes    7131.03      51 |
  |                                petri dishes    6942.87      17 |
  |                        bovine serum albumin    6724.94      98 |
  |                          primary antibodies     6658.3      10 |
  |                                 isopropanol    4150.96      25 |
  |                                     agarose    3938.23      13 |
  |    synthetic dna oligonucleotide - purified    3778.26      75 |
  |                                   lab coats    2527.16       4 |
  |                                     xylenes     1939.2      24 |
  |                                   cryovials    1931.36      32 |
  |                                    cuvettes    1598.43       7 |
  |                      dye-based qpcr systems       1170       1 |
  |                                 weigh boats    1167.42      19 |
  | hanks' balanced salt solution (hbss) buffer    1123.46      29 |
  |                                   stir bars     903.57       5 |
  |                  pre-cast tris-glycine gels     875.04       7 |
  |         centrifugal ultrafiltration devices      795.3       8 |
  |                                  xray films     744.84       6 |
  |                     rapid dna ligation kits      715.5       1 |
  |                   bioluminescence assay kit        684       1 |
  |                              nitrile gloves     664.75       6 |
  |           column-based dna plasmid maxiprep        550       4 |
  |                       unstained dna ladders     545.21       4 |
  |                         cell culture dishes     536.02       4 |
  |                                    glycerol      477.4       9 |
  |                           erlenmeyer flasks     460.88       6 |
  |                         cell culture flasks     411.65       2 |
  |                                  coverslips     394.87       8 |
  +----------------------------------------------------------------+

. 
end of do-file
