
  ___  ____  ____  ____  ____ ©
 /__    /   ____/   /   ____/      17.0
___/   /   /___/   /   /___/       MP—Parallel Edition

 Statistics and Data Science       Copyright 1985-2021 StataCorp LLC
                                   StataCorp
                                   4905 Lakeway Drive
                                   College Station, Texas 77845 USA
                                   800-STATA-PC        https://www.stata.com
                                   979-696-4600        stata@stata.com

Stata license: 32-user 64-core network perpetual
Serial number: 501706311472
  Licensed to: Harvard Research Computing
               Cambridge MA

Notes:
      1. Stata is running in batch mode.
      2. Unicode is supported; see help unicode_advice.
      3. More than 2 billion observations are allowed; see help obs_advice.
      4. Maximum number of variables is set to 120,000; see help set_maxvar.

. do /tmp/scan_desc.do 

. set more off

. use output/cleaned_merged_fois, clear

. keep if keep == 1
(55,213 observations deleted)

. * highest single-spend lines (potential equipment misclassifications)
. gsort -spend

. keep clean_desc category spend price qty similarity_score prediction_source

. list in 1/60, sep(0) noobs ab(50)

  +---------------------------------------------------------------------------+
  | clean_desc                                                                |
  | sfm-400 basic- syringe stopped flow basic mixer (see attached -7 sole s.. |
  |---------------------------------------------------------------------------|
  |    price  |  qty  |     spend  |  prediction_source  |  similarity_score  |
  |  26165.1  |    1  |  26165.12  |       Market Rules  |          .3709532  |
  |---------------------------------------------------------------------------|
  |                                                 category                  |
  |                                                 syringes                  |
  +---------------------------------------------------------------------------+

  +---------------------------------------------------------------------------+
  | clean_desc                                                                |
  | chef- system. complete variable angle pfge system cooling module includ.. |
  |---------------------------------------------------------------------------|
  |    price  |  qty  |     spend  |  prediction_source  |  similarity_score  |
  |        .  |    .  |  25892.57  |       Market Rules  |          .0530079  |
  |---------------------------------------------------------------------------|
  |                                                 category                  |
  |                 synthetic dna oligonucleotide - desalted                  |
  +---------------------------------------------------------------------------+

  +---------------------------------------------------------------------------+
  | clean_desc                                                                |
  | fetal bovine serum qualified usda-appro                                   |
  |---------------------------------------------------------------------------|
  |    price  |  qty  |     spend  |  prediction_source  |  similarity_score  |
  |      325  |   50  |     16250  |       Market Rules  |          .7195523  |
  |---------------------------------------------------------------------------|
  |                                                 category                  |
  |                                                   us fbs                  |
  +---------------------------------------------------------------------------+

  +---------------------------------------------------------------------------+
  | clean_desc                                                                |
  | material cstgly description mission shrna custom glycerol clone           |
  |---------------------------------------------------------------------------|
  |    price  |  qty  |     spend  |  prediction_source  |  similarity_score  |
  |        .  |    .  |     15050  |       Market Rules  |          .5761924  |
  |---------------------------------------------------------------------------|
  |                                                 category                  |
  |                                          synthetic shrna                  |
  +---------------------------------------------------------------------------+

  +---------------------------------------------------------------------------+
  | clean_desc                                                                |
  | syringe stopped flow                                                      |
  |---------------------------------------------------------------------------|
  |    price  |  qty  |     spend  |  prediction_source  |  similarity_score  |
  |    14500  |    1  |     14500  |       Market Rules  |          .6510529  |
  |---------------------------------------------------------------------------|
  |                                                 category                  |
  |                                                 syringes                  |
  +---------------------------------------------------------------------------+

  +---------------------------------------------------------------------------+
  | clean_desc                                                                |
  | s11150-fetal bovine serum premium 500ml                                   |
  |---------------------------------------------------------------------------|
  |    price  |  qty  |     spend  |  prediction_source  |  similarity_score  |
  |      290  |   48  |     13920  |       Market Rules  |          .6968034  |
  |---------------------------------------------------------------------------|
  |                                                 category                  |
  |                                                   us fbs                  |
  +---------------------------------------------------------------------------+

  +---------------------------------------------------------------------------+
  | clean_desc                                                                |
  | nanodrop one spec cuvette                                                 |
  |---------------------------------------------------------------------------|
  |    price  |  qty  |     spend  |  prediction_source  |  similarity_score  |
  |        .  |    .  |     11850  |       Market Rules  |          .4924948  |
  |---------------------------------------------------------------------------|
  |                                                 category                  |
  |                                                 cuvettes                  |
  +---------------------------------------------------------------------------+

  +---------------------------------------------------------------------------+
  | clean_desc                                                                |
  | nd onec step                                                              |
  |---------------------------------------------------------------------------|
  |    price  |  qty  |     spend  |  prediction_source  |  similarity_score  |
  |        .  |    .  |  10095.71  |       Market Rules  |          .0013424  |
  |---------------------------------------------------------------------------|
  |                                                 category                  |
  |                 synthetic dna oligonucleotide - desalted                  |
  +---------------------------------------------------------------------------+

  +---------------------------------------------------------------------------+
  | clean_desc                                                                |
  | well plate xy stage controller                                            |
  |---------------------------------------------------------------------------|
  |    price  |  qty  |     spend  |  prediction_source  |  similarity_score  |
  |     9950  |    1  |      9950  |       Expert Model  |          .6431282  |
  |---------------------------------------------------------------------------|
  |                                                 category                  |
  |                                      cell culture plates                  |
  +---------------------------------------------------------------------------+

  +---------------------------------------------------------------------------+
  | clean_desc                                                                |
  | ethovision xt 11 base multiple arena modules video tracking system auto.. |
  |---------------------------------------------------------------------------|
  |    price  |  qty  |     spend  |  prediction_source  |  similarity_score  |
  |        .  |    .  |      9100  |       Market Rules  |          .0300608  |
  |---------------------------------------------------------------------------|
  |                                                 category                  |
  |                                             pipette tips                  |
  +---------------------------------------------------------------------------+

  +---------------------------------------------------------------------------+
  | clean_desc                                                                |
  | number s11550 500ml fetal bovine serum premium select                     |
  |---------------------------------------------------------------------------|
  |    price  |  qty  |     spend  |  prediction_source  |  similarity_score  |
  |    347.8  |   24  |  8347.199  |       Market Rules  |          .6956601  |
  |---------------------------------------------------------------------------|
  |                                                 category                  |
  |                                                   us fbs                  |
  +---------------------------------------------------------------------------+

  +---------------------------------------------------------------------------+
  | clean_desc                                                                |
  | s11550-fetal bovine serum premium select 500ml                            |
  |---------------------------------------------------------------------------|
  |    price  |  qty  |     spend  |  prediction_source  |  similarity_score  |
  |       85  |   96  |      8160  |       Market Rules  |          .6888648  |
  |---------------------------------------------------------------------------|
  |                                                 category                  |
  |                                                   us fbs                  |
  +---------------------------------------------------------------------------+

  +---------------------------------------------------------------------------+
  | clean_desc                                                                |
  | h1030fbs specified lot (h1030) fetal calf serum                           |
  |---------------------------------------------------------------------------|
  |    price  |  qty  |     spend  |  prediction_source  |  similarity_score  |
  |       84  |   96  |      8064  |       Market Rules  |          .3699643  |
  |---------------------------------------------------------------------------|
  |                                                 category                  |
  |                                                   us fbs                  |
  +---------------------------------------------------------------------------+

  +---------------------------------------------------------------------------+
  | clean_desc                                                                |
  | pump 11 elite infusion single syringe q-                                  |
  |---------------------------------------------------------------------------|
  |    price  |  qty  |     spend  |  prediction_source  |  similarity_score  |
  |     1995  |    4  |      7980  |       Expert Model  |          .4725288  |
  |---------------------------------------------------------------------------|
  |                                                 category                  |
  |                                                 syringes                  |
  +---------------------------------------------------------------------------+

  +---------------------------------------------------------------------------+
  | clean_desc                                                                |
  | benchmark fbs 500ml lot a66b00z                                           |
  |---------------------------------------------------------------------------|
  |    price  |  qty  |     spend  |  prediction_source  |  similarity_score  |
  |      130  |   60  |      7800  |       Market Rules  |          .4030787  |
  |---------------------------------------------------------------------------|
  |                                                 category                  |
  |                                                   us fbs                  |
  +---------------------------------------------------------------------------+

  +---------------------------------------------------------------------------+
  | clean_desc                                                                |
  | fetal bovine serum qualified us origin                                    |
  |---------------------------------------------------------------------------|
  |    price  |  qty  |     spend  |  prediction_source  |  similarity_score  |
  |    382.2  |   20  |      7644  |       Market Rules  |          .6944277  |
  |---------------------------------------------------------------------------|
  |                                                 category                  |
  |                                                   us fbs                  |
  +---------------------------------------------------------------------------+

  +---------------------------------------------------------------------------+
  | clean_desc                                                                |
  | fetal bovine serum qualified us origin                                    |
  |---------------------------------------------------------------------------|
  |    price  |  qty  |     spend  |  prediction_source  |  similarity_score  |
  |   371.46  |   20  |    7429.2  |       Market Rules  |          .6944277  |
  |---------------------------------------------------------------------------|
  |                                                 category                  |
  |                                                   us fbs                  |
  +---------------------------------------------------------------------------+

  +---------------------------------------------------------------------------+
  | clean_desc                                                                |
  | sh3007003-defined fbs 500ml                                               |
  |---------------------------------------------------------------------------|
  |    price  |  qty  |     spend  |  prediction_source  |  similarity_score  |
  |      350  |   20  |      7000  |       Market Rules  |          .5282812  |
  |---------------------------------------------------------------------------|
  |                                                 category                  |
  |                                                   us fbs                  |
  +---------------------------------------------------------------------------+

  +---------------------------------------------------------------------------+
  | clean_desc                                                                |
  | sh3007003-defined fbs 500ml                                               |
  |---------------------------------------------------------------------------|
  |    price  |  qty  |     spend  |  prediction_source  |  similarity_score  |
  |  3359.16  |    2  |   6718.32  |       Market Rules  |          .5282812  |
  |---------------------------------------------------------------------------|
  |                                                 category                  |
  |                                                   us fbs                  |
  +---------------------------------------------------------------------------+

  +---------------------------------------------------------------------------+
  | clean_desc                                                                |
  | /ecu-as-dv auto sampler 0.5 vial ad vendor                                |
  |---------------------------------------------------------------------------|
  |    price  |  qty  |     spend  |  prediction_source  |  similarity_score  |
  |     6532  |    1  |      6532  |       Market Rules  |          .4670252  |
  |---------------------------------------------------------------------------|
  |                                                 category                  |
  |                                                    vials                  |
  +---------------------------------------------------------------------------+

  +---------------------------------------------------------------------------+
  | clean_desc                                                                |
  | fbs usda approved                                                         |
  |---------------------------------------------------------------------------|
  |    price  |  qty  |     spend  |  prediction_source  |  similarity_score  |
  |      305  |   20  |      6100  |       Market Rules  |            .54453  |
  |---------------------------------------------------------------------------|
  |                                                 category                  |
  |                                                   us fbs                  |
  +---------------------------------------------------------------------------+

  +---------------------------------------------------------------------------+
  | clean_desc                                                                |
  | olympus 100x oil objective super-apochromat coverslip-corrected           |
  |---------------------------------------------------------------------------|
  |    price  |  qty  |     spend  |  prediction_source  |  similarity_score  |
  |        .  |    .  |      5940  |       Market Rules  |          .0044291  |
  |---------------------------------------------------------------------------|
  |                                                 category                  |
  |                 synthetic dna oligonucleotide - desalted                  |
  +---------------------------------------------------------------------------+

  +---------------------------------------------------------------------------+
  | clean_desc                                                                |
  | fbs usda appd. origin                                                     |
  |---------------------------------------------------------------------------|
  |    price  |  qty  |     spend  |  prediction_source  |  similarity_score  |
  |      265  |   20  |      5300  |       Market Rules  |          .5393351  |
  |---------------------------------------------------------------------------|
  |                                                 category                  |
  |                                                   us fbs                  |
  +---------------------------------------------------------------------------+

  +---------------------------------------------------------------------------+
  | clean_desc                                                                |
  | s11150 fetal bovine serum (fbs)                                           |
  |---------------------------------------------------------------------------|
  |    price  |  qty  |     spend  |  prediction_source  |  similarity_score  |
  |   218.41  |   24  |   5241.84  |       Market Rules  |          .8507096  |
  |---------------------------------------------------------------------------|
  |                                                 category                  |
  |                                                   us fbs                  |
  +---------------------------------------------------------------------------+

  +---------------------------------------------------------------------------+
  | clean_desc                                                                |
  | 500ml-benchmark fbs                                                       |
  |---------------------------------------------------------------------------|
  |    price  |  qty  |     spend  |  prediction_source  |  similarity_score  |
  |      216  |   24  |      5184  |       Market Rules  |          .4087054  |
  |---------------------------------------------------------------------------|
  |                                                 category                  |
  |                                                   us fbs                  |
  +---------------------------------------------------------------------------+

  +---------------------------------------------------------------------------+
  | clean_desc                                                                |
  | p1126 1000ul filter tips -960 per                                         |
  |---------------------------------------------------------------------------|
  |    price  |  qty  |     spend  |  prediction_source  |  similarity_score  |
  |      495  |   10  |      4950  |       Market Rules  |          .5542536  |
  |---------------------------------------------------------------------------|
  |                                                 category                  |
  |                                             pipette tips                  |
  +---------------------------------------------------------------------------+

  +---------------------------------------------------------------------------+
  | clean_desc                                                                |
  | fly vials wd ps blk                                                       |
  |---------------------------------------------------------------------------|
  |    price  |  qty  |     spend  |  prediction_source  |  similarity_score  |
  |    33.72  |  145  |    4889.4  |       Expert Model  |          .4228011  |
  |---------------------------------------------------------------------------|
  |                                                 category                  |
  |                                                    vials                  |
  +---------------------------------------------------------------------------+

  +---------------------------------------------------------------------------+
  | clean_desc                                                                |
  | radiant sybr green 2x lo-rox qpcr kit 35 reactions 350ml total q5629      |
  |---------------------------------------------------------------------------|
  |    price  |  qty  |     spend  |  prediction_source  |  similarity_score  |
  |     4865  |    1  |      4865  |       Market Rules  |          .5886295  |
  |---------------------------------------------------------------------------|
  |                                                 category                  |
  |                                   dye-based qpcr systems                  |
  +---------------------------------------------------------------------------+

  +---------------------------------------------------------------------------+
  | clean_desc                                                                |
  | radiant green 2x lo-rox qpcr kit zzz1                                     |
  |---------------------------------------------------------------------------|
  |    price  |  qty  |     spend  |  prediction_source  |  similarity_score  |
  |     4865  |    1  |      4865  |       Market Rules  |          .2869476  |
  |---------------------------------------------------------------------------|
  |                                                 category                  |
  |                                   dye-based qpcr systems                  |
  +---------------------------------------------------------------------------+

  +---------------------------------------------------------------------------+
  | clean_desc                                                                |
  | fbs-usda approved 500ml                                                   |
  |---------------------------------------------------------------------------|
  |    price  |  qty  |     spend  |  prediction_source  |  similarity_score  |
  |       80  |   60  |      4800  |       Market Rules  |          .5328192  |
  |---------------------------------------------------------------------------|
  |                                                 category                  |
  |                                                   us fbs                  |
  +---------------------------------------------------------------------------+

  +---------------------------------------------------------------------------+
  | clean_desc                                                                |
  | fbs qualified usa origin-reserve                                          |
  |---------------------------------------------------------------------------|
  |    price  |  qty  |     spend  |  prediction_source  |  similarity_score  |
  |    239.2  |   20  |      4784  |       Market Rules  |          .4877581  |
  |---------------------------------------------------------------------------|
  |                                                 category                  |
  |                                                   us fbs                  |
  +---------------------------------------------------------------------------+

  +---------------------------------------------------------------------------+
  | clean_desc                                                                |
  | 48 bottles fbs premium (s11150) buy get free. free                        |
  |---------------------------------------------------------------------------|
  |    price  |  qty  |     spend  |  prediction_source  |  similarity_score  |
  |       99  |   48  |      4752  |       Market Rules  |          .4352541  |
  |---------------------------------------------------------------------------|
  |                                                 category                  |
  |                                                   us fbs                  |
  +---------------------------------------------------------------------------+

  +---------------------------------------------------------------------------+
  | clean_desc                                                                |
  | fetal bovine serum qualified usda-approved regions                        |
  |---------------------------------------------------------------------------|
  |    price  |  qty  |     spend  |  prediction_source  |  similarity_score  |
  |   236.42  |   20  |    4728.4  |       Market Rules  |          .7232903  |
  |---------------------------------------------------------------------------|
  |                                                 category                  |
  |                                                   us fbs                  |
  +---------------------------------------------------------------------------+

  +---------------------------------------------------------------------------+
  | clean_desc                                                                |
  | fetal bovine serum usda approved countriesbatch number 12c483             |
  |---------------------------------------------------------------------------|
  |    price  |  qty  |     spend  |  prediction_source  |  similarity_score  |
  |    196.9  |   24  |    4725.6  |       Market Rules  |          .7172928  |
  |---------------------------------------------------------------------------|
  |                                                 category                  |
  |                                                   us fbs                  |
  +---------------------------------------------------------------------------+

  +---------------------------------------------------------------------------+
  | clean_desc                                                                |
  | corning(r) cellstack(tm) culture chambe                                   |
  |---------------------------------------------------------------------------|
  |    price  |  qty  |     spend  |  prediction_source  |  similarity_score  |
  |    457.6  |   10  |      4576  |       Expert Model  |          .2778835  |
  |---------------------------------------------------------------------------|
  |                                                 category                  |
  |                                      cell culture flasks                  |
  +---------------------------------------------------------------------------+

  +---------------------------------------------------------------------------+
  | clean_desc                                                                |
  | sh3007003-defined fbs 500ml. -78                                          |
  |---------------------------------------------------------------------------|
  |    price  |  qty  |     spend  |  prediction_source  |  similarity_score  |
  |   304.32  |   15  |    4564.8  |       Market Rules  |          .5236718  |
  |---------------------------------------------------------------------------|
  |                                                 category                  |
  |                                                   us fbs                  |
  +---------------------------------------------------------------------------+

  +---------------------------------------------------------------------------+
  | clean_desc                                                                |
  | kapa sybr fast universal 2x qpcr master mix 5ml                           |
  |---------------------------------------------------------------------------|
  |    price  |  qty  |     spend  |  prediction_source  |  similarity_score  |
  |      300  |   15  |      4500  |       Market Rules  |          .6555263  |
  |---------------------------------------------------------------------------|
  |                                                 category                  |
  |                                   dye-based qpcr systems                  |
  +---------------------------------------------------------------------------+

  +---------------------------------------------------------------------------+
  | clean_desc                                                                |
  | 2003phd 22/2000 syringe pump infusion 6/10 multi-syringe rack standard .. |
  |---------------------------------------------------------------------------|
  |    price  |  qty  |     spend  |  prediction_source  |  similarity_score  |
  |     4452  |    1  |      4452  |       Expert Model  |          .5365101  |
  |---------------------------------------------------------------------------|
  |                                                 category                  |
  |                                                 syringes                  |
  +---------------------------------------------------------------------------+

  +---------------------------------------------------------------------------+
  | clean_desc                                                                |
  | fetal bovine serum-premium 500ml lot number t.b.d.                        |
  |---------------------------------------------------------------------------|
  |    price  |  qty  |     spend  |  prediction_source  |  similarity_score  |
  |    368.4  |   12  |    4420.8  |       Market Rules  |          .6920235  |
  |---------------------------------------------------------------------------|
  |                                                 category                  |
  |                                                   us fbs                  |
  +---------------------------------------------------------------------------+

  +---------------------------------------------------------------------------+
  | clean_desc                                                                |
  | sodium acetate (1, 13c2 d3                                                |
  |---------------------------------------------------------------------------|
  |    price  |  qty  |     spend  |  prediction_source  |  similarity_score  |
  |      435  |   10  |      4350  |       Expert Model  |          .9575394  |
  |---------------------------------------------------------------------------|
  |                                                 category                  |
  |                                           sodium acetate                  |
  +---------------------------------------------------------------------------+

  +---------------------------------------------------------------------------+
  | clean_desc                                                                |
  | fetal bovine serum usa origin sterile- sterile                            |
  |---------------------------------------------------------------------------|
  |    price  |  qty  |     spend  |  prediction_source  |  similarity_score  |
  |      359  |   12  |      4308  |       Market Rules  |          .6752484  |
  |---------------------------------------------------------------------------|
  |                                                 category                  |
  |                                                   us fbs                  |
  +---------------------------------------------------------------------------+

  +---------------------------------------------------------------------------+
  | clean_desc                                                                |
  | microcentrifuge ro                                                        |
  |---------------------------------------------------------------------------|
  |    price  |  qty  |     spend  |  prediction_source  |  similarity_score  |
  |  4303.76  |    1  |   4303.76  |       Expert Model  |          .2446876  |
  |---------------------------------------------------------------------------|
  |                                                 category                  |
  |                                    microcentrifuge tubes                  |
  +---------------------------------------------------------------------------+

  +---------------------------------------------------------------------------+
  | clean_desc                                                                |
  | s11150 fetal bovine serum premium                                         |
  |---------------------------------------------------------------------------|
  |    price  |  qty  |     spend  |  prediction_source  |  similarity_score  |
  |   353.67  |   12  |   4244.04  |       Market Rules  |          .6834858  |
  |---------------------------------------------------------------------------|
  |                                                 category                  |
  |                                                   us fbs                  |
  +---------------------------------------------------------------------------+

  +---------------------------------------------------------------------------+
  | clean_desc                                                                |
  | s11550h e17066 500ml fetal bovine serum premium select heat inactivated   |
  |---------------------------------------------------------------------------|
  |    price  |  qty  |     spend  |  prediction_source  |  similarity_score  |
  |      350  |   12  |      4200  |       Market Rules  |          .6776344  |
  |---------------------------------------------------------------------------|
  |                                                 category                  |
  |                                                   us fbs                  |
  +---------------------------------------------------------------------------+

  +---------------------------------------------------------------------------+
  | clean_desc                                                                |
  | fetal bovine serum premium t.b.d 500ml                                    |
  |---------------------------------------------------------------------------|
  |    price  |  qty  |     spend  |  prediction_source  |  similarity_score  |
  |      350  |   12  |      4200  |       Market Rules  |          .7110262  |
  |---------------------------------------------------------------------------|
  |                                                 category                  |
  |                                                   us fbs                  |
  +---------------------------------------------------------------------------+

  +---------------------------------------------------------------------------+
  | clean_desc                                                                |
  | fetal bovine serum-premium 500ml                                          |
  |---------------------------------------------------------------------------|
  |    price  |  qty  |     spend  |  prediction_source  |  similarity_score  |
  |      348  |   12  |      4176  |       Market Rules  |          .7002875  |
  |---------------------------------------------------------------------------|
  |                                                 category                  |
  |                                                   us fbs                  |
  +---------------------------------------------------------------------------+

  +---------------------------------------------------------------------------+
  | clean_desc                                                                |
  | promo legend micro 21                                                     |
  |---------------------------------------------------------------------------|
  |    price  |  qty  |     spend  |  prediction_source  |  similarity_score  |
  |     4175  |    1  |      4175  |       Market Rules  |          .0137263  |
  |---------------------------------------------------------------------------|
  |                                                 category                  |
  |                 synthetic dna oligonucleotide - desalted                  |
  +---------------------------------------------------------------------------+

  +---------------------------------------------------------------------------+
  | clean_desc                                                                |
  | fetal bovine serum qualified usda-approved regions                        |
  |---------------------------------------------------------------------------|
  |    price  |  qty  |     spend  |  prediction_source  |  similarity_score  |
  |   276.76  |   15  |    4151.4  |       Market Rules  |          .7232903  |
  |---------------------------------------------------------------------------|
  |                                                 category                  |
  |                                                   us fbs                  |
  +---------------------------------------------------------------------------+

  +---------------------------------------------------------------------------+
  | clean_desc                                                                |
  | number s11150                                                             |
  |---------------------------------------------------------------------------|
  |    price  |  qty  |     spend  |  prediction_source  |  similarity_score  |
  |   343.66  |   12  |   4123.92  |            Non-Lab  |                 .  |
  |---------------------------------------------------------------------------|
  |                                                 category                  |
  |                                                   us fbs                  |
  +---------------------------------------------------------------------------+

  +---------------------------------------------------------------------------+
  | clean_desc                                                                |
  | h1030fbs specified lot (h1030) fetal calf serum (pricing quoted ian web.. |
  |---------------------------------------------------------------------------|
  |    price  |  qty  |     spend  |  prediction_source  |  similarity_score  |
  |       84  |   48  |      4032  |       Market Rules  |          .3506944  |
  |---------------------------------------------------------------------------|
  |                                                 category                  |
  |                                                   us fbs                  |
  +---------------------------------------------------------------------------+

  +---------------------------------------------------------------------------+
  | clean_desc                                                                |
  | fetal bovine serum-premium 500ml                                          |
  |---------------------------------------------------------------------------|
  |    price  |  qty  |     spend  |  prediction_source  |  similarity_score  |
  |   318.67  |   12  |   3824.04  |       Market Rules  |          .7002875  |
  |---------------------------------------------------------------------------|
  |                                                 category                  |
  |                                                   us fbs                  |
  +---------------------------------------------------------------------------+

  +---------------------------------------------------------------------------+
  | clean_desc                                                                |
  | fetal bovine serum certified us origin                                    |
  |---------------------------------------------------------------------------|
  |    price  |  qty  |     spend  |  prediction_source  |  similarity_score  |
  |   382.22  |   10  |    3822.2  |       Market Rules  |          .6721553  |
  |---------------------------------------------------------------------------|
  |                                                 category                  |
  |                                                   us fbs                  |
  +---------------------------------------------------------------------------+

  +---------------------------------------------------------------------------+
  | clean_desc                                                                |
  | fetal bovine serum qualified us origin                                    |
  |---------------------------------------------------------------------------|
  |    price  |  qty  |     spend  |  prediction_source  |  similarity_score  |
  |   338.93  |   11  |   3728.23  |       Market Rules  |          .7006597  |
  |---------------------------------------------------------------------------|
  |                                                 category                  |
  |                                                   us fbs                  |
  +---------------------------------------------------------------------------+

  +---------------------------------------------------------------------------+
  | clean_desc                                                                |
  | nc1203398 legend micro 17 vendor original number                          |
  |---------------------------------------------------------------------------|
  |    price  |  qty  |     spend  |  prediction_source  |  similarity_score  |
  |        .  |    .  |   3636.39  |       Market Rules  |          .0100606  |
  |---------------------------------------------------------------------------|
  |                                                 category                  |
  |                 synthetic dna oligonucleotide - desalted                  |
  +---------------------------------------------------------------------------+

  +---------------------------------------------------------------------------+
  | clean_desc                                                                |
  | sh30070. fetal bovine serum                                               |
  |---------------------------------------------------------------------------|
  |    price  |  qty  |     spend  |  prediction_source  |  similarity_score  |
  |   302.72  |   12  |   3632.64  |       Market Rules  |          .7112252  |
  |---------------------------------------------------------------------------|
  |                                                 category                  |
  |                                                   us fbs                  |
  +---------------------------------------------------------------------------+

  +---------------------------------------------------------------------------+
  | clean_desc                                                                |
  | fetal bovine serum heat inactivated                                       |
  |---------------------------------------------------------------------------|
  |    price  |  qty  |     spend  |  prediction_source  |  similarity_score  |
  |      360  |   10  |      3600  |       Market Rules  |          .6335199  |
  |---------------------------------------------------------------------------|
  |                                                 category                  |
  |                                                   us fbs                  |
  +---------------------------------------------------------------------------+

  +---------------------------------------------------------------------------+
  | clean_desc                                                                |
  | s11150 fetal bovine serum premium                                         |
  |---------------------------------------------------------------------------|
  |    price  |  qty  |     spend  |  prediction_source  |  similarity_score  |
  |      300  |   12  |      3600  |       Market Rules  |          .6834858  |
  |---------------------------------------------------------------------------|
  |                                                 category                  |
  |                                                   us fbs                  |
  +---------------------------------------------------------------------------+

  +---------------------------------------------------------------------------+
  | clean_desc                                                                |
  | qs2050 radianttm green hi-rox qpcr kit reactions                          |
  |---------------------------------------------------------------------------|
  |    price  |  qty  |     spend  |  prediction_source  |  similarity_score  |
  |      695  |    5  |      3475  |       Market Rules  |          .2695208  |
  |---------------------------------------------------------------------------|
  |                                                 category                  |
  |                                   dye-based qpcr systems                  |
  +---------------------------------------------------------------------------+

  +---------------------------------------------------------------------------+
  | clean_desc                                                                |
  | kk4601 kapa sybr fast universal 2x qpcr master mix 5ml                    |
  |---------------------------------------------------------------------------|
  |    price  |  qty  |     spend  |  prediction_source  |  similarity_score  |
  |      315  |   11  |      3465  |       Market Rules  |          .6400691  |
  |---------------------------------------------------------------------------|
  |                                                 category                  |
  |                                   dye-based qpcr systems                  |
  +---------------------------------------------------------------------------+

  +---------------------------------------------------------------------------+
  | clean_desc                                                                |
  | wide vials polystryene bulk /pallet                                       |
  |---------------------------------------------------------------------------|
  |    price  |  qty  |     spend  |  prediction_source  |  similarity_score  |
  |  1710.15  |    2  |    3420.3  |       Expert Model  |          .3229586  |
  |---------------------------------------------------------------------------|
  |                                                 category                  |
  |                                                    vials                  |
  +---------------------------------------------------------------------------+

. 
end of do-file
