
  ___  ____  ____  ____  ____ ©
 /__    /   ____/   /   ____/      17.0
___/   /   /___/   /   /___/       MP—Parallel Edition

 Statistics and Data Science       Copyright 1985-2021 StataCorp LLC
                                   StataCorp
                                   4905 Lakeway Drive
                                   College Station, Texas 77845 USA
                                   800-STATA-PC        https://www.stata.com
                                   979-696-4600        stata@stata.com

Stata license: 32-user 64-core network perpetual
Serial number: 501706311472
  Licensed to: Harvard Research Computing
               Cambridge MA

Notes:
      1. Stata is running in batch mode.
      2. Unicode is supported; see help unicode_advice.
      3. More than 2 billion observations are allowed; see help obs_advice.
      4. Maximum number of variables is set to 120,000; see help set_maxvar.

. do /tmp/scan_cats.do 

. set more off

. use output/cleaned_merged_fois, clear

. keep if keep == 1
(55,213 observations deleted)

. gcollapse (sum) spend (count) n=spend, by(category)

. gsort -spend

. list category spend n in 1/100, sep(0) noobs ab(40)

  +-------------------------------------------------------------------------+
  |                                             category      spend       n |
  |-------------------------------------------------------------------------|
  |                                   primary antibodies    3221824   11154 |
  |                                         pipette tips    1441870    9644 |
  |             synthetic dna oligonucleotide - desalted   817120.9   81557 |
  |                                 serological pipettes   791809.2    6963 |
  |                                               us fbs   509696.5     436 |
  |                                  cell culture dishes   430768.2    2148 |
  |                                 secondary antibodies     430275    2710 |
  |                                  cell culture plates   384228.5    2581 |
  |                                microcentrifuge tubes   369941.2    3646 |
  |                                       nitrile gloves   358930.6    3759 |
  |                               dye-based qpcr systems   339396.7     477 |
  |                  centrifugal ultrafiltration devices   310377.2    1474 |
  |                                   bottle top filters   290338.8    2099 |
  |                                  cell culture flasks     283774    1475 |
  |                                         petri dishes   254188.4    1909 |
  |                                         latex gloves   232277.1    2582 |
  |                          chemiluminescent substrates   231750.5     844 |
  |                                      syringe filters   228047.8    1443 |
  |                                      synthetic sirna   205430.4     686 |
  |                                             syringes   177110.1    1732 |
  |          pre-stained protein molecular-weight ladder   161992.7     662 |
  |                              pvdf blotting membranes   159570.5     434 |
  |                           chemically competent cells   153211.9     544 |
  |                                    microscope slides   147584.8     616 |
  |                                           xray films   147219.7     720 |
  |                                                vials   146445.1     749 |
  |                             pre-designed qpcr assays   140715.2     974 |
  |                                           coverslips   139266.4    1076 |
  |                                              agarose   136809.2     458 |
  |                                             cuvettes   134928.3     767 |
  |                           dehydrated bacterial broth   126419.4     603 |
  |                                            cryovials     120945     638 |
  |                                 bovine serum albumin   118102.4     683 |
  |                    column-based dna plasmid miniprep   114287.4     360 |
  |                    nitrocellulose blotting membranes     107682     329 |
  |                                          collagenase   98088.85     379 |
  |                         high-fidelity dna polymerase   96801.56     270 |
  |                            bioluminescence assay kit   93689.81     169 |
  |                                              ethanol   86244.68     621 |
  |                                      taq polymerases   82787.22     241 |
  |                                        cell scrapers   76778.76     464 |
  |                                             methanol   69192.59    1056 |
  |                                slide mounting medium   68704.85     491 |
  |                              nucleic acid gel stains   68246.64     451 |
  |                                  disposable pipettes   67011.91     978 |
  |                             apoptosis detection kits   64648.84     200 |
  |                                hot start pcr systems   64304.86     153 |
  |                                      synthetic shrna   63278.65     414 |
  |                                         hepes buffer    62169.2     351 |
  |                               pre-cast bis-tris gels   60877.96     235 |
  |         cell culture nutritional supplements - yeast   60427.66     314 |
  |                                              glycine    58991.6     426 |
  |                                   cell culture tubes   57902.01     552 |
  |                    site-directed mutagenesis systems   57709.08     167 |
  |                                       cell strainers   54301.31     541 |
  |      cell culture nutritional supplements - tryptone   53016.05     279 |
  |             synthetic dna oligonucleotide - purified   52782.27     736 |
  |                                     viability stains   52314.08     303 |
  |                                     rnase inhibitors   50854.24     185 |
  |                    column-based dna plasmid maxiprep   48168.08     137 |
  |                                unstained dna ladders   47161.09     291 |
  |                                    erlenmeyer flasks   45348.75     348 |
  |                              acrylamide/bis solution   45200.18     415 |
  |                              histology & cell stains   43594.47     501 |
  |                            affinity resins - gst-tag   41960.44     140 |
  |                                                 dmem   41164.95     494 |
  |                                             glycerol   39112.95     372 |
  |                                              dnase i   38780.51     378 |
  |                                        filter papers   38532.22     250 |
  |                           pre-cast tris-glycine gels   38140.17     283 |
  |                 column-based gel dna extraction kits   36403.43     164 |
  |                                 chromatography paper   35215.23     187 |
  |                                                 iptg   34267.58     189 |
  |                                        media bottles   33666.43     384 |
  |                  formaldehydes and paraformaldehydes   33277.21     541 |
  |                                          weigh boats   31876.71     757 |
  |                               film and foil wrapping   31358.72     534 |
  |                    column-based dna plasmid midiprep   30526.83      69 |
  |                                      sodium chloride   30279.68     439 |
  |                                   hypodermic needles   26974.99     511 |
  |                                          isopropanol   26895.78     415 |
  |                                    dialysis casettes   25386.14     192 |
  |                                          polylysines    24922.1     230 |
  |                                              laminin   24375.52      97 |
  |                                phalloidin conjugates   24006.16      70 |
  |               phosphate-buffered saline (pbs) buffer   23917.26     196 |
  |                                                 rpmi   22704.29     166 |
  |                                size-exclusion resins   22309.66      56 |
  | cell lysis detergents - sds (sodium dodecyl sulfate)   21836.74     210 |
  |                            rna stabilization reagent   21563.21      52 |
  |                                  potassium phosphate   21490.13     206 |
  |                 cell culture antibiotics - geneticin    21439.7     105 |
  |                                            lab coats   21247.11     383 |
  |                                              phenols   21198.96     187 |
  |                     capillary blood collection tubes   21192.29     189 |
  |                                         acetonitrile   20958.61     100 |
  |                                              beakers   19345.57     336 |
  |                                    pre-cast tbe gels    19001.4     121 |
  |      bacterial selection antibiotics - carbenicillin    18949.7     103 |
  |                                 square glass bottles   17695.85     141 |
  +-------------------------------------------------------------------------+

. 
end of do-file
