
  ___  ____  ____  ____  ____ ©
 /__    /   ____/   /   ____/      17.0
___/   /   /___/   /   /___/       MP—Parallel Edition

 Statistics and Data Science       Copyright 1985-2021 StataCorp LLC
                                   StataCorp
                                   4905 Lakeway Drive
                                   College Station, Texas 77845 USA
                                   800-STATA-PC        https://www.stata.com
                                   979-696-4600        stata@stata.com

Stata license: 32-user 64-core network perpetual
Serial number: 501706311472
  Licensed to: Harvard Research Computing
               Cambridge MA

Notes:
      1. Stata is running in batch mode.
      2. Unicode is supported; see help unicode_advice.
      3. More than 2 billion observations are allowed; see help obs_advice.
      4. Maximum number of variables is set to 120,000; see help set_maxvar.

. do /tmp/tier.do 

. use output/cleaned_merged_fois, clear

. keep if year <= 2013
(160,964 observations deleted)

. keep if keep == 1
(15,234 observations deleted)

. qui sum spend

. local total = r(sum)

. qui sum spend if tier3 == 1

. di "tier3==1 share of denom: " r(sum)/`total'*100 "%   spend=" r(sum)
tier3==1 share of denom: 1.1349443%   spend=61958.34

. qui sum spend if tier3 == 0

. di "tier3==0 share of denom: " r(sum)/`total'*100 "%   spend=" r(sum)
tier3==0 share of denom: 98.865056%   spend=5397194.2

. * and what fraction of beta-having spend is tier3?
. merge m:1 category using external/betas/did_coefs, keep(1 3)

    Result                      Number of obs
    -----------------------------------------
    Not matched                        44,078
        from master                    44,078  (_merge==1)
        from using                          0  (_merge==2)

    Matched                             3,722  (_merge==3)
    -----------------------------------------

. gen has_beta = (_merge == 3)

. qui sum spend if has_beta == 1 & tier3 == 1

. di "  beta-having + tier3==1: spend=" r(sum)
  beta-having + tier3==1: spend=61958.34

. qui sum spend if has_beta == 1 & tier3 == 0

. di "  beta-having + tier3==0: spend=" r(sum)
  beta-having + tier3==0: spend=963809.18

. 
. * top 10 tier3 categories
. preserve

. keep if tier3 == 1
(47,435 observations deleted)

. gcollapse (sum) spend, by(category)

. gsort -spend

. list category spend in 1/15, sep(0) noobs ab(50)
observation numbers out of range
r(198);

end of do-file
r(198);
