
  ___  ____  ____  ____  ____ ©
 /__    /   ____/   /   ____/      17.0
___/   /   /___/   /   /___/       MP—Parallel Edition

 Statistics and Data Science       Copyright 1985-2021 StataCorp LLC
                                   StataCorp
                                   4905 Lakeway Drive
                                   College Station, Texas 77845 USA
                                   800-STATA-PC        https://www.stata.com
                                   979-696-4600        stata@stata.com

Stata license: 32-user 64-core network perpetual
Serial number: 501706311472
  Licensed to: Harvard Research Computing
               Cambridge MA

Notes:
      1. Stata is running in batch mode.
      2. Unicode is supported; see help unicode_advice.
      3. More than 2 billion observations are allowed; see help obs_advice.
      4. Maximum number of variables is set to 120,000; see help set_maxvar.

. do /tmp/verify_final.do 

. set more off

. * simulate the new filters atop existing cleaned_merged_fois (which already h
> as the previous round)
. use output/cleaned_merged_fois, clear

. keep if year <= 2013
(160,964 observations deleted)

. keep if keep == 1
(15,234 observations deleted)

. 
. * apply string fixes for the 2 betas
. replace category = "acrylamide-bis solution" if category == "acrylamide/bis s
> olution"
(146 real changes made)

. replace category = "dmem-f-12" if category == "dmem/f-12"
(45 real changes made)

. 
. * apply tighter floors
. qui sum spend

. local s_pre = r(sum)

. qui count

. local n_pre = r(N)

. 
. drop if similarity_score < 0.20 & prediction_source == "Expert Model"
(1,106 observations deleted)

. drop if similarity_score < 0.10 & prediction_source == "Market Rules"
(1,869 observations deleted)

. drop if price < 1
(33 observations deleted)

. 
. qui sum spend

. local s_post = r(sum)

. qui count

. local n_post = r(N)

. di "denom shrunk:  N=`n_pre'->`n_post'   spend=`s_pre' -> `s_post'"
denom shrunk:  N=47800->44792   spend=5459152.553590821 -> 5292468.734077225

. 
. * now merge betas and check exposure
. merge m:1 category using external/betas/did_coefs, keep(1 3)

    Result                      Number of obs
    -----------------------------------------
    Not matched                        40,948
        from master                    40,948  (_merge==1)
        from using                          0  (_merge==2)

    Matched                             3,844  (_merge==3)
    -----------------------------------------

. gen has_beta = (_merge == 3)

. qui sum spend

. local total = r(sum)

. qui sum spend if has_beta == 1

. di "AFTER fixes  total=`total'  beta=" r(sum) "  share=" r(sum)/`total'*100 "
> %"
AFTER fixes  total=5292468.734077225  beta=1033851.9  share=19.534397%

. 
. * compute exposure
. gcollapse (sum) spend (mean) treated, by(athr_id category has_beta b)

. bys athr_id: egen tot_lab_spend = total(spend)

. gen lab_spend_shr = spend / tot_lab_spend
(12 missing values generated)

. gen exposure = b*lab_spend_shr
(6,113 missing values generated)

. collapse (sum) exposure spend (max) tot_lab_spend, by(athr_id treated)

. drop if mi(exposure)
(0 observations deleted)

. di "==== exposure AFTER all fixes ===="
==== exposure AFTER all fixes ====

. sum exposure, d

                       (sum) exposure
-------------------------------------------------------------
      Percentiles      Smallest
 1%    -.0261304      -.0368833
 5%            0        -.03371
10%            0      -.0326621       Obs                 443
25%            0      -.0297267       Sum of wgt.         443

50%            0                      Mean           .0115591
                        Largest       Std. dev.      .0292905
75%      .009537       .1527122
90%     .0388446        .153308       Variance       .0008579
95%     .0747524       .1570892       Skewness        3.39839
99%     .1436402       .2272097       Kurtosis       16.98303

. 
end of do-file
