
  ___  ____  ____  ____  ____ ©
 /__    /   ____/   /   ____/      17.0
___/   /   /___/   /   /___/       MP—Parallel Edition

 Statistics and Data Science       Copyright 1985-2021 StataCorp LLC
                                   StataCorp
                                   4905 Lakeway Drive
                                   College Station, Texas 77845 USA
                                   800-STATA-PC        https://www.stata.com
                                   979-696-4600        stata@stata.com

Stata license: 32-user 64-core network perpetual
Serial number: 501706311472
  Licensed to: Harvard Research Computing
               Cambridge MA

Notes:
      1. Stata is running in batch mode.
      2. Unicode is supported; see help unicode_advice.
      3. More than 2 billion observations are allowed; see help obs_advice.
      4. Maximum number of variables is set to 120,000; see help set_maxvar.

. do /tmp/verify_prod.do 

. set more off

. use output/cleaned_merged_fois, clear

. keep if keep == 1
(55,213 observations deleted)

. qui sum spend

. local s_pre = r(sum)

. local n_pre = r(N)

. di "PRE: N=`n_pre'  spend=`s_pre'"
PRE: N=176528  spend=16796794.19032887

. 
. * In production order: equipment kw → borderline kw (any source, sim<0.20) → 
> Non-Lab → MR sim<0.05
. foreach v in "homogenizer" "sonicator" "thermocycler" "nutator" "ph meter" //
> /
>     "bead mill" "tirf mounted" "tank row" "aspirator system" "stirrer " ///
>     "steponeplus" "viia7" "viia 7" "vortex mixer" "minimixer" {
  2.     qui count if strpos(clean_desc, "`v'") > 0
  3.     local n = r(N)
  4.     qui sum spend if strpos(clean_desc, "`v'") > 0
  5.     if `n' > 0 di "    EQ `v': N=`n' spend=" r(sum)
  6.     drop if strpos(clean_desc, "`v'") > 0
  7. }
(0 observations deleted)
(0 observations deleted)
(0 observations deleted)
    EQ nutator: N=1 spend=444.5
(1 observation deleted)
    EQ ph meter: N=1 spend=410.97
(1 observation deleted)
    EQ bead mill: N=1 spend=1412.46
(1 observation deleted)
    EQ tirf mounted: N=5 spend=6625
(5 observations deleted)
    EQ tank row: N=2 spend=4010.4
(2 observations deleted)
    EQ aspirator system: N=1 spend=1163
(1 observation deleted)
    EQ stirrer : N=3 spend=543.38001
(3 observations deleted)
    EQ steponeplus: N=1 spend=3408.54
(1 observation deleted)
(0 observations deleted)
(0 observations deleted)
    EQ vortex mixer: N=2 spend=605.27
(2 observations deleted)
(0 observations deleted)

. foreach v in "service" "repair" "maintenance" "consulting" "training" ///
>     "rental" "subscription" "license" "software" "warranty" "support contract
> " ///
>     "calibration" "installation" "shipping" "freight" "estimate" ///
>     "contract" "agreement" "professional" "hourly" {
  2.     qui count if strpos(clean_desc, "`v'") > 0 & similarity_score < 0.20 &
>  prediction_source != "Expert Model"
  3.     local n = r(N)
  4.     qui sum spend if strpos(clean_desc, "`v'") > 0 & similarity_score < 0.
> 20 & prediction_source != "Expert Model"
  5.     if `n' > 0 di "    BORDER `v' (newly caught): N=`n' spend=" r(sum)
  6.     drop if strpos(clean_desc, "`v'") > 0 & similarity_score < 0.20
  7. }
    BORDER service (newly caught): N=2 spend=119.04
(2 observations deleted)
    BORDER repair (newly caught): N=9 spend=894.61998
(9 observations deleted)
(0 observations deleted)
(0 observations deleted)
(0 observations deleted)
(0 observations deleted)
(0 observations deleted)
(0 observations deleted)
(0 observations deleted)
(0 observations deleted)
(0 observations deleted)
(0 observations deleted)
(0 observations deleted)
    BORDER shipping (newly caught): N=64 spend=6418.73
(64 observations deleted)
(0 observations deleted)
(0 observations deleted)
(0 observations deleted)
(0 observations deleted)
(0 observations deleted)
(0 observations deleted)

. qui count if prediction_source == "Non-Lab"

. local n1 = r(N)

. qui sum spend if prediction_source == "Non-Lab"

. di "(NL) Non-Lab drop: N=`n1' spend=" r(sum)
(NL) Non-Lab drop: N=2326 spend=346356.51

. drop if prediction_source == "Non-Lab"
(2,326 observations deleted)

. 
. qui count if similarity_score < 0.05 & prediction_source == "Market Rules"

. local n2 = r(N)

. qui sum spend if similarity_score < 0.05 & prediction_source == "Market Rules
> "

. di "(MR) Market Rules sim<0.05 drop: N=`n2' spend=" r(sum)
(MR) Market Rules sim<0.05 drop: N=6343 spend=379201.29

. drop if similarity_score < 0.05 & prediction_source == "Market Rules"
(6,343 observations deleted)

. 
. qui sum spend

. di "POST: N=" r(N) "  spend=" r(sum)
POST: N=168095  spend=16045180

. di "REMOVED: N=" `n_pre' - r(N) "  spend=" `s_pre' - r(sum) "  pct=" %5.2f (`
> s_pre' - r(sum))/`s_pre' * 100
REMOVED: N=8433  spend=751613.71  pct= 4.47

. 
end of do-file
