
  ___  ____  ____  ____  ____ ©
 /__    /   ____/   /   ____/      17.0
___/   /   /___/   /   /___/       MP—Parallel Edition

 Statistics and Data Science       Copyright 1985-2021 StataCorp LLC
                                   StataCorp
                                   4905 Lakeway Drive
                                   College Station, Texas 77845 USA
                                   800-STATA-PC        https://www.stata.com
                                   979-696-4600        stata@stata.com

Stata license: 32-user 64-core network perpetual
Serial number: 501706311472
  Licensed to: Harvard Research Computing
               Cambridge MA

Notes:
      1. Stata is running in batch mode.
      2. Unicode is supported; see help unicode_advice.
      3. More than 2 billion observations are allowed; see help obs_advice.
      4. Maximum number of variables is set to 120,000; see help set_maxvar.

. do "/n/holylabs/pakes_lab/Lab/sci_eq/analysis/reduced_form/code/analysis.do" 

. set more off

. clear all

. capture log close

. program drop _all

. set scheme modern

. preliminaries

. version 17

. 
. program main   
  1.     event_study
  2.     *output_tables
. end

. 
. program event_study
  1.     import delimited ../external/exposure/final_imputed_exposure, clear
  2.     rename exposure imputed
  3.     save ../temp/exposure, replace
  4. 
.     use ../external/samp/athr_panel_full_year_last_all_jrnls,clear 
  5.     bys athr_id: egen min_year = min(year)
  6.     keep if min_year <= 2013
  7.     merge m:1 athr_id using ../temp/exposure, assert(1 2 3) keep(3) nogen
  8.     merge m:1 athr_id using ../external/real_exposure/athr_exposure, assert(1 2 3) keep(1 3) nogen
  9.     replace imputed = exposure if !mi(exposure)
 10.     drop exposure
 11.     rename imputed exposure
 12.     keep if inrange(year, 2009, 2019)
 13.     bys athr_id: gen num_yrs = _N
 14.     gegen athr= group(athr_id)
 15.     xtset athr year
 16.     tsfill
 17.     hashsort athr year
 18.     foreach var in athr_id {
 19.         by athr: replace `var' = `var'[_n-1] if mi(`var')    
 20.     }
 21.     foreach var in cite_affl_wt ppr_cnt {
 22.         replace `var' = 0 if mi(`var')    
 23.     }
 24.     gen rel = year - 2014 
 25.     qui sum rel, d
 26.     local abs_lag = abs(r(max))
 27.     qui sum rel, d
 28.     local abs_lead = abs(r(min))
 29.     local timeframe = max(`abs_lag', `abs_lead')
 30.     forval i = 1/`timeframe' {
 31.         gen int_lag`i' = exposure if rel == `i'
 32.         gen int_lead`i' = exposure if rel == -`i'
 33.         gen lag`i' = 1 if rel == `i'
 34.         gen lead`i' = 1 if rel == -`i'
 35.     }
 36.     gen int_lag0 = exposure if rel == 0
 37.     gen lag0 = 1 if rel == 0
 38.     ds lead* lag* int_lead* int_lag*
 39.     foreach var in `r(varlist)' {
 40.         replace `var' = 0 if mi(`var')
 41.     }
 42.     local leads
 43.     local int_leads
 44.     local lags
 45.     local int_lags
 46.     forval i = 2/`abs_lead' {
 47.         local leads lead`i' `leads'
 48.         local int_leads int_lead`i' `int_leads'
 49.     }
 50.     forval i = 0/`abs_lag' {
 51.         local lags `lags' lag`i'
 52.         local int_lags `int_lags' int_lag`i'
 53.     }
 54.     gen ln_cite_affl_wt = ln(0.001+cite_affl_wt)
 55.     gen ln_ppr_cnt = ln(0.001+ppr_cnt)
 56.     sum exposure , d 
 57.     local mean : di %4.3f r(mean) 
 58.     local sd: di %4.3f r(sd) 
 59.     local p25: di %4.3f r(p25) 
 60.     local p50: di %4.3f r(p50) 
 61.     local p75: di %4.3f r(p75)
 62.     local max: di %4.3f  r(max) 
 63.     local min: di %4.3f r(min) 
 64.     local fes athr_id year 
 65. 
.     tw kdensity exposure, xtitle("Imputed Exposure Score", size(small)) ytitle("Density", size(small)) ///
>         ylab(, labsize(vsmall)) xlab(#15, labsize(vsmall)) ///
>         legend(on order(- "Min: `min'" "Q1 = `p25'" "Median = `p50'" "Mean: `mean'" "SD = `sd'" "Q3 = `p75'" "Max = `max'") pos(1) ring(0) size(vsmall))
 66.     graph export ../output/figures/exposure_dist.pdf, replace
 67.     foreach yvar in ln_cite_affl_wt cite_affl_wt ln_ppr_cnt ppr_cnt {
 68.         if "`yvar'" == "ln_cite_affl_wt" local var_name = "Log Citation Weighted Output" 
 69.         if "`yvar'" == "cite_affl_wt" local var_name = "Citation Weighted Output" 
 70.         if "`yvar'" == "ln_ppr_cnt" local var_name = "Log Publication Count" 
 71.         if "`yvar'" == "ppr_cnt" local var_name = "Publication Count" 
 72. 
.         preserve
 73.         gen median = exposure >= `p50'
 74.         bys year: egen avg = mean(`yvar')
 75.         gcollapse (mean) avg `yvar', by(year median)
 76.         tw line avg year , lcolor(ebblue) || line `yvar' year if med == 1, lcolor(lavender) || line `yvar' year if med == 0, lcolor(dkorange) ///
>             xtitle("Year", size(small)) ytitle("`var_name'", size(small)) ///
>             legend(on order(1 "All Authors" 2 "Top 50% Exposed" 3 "Bottom 50% Exposed") pos(1) ring(0) size(vsmall))
 77.         graph export ../output/figures/trend_`yvar'.pdf, replace
 78.         restore
 79. 
.         preserve
 80.         mat drop _all 
 81.         reghdfe `yvar' `int_leads' `int_lags' int_lead1, absorb(`fes') vce(cluster athr_id)
 82.         foreach var in `int_leads' `int_lags' int_lead1 {
 83.             mat row = _b[`var'], _se[`var']
 84.             if "`var'" == "int_lead1" {
 85.                 mat row = 0,0
 86.             }
 87.             mat es = nullmat(es) \ row
 88.         }
 89.          svmat es
 90.         keep es1 es2
 91.         drop if mi(es1)
 92.         rename (es1 es2) (b se)
 93.         gen ub = b + 1.96*se
 94.         gen lb = b - 1.96*se
 95.         gen rel = -5 if _n == 1
 96.         replace rel = rel[_n-1]+1 if _n > 1
 97.         replace rel = rel + 1 if rel >= -1 
 98.         replace rel = -1 if rel == `abs_lag' + 1
 99.         gen year = rel + 2014
100.         hashsort rel
101.         tw rcap ub lb rel if rel != -1 , lcolor(ebblue%70) msize(vsmall) || scatter b rel, mcolor(ebblue) xlab(-5(1)5, labsize(vsmall)) xtitle("Relative Year", size(small)) ytitle("`var_name'", size(small)) ylab(, labsize(vsmall)) yline(0, lcolor(gs1
> 0) lpattern(solid)) xline(-0.5 , lcolor(gs12) lpattern(dash))  legend(off)
102.         graph export ../output/figures/es_`yvar'.pdf, replace
103.         save ../temp/es_`yvar', replace
104.         restore
105. 
.         preserve
106.         mat drop _all 
107.         reghdfe `yvar' `int_leads' `int_lags' int_lead1 if inrange(exposure , `min', `p25'), absorb(`fes') vce(cluster athr_id)
108.         foreach var in `int_leads' `int_lags' int_lead1 {
109.             mat row = _b[`var'], _se[`var']
110.             if "`var'" == "int_lead1" {
111.                 mat row = 0,0
112.             }
113.             mat es = nullmat(es) \ row
114.         }
115.          svmat es
116.         keep es1 es2
117.         drop if mi(es1)
118.         rename (es1 es2) (b se)
119.         gen ub = b + 1.96*se
120.         gen lb = b - 1.96*se
121.         gen rel = -5 if _n == 1
122.         replace rel = rel[_n-1]+1 if _n > 1
123.         replace rel = rel + 1 if rel >= -1 
124.         replace rel = -1 if rel == `abs_lag' + 1
125.         gen year = rel + 2014
126.         hashsort rel
127.         tw rcap ub lb rel if rel != -1 , lcolor(ebblue%70) msize(vsmall) || scatter b rel, mcolor(ebblue) xlab(-5(1)5, labsize(vsmall)) xtitle("Relative Year", size(small)) ytitle("`var_name'", size(small)) ylab(, labsize(vsmall)) yline(0, lcolor(gs1
> 0) lpattern(solid)) xline(-0.5 , lcolor(gs12) lpattern(dash))  legend(off)
128.         graph export ../output/figures/es_`yvar'_q1.pdf, replace
129.         save ../temp/es_`yvar'_q1, replace
130.         restore
131.         
.         preserve
132.         mat drop _all 
133.         reghdfe `yvar' `int_leads' `int_lags' int_lead1 if inrange(exposure ,`p25', `p50'), absorb(`fes') vce(cluster athr_id)
134.         foreach var in `int_leads' `int_lags' int_lead1 {
135.             mat row = _b[`var'], _se[`var']
136.             if "`var'" == "int_lead1" {
137.                 mat row = 0,0
138.             }
139.             mat es = nullmat(es) \ row
140.         }
141.         svmat es
142.         keep es1 es2
143.         drop if mi(es1)
144.         rename (es1 es2) (b se)
145.         gen ub = b + 1.96*se
146.         gen lb = b - 1.96*se
147.         gen rel = -5 if _n == 1
148.         replace rel = rel[_n-1]+1 if _n > 1
149.         replace rel = rel + 1 if rel >= -1 
150.         replace rel = -1 if rel == `abs_lag' + 1
151.         gen year = rel + 2014
152.         hashsort rel
153.         tw rcap ub lb rel if rel != -1 , lcolor(ebblue%70) msize(vsmall) || scatter b rel, mcolor(ebblue) xlab(-5(1)5, labsize(vsmall)) xtitle("Relative Year", size(small)) ytitle("`var_name'", size(small)) ylab(, labsize(vsmall)) yline(0, lcolor(gs1
> 0) lpattern(solid)) xline(-0.5 , lcolor(gs12) lpattern(dash))  legend(off)
154.         graph export ../output/figures/es_`yvar'_q2.pdf, replace
155.         save ../temp/es_`yvar'_q2, replace
156.         restore
157.         
.         
.         preserve
158.         mat drop _all 
159.         reghdfe `yvar' `int_leads' `int_lags' int_lead1 if inrange(exposure ,`p50', `p75'), absorb(`fes') vce(cluster athr_id)
160.         foreach var in `int_leads' `int_lags' int_lead1 {
161.             mat row = _b[`var'], _se[`var']
162.             if "`var'" == "int_lead1" {
163.                 mat row = 0,0
164.             }
165.             mat es = nullmat(es) \ row
166.         }
167.         svmat es
168.         keep es1 es2
169.         drop if mi(es1)
170.         rename (es1 es2) (b se)
171.         gen ub = b + 1.96*se
172.         gen lb = b - 1.96*se
173.         gen rel = -5 if _n == 1
174.         replace rel = rel[_n-1]+1 if _n > 1
175.         replace rel = rel + 1 if rel >= -1 
176.         replace rel = -1 if rel == `abs_lag' + 1
177.         gen year = rel + 2014
178.         hashsort rel
179.         tw rcap ub lb rel if rel != -1 , lcolor(ebblue%70) msize(vsmall) || scatter b rel, mcolor(ebblue) xlab(-5(1)5, labsize(vsmall)) xtitle("Relative Year", size(small)) ytitle("`var_name'", size(small)) ylab(, labsize(vsmall)) yline(0, lcolor(gs1
> 0) lpattern(solid)) xline(-0.5 , lcolor(gs12) lpattern(dash))  legend(off)
180.         graph export ../output/figures/es_`yvar'_q3.pdf, replace
181.         save ../temp/es_`yvar'_q3, replace
182.         restore
183.         
.         
.         preserve
184.         mat drop _all 
185.         reghdfe `yvar' `int_leads' `int_lags' int_lead1 if inrange(exposure ,`p75', `max'), absorb(`fes') vce(cluster athr_id)
186.         foreach var in `int_leads' `int_lags' int_lead1 {
187.             mat row = _b[`var'], _se[`var']
188.             if "`var'" == "int_lead1" {
189.                 mat row = 0,0
190.             }
191.             mat es = nullmat(es) \ row
192.         }
193.         svmat es
194.         keep es1 es2
195.         drop if mi(es1)
196.         rename (es1 es2) (b se)
197.         gen ub = b + 1.96*se
198.         gen lb = b - 1.96*se
199.         gen rel = -5 if _n == 1
200.         replace rel = rel[_n-1]+1 if _n > 1
201.         replace rel = rel + 1 if rel >= -1 
202.         replace rel = -1 if rel == `abs_lag' + 1
203.         gen year = rel + 2014
204.         hashsort rel
205.         tw rcap ub lb rel if rel != -1 , lcolor(ebblue%70) msize(vsmall) || scatter b rel, mcolor(ebblue) xlab(-5(1)5, labsize(vsmall)) xtitle("Relative Year", size(small)) ytitle("`var_name'", size(small)) ylab(, labsize(vsmall)) yline(0, lcolor(gs1
> 0) lpattern(solid)) xline(-0.5 , lcolor(gs12) lpattern(dash))  legend(off)
206.         graph export ../output/figures/es_`yvar'_q4.pdf, replace
207.         save ../temp/es_`yvar'_q4, replace
208.         restore
209.         
.         preserve
210.         use "../temp/es_`yvar'_q1", replace                                         
211.         gen group = "q1"                                                                             
212.         replace rel = rel - 0.4                                                                         
213.         sum b if group == "q1" & rel > 0                                                             
214.         local q1_mean : dis %4.3f r(mean)                                                            
215.         append using ../temp/es_`yvar'_q2
216.         replace group = "q2" if mi(group)                                                            
217.         replace rel = rel - 0.25 if group == "q2"                                                                         
218.         sum b if group == "q2" & rel > 0                                                             
219.         local q2_mean : dis %4.3f r(mean)                                                            
220.         append using ../temp/es_`yvar'_q3
221.         replace group = "q3" if mi(group)                                                            
222.         replace rel = rel - 0.1 if group == "q3"                                                                         
223.         sum b if group == "q3" & rel > 0                                                             
224.         local q3_mean : dis %4.3f r(mean)                                                            
225.         append using ../temp/es_`yvar'_q4
226.         replace group = "q4" if mi(group)
227.         replace rel = rel + 0.05 if group == "q4"                                                                         
228.         sum b if group == "q4" & rel > 0                                                             
229.         local q4_mean : dis %4.3f r(mean)                                                            
230.         tw rcap ub lb rel if rel != -1.4 & group == "q1",  lcolor(lavender%70) msize(small) || ///   
>            scatter b rel if group == "q1", mcolor(lavender%70) msize(small) || ///                   
>            rcap ub lb rel if rel != -1.25 & group == "q2",  lcolor(orange%70) msize(small) || ///     
>            scatter b rel if group == "q2", mcolor(orange%70) msymbol(smdiamond) msize(small) ||  ///  
>            rcap ub lb rel if rel != -1.1 & group == "q3",  lcolor(dkgreen%70) msize(small) || ///     
>            scatter b rel if group == "q3", mcolor(green%70) msymbol(smdiamond) msize(small)|| ///  
>            rcap ub lb rel if rel != -.95 & group == "q4",  lcolor(cranberry%70) msize(small) || ///     
>            scatter b rel if group == "q4", mcolor(red%70) msymbol(smdiamond) msize(small)  ///  
>            xlab(-5(1)5, labsize(small)) ylab(#8, labsize(vsmall)) ///                         
>               yline(0, lcolor(black) lpattern(solid)) ///                                               
>               legend(on order(2 "Q1 Exposed (Post Period Avg: `q1_mean')" 4 "Q2 Exposed (Post Period Avg: `q2_mean')" 6 "Q3 Exposed (Post Period Avg: `q3_mean')" 8 "Q4 Exposed (Post Period Avg: `q4_mean')") pos(11) ring(0) size(small) region(fcolor(none
> ))) xtitle("Relative Year", size(small)) ytitle("`var_name'", size(small)) plotregion(margin(sides))
231.         graph export ../output/figures/es_`yvar'_split.pdf, replace     
232.         restore
233.     }
234. end

. 
. program output_tables
  1.     foreach tab in did_impact_cite_affl_wt did_ppr_cnt {
  2.     qui matrix_to_txt, saving("../output/tables/`tab'.txt") matrix(`tab') ///
>        title(<tab:`tab'>) format(%20.4f) replace
  3.     }
  4. end

. **
. main
(encoding automatically selected: ISO-8859-2)
(2 vars, 2,664,824 obs)
(file ../temp/exposure.dta not found)
file ../temp/exposure.dta saved
(337,516 observations deleted)

    Result                      Number of obs
    -----------------------------------------
    Not matched                             0
    Matched                         2,989,522  
    -----------------------------------------

    Result                      Number of obs
    -----------------------------------------
    Not matched                     2,988,493
        from master                 2,988,493  
        from using                          0  

    Matched                             1,029  
    -----------------------------------------
(1,024 real changes made)
(2,337,838 observations deleted)

Panel variable: athr (unbalanced)
 Time variable: year, 2009 to 2019, but with gaps
         Delta: 1 unit
(already sorted)
(297,910 real changes made)
(297,910 real changes made)
(297,910 real changes made)
(895,927 missing values generated)
(877,620 missing values generated)
(855,758 missing values generated)
(835,873 missing values generated)
(900,355 missing values generated)
(878,683 missing values generated)
(864,096 missing values generated)
(839,975 missing values generated)
(900,646 missing values generated)
(878,445 missing values generated)
(872,753 missing values generated)
(846,972 missing values generated)
(902,608 missing values generated)
(879,623 missing values generated)
(884,953 missing values generated)
(859,412 missing values generated)
(904,498 missing values generated)
(881,531 missing values generated)
(904,498 missing values generated)
(881,531 missing values generated)
(893,914 missing values generated)
(850,119 missing values generated)
lead1      lead2      lead3      lead4      lead5      lag1       lag2       lag3       lag4       lag5       lag0       int_lead1  int_lead2  int_lead3  int_lead4  int_lead5  int_lag1   int_lag2   int_lag3   int_lag4   int_lag5   int_lag0
(835,873 real changes made)
(839,975 real changes made)
(846,972 real changes made)
(859,412 real changes made)
(881,531 real changes made)
(855,758 real changes made)
(864,096 real changes made)
(872,753 real changes made)
(884,953 real changes made)
(904,498 real changes made)
(850,119 real changes made)
(877,620 real changes made)
(878,683 real changes made)
(878,445 real changes made)
(879,623 real changes made)
(881,531 real changes made)
(895,927 real changes made)
(900,355 real changes made)
(900,646 real changes made)
(902,608 real changes made)
(904,498 real changes made)
(893,914 real changes made)

                          exposure
-------------------------------------------------------------
      Percentiles      Smallest
 1%    -.0031064        -.04408
 5%     .0003011        -.04408
10%     .0024727        -.04408       Obs             651,684
25%     .0079123        -.04408       Sum of wgt.     651,684

50%     .0198027                      Mean            .027385
                        Largest       Std. dev.      .0277969
75%     .0369156        .344627
90%     .0652212        .344627       Variance       .0007727
95%     .0855185        .344627       Skewness       1.909925
99%     .1273768        .344627       Kurtosis       8.006037
file ../output/figures/exposure_dist.pdf saved as PDF format
file ../output/figures/trend_ln_cite_affl_wt.pdf saved as PDF format
(dropped 90719 singleton observations)
(MWFE estimator converged in 7 iterations)

HDFE Linear regression                            Number of obs   =    858,875
Absorbing 2 HDFE groups                           F(  11, 119273) =    4793.23
Statistics robust to heteroskedasticity           Prob > F        =     0.0000
                                                  R-squared       =     0.6530
                                                  Adj R-squared   =     0.5970
                                                  Within R-sq.    =     0.4503
Number of clusters (athr_id) =    119,274         Root MSE        =     2.3367

                          (Std. err. adjusted for 119,274 clusters in athr_id)
------------------------------------------------------------------------------
             |               Robust
ln_cite_af~t | Coefficient  std. err.      t    P>|t|     [95% conf. interval]
-------------+----------------------------------------------------------------
   int_lead5 |   81.70588   .5752581   142.03   0.000     80.57839    82.83338
   int_lead4 |   116.4484   .6281644   185.38   0.000     115.2172    117.6795
   int_lead3 |   124.3401   .6445828   192.90   0.000     123.0767    125.6034
   int_lead2 |   128.1171   .6421279   199.52   0.000     126.8585    129.3757
    int_lag0 |   132.7351   .6489442   204.54   0.000     131.4632     134.007
    int_lag1 |   130.1599   .6814028   191.02   0.000     128.8243    131.4954
    int_lag2 |   130.4671   .6714883   194.30   0.000      129.151    131.7832
    int_lag3 |   126.2387   .6678603   189.02   0.000     124.9297    127.5477
    int_lag4 |   118.1992   .6683418   176.85   0.000     116.8893    119.5092
    int_lag5 |   80.94526   .5963847   135.73   0.000     79.77635    82.11416
   int_lead1 |   129.5902   .6217237   208.44   0.000     128.3716    130.8088
       _cons |  -4.348353   .0100185  -434.03   0.000    -4.367989   -4.328717
------------------------------------------------------------------------------

Absorbed degrees of freedom:
-----------------------------------------------------+
 Absorbed FE | Categories  - Redundant  = Num. Coefs |
-------------+---------------------------------------|
     athr_id |    119274      119274           0    *|
        year |        11           1          10     |
-----------------------------------------------------+
* = FE nested within cluster; treated as redundant for DoF computation
(949,583 observations deleted)
(10 missing values generated)
(10 real changes made)
(7 real changes made)
(1 real change made)
file ../output/figures/es_ln_cite_affl_wt.pdf saved as PDF format
(file ../temp/es_ln_cite_affl_wt.dta not found)
file ../temp/es_ln_cite_affl_wt.dta saved
(dropped 26496 singleton observations)
(MWFE estimator converged in 7 iterations)
note: int_lead1 omitted because of collinearity

HDFE Linear regression                            Number of obs   =    137,859
Absorbing 2 HDFE groups                           F(  10,  30311) =       0.79
Statistics robust to heteroskedasticity           Prob > F        =     0.6390
                                                  R-squared       =     0.5480
                                                  Adj R-squared   =     0.4205
                                                  Within R-sq.    =     0.0001
Number of clusters (athr_id) =     30,312         Root MSE        =     1.2173

                           (Std. err. adjusted for 30,312 clusters in athr_id)
------------------------------------------------------------------------------
             |               Robust
ln_cite_af~t | Coefficient  std. err.      t    P>|t|     [95% conf. interval]
-------------+----------------------------------------------------------------
   int_lead5 |   5.435104   4.455288     1.22   0.223    -3.297449    14.16766
   int_lead4 |   4.952392   4.370542     1.13   0.257    -3.614055    13.51884
   int_lead3 |  -.4572679   4.209959    -0.11   0.914    -8.708966    7.794431
   int_lead2 |   .3257119   4.174772     0.08   0.938    -7.857017    8.508441
    int_lag0 |   5.797786   4.279931     1.35   0.176     -2.59106    14.18663
    int_lag1 |   3.335571   4.254866     0.78   0.433    -5.004146    11.67529
    int_lag2 |   3.830435   4.420372     0.87   0.386    -4.833681    12.49455
    int_lag3 |   1.906211   4.572442     0.42   0.677     -7.05597    10.86839
    int_lag4 |   8.035776   4.525155     1.78   0.076    -.8337182    16.90527
    int_lag5 |   7.741489   4.837871     1.60   0.110    -1.740942    17.22392
   int_lead1 |          0  (omitted)
       _cons |   .2366933   .0084561    27.99   0.000      .220119    .2532676
------------------------------------------------------------------------------

Absorbed degrees of freedom:
-----------------------------------------------------+
 Absorbed FE | Categories  - Redundant  = Num. Coefs |
-------------+---------------------------------------|
     athr_id |     30312       30312           0    *|
        year |        11           1          10     |
-----------------------------------------------------+
* = FE nested within cluster; treated as redundant for DoF computation
(949,583 observations deleted)
(10 missing values generated)
(10 real changes made)
(7 real changes made)
(1 real change made)
file ../output/figures/es_ln_cite_affl_wt_q1.pdf saved as PDF format
(file ../temp/es_ln_cite_affl_wt_q1.dta not found)
file ../temp/es_ln_cite_affl_wt_q1.dta saved
(dropped 24232 singleton observations)
(MWFE estimator converged in 7 iterations)
note: int_lead1 omitted because of collinearity

HDFE Linear regression                            Number of obs   =    140,039
Absorbing 2 HDFE groups                           F(  10,  30628) =       0.45
Statistics robust to heteroskedasticity           Prob > F        =     0.9206
                                                  R-squared       =     0.5463
                                                  Adj R-squared   =     0.4191
                                                  Within R-sq.    =     0.0000
Number of clusters (athr_id) =     30,629         Root MSE        =     1.2356

                           (Std. err. adjusted for 30,629 clusters in athr_id)
------------------------------------------------------------------------------
             |               Robust
ln_cite_af~t | Coefficient  std. err.      t    P>|t|     [95% conf. interval]
-------------+----------------------------------------------------------------
   int_lead5 |  -2.698867   4.723388    -0.57   0.568     -11.9569    6.559168
   int_lead4 |   3.820786   4.527631     0.84   0.399    -5.053558    12.69513
   int_lead3 |  -1.564645   4.372356    -0.36   0.720    -10.13464    7.005355
   int_lead2 |  -3.543112   4.306764    -0.82   0.411    -11.98455    4.898324
    int_lag0 |  -3.028378   4.431592    -0.68   0.494    -11.71448    5.657725
    int_lag1 |  -4.239594   4.518069    -0.94   0.348     -13.0952    4.616009
    int_lag2 |  -1.097412   4.659749    -0.24   0.814    -10.23071     8.03589
    int_lag3 |  -1.731989   4.685837    -0.37   0.712    -10.91642    7.452446
    int_lag4 |  -1.643502   4.750005    -0.35   0.729    -10.95371    7.666704
    int_lag5 |  -.8083237   4.926577    -0.16   0.870    -10.46462    8.847971
   int_lead1 |          0  (omitted)
       _cons |   .2389192   .0413337     5.78   0.000     .1579035    .3199349
------------------------------------------------------------------------------

Absorbed degrees of freedom:
-----------------------------------------------------+
 Absorbed FE | Categories  - Redundant  = Num. Coefs |
-------------+---------------------------------------|
     athr_id |     30629       30629           0    *|
        year |        11           1          10     |
-----------------------------------------------------+
* = FE nested within cluster; treated as redundant for DoF computation
(949,583 observations deleted)
(10 missing values generated)
(10 real changes made)
(7 real changes made)
(1 real change made)
file ../output/figures/es_ln_cite_affl_wt_q2.pdf saved as PDF format
(file ../temp/es_ln_cite_affl_wt_q2.dta not found)
file ../temp/es_ln_cite_affl_wt_q2.dta saved
(dropped 21563 singleton observations)
(MWFE estimator converged in 7 iterations)
note: int_lead1 omitted because of collinearity

HDFE Linear regression                            Number of obs   =    139,027
Absorbing 2 HDFE groups                           F(  10,  29570) =       1.04
Statistics robust to heteroskedasticity           Prob > F        =     0.4029
                                                  R-squared       =     0.5374
                                                  Adj R-squared   =     0.4124
                                                  Within R-sq.    =     0.0001
Number of clusters (athr_id) =     29,571         Root MSE        =     1.2485

                           (Std. err. adjusted for 29,571 clusters in athr_id)
------------------------------------------------------------------------------
             |               Robust
ln_cite_af~t | Coefficient  std. err.      t    P>|t|     [95% conf. interval]
-------------+----------------------------------------------------------------
   int_lead5 |  -5.166896   3.509692    -1.47   0.141    -12.04605    1.712255
   int_lead4 |  -1.911262   3.420111    -0.56   0.576    -8.614832    4.792308
   int_lead3 |   1.273252    3.28851     0.39   0.699    -5.172373    7.718878
   int_lead2 |  -.5161722   3.250694    -0.16   0.874    -6.887677    5.855332
    int_lag0 |  -.5047107   3.294088    -0.15   0.878    -6.961269    5.951848
    int_lag1 |    -7.4712   3.396546    -2.20   0.028    -14.12858   -.8138201
    int_lag2 |  -3.571433   3.421833    -1.04   0.297    -10.27838    3.135511
    int_lag3 |  -3.496801   3.453848    -1.01   0.311     -10.2665    3.272895
    int_lag4 |  -3.838829   3.592115    -1.07   0.285    -10.87953    3.201875
    int_lag5 |  -3.569558   3.617812    -0.99   0.324    -10.66063    3.521513
   int_lead1 |          0  (omitted)
       _cons |   .3676163   .0581564     6.32   0.000     .2536272    .4816054
------------------------------------------------------------------------------

Absorbed degrees of freedom:
-----------------------------------------------------+
 Absorbed FE | Categories  - Redundant  = Num. Coefs |
-------------+---------------------------------------|
     athr_id |     29571       29571           0    *|
        year |        11           1          10     |
-----------------------------------------------------+
* = FE nested within cluster; treated as redundant for DoF computation
(949,583 observations deleted)
(10 missing values generated)
(10 real changes made)
(7 real changes made)
(1 real change made)
file ../output/figures/es_ln_cite_affl_wt_q3.pdf saved as PDF format
(file ../temp/es_ln_cite_affl_wt_q3.dta not found)
file ../temp/es_ln_cite_affl_wt_q3.dta saved
(dropped 18427 singleton observations)
(MWFE estimator converged in 7 iterations)
note: int_lead1 omitted because of collinearity

HDFE Linear regression                            Number of obs   =    144,035
Absorbing 2 HDFE groups                           F(  10,  28760) =       4.10
Statistics robust to heteroskedasticity           Prob > F        =     0.0000
                                                  R-squared       =     0.5401
                                                  Adj R-squared   =     0.4252
                                                  Within R-sq.    =     0.0004
Number of clusters (athr_id) =     28,761         Root MSE        =     1.1818

                           (Std. err. adjusted for 28,761 clusters in athr_id)
------------------------------------------------------------------------------
             |               Robust
ln_cite_af~t | Coefficient  std. err.      t    P>|t|     [95% conf. interval]
-------------+----------------------------------------------------------------
   int_lead5 |   .0180453   .5482543     0.03   0.974    -1.056559    1.092649
   int_lead4 |   .2072476   .5216312     0.40   0.691    -.8151737    1.229669
   int_lead3 |  -.3042009   .5195205    -0.59   0.558    -1.322485    .7140834
   int_lead2 |  -.1046602   .5212105    -0.20   0.841    -1.126257    .9169367
    int_lag0 |  -.5011669   .5055327    -0.99   0.322    -1.492034    .4897006
    int_lag1 |  -.9248721   .5480207    -1.69   0.091    -1.999018    .1492738
    int_lag2 |   -1.13436   .5347019    -2.12   0.034    -2.182401   -.0863196
    int_lag3 |  -1.671377   .5443879    -3.07   0.002    -2.738403   -.6043515
    int_lag4 |  -.7838634   .5470909    -1.43   0.152    -1.856187    .2884602
    int_lag5 |  -2.752497   .5642692    -4.88   0.000    -3.858491   -1.646504
   int_lead1 |          0  (omitted)
       _cons |   .5839396   .0223899    26.08   0.000     .5400545    .6278248
------------------------------------------------------------------------------

Absorbed degrees of freedom:
-----------------------------------------------------+
 Absorbed FE | Categories  - Redundant  = Num. Coefs |
-------------+---------------------------------------|
     athr_id |     28761       28761           0    *|
        year |        11           1          10     |
-----------------------------------------------------+
* = FE nested within cluster; treated as redundant for DoF computation
(949,583 observations deleted)
(10 missing values generated)
(10 real changes made)
(7 real changes made)
(1 real change made)
file ../output/figures/es_ln_cite_affl_wt_q4.pdf saved as PDF format
(file ../temp/es_ln_cite_affl_wt_q4.dta not found)
file ../temp/es_ln_cite_affl_wt_q4.dta saved
(11 real changes made)

    Variable |        Obs        Mean    Std. dev.       Min        Max
-------------+---------------------------------------------------------
           b |          5    4.969896    2.758483   1.906211   8.035776
(11 real changes made)
(11 real changes made)

    Variable |        Obs        Mean    Std. dev.       Min        Max
-------------+---------------------------------------------------------
           b |          5   -1.904164    1.360472  -4.239594  -.8083237
(11 real changes made)
(11 real changes made)

    Variable |        Obs        Mean    Std. dev.       Min        Max
-------------+---------------------------------------------------------
           b |          5   -4.389564    1.727611    -7.4712  -3.496801
(11 real changes made)
(11 real changes made)

    Variable |        Obs        Mean    Std. dev.       Min        Max
-------------+---------------------------------------------------------
           b |          6    -1.29469    .8148852  -2.752497  -.5011669
file ../output/figures/es_ln_cite_affl_wt_split.pdf saved as PDF format
file ../output/figures/trend_cite_affl_wt.pdf saved as PDF format
(dropped 90719 singleton observations)
(MWFE estimator converged in 7 iterations)

HDFE Linear regression                            Number of obs   =    858,875
Absorbing 2 HDFE groups                           F(  11, 119273) =     826.39
Statistics robust to heteroskedasticity           Prob > F        =     0.0000
                                                  R-squared       =     0.3575
                                                  Adj R-squared   =     0.2539
                                                  Within R-sq.    =     0.0099
Number of clusters (athr_id) =    119,274         Root MSE        =     8.8365

                          (Std. err. adjusted for 119,274 clusters in athr_id)
------------------------------------------------------------------------------
             |               Robust
cite_affl_wt | Coefficient  std. err.      t    P>|t|     [95% conf. interval]
-------------+----------------------------------------------------------------
   int_lead5 |   38.35183   1.696482    22.61   0.000     35.02676    41.67691
   int_lead4 |   49.26297   1.205575    40.86   0.000     46.90006    51.62588
   int_lead3 |   53.09968   1.712926    31.00   0.000     49.74237    56.45698
   int_lead2 |   53.11916   1.503572    35.33   0.000     50.17218    56.06613
    int_lag0 |   51.99869   1.049213    49.56   0.000     49.94224    54.05513
    int_lag1 |   52.19082   1.181606    44.17   0.000     49.87489    54.50675
    int_lag2 |   53.35539   1.434523    37.19   0.000     50.54375    56.16703
    int_lag3 |   54.64989   1.438674    37.99   0.000     51.83012    57.46967
    int_lag4 |   53.24852   1.480257    35.97   0.000     50.34724     56.1498
    int_lag5 |   34.70433   1.476571    23.50   0.000     31.81027    37.59838
   int_lead1 |   54.36318   1.324402    41.05   0.000     51.76738    56.95899
       _cons |   1.533799   .0099709   153.83   0.000     1.514256    1.553342
------------------------------------------------------------------------------

Absorbed degrees of freedom:
-----------------------------------------------------+
 Absorbed FE | Categories  - Redundant  = Num. Coefs |
-------------+---------------------------------------|
     athr_id |    119274      119274           0    *|
        year |        11           1          10     |
-----------------------------------------------------+
* = FE nested within cluster; treated as redundant for DoF computation
(949,583 observations deleted)
(10 missing values generated)
(10 real changes made)
(7 real changes made)
(1 real change made)
file ../output/figures/es_cite_affl_wt.pdf saved as PDF format
(file ../temp/es_cite_affl_wt.dta not found)
file ../temp/es_cite_affl_wt.dta saved
(dropped 26496 singleton observations)
(MWFE estimator converged in 7 iterations)
note: int_lead1 omitted because of collinearity

HDFE Linear regression                            Number of obs   =    137,859
Absorbing 2 HDFE groups                           F(  10,  30311) =       1.56
Statistics robust to heteroskedasticity           Prob > F        =     0.1125
                                                  R-squared       =     0.3996
                                                  Adj R-squared   =     0.2303
                                                  Within R-sq.    =     0.0001
Number of clusters (athr_id) =     30,312         Root MSE        =     7.0141

                           (Std. err. adjusted for 30,312 clusters in athr_id)
------------------------------------------------------------------------------
             |               Robust
cite_affl_wt | Coefficient  std. err.      t    P>|t|     [95% conf. interval]
-------------+----------------------------------------------------------------
   int_lead5 |  -31.66768   33.97679    -0.93   0.351    -98.26361    34.92826
   int_lead4 |  -5.159721    20.2245    -0.26   0.799     -44.8006    34.48116
   int_lead3 |  -25.57322   17.20941    -1.49   0.137    -59.30438    8.157943
   int_lead2 |   2.973328   17.14719     0.17   0.862    -30.63589    36.58254
    int_lag0 |  -15.92431   20.00268    -0.80   0.426    -55.13041     23.2818
    int_lag1 |   2.788579   19.45894     0.14   0.886    -35.35177    40.92893
    int_lag2 |   13.17696   19.11962     0.69   0.491    -24.29831    50.65223
    int_lag3 |  -7.612895   46.12271    -0.17   0.869    -98.01535    82.78956
    int_lag4 |   33.29841   21.39102     1.56   0.120    -8.628883     75.2257
    int_lag5 |   53.22285   23.23198     2.29   0.022     7.687191    98.75852
   int_lead1 |          0  (omitted)
       _cons |   3.302922   .0381859    86.50   0.000     3.228076    3.377768
------------------------------------------------------------------------------

Absorbed degrees of freedom:
-----------------------------------------------------+
 Absorbed FE | Categories  - Redundant  = Num. Coefs |
-------------+---------------------------------------|
     athr_id |     30312       30312           0    *|
        year |        11           1          10     |
-----------------------------------------------------+
* = FE nested within cluster; treated as redundant for DoF computation
(949,583 observations deleted)
(10 missing values generated)
(10 real changes made)
(7 real changes made)
(1 real change made)
file ../output/figures/es_cite_affl_wt_q1.pdf saved as PDF format
(file ../temp/es_cite_affl_wt_q1.dta not found)
file ../temp/es_cite_affl_wt_q1.dta saved
(dropped 24232 singleton observations)
(MWFE estimator converged in 7 iterations)
note: int_lead1 omitted because of collinearity

HDFE Linear regression                            Number of obs   =    140,039
Absorbing 2 HDFE groups                           F(  10,  30628) =       0.69
Statistics robust to heteroskedasticity           Prob > F        =     0.7376
                                                  R-squared       =     0.3910
                                                  Adj R-squared   =     0.2204
                                                  Within R-sq.    =     0.0001
Number of clusters (athr_id) =     30,629         Root MSE        =     6.8727

                           (Std. err. adjusted for 30,629 clusters in athr_id)
------------------------------------------------------------------------------
             |               Robust
cite_affl_wt | Coefficient  std. err.      t    P>|t|     [95% conf. interval]
-------------+----------------------------------------------------------------
   int_lead5 |   16.42704   25.47867     0.64   0.519     -33.5122    66.36628
   int_lead4 |   14.07374   20.47563     0.69   0.492    -26.05935    54.20683
   int_lead3 |   3.602581   17.11546     0.21   0.833    -29.94442    37.14959
   int_lead2 |    10.4287   18.52907     0.56   0.574    -25.88905    46.74645
    int_lag0 |   11.52737     17.146     0.67   0.501     -22.0795    45.13424
    int_lag1 |  -15.63018   20.75873    -0.75   0.451    -56.31815    25.05779
    int_lag2 |   6.633623   24.80525     0.27   0.789    -41.98569    55.25294
    int_lag3 |   40.64776     25.117     1.62   0.106      -8.5826    89.87813
    int_lag4 |  -5.339601   23.91529    -0.22   0.823    -52.21456    41.53536
    int_lag5 |  -.9499834   22.40878    -0.04   0.966    -44.87213    42.97216
   int_lead1 |          0  (omitted)
       _cons |   3.161669   .1848459    17.10   0.000     2.799364    3.523975
------------------------------------------------------------------------------

Absorbed degrees of freedom:
-----------------------------------------------------+
 Absorbed FE | Categories  - Redundant  = Num. Coefs |
-------------+---------------------------------------|
     athr_id |     30629       30629           0    *|
        year |        11           1          10     |
-----------------------------------------------------+
* = FE nested within cluster; treated as redundant for DoF computation
(949,583 observations deleted)
(10 missing values generated)
(10 real changes made)
(7 real changes made)
(1 real change made)
file ../output/figures/es_cite_affl_wt_q2.pdf saved as PDF format
(file ../temp/es_cite_affl_wt_q2.dta not found)
file ../temp/es_cite_affl_wt_q2.dta saved
(dropped 21563 singleton observations)
(MWFE estimator converged in 7 iterations)
note: int_lead1 omitted because of collinearity

HDFE Linear regression                            Number of obs   =    139,027
Absorbing 2 HDFE groups                           F(  10,  29570) =       0.89
Statistics robust to heteroskedasticity           Prob > F        =     0.5415
                                                  R-squared       =     0.4141
                                                  Adj R-squared   =     0.2557
                                                  Within R-sq.    =     0.0000
Number of clusters (athr_id) =     29,571         Root MSE        =    14.4253

                           (Std. err. adjusted for 29,571 clusters in athr_id)
------------------------------------------------------------------------------
             |               Robust
cite_affl_wt | Coefficient  std. err.      t    P>|t|     [95% conf. interval]
-------------+----------------------------------------------------------------
   int_lead5 |   3.537562   24.09546     0.15   0.883     -43.6906    50.76573
   int_lead4 |  -3.755463   19.29384    -0.19   0.846    -41.57225    34.06133
   int_lead3 |   20.60655   16.07973     1.28   0.200    -10.91043    52.12353
   int_lead2 |   42.19639   24.21318     1.74   0.081     -5.26251    89.65529
    int_lag0 |   30.78856   16.20081     1.90   0.057      -.96575    62.54286
    int_lag1 |  -12.12651   21.13811    -0.57   0.566    -53.55814    29.30513
    int_lag2 |   1.900488   18.95206     0.10   0.920    -35.24639    39.04737
    int_lag3 |   12.56214   21.70697     0.58   0.563    -29.98447    55.10876
    int_lag4 |  -33.15921   55.80571    -0.59   0.552    -142.5409    76.22245
    int_lag5 |  -9.009934   21.47501    -0.42   0.675    -51.10189    33.08203
   int_lead1 |          0  (omitted)
       _cons |   3.539744   .3636707     9.73   0.000     2.826934    4.252555
------------------------------------------------------------------------------

Absorbed degrees of freedom:
-----------------------------------------------------+
 Absorbed FE | Categories  - Redundant  = Num. Coefs |
-------------+---------------------------------------|
     athr_id |     29571       29571           0    *|
        year |        11           1          10     |
-----------------------------------------------------+
* = FE nested within cluster; treated as redundant for DoF computation
(949,583 observations deleted)
(10 missing values generated)
(10 real changes made)
(7 real changes made)
(1 real change made)
file ../output/figures/es_cite_affl_wt_q3.pdf saved as PDF format
(file ../temp/es_cite_affl_wt_q3.dta not found)
file ../temp/es_cite_affl_wt_q3.dta saved
(dropped 18427 singleton observations)
(MWFE estimator converged in 7 iterations)
note: int_lead1 omitted because of collinearity

HDFE Linear regression                            Number of obs   =    144,035
Absorbing 2 HDFE groups                           F(  10,  28760) =       2.13
Statistics robust to heteroskedasticity           Prob > F        =     0.0190
                                                  R-squared       =     0.4036
                                                  Adj R-squared   =     0.2547
                                                  Within R-sq.    =     0.0002
Number of clusters (athr_id) =     28,761         Root MSE        =    12.6249

                           (Std. err. adjusted for 28,761 clusters in athr_id)
------------------------------------------------------------------------------
             |               Robust
cite_affl_wt | Coefficient  std. err.      t    P>|t|     [95% conf. interval]
-------------+----------------------------------------------------------------
   int_lead5 |    11.6878   6.083244     1.92   0.055    -.2356441    23.61124
   int_lead4 |   12.85021    5.76195     2.23   0.026     1.556519     24.1439
   int_lead3 |   13.70604   6.668243     2.06   0.040     .6359748    26.77611
   int_lead2 |   8.406803   7.200429     1.17   0.243    -5.706373    22.51998
    int_lag0 |   .5485011   5.910669     0.09   0.926    -11.03668    12.13369
    int_lag1 |   6.896646   5.751763     1.20   0.231    -4.377078    18.17037
    int_lag2 |   4.519796   6.465205     0.70   0.484    -8.152306     17.1919
    int_lag3 |   1.919152   5.785749     0.33   0.740    -9.421186    13.25949
    int_lag4 |   2.970463   6.572446     0.45   0.651    -9.911837    15.85276
    int_lag5 |  -3.868031   6.381832    -0.61   0.544    -16.37672    8.640655
   int_lead1 |          0  (omitted)
       _cons |   4.311382   .3017318    14.29   0.000     3.719974    4.902791
------------------------------------------------------------------------------

Absorbed degrees of freedom:
-----------------------------------------------------+
 Absorbed FE | Categories  - Redundant  = Num. Coefs |
-------------+---------------------------------------|
     athr_id |     28761       28761           0    *|
        year |        11           1          10     |
-----------------------------------------------------+
* = FE nested within cluster; treated as redundant for DoF computation
(949,583 observations deleted)
(10 missing values generated)
(10 real changes made)
(7 real changes made)
(1 real change made)
file ../output/figures/es_cite_affl_wt_q4.pdf saved as PDF format
(file ../temp/es_cite_affl_wt_q4.dta not found)
file ../temp/es_cite_affl_wt_q4.dta saved
(11 real changes made)

    Variable |        Obs        Mean    Std. dev.       Min        Max
-------------+---------------------------------------------------------
           b |          5    18.97478    24.39574  -7.612895   53.22285
(11 real changes made)
(11 real changes made)

    Variable |        Obs        Mean    Std. dev.       Min        Max
-------------+---------------------------------------------------------
           b |          5    5.072324     21.4553  -15.63018   40.64776
(11 real changes made)
(11 real changes made)

    Variable |        Obs        Mean    Std. dev.       Min        Max
-------------+---------------------------------------------------------
           b |          5   -7.966605    17.11615  -33.15921   12.56214
(11 real changes made)
(11 real changes made)

    Variable |        Obs        Mean    Std. dev.       Min        Max
-------------+---------------------------------------------------------
           b |          6    2.164421    3.678404  -3.868032   6.896646
file ../output/figures/es_cite_affl_wt_split.pdf saved as PDF format
file ../output/figures/trend_ln_ppr_cnt.pdf saved as PDF format
(dropped 90719 singleton observations)
(MWFE estimator converged in 7 iterations)

HDFE Linear regression                            Number of obs   =    858,875
Absorbing 2 HDFE groups                           F(  11, 119273) =    4704.84
Statistics robust to heteroskedasticity           Prob > F        =     0.0000
                                                  R-squared       =     0.6571
                                                  Adj R-squared   =     0.6018
                                                  Within R-sq.    =     0.4874
Number of clusters (athr_id) =    119,274         Root MSE        =     2.2203

                          (Std. err. adjusted for 119,274 clusters in athr_id)
------------------------------------------------------------------------------
             |               Robust
  ln_ppr_cnt | Coefficient  std. err.      t    P>|t|     [95% conf. interval]
-------------+----------------------------------------------------------------
   int_lead5 |   82.13044   .5505972   149.17   0.000     81.05127     83.2096
   int_lead4 |   118.8131   .6381833   186.17   0.000     117.5622    120.0639
   int_lead3 |   127.6152   .6521725   195.68   0.000      126.337    128.8935
   int_lead2 |   131.8552   .6587316   200.17   0.000     130.5641    133.1463
    int_lag0 |   136.1731   .6642129   205.01   0.000     134.8713    137.4749
    int_lag1 |   133.6016   .6819375   195.91   0.000      132.265    134.9382
    int_lag2 |   133.3121   .6816681   195.57   0.000     131.9761    134.6482
    int_lag3 |   128.2743   .6703752   191.35   0.000     126.9604    129.5883
    int_lag4 |   119.4689   .6725022   177.65   0.000     118.1508     120.787
    int_lag5 |   81.72225   .5746394   142.21   0.000     80.59596    82.84853
   int_lead1 |   133.1168   .6377602   208.73   0.000     131.8668    134.3668
       _cons |  -4.333661   .0103496  -418.73   0.000    -4.353946   -4.313376
------------------------------------------------------------------------------

Absorbed degrees of freedom:
-----------------------------------------------------+
 Absorbed FE | Categories  - Redundant  = Num. Coefs |
-------------+---------------------------------------|
     athr_id |    119274      119274           0    *|
        year |        11           1          10     |
-----------------------------------------------------+
* = FE nested within cluster; treated as redundant for DoF computation
(949,583 observations deleted)
(10 missing values generated)
(10 real changes made)
(7 real changes made)
(1 real change made)
file ../output/figures/es_ln_ppr_cnt.pdf saved as PDF format
(file ../temp/es_ln_ppr_cnt.dta not found)
file ../temp/es_ln_ppr_cnt.dta saved
(dropped 26496 singleton observations)
(MWFE estimator converged in 7 iterations)
note: int_lead1 omitted because of collinearity

HDFE Linear regression                            Number of obs   =    137,859
Absorbing 2 HDFE groups                           F(  10,  30311) =       1.21
Statistics robust to heteroskedasticity           Prob > F        =     0.2800
                                                  R-squared       =     0.4847
                                                  Adj R-squared   =     0.3393
                                                  Within R-sq.    =     0.0001
Number of clusters (athr_id) =     30,312         Root MSE        =     0.4532

                           (Std. err. adjusted for 30,312 clusters in athr_id)
------------------------------------------------------------------------------
             |               Robust
  ln_ppr_cnt | Coefficient  std. err.      t    P>|t|     [95% conf. interval]
-------------+----------------------------------------------------------------
   int_lead5 |     2.8664   1.715024     1.67   0.095    -.4951191     6.22792
   int_lead4 |   2.507796   1.681337     1.49   0.136    -.7876943    5.803287
   int_lead3 |   .4114047   1.608653     0.26   0.798    -2.741623    3.564432
   int_lead2 |   1.198385   1.530199     0.78   0.434     -1.80087     4.19764
    int_lag0 |   3.047595   1.616865     1.88   0.059    -.1215275    6.216718
    int_lag1 |   2.123796   1.645734     1.29   0.197    -1.101913    5.349504
    int_lag2 |   2.441678   1.672271     1.46   0.144    -.8360437    5.719401
    int_lag3 |   2.841912   1.748702     1.63   0.104    -.5856175    6.269442
    int_lag4 |   5.003742   1.775324     2.82   0.005     1.524031    8.483452
    int_lag5 |   3.420197   1.849265     1.85   0.064    -.2044408    7.044835
   int_lead1 |          0  (omitted)
       _cons |   .4011831   .0032478   123.53   0.000     .3948173    .4075489
------------------------------------------------------------------------------

Absorbed degrees of freedom:
-----------------------------------------------------+
 Absorbed FE | Categories  - Redundant  = Num. Coefs |
-------------+---------------------------------------|
     athr_id |     30312       30312           0    *|
        year |        11           1          10     |
-----------------------------------------------------+
* = FE nested within cluster; treated as redundant for DoF computation
(949,583 observations deleted)
(10 missing values generated)
(10 real changes made)
(7 real changes made)
(1 real change made)
file ../output/figures/es_ln_ppr_cnt_q1.pdf saved as PDF format
(file ../temp/es_ln_ppr_cnt_q1.dta not found)
file ../temp/es_ln_ppr_cnt_q1.dta saved
(dropped 24232 singleton observations)
(MWFE estimator converged in 7 iterations)
note: int_lead1 omitted because of collinearity

HDFE Linear regression                            Number of obs   =    140,039
Absorbing 2 HDFE groups                           F(  10,  30628) =       0.74
Statistics robust to heteroskedasticity           Prob > F        =     0.6879
                                                  R-squared       =     0.4918
                                                  Adj R-squared   =     0.3495
                                                  Within R-sq.    =     0.0001
Number of clusters (athr_id) =     30,629         Root MSE        =     0.4542

                           (Std. err. adjusted for 30,629 clusters in athr_id)
------------------------------------------------------------------------------
             |               Robust
  ln_ppr_cnt | Coefficient  std. err.      t    P>|t|     [95% conf. interval]
-------------+----------------------------------------------------------------
   int_lead5 |  -.5343453   1.715071    -0.31   0.755    -3.895955    2.827264
   int_lead4 |   .7492551   1.661222     0.45   0.652    -2.506809    4.005319
   int_lead3 |  -1.965035   1.597008    -1.23   0.219    -5.095236    1.165167
   int_lead2 |    1.02803   1.549686     0.66   0.507     -2.00942    4.065479
    int_lag0 |  -.0308883   1.567231    -0.02   0.984    -3.102727     3.04095
    int_lag1 |   .2734199   1.623574     0.17   0.866    -2.908852    3.455692
    int_lag2 |   1.921122   1.684943     1.14   0.254    -1.381435    5.223679
    int_lag3 |   .0021765   1.720042     0.00   0.999    -3.369177     3.37353
    int_lag4 |   1.390442   1.784008     0.78   0.436    -2.106288    4.887171
    int_lag5 |   .3304751   1.829802     0.18   0.857    -3.256012    3.916962
   int_lead1 |          0  (omitted)
       _cons |   .4089935   .0148783    27.49   0.000     .3798315    .4381556
------------------------------------------------------------------------------

Absorbed degrees of freedom:
-----------------------------------------------------+
 Absorbed FE | Categories  - Redundant  = Num. Coefs |
-------------+---------------------------------------|
     athr_id |     30629       30629           0    *|
        year |        11           1          10     |
-----------------------------------------------------+
* = FE nested within cluster; treated as redundant for DoF computation
(949,583 observations deleted)
(10 missing values generated)
(10 real changes made)
(7 real changes made)
(1 real change made)
file ../output/figures/es_ln_ppr_cnt_q2.pdf saved as PDF format
(file ../temp/es_ln_ppr_cnt_q2.dta not found)
file ../temp/es_ln_ppr_cnt_q2.dta saved
(dropped 21563 singleton observations)
(MWFE estimator converged in 7 iterations)
note: int_lead1 omitted because of collinearity

HDFE Linear regression                            Number of obs   =    139,027
Absorbing 2 HDFE groups                           F(  10,  29570) =       1.17
Statistics robust to heteroskedasticity           Prob > F        =     0.3069
                                                  R-squared       =     0.4820
                                                  Adj R-squared   =     0.3419
                                                  Within R-sq.    =     0.0001
Number of clusters (athr_id) =     29,571         Root MSE        =     0.4606

                           (Std. err. adjusted for 29,571 clusters in athr_id)
------------------------------------------------------------------------------
             |               Robust
  ln_ppr_cnt | Coefficient  std. err.      t    P>|t|     [95% conf. interval]
-------------+----------------------------------------------------------------
   int_lead5 |  -.0277023   1.291214    -0.02   0.983    -2.558539    2.503134
   int_lead4 |  -1.613368   1.260994    -1.28   0.201    -4.084972    .8582361
   int_lead3 |  -.8881452   1.194668    -0.74   0.457    -3.229747    1.453457
   int_lead2 |  -.3985031   1.193124    -0.33   0.738    -2.737078    1.940072
    int_lag0 |  -.5000795   1.201299    -0.42   0.677    -2.854678    1.854519
    int_lag1 |  -2.855127    1.22081    -2.34   0.019    -5.247969    -.462285
    int_lag2 |  -.5793824   1.282712    -0.45   0.651    -3.093555    1.934791
    int_lag3 |  -2.767556   1.290623    -2.14   0.032    -5.297234   -.2378786
    int_lag4 |  -1.500358   1.329594    -1.13   0.259     -4.10642    1.105704
    int_lag5 |  -2.115497   1.359442    -1.56   0.120    -4.780063     .549069
   int_lead1 |          0  (omitted)
       _cons |   .4585641   .0212577    21.57   0.000     .4168981    .5002301
------------------------------------------------------------------------------

Absorbed degrees of freedom:
-----------------------------------------------------+
 Absorbed FE | Categories  - Redundant  = Num. Coefs |
-------------+---------------------------------------|
     athr_id |     29571       29571           0    *|
        year |        11           1          10     |
-----------------------------------------------------+
* = FE nested within cluster; treated as redundant for DoF computation
(949,583 observations deleted)
(10 missing values generated)
(10 real changes made)
(7 real changes made)
(1 real change made)
file ../output/figures/es_ln_ppr_cnt_q3.pdf saved as PDF format
(file ../temp/es_ln_ppr_cnt_q3.dta not found)
file ../temp/es_ln_ppr_cnt_q3.dta saved
(dropped 18427 singleton observations)
(MWFE estimator converged in 7 iterations)
note: int_lead1 omitted because of collinearity

HDFE Linear regression                            Number of obs   =    144,035
Absorbing 2 HDFE groups                           F(  10,  28760) =       2.45
Statistics robust to heteroskedasticity           Prob > F        =     0.0064
                                                  R-squared       =     0.4613
                                                  Adj R-squared   =     0.3268
                                                  Within R-sq.    =     0.0003
Number of clusters (athr_id) =     28,761         Root MSE        =     0.4626

                           (Std. err. adjusted for 28,761 clusters in athr_id)
------------------------------------------------------------------------------
             |               Robust
  ln_ppr_cnt | Coefficient  std. err.      t    P>|t|     [95% conf. interval]
-------------+----------------------------------------------------------------
   int_lead5 |   .1908967   .2177228     0.88   0.381      -.23585    .6176435
   int_lead4 |  -.0930399   .2079515    -0.45   0.655    -.5006345    .3145548
   int_lead3 |  -.0122796   .2012671    -0.06   0.951    -.4067725    .3822133
   int_lead2 |  -.0001666    .195595    -0.00   0.999    -.3835419    .3832087
    int_lag0 |  -.3052251   .2002878    -1.52   0.128    -.6977985    .0873483
    int_lag1 |  -.2893055   .2042506    -1.42   0.157    -.6896461    .1110351
    int_lag2 |   -.381695   .2163158    -1.76   0.078    -.8056839    .0422939
    int_lag3 |  -.3585603   .2236839    -1.60   0.109    -.7969911    .0798704
    int_lag4 |  -.4459361   .2301333    -1.94   0.053    -.8970081    .0051359
    int_lag5 |  -.8730028   .2278023    -3.83   0.000    -1.319506   -.4264997
   int_lead1 |          0  (omitted)
       _cons |   .4540812   .0088107    51.54   0.000     .4368118    .4713506
------------------------------------------------------------------------------

Absorbed degrees of freedom:
-----------------------------------------------------+
 Absorbed FE | Categories  - Redundant  = Num. Coefs |
-------------+---------------------------------------|
     athr_id |     28761       28761           0    *|
        year |        11           1          10     |
-----------------------------------------------------+
* = FE nested within cluster; treated as redundant for DoF computation
(949,583 observations deleted)
(10 missing values generated)
(10 real changes made)
(7 real changes made)
(1 real change made)
file ../output/figures/es_ln_ppr_cnt_q4.pdf saved as PDF format
(file ../temp/es_ln_ppr_cnt_q4.dta not found)
file ../temp/es_ln_ppr_cnt_q4.dta saved
(11 real changes made)

    Variable |        Obs        Mean    Std. dev.       Min        Max
-------------+---------------------------------------------------------
           b |          5    3.166265    1.135537   2.123796   5.003742
(11 real changes made)
(11 real changes made)

    Variable |        Obs        Mean    Std. dev.       Min        Max
-------------+---------------------------------------------------------
           b |          5     .783527    .8274119   .0021765   1.921122
(11 real changes made)
(11 real changes made)

    Variable |        Obs        Mean    Std. dev.       Min        Max
-------------+---------------------------------------------------------
           b |          5   -1.963584    .9480098  -2.855127  -.5793824
(11 real changes made)
(11 real changes made)

    Variable |        Obs        Mean    Std. dev.       Min        Max
-------------+---------------------------------------------------------
           b |          6   -.4422875    .2183576  -.8730028  -.2893055
file ../output/figures/es_ln_ppr_cnt_split.pdf saved as PDF format
file ../output/figures/trend_ppr_cnt.pdf saved as PDF format
(dropped 90719 singleton observations)
(MWFE estimator converged in 7 iterations)

HDFE Linear regression                            Number of obs   =    858,875
Absorbing 2 HDFE groups                           F(  11, 119273) =    3471.94
Statistics robust to heteroskedasticity           Prob > F        =     0.0000
                                                  R-squared       =     0.5768
                                                  Adj R-squared   =     0.5086
                                                  Within R-sq.    =     0.1556
Number of clusters (athr_id) =    119,274         Root MSE        =     1.0579

                          (Std. err. adjusted for 119,274 clusters in athr_id)
------------------------------------------------------------------------------
             |               Robust
     ppr_cnt | Coefficient  std. err.      t    P>|t|     [95% conf. interval]
-------------+----------------------------------------------------------------
   int_lead5 |   18.18254   .2456234    74.03   0.000     17.70112    18.66395
   int_lead4 |   25.65621   .2185538   117.39   0.000     25.22784    26.08457
   int_lead3 |   27.19039   .2109298   128.91   0.000     26.77697     27.6038
   int_lead2 |   27.73271   .1978023   140.20   0.000     27.34502     28.1204
    int_lag0 |   28.41482   .2041439   139.19   0.000      28.0147    28.81493
    int_lag1 |   27.54804   .2003961   137.47   0.000     27.15527    27.94081
    int_lag2 |   27.49671   .2056549   133.70   0.000     27.09363    27.89979
    int_lag3 |   26.67533   .2125826   125.48   0.000     26.25867    27.09198
    int_lag4 |   24.96367   .2206433   113.14   0.000     24.53121    25.39613
    int_lag5 |   16.71225   .2444142    68.38   0.000      16.2332    17.19129
   int_lead1 |   28.24016   .1990467   141.88   0.000     27.85003    28.63029
       _cons |    .742408   .0024652   301.15   0.000     .7375761    .7472398
------------------------------------------------------------------------------

Absorbed degrees of freedom:
-----------------------------------------------------+
 Absorbed FE | Categories  - Redundant  = Num. Coefs |
-------------+---------------------------------------|
     athr_id |    119274      119274           0    *|
        year |        11           1          10     |
-----------------------------------------------------+
* = FE nested within cluster; treated as redundant for DoF computation
(949,583 observations deleted)
(10 missing values generated)
(10 real changes made)
(7 real changes made)
(1 real change made)
file ../output/figures/es_ppr_cnt.pdf saved as PDF format
(file ../temp/es_ppr_cnt.dta not found)
file ../temp/es_ppr_cnt.dta saved
(dropped 26496 singleton observations)
(MWFE estimator converged in 7 iterations)
note: int_lead1 omitted because of collinearity

HDFE Linear regression                            Number of obs   =    137,859
Absorbing 2 HDFE groups                           F(  10,  30311) =       0.99
Statistics robust to heteroskedasticity           Prob > F        =     0.4477
                                                  R-squared       =     0.5349
                                                  Adj R-squared   =     0.4037
                                                  Within R-sq.    =     0.0001
Number of clusters (athr_id) =     30,312         Root MSE        =     1.1424

                           (Std. err. adjusted for 30,312 clusters in athr_id)
------------------------------------------------------------------------------
             |               Robust
     ppr_cnt | Coefficient  std. err.      t    P>|t|     [95% conf. interval]
-------------+----------------------------------------------------------------
   int_lead5 |    5.18269   4.296131     1.21   0.228    -3.237908    13.60329
   int_lead4 |   6.742569   4.171676     1.62   0.106    -1.434092    14.91923
   int_lead3 |   1.365854   4.005011     0.34   0.733    -6.484138    9.215846
   int_lead2 |   3.409036   3.625682     0.94   0.347    -3.697454    10.51552
    int_lag0 |   7.002073   3.897255     1.80   0.072     -.636712    14.64086
    int_lag1 |   5.710994   3.780924     1.51   0.131    -1.699776    13.12176
    int_lag2 |   5.978409   3.984625     1.50   0.134    -1.831625    13.78844
    int_lag3 |   9.228377   4.193107     2.20   0.028      1.00971    17.44704
    int_lag4 |   12.13363    4.50965     2.69   0.007      3.29452    20.97273
    int_lag5 |   8.462134    4.78315     1.77   0.077    -.9130431    17.83731
   int_lead1 |          0  (omitted)
       _cons |   1.801681   .0078015   230.94   0.000      1.78639    1.816973
------------------------------------------------------------------------------

Absorbed degrees of freedom:
-----------------------------------------------------+
 Absorbed FE | Categories  - Redundant  = Num. Coefs |
-------------+---------------------------------------|
     athr_id |     30312       30312           0    *|
        year |        11           1          10     |
-----------------------------------------------------+
* = FE nested within cluster; treated as redundant for DoF computation
(949,583 observations deleted)
(10 missing values generated)
(10 real changes made)
(7 real changes made)
(1 real change made)
file ../output/figures/es_ppr_cnt_q1.pdf saved as PDF format
(file ../temp/es_ppr_cnt_q1.dta not found)
file ../temp/es_ppr_cnt_q1.dta saved
(dropped 24232 singleton observations)
(MWFE estimator converged in 7 iterations)
note: int_lead1 omitted because of collinearity

HDFE Linear regression                            Number of obs   =    140,039
Absorbing 2 HDFE groups                           F(  10,  30628) =       0.94
Statistics robust to heteroskedasticity           Prob > F        =     0.4959
                                                  R-squared       =     0.5465
                                                  Adj R-squared   =     0.4194
                                                  Within R-sq.    =     0.0001
Number of clusters (athr_id) =     30,629         Root MSE        =     1.1692

                           (Std. err. adjusted for 30,629 clusters in athr_id)
------------------------------------------------------------------------------
             |               Robust
     ppr_cnt | Coefficient  std. err.      t    P>|t|     [95% conf. interval]
-------------+----------------------------------------------------------------
   int_lead5 |   1.315925   4.550193     0.29   0.772    -7.602641    10.23449
   int_lead4 |   2.354699   4.248122     0.55   0.579    -5.971796    10.68119
   int_lead3 |  -2.178455   4.011172    -0.54   0.587    -10.04052    5.683608
   int_lead2 |   3.833701   3.869753     0.99   0.322    -3.751174    11.41858
    int_lag0 |   3.576936   3.805362     0.94   0.347     -3.88173     11.0356
    int_lag1 |   2.089064   4.101613     0.51   0.611    -5.950267    10.12839
    int_lag2 |   8.365777   4.277356     1.96   0.050    -.0180191    16.74957
    int_lag3 |  -.2914749   4.455933    -0.07   0.948    -9.025289    8.442339
    int_lag4 |    3.78014   4.621675     0.82   0.413    -5.278534    12.83881
    int_lag5 |  -.1240821   4.876776    -0.03   0.980    -9.682766    9.434601
   int_lead1 |          0  (omitted)
       _cons |   1.808095   .0377032    47.96   0.000     1.734195    1.881995
------------------------------------------------------------------------------

Absorbed degrees of freedom:
-----------------------------------------------------+
 Absorbed FE | Categories  - Redundant  = Num. Coefs |
-------------+---------------------------------------|
     athr_id |     30629       30629           0    *|
        year |        11           1          10     |
-----------------------------------------------------+
* = FE nested within cluster; treated as redundant for DoF computation
(949,583 observations deleted)
(10 missing values generated)
(10 real changes made)
(7 real changes made)
(1 real change made)
file ../output/figures/es_ppr_cnt_q2.pdf saved as PDF format
(file ../temp/es_ppr_cnt_q2.dta not found)
file ../temp/es_ppr_cnt_q2.dta saved
(dropped 21563 singleton observations)
(MWFE estimator converged in 7 iterations)
note: int_lead1 omitted because of collinearity

HDFE Linear regression                            Number of obs   =    139,027
Absorbing 2 HDFE groups                           F(  10,  29570) =       0.72
Statistics robust to heteroskedasticity           Prob > F        =     0.7081
                                                  R-squared       =     0.5246
                                                  Adj R-squared   =     0.3961
                                                  Within R-sq.    =     0.0001
Number of clusters (athr_id) =     29,571         Root MSE        =     1.1919

                           (Std. err. adjusted for 29,571 clusters in athr_id)
------------------------------------------------------------------------------
             |               Robust
     ppr_cnt | Coefficient  std. err.      t    P>|t|     [95% conf. interval]
-------------+----------------------------------------------------------------
   int_lead5 |  -.1792508   3.310407    -0.05   0.957    -6.667795    6.309293
   int_lead4 |  -1.879401   3.163223    -0.59   0.552    -8.079459    4.320656
   int_lead3 |  -1.172784   2.961629    -0.40   0.692    -6.977708     4.63214
   int_lead2 |  -.1363348   2.883076    -0.05   0.962    -5.787291    5.514621
    int_lag0 |   .5950907   2.948707     0.20   0.840    -5.184506    6.374688
    int_lag1 |  -5.894752   2.998968    -1.97   0.049    -11.77286   -.0166416
    int_lag2 |  -.8608052   3.244082    -0.27   0.791    -7.219349    5.497739
    int_lag3 |  -3.138044   3.238063    -0.97   0.332     -9.48479    3.208703
    int_lag4 |  -1.177213   3.412276    -0.34   0.730    -7.865425    5.510998
    int_lag5 |  -3.850299   3.494084    -1.10   0.270    -10.69886     2.99826
   int_lead1 |          0  (omitted)
       _cons |   1.906425   .0519815    36.68   0.000     1.804539    2.008311
------------------------------------------------------------------------------

Absorbed degrees of freedom:
-----------------------------------------------------+
 Absorbed FE | Categories  - Redundant  = Num. Coefs |
-------------+---------------------------------------|
     athr_id |     29571       29571           0    *|
        year |        11           1          10     |
-----------------------------------------------------+
* = FE nested within cluster; treated as redundant for DoF computation
(949,583 observations deleted)
(10 missing values generated)
(10 real changes made)
(7 real changes made)
(1 real change made)
file ../output/figures/es_ppr_cnt_q3.pdf saved as PDF format
(file ../temp/es_ppr_cnt_q3.dta not found)
file ../temp/es_ppr_cnt_q3.dta saved
(dropped 18427 singleton observations)
(MWFE estimator converged in 7 iterations)
note: int_lead1 omitted because of collinearity

HDFE Linear regression                            Number of obs   =    144,035
Absorbing 2 HDFE groups                           F(  10,  28760) =       2.39
Statistics robust to heteroskedasticity           Prob > F        =     0.0078
                                                  R-squared       =     0.5292
                                                  Adj R-squared   =     0.4116
                                                  Within R-sq.    =     0.0003
Number of clusters (athr_id) =     28,761         Root MSE        =     1.1636

                           (Std. err. adjusted for 28,761 clusters in athr_id)
------------------------------------------------------------------------------
             |               Robust
     ppr_cnt | Coefficient  std. err.      t    P>|t|     [95% conf. interval]
-------------+----------------------------------------------------------------
   int_lead5 |   .2995378   .5972098     0.50   0.616    -.8710211    1.470097
   int_lead4 |  -.2666491     .56845    -0.47   0.639    -1.380837    .8475392
   int_lead3 |  -.2087409   .5331926    -0.39   0.695    -1.253823    .8363414
   int_lead2 |  -.2487451   .4963662    -0.50   0.616    -1.221646    .7241557
    int_lag0 |  -.9638221   .5194571    -1.86   0.064    -1.981982    .0543379
    int_lag1 |  -.7586237   .5070624    -1.50   0.135    -1.752489    .2352421
    int_lag2 |  -1.137311   .5571201    -2.04   0.041    -2.229292   -.0453297
    int_lag3 |  -1.171651   .5900365    -1.99   0.047     -2.32815    -.015152
    int_lag4 |  -1.570319   .6137619    -2.56   0.011    -2.773321    -.367317
    int_lag5 |  -2.430551   .6119137    -3.97   0.000     -3.62993   -1.231172
   int_lead1 |          0  (omitted)
       _cons |   1.924585   .0239326    80.42   0.000     1.877676    1.971494
------------------------------------------------------------------------------

Absorbed degrees of freedom:
-----------------------------------------------------+
 Absorbed FE | Categories  - Redundant  = Num. Coefs |
-------------+---------------------------------------|
     athr_id |     28761       28761           0    *|
        year |        11           1          10     |
-----------------------------------------------------+
* = FE nested within cluster; treated as redundant for DoF computation
(949,583 observations deleted)
(10 missing values generated)
(10 real changes made)
(7 real changes made)
(1 real change made)
file ../output/figures/es_ppr_cnt_q4.pdf saved as PDF format
(file ../temp/es_ppr_cnt_q4.dta not found)
file ../temp/es_ppr_cnt_q4.dta saved
(11 real changes made)

    Variable |        Obs        Mean    Std. dev.       Min        Max
-------------+---------------------------------------------------------
           b |          5    8.302708    2.630473   5.710994   12.13363
(11 real changes made)
(11 real changes made)

    Variable |        Obs        Mean    Std. dev.       Min        Max
-------------+---------------------------------------------------------
           b |          5    2.763885    3.554748  -.2914749   8.365777
(11 real changes made)
(11 real changes made)

    Variable |        Obs        Mean    Std. dev.       Min        Max
-------------+---------------------------------------------------------
           b |          5   -2.984223    2.062711  -5.894752  -.8608052
(11 real changes made)
(11 real changes made)

    Variable |        Obs        Mean    Std. dev.       Min        Max
-------------+---------------------------------------------------------
           b |          6   -1.338713    .5985434  -2.430551  -.7586237
file ../output/figures/es_ppr_cnt_split.pdf saved as PDF format

. 
. **
. main
(encoding automatically selected: ISO-8859-2)
(2 vars, 2,664,824 obs)
file ../temp/exposure.dta saved
(337,516 observations deleted)

    Result                      Number of obs
    -----------------------------------------
    Not matched                             0
    Matched                         2,989,522  
    -----------------------------------------

    Result                      Number of obs
    -----------------------------------------
    Not matched                     2,988,493
        from master                 2,988,493  
        from using                          0  

    Matched                             1,029  
    -----------------------------------------
(1,024 real changes made)
(2,337,838 observations deleted)

Panel variable: athr (unbalanced)
 Time variable: year, 2009 to 2019, but with gaps
         Delta: 1 unit
(already sorted)
(297,910 real changes made)
(297,910 real changes made)
(297,910 real changes made)
(895,927 missing values generated)
(877,620 missing values generated)
(855,758 missing values generated)
(835,873 missing values generated)
(900,355 missing values generated)
(878,683 missing values generated)
(864,096 missing values generated)
(839,975 missing values generated)
(900,646 missing values generated)
(878,445 missing values generated)
(872,753 missing values generated)
(846,972 missing values generated)
(902,608 missing values generated)
(879,623 missing values generated)
(884,953 missing values generated)
(859,412 missing values generated)
(904,498 missing values generated)
(881,531 missing values generated)
(904,498 missing values generated)
(881,531 missing values generated)
(893,914 missing values generated)
(850,119 missing values generated)
lead1      lead2      lead3      lead4      lead5      lag1       lag2       lag3       lag4       lag5       lag0       int_lead1  int_lead2  int_lead3  int_lead4  int_lead5  int_lag1   int_lag2   int_lag3   int_lag4   int_lag5   int_lag0
(835,873 real changes made)
(839,975 real changes made)
(846,972 real changes made)
(859,412 real changes made)
(881,531 real changes made)
(855,758 real changes made)
(864,096 real changes made)
(872,753 real changes made)
(884,953 real changes made)
(904,498 real changes made)
(850,119 real changes made)
(877,620 real changes made)
(878,683 real changes made)
(878,445 real changes made)
(879,623 real changes made)
(881,531 real changes made)
(895,927 real changes made)
(900,355 real changes made)
(900,646 real changes made)
(902,608 real changes made)
(904,498 real changes made)
(893,914 real changes made)

                          exposure
-------------------------------------------------------------
      Percentiles      Smallest
 1%    -.0031064        -.04408
 5%     .0003011        -.04408
10%     .0024727        -.04408       Obs             651,684
25%     .0079123        -.04408       Sum of wgt.     651,684

50%     .0198027                      Mean            .027385
                        Largest       Std. dev.      .0277969
75%     .0369156        .344627
90%     .0652212        .344627       Variance       .0007727
95%     .0855185        .344627       Skewness       1.909925
99%     .1273768        .344627       Kurtosis       8.006037
file ../output/figures/exposure_dist.pdf saved as PDF format
file ../output/figures/trend_ln_cite_affl_wt.pdf saved as PDF format
(dropped 90719 singleton observations)
(MWFE estimator converged in 7 iterations)

HDFE Linear regression                            Number of obs   =    858,875
Absorbing 2 HDFE groups                           F(  11, 119273) =    4793.23
Statistics robust to heteroskedasticity           Prob > F        =     0.0000
                                                  R-squared       =     0.6530
                                                  Adj R-squared   =     0.5970
                                                  Within R-sq.    =     0.4503
Number of clusters (athr_id) =    119,274         Root MSE        =     2.3367

                          (Std. err. adjusted for 119,274 clusters in athr_id)
------------------------------------------------------------------------------
             |               Robust
ln_cite_af~t | Coefficient  std. err.      t    P>|t|     [95% conf. interval]
-------------+----------------------------------------------------------------
   int_lead5 |   81.70588   .5752581   142.03   0.000     80.57839    82.83338
   int_lead4 |   116.4484   .6281644   185.38   0.000     115.2172    117.6795
   int_lead3 |   124.3401   .6445828   192.90   0.000     123.0767    125.6034
   int_lead2 |   128.1171   .6421279   199.52   0.000     126.8585    129.3757
    int_lag0 |   132.7351   .6489442   204.54   0.000     131.4632     134.007
    int_lag1 |   130.1599   .6814028   191.02   0.000     128.8243    131.4954
    int_lag2 |   130.4671   .6714883   194.30   0.000      129.151    131.7832
    int_lag3 |   126.2387   .6678603   189.02   0.000     124.9297    127.5477
    int_lag4 |   118.1992   .6683418   176.85   0.000     116.8893    119.5092
    int_lag5 |   80.94526   .5963847   135.73   0.000     79.77635    82.11416
   int_lead1 |   129.5902   .6217237   208.44   0.000     128.3716    130.8088
       _cons |  -4.348353   .0100185  -434.03   0.000    -4.367989   -4.328717
------------------------------------------------------------------------------

Absorbed degrees of freedom:
-----------------------------------------------------+
 Absorbed FE | Categories  - Redundant  = Num. Coefs |
-------------+---------------------------------------|
     athr_id |    119274      119274           0    *|
        year |        11           1          10     |
-----------------------------------------------------+
* = FE nested within cluster; treated as redundant for DoF computation
(949,583 observations deleted)
(10 missing values generated)
(10 real changes made)
(7 real changes made)
(1 real change made)
file ../output/figures/es_ln_cite_affl_wt.pdf saved as PDF format
file ../temp/es_ln_cite_affl_wt.dta saved
(dropped 26496 singleton observations)
(MWFE estimator converged in 7 iterations)
