
  ___  ____  ____  ____  ____ ©
 /__    /   ____/   /   ____/      17.0
___/   /   /___/   /   /___/       MP—Parallel Edition

 Statistics and Data Science       Copyright 1985-2021 StataCorp LLC
                                   StataCorp
                                   4905 Lakeway Drive
                                   College Station, Texas 77845 USA
                                   800-STATA-PC        https://www.stata.com
                                   979-696-4600        stata@stata.com

Stata license: 32-user 64-core network perpetual
Serial number: 501706311472
  Licensed to: Harvard Research Computing
               Cambridge MA

Notes:
      1. Stata is running in batch mode.
      2. Unicode is supported; see help unicode_advice.
      3. More than 2 billion observations are allowed; see help obs_advice.
      4. Maximum number of variables is set to 120,000; see help set_maxvar.

. do diag_211_vs_204.do 

. // (A) compare the 211 in athr_exposure vs the 204 in foia_author_text_final
. import delimited ../external/exposure/foia_author_text_final.csv, clear varna
> mes(1)
(encoding automatically selected: ISO-8859-1)
(5 vars, 204 obs)

. keep athr_id

. duplicates drop athr_id, force

Duplicates in terms of athr_id

(0 observations are duplicates)

. gen in_text204 = 1

. save ../temp/diag_text204, replace
file ../temp/diag_text204.dta saved

. 
. use ../external/real_exposure/athr_exposure, clear

. keep athr_id exposure

. merge 1:1 athr_id using ../temp/diag_text204

    Result                      Number of obs
    -----------------------------------------
    Not matched                             7
        from master                         7  (_merge==1)
        from using                          0  (_merge==2)

    Matched                               204  (_merge==3)
    -----------------------------------------

. di as result "===== 211 (athr_exposure) vs 204 (text corpus) ====="
===== 211 (athr_exposure) vs 204 (text corpus) =====

. tab _merge

   Matching result from |
                  merge |      Freq.     Percent        Cum.
------------------------+-----------------------------------
        Master only (1) |          7        3.32        3.32
            Matched (3) |        204       96.68      100.00
------------------------+-----------------------------------
                  Total |        211      100.00

. di as result "_merge==3: in BOTH"
_merge==3: in BOTH

. di as result "_merge==1: in athr_exposure but NOT in text corpus (these are t
> he '+7' candidates)"
_merge==1: in athr_exposure but NOT in text corpus (these are the '+7' candidat
> es)

. di as result "_merge==2: in text corpus but NOT in athr_exposure"
_merge==2: in text corpus but NOT in athr_exposure

. 
. // list the ones in athr_exposure but not in text
. preserve

. keep if _merge == 1
(204 observations deleted)

. gunique athr_id
N = 7; 7 balanced groups of size 1

. di as result "  athr_exposure-only count: " r(unique)
  athr_exposure-only count: 7

. list athr_id exposure, sep(0)

     +-------------------------+
     |     athr_id    exposure |
     |-------------------------|
  1. | A5009411980   -.2644702 |
  2. | A5018983460     -.08861 |
  3. | A5035388566   -.0081375 |
  4. | A5067529915   -.1854376 |
  5. | A5091857595   -.0095843 |
  6. | A5110480876   -.0125084 |
  7. | A5123507996   -.0046237 |
     +-------------------------+

. restore

. 
. // list the ones in text but not in athr_exposure
. preserve

. count if _merge == 2
  0

. di as result "  text-only count: " r(N)
  text-only count: 0

. restore

. 
. // (B) for the 12 PIs lost at min_year < 2013: what are their actual first pu
> b years?
. //     these were FOIA-eligible (in athr_exposure with exposure>0) and made i
> t through
. //     tot_pprs>=10 and max_year>=2014 but min_year >= 2013
. use ../external/real_exposure/athr_exposure, clear

. keep if exposure > 0
(45 observations deleted)

. keep athr_id

. save ../temp/diag_foia_eligible_166, replace
(file ../temp/diag_foia_eligible_166.dta not found)
file ../temp/diag_foia_eligible_166.dta saved

. 
. use ../external/samp/athr_panel_full_year_last_all_jrnls_r1_r2_public, clear

. merge m:1 athr_id using ../temp/diag_foia_eligible_166, keep(3) nogen

    Result                      Number of obs
    -----------------------------------------
    Not matched                             0
    Matched                             2,473  
    -----------------------------------------

. bys athr_id: egen tot_pprs = total(ppr_cnt)

. keep if tot_pprs >= 10
(107 observations deleted)

. bys athr_id: egen max_year = max(year)

. keep if max_year >= 2014
(146 observations deleted)

. keep if inrange(year, 2010, 2019)
(1,395 observations deleted)

. bys athr_id: egen min_year = min(year)

. 
. preserve

. keep if min_year >= 2013
(771 observations deleted)

. contract athr_id min_year

. di as result "===== 12 FOIA PIs dropped by min_year >= 2013 ====="
===== 12 FOIA PIs dropped by min_year >= 2013 =====

. gunique athr_id
N = 12; 12 balanced groups of size 1

. di as result "  count: " r(unique)
  count: 12

. list, sep(0) clean

           athr_id   min_year   _freq  
  1.   A5008234108       2017       1  
  2.   A5014945614       2015       5  
  3.   A5023125790       2015       2  
  4.   A5023664100       2013       7  
  5.   A5039136921       2014       2  
  6.   A5060877343       2014       6  
  7.   A5061970781       2015       3  
  8.   A5085226848       2013       6  
  9.   A5089103469       2015       4  
 10.   A5091177547       2014       5  
 11.   A5100700144       2013       7  
 12.   A5100767723       2014       6  

. restore

. 
. // for those 12, what was their FULL panel min_year (before [2010,2019] restr
> iction)?
. preserve

. use ../external/samp/athr_panel_full_year_last_all_jrnls_r1_r2_public, clear

. merge m:1 athr_id using ../temp/diag_foia_eligible_166, keep(3) nogen

    Result                      Number of obs
    -----------------------------------------
    Not matched                             0
    Matched                             2,473  
    -----------------------------------------

. bys athr_id: egen tot_pprs_full = total(ppr_cnt)

. bys athr_id: egen max_year_full = max(year)

. bys athr_id: egen min_year_full = min(year)

. keep athr_id tot_pprs_full max_year_full min_year_full

. duplicates drop athr_id, force

Duplicates in terms of athr_id

(2,316 observations deleted)

. save ../temp/diag_foia_full_years, replace
(file ../temp/diag_foia_full_years.dta not found)
file ../temp/diag_foia_full_years.dta saved

. restore

. 
. merge m:1 athr_id using ../temp/diag_foia_full_years, keep(1 3) nogen keepusi
> ng(min_year_full max_year_full tot_pprs_full)

    Result                      Number of obs
    -----------------------------------------
    Not matched                             0
    Matched                               825  
    -----------------------------------------

. keep if min_year >= 2013
(771 observations deleted)

. contract athr_id min_year min_year_full max_year_full tot_pprs_full

. di as result "===== 12 dropped PIs: their FULL-panel year ranges ====="
===== 12 dropped PIs: their FULL-panel year ranges =====

. list, sep(0) clean

           athr_id   min_year   tot_pp~l   max_ye~l   min_ye~l   _freq  
  1.   A5008234108       2017         12       2025       2017       1  
  2.   A5014945614       2015         18       2023       2015       5  
  3.   A5023125790       2015         51       2016       1974       2  
  4.   A5023664100       2013         18       2025       2013       7  
  5.   A5039136921       2014         23       2024       2002       2  
  6.   A5060877343       2014         12       2022       2014       6  
  7.   A5061970781       2015         11       2025       2015       3  
  8.   A5085226848       2013         24       2024       2013       6  
  9.   A5089103469       2015         12       2024       2015       4  
 10.   A5091177547       2014         15       2025       2014       5  
 11.   A5100700144       2013         19       2023       2013       7  
 12.   A5100767723       2014         10       2022       2014       6  

. 
end of do-file
