-------------------------------------------------------------------------------
      name:  <unnamed>
       log:  /n/holylabs/pakes_lab/Lab/sci_eq/analysis/reduced_form/code/diag_f
> oia_coverage.log
  log type:  text
 opened on:   5 Jun 2026, 09:41:13

. 
. local samp all_jrnls

. local suf  _r1_r2_public

. 
. // ground truth: how many FOIA authors are in athr_exposure to begin with?
. use ../external/real_exposure/athr_exposure, clear

. gunique athr_id
N = 211; 211 balanced groups of size 1

. di as result "STEP 0 (athr_exposure file, all rows): " r(unique) " unique ath
> r_id"
STEP 0 (athr_exposure file, all rows): 211 unique athr_id

. count if mi(athr_id)
  0

. di as result "  ... of which missing athr_id: " r(N)
  ... of which missing athr_id: 0

. count if exposure <= 0
  45

. di as result "  ... of which exposure <= 0: " r(N)
  ... of which exposure <= 0: 45

. count if exposure > 0 & !mi(exposure) & !mi(athr_id)
  166

. di as result "  ... eligible (athr_id ok and exposure > 0): " r(N)
  ... eligible (athr_id ok and exposure > 0): 166

. preserve

. keep if !mi(athr_id) & exposure > 0
(45 observations deleted)

. gunique athr_id
N = 166; 166 balanced groups of size 1

. local foia_eligible = r(unique)

. di as result "  ==> eligible unique athr_ids: `foia_eligible'"
  ==> eligible unique athr_ids: 166

. save ../temp/diag_foia_eligible, replace
file ../temp/diag_foia_eligible.dta saved

. restore

. 
. // also pull the imputed exposure file for comparison
. import delimited ../external/exposure/final_imputed_exposure_restricted, clea
> r
(encoding automatically selected: ISO-8859-2)
(4 vars, 1,527,362 obs)

. rename exposure imputed

. rename mkt_spend_shr imputed_mkt_spend_shr

. save ../temp/diag_imputed, replace
file ../temp/diag_imputed.dta saved

. gunique athr_id
N = 1,527,362; 1,527,362 balanced groups of size 1

. di as result "STEP 0b (imputed exposure file): " r(unique) " unique athr_id"
STEP 0b (imputed exposure file): 1527362 unique athr_id

. 
. // now mimic restrict_samp step by step
. use ../external/samp/athr_panel_full_year_last_`samp'`suf', clear

. di as result _newline "STEP 1 (raw panel `samp'`suf'):"

STEP 1 (raw panel all_jrnls_r1_r2_public):

. gunique athr_id
N = 1,084,738; 334,200 unbalanced groups of sizes 1 to 60

. di as result "  panel unique athr_id: " r(unique)
  panel unique athr_id: 334200

. preserve

.     merge m:1 athr_id using ../temp/diag_foia_eligible, keep(2 3) keepusing(e
> xposure)

    Result                      Number of obs
    -----------------------------------------
    Not matched                             9
        from master                         0  (_merge==1)
        from using                          9  (_merge==2)

    Matched                             2,473  (_merge==3)
    -----------------------------------------

.     gunique athr_id if _merge == 3
N = 2,473; 157 unbalanced groups of sizes 1 to 41

.     di as result "  FOIA-eligible athrs PRESENT in raw panel: " r(unique)
  FOIA-eligible athrs PRESENT in raw panel: 157

.     gunique athr_id if _merge == 2
N = 9; 9 balanced groups of size 1

.     di as result "  FOIA-eligible athrs MISSING from raw panel: " r(unique)
  FOIA-eligible athrs MISSING from raw panel: 9

.     // list the missing ones
.     keep if _merge == 2
(2,473 observations deleted)

.     duplicates drop athr_id, force

Duplicates in terms of athr_id

(0 observations are duplicates)

.     list athr_id, sep(0) abb(20)

     +-------------+
     |     athr_id |
     |-------------|
  1. | A5002878507 |
  2. | A5029348961 |
  3. | A5037458020 |
  4. | A5040811912 |
  5. | A5049681206 |
  6. | A5100418954 |
  7. | A5101434905 |
  8. | A5109235622 |
  9. | A5111607052 |
     +-------------+

. restore

. 
. // step: tot_pprs >= 10
. use ../external/samp/athr_panel_full_year_last_`samp'`suf', clear

. bys athr_id: egen tot_pprs = total(ppr_cnt)

. keep if tot_pprs >= 10
(544,106 observations deleted)

. drop tot_pprs

. merge m:1 athr_id using ../temp/diag_foia_eligible, keep(3) keepusing(exposur
> e) nogen

    Result                      Number of obs
    -----------------------------------------
    Not matched                             0
    Matched                             2,366  
    -----------------------------------------

. gunique athr_id
N = 2,366; 130 unbalanced groups of sizes 6 to 41

. di as result "STEP 2 (after tot_pprs >= 10): FOIA athrs surviving: " r(unique
> )
STEP 2 (after tot_pprs >= 10): FOIA athrs surviving: 130

. 
. // step: max_year >= 2014
. bys athr_id: egen max_year = max(year)

. keep if max_year >= 2014
(146 observations deleted)

. gunique athr_id
N = 2,220; 120 unbalanced groups of sizes 6 to 41

. di as result "STEP 3 (after max_year >= 2014): FOIA athrs surviving: " r(uniq
> ue)
STEP 3 (after max_year >= 2014): FOIA athrs surviving: 120

. 
. // step: inrange(year, 2010, 2019)
. keep if inrange(year, 2010, 2019)
(1,395 observations deleted)

. gunique athr_id
N = 825; 120 unbalanced groups of sizes 1 to 10

. di as result "STEP 4 (after year in [2010,2019]): FOIA athrs surviving: " r(u
> nique)
STEP 4 (after year in [2010,2019]): FOIA athrs surviving: 120

. 
. // step: min_year < 2013
. bys athr_id: egen min_year = min(year)

. keep if min_year < 2013
(54 observations deleted)

. gunique athr_id
N = 771; 108 unbalanced groups of sizes 2 to 10

. di as result "STEP 5 (after min_year < 2013, i.e. published before 2013): FOI
> A athrs surviving: " r(unique)
STEP 5 (after min_year < 2013, i.e. published before 2013): FOIA athrs survivin
> g: 108

. 
. // step: merge imputed (already merged above, but track)
. merge m:1 athr_id using ../temp/diag_imputed, keep(1 3) nogen

    Result                      Number of obs
    -----------------------------------------
    Not matched                             0
    Matched                               771  
    -----------------------------------------

. gunique athr_id
N = 771; 108 unbalanced groups of sizes 2 to 10

. di as result "STEP 6 (after merge imputed exposure): FOIA athrs: " r(unique)
STEP 6 (after merge imputed exposure): FOIA athrs: 108

. 
. // step: replace imputed with FOIA-observed where avail (no-op for athr count
> )
. gen foia_athr = 1 if !mi(exposure)

. replace imputed = exposure if !mi(exposure)
(771 real changes made)

. gunique athr_id if foia_athr == 1
N = 771; 108 unbalanced groups of sizes 2 to 10

. di as result "STEP 7 (gen foia_athr flag): FOIA athrs flagged: " r(unique)
STEP 7 (gen foia_athr flag): FOIA athrs flagged: 108

. 
. // step: drop if exposure <= 0  / imputed <= 0
. drop if exposure <= 0
(0 observations deleted)

. gunique athr_id if foia_athr == 1
N = 771; 108 unbalanced groups of sizes 2 to 10

. di as result "STEP 8a (drop if FOIA exposure <= 0): FOIA athrs: " r(unique)
STEP 8a (drop if FOIA exposure <= 0): FOIA athrs: 108

. drop if imputed <= 0
(0 observations deleted)

. gunique athr_id if foia_athr == 1
N = 771; 108 unbalanced groups of sizes 2 to 10

. di as result "STEP 8b (drop if imputed <= 0):       FOIA athrs: " r(unique)
STEP 8b (drop if imputed <= 0):       FOIA athrs: 108

. 
. // step: keep if foia_athr == 1  (downstream filters are applied to FOIA only
> )
. keep if foia_athr == 1
(0 observations deleted)

. gunique athr_id
N = 771; 108 unbalanced groups of sizes 2 to 10

. di as result "STEP 9 (keep if foia_athr==1): " r(unique)
STEP 9 (keep if foia_athr==1): 108

. 
. // step: num_yrs > 1
. bys athr_id: gen num_yrs = _N

. gunique athr_id if num_yrs > 1
N = 771; 108 unbalanced groups of sizes 2 to 10

. di as result "STEP 10 (would keep if num_yrs > 1):     " r(unique)
STEP 10 (would keep if num_yrs > 1):     108

. gunique athr_id if num_yrs == 1
(no observations)

. di as result "  ... DROPPED b/c num_yrs == 1:           " r(unique)
  ... DROPPED b/c num_yrs == 1:           .

. keep if num_yrs > 1
(0 observations deleted)

. 
. // step: num_place == 1
. bys athr_id inst_id: gen plc_cntr = _n == 1

. bys athr_id: egen num_place = total(plc_cntr)

. gunique athr_id if num_place == 1
N = 702; 99 unbalanced groups of sizes 2 to 10

. di as result "STEP 11 (would keep if num_place == 1):  " r(unique)
STEP 11 (would keep if num_place == 1):  99

. gunique athr_id if num_place > 1
N = 69; 9 unbalanced groups of sizes 4 to 10

. di as result "  ... DROPPED b/c num_place > 1:          " r(unique)
  ... DROPPED b/c num_place > 1:          9

. keep if num_place == 1
(69 observations deleted)

. 
. // step: drop if exposure <= 0 (redundant guard)
. drop if exposure <= 0
(0 observations deleted)

. gunique athr_id
N = 702; 99 unbalanced groups of sizes 2 to 10

. di as result "STEP 12 (drop if exposure <= 0 again):   " r(unique)
STEP 12 (drop if exposure <= 0 again):   99

. 
. // step: tsfill then num_yrs>1 check is moot; recompute tot_pprs and apply >=
> 5 filter
. gegen athr = group(athr_id)

. xtset athr year

Panel variable: athr (unbalanced)
 Time variable: year, 2010 to 2019, but with gaps
         Delta: 1 unit

. tsfill

. hashsort athr year
(already sorted)

. foreach var in athr_id exposure min_year inst_id {
  2.     by athr: replace `var' = `var'[_n-1] if mi(`var')
  3. }
(188 real changes made)
(188 real changes made)
(188 real changes made)
(188 real changes made)

. foreach var in ppr_cnt {
  2.     replace `var' = 0 if mi(`var')
  3. }
(188 real changes made)

. bys athr_id: egen tot_pprs2 = total(ppr_cnt)

. gunique athr_id if tot_pprs2 >= 5
N = 834; 92 unbalanced groups of sizes 4 to 10

. di as result "STEP 13 (after tsfill + keep if tot_pprs2 >= 5): " r(unique)
STEP 13 (after tsfill + keep if tot_pprs2 >= 5): 92

. gunique athr_id if tot_pprs2 < 5
N = 56; 7 unbalanced groups of sizes 5 to 10

. di as result "  ... DROPPED b/c tot_pprs2 < 5:                  " r(unique)
  ... DROPPED b/c tot_pprs2 < 5:                  7

. 
. di as result _newline "DONE."

DONE.

. 
. log close
      name:  <unnamed>
       log:  /n/holylabs/pakes_lab/Lab/sci_eq/analysis/reduced_form/code/diag_f
> oia_coverage.log
  log type:  text
 closed on:   5 Jun 2026, 09:42:06
-------------------------------------------------------------------------------
