-------------------------------------------------------------------------------
      name:  <unnamed>
       log:  /n/holylabs/pakes_lab/Lab/sci_eq/analysis/reduced_form/code/diag_2
> 07_to_panel.log
  log type:  text
 opened on:   5 Jun 2026, 11:18:43

. 
. // ---------- (A) 207 imputation FOIAs vs 194 panel FOIAs ----------
. import delimited ../external/exposure/final_imputed_exposure_restricted.csv, 
> clear
(encoding automatically selected: ISO-8859-2)
(4 vars, 1,527,362 obs)

. keep athr_id

. gen byte in_imp = 1

. duplicates drop athr_id, force

Duplicates in terms of athr_id

(0 observations are duplicates)

. save ../temp/diag_imp_ids, replace
(file ../temp/diag_imp_ids.dta not found)
file ../temp/diag_imp_ids.dta saved

. 
. use ../external/real_exposure/athr_exposure, clear

. keep athr_id exposure

. merge 1:1 athr_id using ../temp/diag_imp_ids, keep(1 3) nogen

    Result                      Number of obs
    -----------------------------------------
    Not matched                             4
        from master                         4  
        from using                          0  

    Matched                               207  
    -----------------------------------------

. gen byte foia_in_imp = (in_imp == 1)

. drop in_imp

. keep if foia_in_imp == 1   // = 207
(4 observations deleted)

. gunique athr_id
N = 207; 207 balanced groups of size 1

. di as result _newline "===== 207 FOIA PIs in imputation pool ====="

===== 207 FOIA PIs in imputation pool =====

. di as result "  unique: " r(unique)
  unique: 207

. 
. // presence in each panel (short var names)
. local i = 0

. foreach p in athr_panel_full_year_last_all_jrnls               ///
>              athr_panel_full_year_last_all_jrnls_r1_r2         ///
>              athr_panel_full_year_last_all_jrnls_r1_r2_public {
  2.     local i = `i' + 1
  3.     preserve
  4.     use ../external/samp/`p', clear
  5.     contract athr_id
  6.     gen byte p`i' = 1
  7.     keep athr_id p`i'
  8.     save ../temp/diag_panel_p`i', replace
  9.     restore
 10.     merge 1:1 athr_id using ../temp/diag_panel_p`i', keep(1 3) nogen
 11.     replace p`i' = 0 if mi(p`i')
 12. }
(file ../temp/diag_panel_p1.dta not found)
file ../temp/diag_panel_p1.dta saved

    Result                      Number of obs
    -----------------------------------------
    Not matched                            10
        from master                        10  
        from using                          0  

    Matched                               197  
    -----------------------------------------
(10 real changes made)
(file ../temp/diag_panel_p2.dta not found)
file ../temp/diag_panel_p2.dta saved

    Result                      Number of obs
    -----------------------------------------
    Not matched                            11
        from master                        11  
        from using                          0  

    Matched                               196  
    -----------------------------------------
(11 real changes made)
(file ../temp/diag_panel_p3.dta not found)
file ../temp/diag_panel_p3.dta saved

    Result                      Number of obs
    -----------------------------------------
    Not matched                            13
        from master                        13  
        from using                          0  

    Matched                               194  
    -----------------------------------------
(13 real changes made)

. label var p1 "in all_jrnls"

. label var p2 "in all_jrnls_r1_r2"

. label var p3 "in all_jrnls_r1_r2_public (MAIN)"

. 
. qui count if p3 == 1

. di as result _newline "  Of 207 imputation FOIAs, in MAIN panel: " r(N)

  Of 207 imputation FOIAs, in MAIN panel: 194

. qui count if p3 == 0

. di as result "  Missing from MAIN panel:                " r(N) " <-- the 207 
> -> 194 gap"
  Missing from MAIN panel:                13 <-- the 207 -> 194 gap

. 
. di as result _newline "  === Breakdown of the 13 missing ==="

  === Breakdown of the 13 missing ===

. gen any_panel = p1 | p2 | p3

. qui count if p3 == 0 & !any_panel

. di as result "  (i)  In NO panel at all (true OpenAlex/journal gaps): " r(N)
  (i)  In NO panel at all (true OpenAlex/journal gaps): 10

. list athr_id exposure if p3 == 0 & !any_panel, sep(0) noobs

  +-------------------------+
  |     athr_id    exposure |
  |-------------------------|
  | A5002878507    .0714439 |
  | A5006559011   -.1331384 |
  | A5037458020    .0285017 |
  | A5040811912    .0431787 |
  | A5049681206    .0123619 |
  | A5060061551   -.0453951 |
  | A5081111004   -.0017753 |
  | A5102853421   -.0221184 |
  | A5109235622    .0125566 |
  | A5111607052    .0960518 |
  +-------------------------+

. 
. qui count if p3 == 0 & any_panel

. di as result _newline "  (ii) In some other panel, excluded by R1/R2/public f
> ilter: " r(N)

  (ii) In some other panel, excluded by R1/R2/public filter: 3

. list athr_id exposure p1 p2 p3 if p3 == 0 & any_panel, sep(0) noobs

  +---------------------------------------+
  |     athr_id   exposure   p1   p2   p3 |
  |---------------------------------------|
  | A5029348961   .0004815    1    1    0 |
  | A5100418954   .0195987    1    1    0 |
  | A5101434905   .0063982    1    0    0 |
  +---------------------------------------+

. 
. // ---------- (B) drop at min_year <= 2013 (current code) ----------
. use ../external/samp/athr_panel_full_year_last_all_jrnls_r1_r2_public, clear

. merge m:1 athr_id using ../temp/diag_imp_ids, keep(3) nogen

    Result                      Number of obs
    -----------------------------------------
    Not matched                             0
    Matched                           655,226  
    -----------------------------------------

. merge m:1 athr_id using ../external/real_exposure/athr_exposure, keep(3) keep
> using(exposure) nogen

    Result                      Number of obs
    -----------------------------------------
    Not matched                             0
    Matched                             2,965  
    -----------------------------------------

. // FOIA-only here (foia_athr is everyone matched on athr_exposure)
. bys athr_id: egen max_year = max(year)

. keep if max_year >= 2014
(211 observations deleted)

. keep if inrange(year, 2010, 2019)
(1,688 observations deleted)

. bys athr_id: egen min_year = min(year)

. preserve

. keep if min_year > 2013
(998 observations deleted)

. gunique athr_id
N = 68; 21 unbalanced groups of sizes 1 to 6

. di as result _newline "===== FOIA PIs dropped at min_year <= 2013 ====="

===== FOIA PIs dropped at min_year <= 2013 =====

. di as result "  unique dropped: " r(unique)
  unique dropped: 21

. contract athr_id min_year exposure

. restore

. 
. // also pull each PI's FULL pub-year range (pre any [2010,2019] restriction)
. preserve

. use ../external/samp/athr_panel_full_year_last_all_jrnls_r1_r2_public, clear

. merge m:1 athr_id using ../temp/diag_imp_ids, keep(3) nogen

    Result                      Number of obs
    -----------------------------------------
    Not matched                             0
    Matched                           655,226  
    -----------------------------------------

. bys athr_id: egen min_year_full = min(year)

. bys athr_id: egen max_year_full = max(year)

. bys athr_id: egen tot_pprs_full = total(ppr_cnt)

. keep athr_id min_year_full max_year_full tot_pprs_full

. duplicates drop athr_id, force

Duplicates in terms of athr_id

(478,583 observations deleted)

. save ../temp/diag_full_yrs, replace
(file ../temp/diag_full_yrs.dta not found)
file ../temp/diag_full_yrs.dta saved

. restore

. 
. merge m:1 athr_id using ../temp/diag_full_yrs, keep(1 3) nogen

    Result                      Number of obs
    -----------------------------------------
    Not matched                             0
    Matched                             1,066  
    -----------------------------------------

. keep if min_year > 2013
(998 observations deleted)

. contract athr_id min_year min_year_full max_year_full tot_pprs_full

. di as result _newline "  FOIA PIs dropped at min_year <= 2013, with FULL pane
> l year range:"

  FOIA PIs dropped at min_year <= 2013, with FULL panel year range:

. list athr_id min_year min_year_full max_year_full tot_pprs_full, sep(0) noobs

  +---------------------------------------------------------+
  |     athr_id   min_year   min_ye~l   max_ye~l   tot_pp~l |
  |---------------------------------------------------------|
  | A5001952573       2017       2017       2025          5 |
  | A5008234108       2017       2017       2025         12 |
  | A5010051226       2014       2014       2023         13 |
  | A5014945614       2015       2015       2023         18 |
  | A5023125790       2015       1974       2016         51 |
  | A5029591124       2014       2008       2014          2 |
  | A5029773307       2017       2017       2018          3 |
  | A5039136921       2014       2002       2024         23 |
  | A5050835243       2015       2015       2025         15 |
  | A5051244336       2015       2015       2025         24 |
  | A5057951318       2014       2014       2022          5 |
  | A5060877343       2014       2014       2022         12 |
  | A5061970781       2015       2015       2025         11 |
  | A5062698300       2016       2016       2016          1 |
  | A5064892746       2014       2014       2024          9 |
  | A5070177847       2016       2016       2016          1 |
  | A5089103469       2015       2015       2024         12 |
  | A5089879988       2019       2019       2025          9 |
  | A5091177547       2014       2014       2025         15 |
  | A5100767723       2014       2014       2022         10 |
  | A5108213808       2017       2017       2023          8 |
  +---------------------------------------------------------+

. 
. log close
      name:  <unnamed>
       log:  /n/holylabs/pakes_lab/Lab/sci_eq/analysis/reduced_form/code/diag_2
> 07_to_panel.log
  log type:  text
 closed on:   5 Jun 2026, 11:21:21
-------------------------------------------------------------------------------
