
  ___  ____  ____  ____  ____ ©
 /__    /   ____/   /   ____/      17.0
___/   /   /___/   /   /___/       MP—Parallel Edition

 Statistics and Data Science       Copyright 1985-2021 StataCorp LLC
                                   StataCorp
                                   4905 Lakeway Drive
                                   College Station, Texas 77845 USA
                                   800-STATA-PC        https://www.stata.com
                                   979-696-4600        stata@stata.com

Stata license: 32-user 64-core network perpetual
Serial number: 501706311472
  Licensed to: Harvard Research Computing
               Cambridge MA

Notes:
      1. Stata is running in batch mode.
      2. Unicode is supported; see help unicode_advice.
      3. More than 2 billion observations are allowed; see help obs_advice.
      4. Maximum number of variables is set to 120,000; see help set_maxvar.

. do diag_foia_athrs.do 

. // 1) verify final FOIA count in the actual analysis dataset
. use ../temp/es_all_jrnls_r1_r2_public, clear

. gunique athr_id if foia_athr == 1
N = 678; 92 unbalanced groups of sizes 4 to 10

. di as result "FINAL: FOIAs in es_all_jrnls_r1_r2_public = " r(unique)
FINAL: FOIAs in es_all_jrnls_r1_r2_public = 92

. gunique athr_id
N = 81,846; 9,504 unbalanced groups of sizes 2 to 10

. di as result "FINAL: all PIs in es_all_jrnls_r1_r2_public = " r(unique)
FINAL: all PIs in es_all_jrnls_r1_r2_public = 9504

. 
. // 2) same for top_jrnls
. cap noi use ../temp/es_top_jrnls_r1_r2_public, clear
file ../temp/es_top_jrnls_r1_r2_public.dta not found

. if _rc == 0 {
.     gunique athr_id if foia_athr == 1
.     di as result "FINAL: FOIAs in es_top_jrnls_r1_r2_public = " r(unique)
.     gunique athr_id
.     di as result "FINAL: all PIs in es_top_jrnls_r1_r2_public = " r(unique)
. }

. 
. // 3) search for "204" upstream
. foreach f in ../external/exposure/foia_author_text_final ///
>              ../external/exposure/foia_author_text_final_dropped {
  2.     cap noi import delimited "`f'.csv", clear varnames(1)
  3.     if _rc == 0 {
  4.         di as result "`f'.csv obs = " _N
  5.         cap confirm var athr_id
  6.         if _rc == 0 {
  7.             gunique athr_id
  8.             di as result "  unique athr_id = " r(unique)
  9.         }
 10.     }
 11. }
(encoding automatically selected: ISO-8859-1)
(5 vars, 204 obs)
../external/exposure/foia_author_text_final.csv obs = 204
N = 204; 204 balanced groups of size 1
  unique athr_id = 204
(encoding automatically selected: ISO-8859-1)
(4 vars, 4 obs)
../external/exposure/foia_author_text_final_dropped.csv obs = 4
N = 4; 4 balanced groups of size 1
  unique athr_id = 4

. 
end of do-file
