
  ___  ____  ____  ____  ____ ©
 /__    /   ____/   /   ____/      17.0
___/   /   /___/   /   /___/       MP—Parallel Edition

 Statistics and Data Science       Copyright 1985-2021 StataCorp LLC
                                   StataCorp
                                   4905 Lakeway Drive
                                   College Station, Texas 77845 USA
                                   800-STATA-PC        https://www.stata.com
                                   979-696-4600        stata@stata.com

Stata license: 32-user 64-core network perpetual
Serial number: 501706311472
  Licensed to: Harvard Research Computing
               Cambridge MA

Notes:
      1. Stata is running in batch mode.
      2. Unicode is supported; see help unicode_advice.
      3. More than 2 billion observations are allowed; see help obs_advice.
      4. Maximum number of variables is set to 120,000; see help set_maxvar.

. do diag_ushape.do 

. set more off

. clear all

. capture log close

. log using ../temp/diag_ushape.log, replace text
-------------------------------------------------------------------------------
      name:  <unnamed>
       log:  /n/holylabs/pakes_lab/Lab/sci_eq/analysis/reduced_form/code/../tem
> p/diag_ushape.log
  log type:  text
 opened on:  11 Jun 2026, 15:09:48

. 
. local samp all_jrnls

. local suf  _r1_r2_public

. 
. di as text "==== (A) raw mean ppr_cnt by year in the FINAL es_*.dta (post tsf
> ill, post all sample filters) ===="
==== (A) raw mean ppr_cnt by year in the FINAL es_*.dta (post tsfill, post all 
> sample filters) ====

. use ../temp/es_`samp'`suf', clear

. gunique athr_id
N = 154,759; 18,769 unbalanced groups of sizes 2 to 10

. local n_pi = r(unique)

. di as text "N PIs in final es file = `n_pi'"
N PIs in final es file = 18769

. tab year

       year |      Freq.     Percent        Cum.
------------+-----------------------------------
       2010 |     11,502        7.43        7.43
       2011 |     15,248        9.85       17.28
       2012 |     17,295       11.18       28.46
       2013 |     18,718       12.09       40.56
       2014 |     18,634       12.04       52.60
       2015 |     17,890       11.56       64.16
       2016 |     16,918       10.93       75.09
       2017 |     15,511       10.02       85.11
       2018 |     13,374        8.64       93.75
       2019 |      9,669        6.25      100.00
------------+-----------------------------------
      Total |    154,759      100.00

. collapse (mean) ppr_cnt cite_affl_wt (count) any_obs = ppr_cnt, by(year)

. list, sep(0) noobs

  +--------------------------------------+
  | year    ppr_cnt   cite_a~t   any_obs |
  |--------------------------------------|
  | 2010   2.161189   4.184748     11502 |
  | 2011    1.72075   3.181749     15248 |
  | 2012    1.56207    2.98217     17295 |
  | 2013   1.526873   2.883803     18718 |
  | 2014   1.425942   2.612607     18634 |
  | 2015   1.391168   2.575857     17890 |
  | 2016   1.310202   2.495012     16918 |
  | 2017   1.389466   2.685193     15511 |
  | 2018   1.508898   2.960585     13374 |
  | 2019   1.940014   3.799998      9669 |
  +--------------------------------------+

. 
. di as text "==== (B) raw mean ppr_cnt by year in the RAW input panel (pre any
>  restrict_samp filters) ===="
==== (B) raw mean ppr_cnt by year in the RAW input panel (pre any restrict_samp
>  filters) ====

. use ../external/samp/athr_panel_full_year_last_`samp'`suf', clear

. gunique athr_id
N = 1,084,738; 334,200 unbalanced groups of sizes 1 to 60

. local n_pi_raw = r(unique)

. di as text "N PIs in raw input = `n_pi_raw'"
N PIs in raw input = 334200

. preserve

. collapse (mean) ppr_cnt cite_affl_wt (count) any_obs = ppr_cnt, by(year)

. list, sep(0) noobs

  +--------------------------------------+
  | year    ppr_cnt   cite_a~t   any_obs |
  |--------------------------------------|
  | 1945   1.162304   .0930329       191 |
  | 1946   1.513889   .1372707       792 |
  | 1947   1.519802   .1657539      1010 |
  | 1948   1.528998    .216979      1138 |
  | 1949   1.419966   .1795551      1162 |
  | 1950   1.433697   .1916803      1282 |
  | 1951   1.476429   .2145893      1400 |
  | 1952   1.450781   .2176147      1473 |
  | 1953   1.457891    .234819      1603 |
  | 1954   1.435928   .2271987      1670 |
  | 1955   1.435097    .238307      1795 |
  | 1956   1.415511   .2532277      1947 |
  | 1957   1.446269   .2793704      2010 |
  | 1958   1.433735   .2502093      2241 |
  | 1959   1.408873   .2698685      2299 |
  | 1960   1.379296   .2584105      2473 |
  | 1961   1.400631   .3162592      2536 |
  | 1962   1.434259   .3006772      2989 |
  | 1963   1.407187   .3193212      3367 |
  | 1964   1.450204   .3442042      4167 |
  | 1965    1.46016   .3404528      4744 |
  | 1966   1.443623   .3955081      4869 |
  | 1967   1.458614    .378849      5497 |
  | 1968    1.45771   .3618025      6148 |
  | 1969   1.495114   .3894859      6754 |
  | 1970   1.496511   .3984902      7166 |
  | 1971   1.466007   .4083176      7781 |
  | 1972   1.505105    .434092      8521 |
  | 1973   1.504571      .4607      9079 |
  | 1974   1.498045   .4787887      9465 |
  | 1975   1.472178   .5110435      9507 |
  | 1976   1.465319   .4892108      9400 |
  | 1977   1.421335   .5822686      8962 |
  | 1978   1.422492   .5441072      9141 |
  | 1979    1.48563   .5438729     10473 |
  | 1980   1.498877   .6027556     12021 |
  | 1981   1.506182   .6101855     12213 |
  | 1982    1.51025   .6608442     12780 |
  | 1983   1.505001   .6506335     13097 |
  | 1984   1.521789    .714157     13837 |
  | 1985   1.516156    .722388     14205 |
  | 1986   1.512752   .7271402     14625 |
  | 1987   1.516217   .7894444     15385 |
  | 1988   1.495767   .7971112     15945 |
  | 1989   1.489409   .8471229     16618 |
  | 1990   1.498516   .9361778     17518 |
  | 1991   1.499294   .9992003     17717 |
  | 1992   1.509625   1.057183     17662 |
  | 1993   1.523959    1.15099     17488 |
  | 1994   1.522353    1.20396     17783 |
  | 1995   1.538084   1.308148     17921 |
  | 1996   1.534329    1.40358     17551 |
  | 1997   1.540562   1.540048     17615 |
  | 1998   1.553789   1.694249     17866 |
  | 1999   1.569885   1.805813     17586 |
  | 2000   1.558631   2.079043     18608 |
  | 2001   1.567485   2.118667     19197 |
  | 2002   1.621403   2.316677     19567 |
  | 2003   1.645915   2.439233     20721 |
  | 2004   1.669769    2.52741     21164 |
  | 2005   1.693983   2.778339     22038 |
  | 2006    1.71217   2.728444     23156 |
  | 2007   1.690731   2.780441     23520 |
  | 2008   1.704813   2.812949     24266 |
  | 2009   1.726536   2.998552     23941 |
  | 2010    1.70555   2.985403     24989 |
  | 2011    1.71372   2.945321     25234 |
  | 2012   1.706255   2.971326     25066 |
  | 2013   1.716035   3.059863     25637 |
  | 2014   1.678839   2.845327     25358 |
  | 2015   1.666269   2.840387     25134 |
  | 2016   1.633884   2.873894     24159 |
  | 2017   1.650203   3.017062     25166 |
  | 2018    1.64042   3.054902     25260 |
  | 2019    1.62717   2.977112     25867 |
  | 2020   1.651902   3.096532     26708 |
  | 2021   1.596456    2.58258     25732 |
  | 2022   1.551752   2.026904     24424 |
  | 2023   1.539832   1.664204     23511 |
  | 2024   1.536099   1.108349     23671 |
  | 2025    1.45151   .3795943     20159 |
  +--------------------------------------+

. restore

. 
. di as text "==== (C) raw input restricted to 2010-2019 + tot_pprs >= 10 + act
> ive by 2014+ ===="
==== (C) raw input restricted to 2010-2019 + tot_pprs >= 10 + active by 2014+ =
> ===

. preserve

. bys athr_id: egen tot_pprs = total(ppr_cnt)

. keep if tot_pprs >= 10
(544,106 observations deleted)

. drop tot_pprs

. bys athr_id: egen max_year = max(year)

. keep if max_year >= 2014
(186,829 observations deleted)

. keep if inrange(year, 2010, 2019)
(217,273 observations deleted)

. bys athr_id: egen min_year = min(year)

. keep if min_year <= 2013
(13,698 observations deleted)

. gunique athr_id
N = 122,832; 20,389 unbalanced groups of sizes 1 to 10

. di as text "N PIs after restrict (no tsfill) = `r(unique)'"
N PIs after restrict (no tsfill) = 20389

. collapse (mean) ppr_cnt cite_affl_wt (count) n_obs = ppr_cnt, by(year)

. list, sep(0) noobs

  +------------------------------------+
  | year    ppr_cnt   cite_a~t   n_obs |
  |------------------------------------|
  | 2010     2.1457   4.150106   12615 |
  | 2011   2.169974   4.096113   13002 |
  | 2012   2.135341    4.06824   13381 |
  | 2013   2.153796   4.178676   13869 |
  | 2014   2.105892   3.914296   13221 |
  | 2015   2.090653     3.8926   12443 |
  | 2016    1.99966   3.864123   11770 |
  | 2017   2.027675   4.011773   11382 |
  | 2018   2.030873    4.02975   10786 |
  | 2019   1.983209   3.911075   10363 |
  +------------------------------------+

. restore

. 
. di as text "==== (D) distribution of last-publishing-year (max_year) among fi
> nal-sample PIs ===="
==== (D) distribution of last-publishing-year (max_year) among final-sample PIs
>  ====

. use ../temp/es_`samp'`suf', clear

. preserve

. keep if ppr_cnt > 0
(37,715 observations deleted)

. bys athr_id: egen last_real_year = max(year)

. bys athr_id: keep if _n == 1
(98,275 observations deleted)

. tab last_real_year

last_real_y |
        ear |      Freq.     Percent        Cum.
------------+-----------------------------------
       2011 |         14        0.07        0.07
       2012 |         37        0.20        0.27
       2013 |         84        0.45        0.72
       2014 |        744        3.96        4.68
       2015 |        972        5.18        9.86
       2016 |      1,407        7.50       17.36
       2017 |      2,137       11.39       28.74
       2018 |      3,705       19.74       48.48
       2019 |      9,669       51.52      100.00
------------+-----------------------------------
      Total |     18,769      100.00

. restore

. 
. di as text "==== (E) drop tsfilled zero-rows, recompute means: removes the pa
> nel-balance effect ===="
==== (E) drop tsfilled zero-rows, recompute means: removes the panel-balance ef
> fect ====

. preserve

. keep if ppr_cnt > 0 | year == 2010   // keep only years a PI actually publish
> ed
(37,715 observations deleted)

. collapse (mean) ppr_cnt cite_affl_wt (count) n_obs = ppr_cnt, by(year)

. list, sep(0) noobs

  +------------------------------------+
  | year    ppr_cnt   cite_a~t   n_obs |
  |------------------------------------|
  | 2010   2.161189   4.184748   11502 |
  | 2011   2.158263   3.990731   12157 |
  | 2012    2.11046   4.029109   12801 |
  | 2013   2.119235   4.002598   13486 |
  | 2014   2.067943   3.788881   12849 |
  | 2015    2.05042   3.796513   12138 |
  | 2016   1.952264   3.717687   11354 |
  | 2017   1.976704   3.820052   10903 |
  | 2018   1.981345   3.887567   10185 |
  | 2019   1.940014   3.799998    9669 |
  +------------------------------------+

. restore

. 
. di as text "==== (F) for PIs who publish in every year 2010-2019 (truly balan
> ced active panel) ===="
==== (F) for PIs who publish in every year 2010-2019 (truly balanced active pan
> el) ====

. preserve

. gen has_pub = ppr_cnt > 0

. bys athr_id: egen n_active_yrs = total(has_pub)

. keep if n_active_yrs == 10
(141,579 observations deleted)

. gunique athr_id
N = 13,180; 1,318 balanced groups of size 10

. di as text "N PIs always-active 2010-2019 = `r(unique)'"
N PIs always-active 2010-2019 = 1318

. collapse (mean) ppr_cnt cite_affl_wt, by(year)

. list, sep(0) noobs

  +----------------------------+
  | year    ppr_cnt   cite_a~t |
  |----------------------------|
  | 2010   3.510622   7.783532 |
  | 2011   3.635812   8.171469 |
  | 2012   3.619879   8.385614 |
  | 2013   3.698027   8.347459 |
  | 2014   3.562974   8.164421 |
  | 2015   3.481032   7.710205 |
  | 2016   3.120637   8.048139 |
  | 2017   3.279211   8.056444 |
  | 2018   3.213961   7.498513 |
  | 2019   3.039454    7.18826 |
  +----------------------------+

. restore

. 
. di as text "==== (G) check 2016 specifically: per-PI ratio 2016/2013 ===="
==== (G) check 2016 specifically: per-PI ratio 2016/2013 ====

. use ../temp/es_`samp'`suf', clear

. preserve

. keep if inlist(year, 2013, 2016)
(119,123 observations deleted)

. gcollapse (sum) ppr_cnt, by(athr_id year)

. greshape wide ppr_cnt, i(athr_id) j(year)
(note: j = 2013 2016)

Data                               long   ->   wide
-----------------------------------------------------------------------------
Number of obs.                   35,636   ->   18,718               
Number of variables                    3  ->   3                    
j (2 values)                       year   ->   (dropped)
xij variables:
                                ppr_cnt   ->   ppr_cnt2013 ppr_cnt2016
-----------------------------------------------------------------------------

. gen ratio_2016_2013 = ppr_cnt2016 / ppr_cnt2013 if ppr_cnt2013 > 0
(6,563 missing values generated)

. sum ratio_2016_2013, d

                       ratio_2016_2013
-------------------------------------------------------------
      Percentiles      Smallest
 1%            0              0
 5%            0              0
10%            0              0       Obs              12,155
25%            0              0       Sum of wgt.      12,155

50%           .5                      Mean           .8167392
                        Largest       Std. dev.      .9694952
75%            1              9
90%            2              9       Variance        .939921
95%            3             11       Skewness       3.809085
99%            4             28       Kurtosis       60.93411

. tab1 ppr_cnt2016 if ppr_cnt2013 > 0 & ppr_cnt2016 == 0, mi

-> tabulation of ppr_cnt2016 if ppr_cnt2013 > 0 & ppr_cnt2016 == 0 

 2016 (sum) |
      (sum) |
    ppr_cnt |      Freq.     Percent        Cum.
------------+-----------------------------------
          0 |      3,685      100.00      100.00
------------+-----------------------------------
      Total |      3,685      100.00

. count if ppr_cnt2013 > 0 & ppr_cnt2016 == 0
  3,685

. local n_drop2016 = r(N)

. count if ppr_cnt2013 > 0
  13,486

. local n_active2013 = r(N)

. di as text "Of `n_active2013' PIs publishing in 2013, `n_drop2016' published 
> 0 in 2016"
Of 13486 PIs publishing in 2013, 3685 published 0 in 2016

. restore

. 
. log close
      name:  <unnamed>
       log:  /n/holylabs/pakes_lab/Lab/sci_eq/analysis/reduced_form/code/../tem
> p/diag_ushape.log
  log type:  text
 closed on:  11 Jun 2026, 15:10:12
-------------------------------------------------------------------------------

. 
end of do-file
