Model: pritamdeka/S-PubMedBert-MS-MARCO   Stage: validate   K: 5   TagSuffix: '_unstemmed'   FOIA_CSV: '../../output/foia_author_text_unstemmed.csv'
Device: cuda
Loading model: pritamdeka/S-PubMedBert-MS-MARCO
/n/holylabs/LABS/pakes_lab/Lab/env/lib/python3.10/site-packages/transformers/tokenization_utils_base.py:1617: FutureWarning: `clean_up_tokenization_spaces` was not set. It will be set to `True` by default. This behavior will be deprecated in transformers v4.45, and will be then set to `False` by default. For more details check this issue: https://github.com/huggingface/transformers/issues/31884
  warnings.warn(
Loading FOIA texts from ../../output/foia_author_text_unstemmed.csv...
FOIA authors: 207
FOIA embedding shape: (207, 768)
Saved ../../output/bert_foia_pritamdeka_S-PubMedBert-MS-MARCO_unstemmed.npy and ../../output/bert_foia_ids_pritamdeka_S-PubMedBert-MS-MARCO_unstemmed.csv
Loading ../../output/bert_foia_pritamdeka_S-PubMedBert-MS-MARCO_unstemmed.npy
Embeddings: (207, 768)
Filtering to top 50 per row...
Saving ../../output/validation_weights_bert_pritamdeka_S-PubMedBert-MS-MARCO_unstemmed_k50.npz
Saved ../../output/foia_ids_ordered_bert_pritamdeka_S-PubMedBert-MS-MARCO_unstemmed.csv
--- BERT LOOV ---
Aligned 207 authors. Weight shape: (207, 207)
K sweep: [3, 5, 7, 10, 15, 20, 50]
K=   3 -> r=0.2249, R2=-0.1376
K=   5 -> r=0.1789, R2=-0.0821
K=   7 -> r=0.1732, R2=-0.0334
K=  10 -> r=0.1766, R2=-0.0053
K=  15 -> r=0.2070, R2=0.0348
K=  20 -> r=0.1611, R2=0.0179
K=  50 -> r=0.1127, R2=0.0118
----------------------------------------
BEST: K=3 -> r=0.2249, R2=-0.1376
----------------------------------------
Plot: ../../output/validation_plot_bert_pritamdeka_S-PubMedBert-MS-MARCO_unstemmed.png
