
  ___  ____  ____  ____  ____ ©
 /__    /   ____/   /   ____/      17.0
___/   /   /___/   /   /___/       MP—Parallel Edition

 Statistics and Data Science       Copyright 1985-2021 StataCorp LLC
                                   StataCorp
                                   4905 Lakeway Drive
                                   College Station, Texas 77845 USA
                                   800-STATA-PC        https://www.stata.com
                                   979-696-4600        stata@stata.com

Stata license: 32-user 64-core network perpetual
Serial number: 501706311472
  Licensed to: Harvard Research Computing
               Cambridge MA

Notes:
      1. Stata is running in batch mode.
      2. Unicode is supported; see help unicode_advice.
      3. More than 2 billion observations are allowed; see help obs_advice.
      4. Maximum number of variables is set to 120,000; see help set_maxvar.

. do /tmp/show_trends.do 

. set more off

. use /n/home02/cxu75/sci_eq/analysis/placebo_first_stage/temp/plot_data.dta, c
> lear

. keep category year cat_log_raw_price bench_log_raw_price mean_b flagged_top

. gsort -mean_b category year

. list category year cat_log_raw_price bench_log_raw_price if flagged_top == 1,
>  sep(10) noobs abbrev(40)

  +--------------------------------------------------------------------------+
  |                                      category | year | cat_log_raw_price |
  |                                 pipes buffers | 2010 |         -.4450693 |
  |--------------------------------------------------------------------------|
  |                           bench_log_raw_price                            |
  |                                     -.0162702                            |
  +--------------------------------------------------------------------------+

  +--------------------------------------------------------------------------+
  |                                      category | year | cat_log_raw_price |
  |                                 pipes buffers | 2012 |         -.7469909 |
  |--------------------------------------------------------------------------|
  |                           bench_log_raw_price                            |
  |                                      -.041636                            |
  +--------------------------------------------------------------------------+

  +--------------------------------------------------------------------------+
  |                                      category | year | cat_log_raw_price |
  |                                 pipes buffers | 2013 |                 0 |
  |--------------------------------------------------------------------------|
  |                           bench_log_raw_price                            |
  |                                             0                            |
  +--------------------------------------------------------------------------+

  +--------------------------------------------------------------------------+
  |                                      category | year | cat_log_raw_price |
  |                                 pipes buffers | 2014 |          1.283565 |
  |--------------------------------------------------------------------------|
  |                           bench_log_raw_price                            |
  |                                      .0070848                            |
  +--------------------------------------------------------------------------+

  +--------------------------------------------------------------------------+
  |                                      category | year | cat_log_raw_price |
  |                                 pipes buffers | 2015 |          1.033482 |
  |--------------------------------------------------------------------------|
  |                           bench_log_raw_price                            |
  |                                      .0091944                            |
  +--------------------------------------------------------------------------+

  +--------------------------------------------------------------------------+
  |                                      category | year | cat_log_raw_price |
  |                                 pipes buffers | 2016 |          .0448761 |
  |--------------------------------------------------------------------------|
  |                           bench_log_raw_price                            |
  |                                     -.0050964                            |
  +--------------------------------------------------------------------------+

  +--------------------------------------------------------------------------+
  |                                      category | year | cat_log_raw_price |
  |                                 pipes buffers | 2017 |          1.313915 |
  |--------------------------------------------------------------------------|
  |                           bench_log_raw_price                            |
  |                                      .0169358                            |
  +--------------------------------------------------------------------------+

  +--------------------------------------------------------------------------+
  |                                      category | year | cat_log_raw_price |
  |                                 pipes buffers | 2018 |          .9590545 |
  |--------------------------------------------------------------------------|
  |                           bench_log_raw_price                            |
  |                                      .0256877                            |
  +--------------------------------------------------------------------------+

  +--------------------------------------------------------------------------+
  |                                      category | year | cat_log_raw_price |
  |                                 pipes buffers | 2019 |         -.3554177 |
  |--------------------------------------------------------------------------|
  |                           bench_log_raw_price                            |
  |                                      .0534329                            |
  +--------------------------------------------------------------------------+

  +--------------------------------------------------------------------------+
  |                                      category | year | cat_log_raw_price |
  |                                    spermidine | 2010 |         -.1195476 |
  |--------------------------------------------------------------------------|
  |                           bench_log_raw_price                            |
  |                                     -.0162702                            |
  +--------------------------------------------------------------------------+

  +--------------------------------------------------------------------------+
  |                                      category | year | cat_log_raw_price |
  |                                    spermidine | 2012 |          -.287854 |
  |--------------------------------------------------------------------------|
  |                           bench_log_raw_price                            |
  |                                      -.041636                            |
  +--------------------------------------------------------------------------+

  +--------------------------------------------------------------------------+
  |                                      category | year | cat_log_raw_price |
  |                                    spermidine | 2013 |                 0 |
  |--------------------------------------------------------------------------|
  |                           bench_log_raw_price                            |
  |                                             0                            |
  +--------------------------------------------------------------------------+

  +--------------------------------------------------------------------------+
  |                                      category | year | cat_log_raw_price |
  |                                    spermidine | 2014 |          .7972083 |
  |--------------------------------------------------------------------------|
  |                           bench_log_raw_price                            |
  |                                      .0070848                            |
  +--------------------------------------------------------------------------+

  +--------------------------------------------------------------------------+
  |                                      category | year | cat_log_raw_price |
  |                                    spermidine | 2015 |          .6845665 |
  |--------------------------------------------------------------------------|
  |                           bench_log_raw_price                            |
  |                                      .0091944                            |
  +--------------------------------------------------------------------------+

  +--------------------------------------------------------------------------+
  |                                      category | year | cat_log_raw_price |
  |                                    spermidine | 2016 |         -.4303725 |
  |--------------------------------------------------------------------------|
  |                           bench_log_raw_price                            |
  |                                     -.0050964                            |
  +--------------------------------------------------------------------------+

  +--------------------------------------------------------------------------+
  |                                      category | year | cat_log_raw_price |
  |                                    spermidine | 2017 |          .8189831 |
  |--------------------------------------------------------------------------|
  |                           bench_log_raw_price                            |
  |                                      .0169358                            |
  +--------------------------------------------------------------------------+

  +--------------------------------------------------------------------------+
  |                                      category | year | cat_log_raw_price |
  |                                    spermidine | 2018 |          .1027427 |
  |--------------------------------------------------------------------------|
  |                           bench_log_raw_price                            |
  |                                      .0256877                            |
  +--------------------------------------------------------------------------+

  +--------------------------------------------------------------------------+
  |                                      category | year | cat_log_raw_price |
  |                                    spermidine | 2019 |         -.1233678 |
  |--------------------------------------------------------------------------|
  |                           bench_log_raw_price                            |
  |                                      .0534329                            |
  +--------------------------------------------------------------------------+

  +--------------------------------------------------------------------------+
  |                                      category | year | cat_log_raw_price |
  | cell lysis detergents - np-40 (igepal ca-630) | 2010 |         -.2153068 |
  |--------------------------------------------------------------------------|
  |                           bench_log_raw_price                            |
  |                                     -.0162702                            |
  +--------------------------------------------------------------------------+

  +--------------------------------------------------------------------------+
  |                                      category | year | cat_log_raw_price |
  | cell lysis detergents - np-40 (igepal ca-630) | 2011 |         -.1689374 |
  |--------------------------------------------------------------------------|
  |                           bench_log_raw_price                            |
  |                                     -.0793724                            |
  +--------------------------------------------------------------------------+

  +--------------------------------------------------------------------------+
  |                                      category | year | cat_log_raw_price |
  | cell lysis detergents - np-40 (igepal ca-630) | 2012 |          .2889805 |
  |--------------------------------------------------------------------------|
  |                           bench_log_raw_price                            |
  |                                      -.041636                            |
  +--------------------------------------------------------------------------+

  +--------------------------------------------------------------------------+
  |                                      category | year | cat_log_raw_price |
  | cell lysis detergents - np-40 (igepal ca-630) | 2013 |                 0 |
  |--------------------------------------------------------------------------|
  |                           bench_log_raw_price                            |
  |                                             0                            |
  +--------------------------------------------------------------------------+

  +--------------------------------------------------------------------------+
  |                                      category | year | cat_log_raw_price |
  | cell lysis detergents - np-40 (igepal ca-630) | 2014 |          .0311151 |
  |--------------------------------------------------------------------------|
  |                           bench_log_raw_price                            |
  |                                      .0070848                            |
  +--------------------------------------------------------------------------+

  +--------------------------------------------------------------------------+
  |                                      category | year | cat_log_raw_price |
  | cell lysis detergents - np-40 (igepal ca-630) | 2015 |           .150075 |
  |--------------------------------------------------------------------------|
  |                           bench_log_raw_price                            |
  |                                      .0091944                            |
  +--------------------------------------------------------------------------+

  +--------------------------------------------------------------------------+
  |                                      category | year | cat_log_raw_price |
  | cell lysis detergents - np-40 (igepal ca-630) | 2016 |          .4119229 |
  |--------------------------------------------------------------------------|
  |                           bench_log_raw_price                            |
  |                                     -.0050964                            |
  +--------------------------------------------------------------------------+

  +--------------------------------------------------------------------------+
  |                                      category | year | cat_log_raw_price |
  | cell lysis detergents - np-40 (igepal ca-630) | 2017 |          .4171724 |
  |--------------------------------------------------------------------------|
  |                           bench_log_raw_price                            |
  |                                      .0169358                            |
  +--------------------------------------------------------------------------+

  +--------------------------------------------------------------------------+
  |                                      category | year | cat_log_raw_price |
  | cell lysis detergents - np-40 (igepal ca-630) | 2018 |          .3295102 |
  |--------------------------------------------------------------------------|
  |                           bench_log_raw_price                            |
  |                                      .0256877                            |
  +--------------------------------------------------------------------------+

  +--------------------------------------------------------------------------+
  |                                      category | year | cat_log_raw_price |
  | cell lysis detergents - np-40 (igepal ca-630) | 2019 |          .2130232 |
  |--------------------------------------------------------------------------|
  |                           bench_log_raw_price                            |
  |                                      .0534329                            |
  +--------------------------------------------------------------------------+

  +--------------------------------------------------------------------------+
  |                                      category | year | cat_log_raw_price |
  |                                  storage jars | 2010 |          1.828153 |
  |--------------------------------------------------------------------------|
  |                           bench_log_raw_price                            |
  |                                     -.0162702                            |
  +--------------------------------------------------------------------------+

  +--------------------------------------------------------------------------+
  |                                      category | year | cat_log_raw_price |
  |                                  storage jars | 2011 |          1.003246 |
  |--------------------------------------------------------------------------|
  |                           bench_log_raw_price                            |
  |                                     -.0793724                            |
  +--------------------------------------------------------------------------+

  +--------------------------------------------------------------------------+
  |                                      category | year | cat_log_raw_price |
  |                                  storage jars | 2012 |           2.45342 |
  |--------------------------------------------------------------------------|
  |                           bench_log_raw_price                            |
  |                                      -.041636                            |
  +--------------------------------------------------------------------------+

  +--------------------------------------------------------------------------+
  |                                      category | year | cat_log_raw_price |
  |                                  storage jars | 2013 |                 0 |
  |--------------------------------------------------------------------------|
  |                           bench_log_raw_price                            |
  |                                             0                            |
  +--------------------------------------------------------------------------+

  +--------------------------------------------------------------------------+
  |                                      category | year | cat_log_raw_price |
  |                                  storage jars | 2014 |           .764042 |
  |--------------------------------------------------------------------------|
  |                           bench_log_raw_price                            |
  |                                      .0070848                            |
  +--------------------------------------------------------------------------+

  +--------------------------------------------------------------------------+
  |                                      category | year | cat_log_raw_price |
  |                                  storage jars | 2015 |         -.9945073 |
  |--------------------------------------------------------------------------|
  |                           bench_log_raw_price                            |
  |                                      .0091944                            |
  +--------------------------------------------------------------------------+

  +--------------------------------------------------------------------------+
  |                                      category | year | cat_log_raw_price |
  |                                  storage jars | 2016 |          2.508797 |
  |--------------------------------------------------------------------------|
  |                           bench_log_raw_price                            |
  |                                     -.0050964                            |
  +--------------------------------------------------------------------------+

  +--------------------------------------------------------------------------+
  |                                      category | year | cat_log_raw_price |
  |                                  storage jars | 2017 |          2.607573 |
  |--------------------------------------------------------------------------|
  |                           bench_log_raw_price                            |
  |                                      .0169358                            |
  +--------------------------------------------------------------------------+

  +--------------------------------------------------------------------------+
  |                                      category | year | cat_log_raw_price |
  |                                  storage jars | 2018 |          2.430292 |
  |--------------------------------------------------------------------------|
  |                           bench_log_raw_price                            |
  |                                      .0256877                            |
  +--------------------------------------------------------------------------+

  +--------------------------------------------------------------------------+
  |                                      category | year | cat_log_raw_price |
  |                                  storage jars | 2019 |          2.626988 |
  |--------------------------------------------------------------------------|
  |                           bench_log_raw_price                            |
  |                                      .0534329                            |
  +--------------------------------------------------------------------------+

  +--------------------------------------------------------------------------+
  |                                      category | year | cat_log_raw_price |
  |                                      catalase | 2010 |         -1.083052 |
  |--------------------------------------------------------------------------|
  |                           bench_log_raw_price                            |
  |                                     -.0162702                            |
  +--------------------------------------------------------------------------+

  +--------------------------------------------------------------------------+
  |                                      category | year | cat_log_raw_price |
  |                                      catalase | 2011 |         -1.029885 |
  |--------------------------------------------------------------------------|
  |                           bench_log_raw_price                            |
  |                                     -.0793724                            |
  +--------------------------------------------------------------------------+

  +--------------------------------------------------------------------------+
  |                                      category | year | cat_log_raw_price |
  |                                      catalase | 2012 |         -1.163594 |
  |--------------------------------------------------------------------------|
  |                           bench_log_raw_price                            |
  |                                      -.041636                            |
  +--------------------------------------------------------------------------+

  +--------------------------------------------------------------------------+
  |                                      category | year | cat_log_raw_price |
  |                                      catalase | 2013 |                 0 |
  |--------------------------------------------------------------------------|
  |                           bench_log_raw_price                            |
  |                                             0                            |
  +--------------------------------------------------------------------------+

  +--------------------------------------------------------------------------+
  |                                      category | year | cat_log_raw_price |
  |                                      catalase | 2014 |         -.0237751 |
  |--------------------------------------------------------------------------|
  |                           bench_log_raw_price                            |
  |                                      .0070848                            |
  +--------------------------------------------------------------------------+

  +--------------------------------------------------------------------------+
  |                                      category | year | cat_log_raw_price |
  |                                      catalase | 2015 |           .103096 |
  |--------------------------------------------------------------------------|
  |                           bench_log_raw_price                            |
  |                                      .0091944                            |
  +--------------------------------------------------------------------------+

  +--------------------------------------------------------------------------+
  |                                      category | year | cat_log_raw_price |
  |                                      catalase | 2016 |         -1.274654 |
  |--------------------------------------------------------------------------|
  |                           bench_log_raw_price                            |
  |                                     -.0050964                            |
  +--------------------------------------------------------------------------+

  +--------------------------------------------------------------------------+
  |                                      category | year | cat_log_raw_price |
  |                                      catalase | 2017 |         -.0802913 |
  |--------------------------------------------------------------------------|
  |                           bench_log_raw_price                            |
  |                                      .0169358                            |
  +--------------------------------------------------------------------------+

  +--------------------------------------------------------------------------+
  |                                      category | year | cat_log_raw_price |
  |                                      catalase | 2018 |          .0156617 |
  |--------------------------------------------------------------------------|
  |                           bench_log_raw_price                            |
  |                                      .0256877                            |
  +--------------------------------------------------------------------------+

  +--------------------------------------------------------------------------+
  |                                      category | year | cat_log_raw_price |
  |                                      catalase | 2019 |         -.3974733 |
  |--------------------------------------------------------------------------|
  |                           bench_log_raw_price                            |
  |                                      .0534329                            |
  +--------------------------------------------------------------------------+

  +--------------------------------------------------------------------------+
  |                                      category | year | cat_log_raw_price |
  |                 colorimetric substrates - tmb | 2010 |         -.1401777 |
  |--------------------------------------------------------------------------|
  |                           bench_log_raw_price                            |
  |                                     -.0162702                            |
  +--------------------------------------------------------------------------+

  +--------------------------------------------------------------------------+
  |                                      category | year | cat_log_raw_price |
  |                 colorimetric substrates - tmb | 2011 |         -.1447401 |
  |--------------------------------------------------------------------------|
  |                           bench_log_raw_price                            |
  |                                     -.0793724                            |
  +--------------------------------------------------------------------------+

  +--------------------------------------------------------------------------+
  |                                      category | year | cat_log_raw_price |
  |                 colorimetric substrates - tmb | 2012 |         -.0326958 |
  |--------------------------------------------------------------------------|
  |                           bench_log_raw_price                            |
  |                                      -.041636                            |
  +--------------------------------------------------------------------------+

  +--------------------------------------------------------------------------+
  |                                      category | year | cat_log_raw_price |
  |                 colorimetric substrates - tmb | 2013 |                 0 |
  |--------------------------------------------------------------------------|
  |                           bench_log_raw_price                            |
  |                                             0                            |
  +--------------------------------------------------------------------------+

  +--------------------------------------------------------------------------+
  |                                      category | year | cat_log_raw_price |
  |                 colorimetric substrates - tmb | 2014 |          .1728892 |
  |--------------------------------------------------------------------------|
  |                           bench_log_raw_price                            |
  |                                      .0070848                            |
  +--------------------------------------------------------------------------+

  +--------------------------------------------------------------------------+
  |                                      category | year | cat_log_raw_price |
  |                 colorimetric substrates - tmb | 2015 |          .3711343 |
  |--------------------------------------------------------------------------|
  |                           bench_log_raw_price                            |
  |                                      .0091944                            |
  +--------------------------------------------------------------------------+

  +--------------------------------------------------------------------------+
  |                                      category | year | cat_log_raw_price |
  |                 colorimetric substrates - tmb | 2016 |          .2056398 |
  |--------------------------------------------------------------------------|
  |                           bench_log_raw_price                            |
  |                                     -.0050964                            |
  +--------------------------------------------------------------------------+

  +--------------------------------------------------------------------------+
  |                                      category | year | cat_log_raw_price |
  |                 colorimetric substrates - tmb | 2017 |          .1452656 |
  |--------------------------------------------------------------------------|
  |                           bench_log_raw_price                            |
  |                                      .0169358                            |
  +--------------------------------------------------------------------------+

  +--------------------------------------------------------------------------+
  |                                      category | year | cat_log_raw_price |
  |                 colorimetric substrates - tmb | 2018 |          .0715804 |
  |--------------------------------------------------------------------------|
  |                           bench_log_raw_price                            |
  |                                      .0256877                            |
  +--------------------------------------------------------------------------+

  +--------------------------------------------------------------------------+
  |                                      category | year | cat_log_raw_price |
  |                 colorimetric substrates - tmb | 2019 |          .2422566 |
  |--------------------------------------------------------------------------|
  |                           bench_log_raw_price                            |
  |                                      .0534329                            |
  +--------------------------------------------------------------------------+

  +--------------------------------------------------------------------------+
  |                                      category | year | cat_log_raw_price |
  |                                 spray bottles | 2010 |         -.8254137 |
  |--------------------------------------------------------------------------|
  |                           bench_log_raw_price                            |
  |                                     -.0162702                            |
  +--------------------------------------------------------------------------+

  +--------------------------------------------------------------------------+
  |                                      category | year | cat_log_raw_price |
  |                                 spray bottles | 2011 |         -.9642799 |
  |--------------------------------------------------------------------------|
  |                           bench_log_raw_price                            |
  |                                     -.0793724                            |
  +--------------------------------------------------------------------------+

  +--------------------------------------------------------------------------+
  |                                      category | year | cat_log_raw_price |
  |                                 spray bottles | 2012 |         -.9094239 |
  |--------------------------------------------------------------------------|
  |                           bench_log_raw_price                            |
  |                                      -.041636                            |
  +--------------------------------------------------------------------------+

  +--------------------------------------------------------------------------+
  |                                      category | year | cat_log_raw_price |
  |                                 spray bottles | 2013 |                 0 |
  |--------------------------------------------------------------------------|
  |                           bench_log_raw_price                            |
  |                                             0                            |
  +--------------------------------------------------------------------------+

  +--------------------------------------------------------------------------+
  |                                      category | year | cat_log_raw_price |
  |                                 spray bottles | 2014 |          .1259403 |
  |--------------------------------------------------------------------------|
  |                           bench_log_raw_price                            |
  |                                      .0070848                            |
  +--------------------------------------------------------------------------+

  +--------------------------------------------------------------------------+
  |                                      category | year | cat_log_raw_price |
  |                                 spray bottles | 2015 |         -.0213616 |
  |--------------------------------------------------------------------------|
  |                           bench_log_raw_price                            |
  |                                      .0091944                            |
  +--------------------------------------------------------------------------+

  +--------------------------------------------------------------------------+
  |                                      category | year | cat_log_raw_price |
  |                                 spray bottles | 2016 |         -.0918779 |
  |--------------------------------------------------------------------------|
  |                           bench_log_raw_price                            |
  |                                     -.0050964                            |
  +--------------------------------------------------------------------------+

  +--------------------------------------------------------------------------+
  |                                      category | year | cat_log_raw_price |
  |                                 spray bottles | 2017 |          .3749672 |
  |--------------------------------------------------------------------------|
  |                           bench_log_raw_price                            |
  |                                      .0169358                            |
  +--------------------------------------------------------------------------+

  +--------------------------------------------------------------------------+
  |                                      category | year | cat_log_raw_price |
  |                                 spray bottles | 2018 |          .7522143 |
  |--------------------------------------------------------------------------|
  |                           bench_log_raw_price                            |
  |                                      .0256877                            |
  +--------------------------------------------------------------------------+

  +--------------------------------------------------------------------------+
  |                                      category | year | cat_log_raw_price |
  |                                 spray bottles | 2019 |          .8943609 |
  |--------------------------------------------------------------------------|
  |                           bench_log_raw_price                            |
  |                                      .0534329                            |
  +--------------------------------------------------------------------------+

  +--------------------------------------------------------------------------+
  |                                      category | year | cat_log_raw_price |
  |                           potassium phosphate | 2010 |          -.008265 |
  |--------------------------------------------------------------------------|
  |                           bench_log_raw_price                            |
  |                                     -.0162702                            |
  +--------------------------------------------------------------------------+

  +--------------------------------------------------------------------------+
  |                                      category | year | cat_log_raw_price |
  |                           potassium phosphate | 2011 |         -.0251961 |
  |--------------------------------------------------------------------------|
  |                           bench_log_raw_price                            |
  |                                     -.0793724                            |
  +--------------------------------------------------------------------------+

  +--------------------------------------------------------------------------+
  |                                      category | year | cat_log_raw_price |
  |                           potassium phosphate | 2012 |          .1083131 |
  |--------------------------------------------------------------------------|
  |                           bench_log_raw_price                            |
  |                                      -.041636                            |
  +--------------------------------------------------------------------------+

  +--------------------------------------------------------------------------+
  |                                      category | year | cat_log_raw_price |
  |                           potassium phosphate | 2013 |                 0 |
  |--------------------------------------------------------------------------|
  |                           bench_log_raw_price                            |
  |                                             0                            |
  +--------------------------------------------------------------------------+

  +--------------------------------------------------------------------------+
  |                                      category | year | cat_log_raw_price |
  |                           potassium phosphate | 2014 |           .197978 |
  |--------------------------------------------------------------------------|
  |                           bench_log_raw_price                            |
  |                                      .0070848                            |
  +--------------------------------------------------------------------------+

  +--------------------------------------------------------------------------+
  |                                      category | year | cat_log_raw_price |
  |                           potassium phosphate | 2015 |         -.0928473 |
  |--------------------------------------------------------------------------|
  |                           bench_log_raw_price                            |
  |                                      .0091944                            |
  +--------------------------------------------------------------------------+

  +--------------------------------------------------------------------------+
  |                                      category | year | cat_log_raw_price |
  |                           potassium phosphate | 2016 |          .1988673 |
  |--------------------------------------------------------------------------|
  |                           bench_log_raw_price                            |
  |                                     -.0050964                            |
  +--------------------------------------------------------------------------+

  +--------------------------------------------------------------------------+
  |                                      category | year | cat_log_raw_price |
  |                           potassium phosphate | 2017 |          .1154962 |
  |--------------------------------------------------------------------------|
  |                           bench_log_raw_price                            |
  |                                      .0169358                            |
  +--------------------------------------------------------------------------+

  +--------------------------------------------------------------------------+
  |                                      category | year | cat_log_raw_price |
  |                           potassium phosphate | 2018 |          .1022835 |
  |--------------------------------------------------------------------------|
  |                           bench_log_raw_price                            |
  |                                      .0256877                            |
  +--------------------------------------------------------------------------+

  +--------------------------------------------------------------------------+
  |                                      category | year | cat_log_raw_price |
  |                           potassium phosphate | 2019 |          .1192818 |
  |--------------------------------------------------------------------------|
  |                           bench_log_raw_price                            |
  |                                      .0534329                            |
  +--------------------------------------------------------------------------+

  +--------------------------------------------------------------------------+
  |                                      category | year | cat_log_raw_price |
  |                         slide mounting medium | 2010 |         -.0753803 |
  |--------------------------------------------------------------------------|
  |                           bench_log_raw_price                            |
  |                                     -.0162702                            |
  +--------------------------------------------------------------------------+

  +--------------------------------------------------------------------------+
  |                                      category | year | cat_log_raw_price |
  |                         slide mounting medium | 2011 |         -.1129098 |
  |--------------------------------------------------------------------------|
  |                           bench_log_raw_price                            |
  |                                     -.0793724                            |
  +--------------------------------------------------------------------------+

  +--------------------------------------------------------------------------+
  |                                      category | year | cat_log_raw_price |
  |                         slide mounting medium | 2012 |          -.080328 |
  |--------------------------------------------------------------------------|
  |                           bench_log_raw_price                            |
  |                                      -.041636                            |
  +--------------------------------------------------------------------------+

  +--------------------------------------------------------------------------+
  |                                      category | year | cat_log_raw_price |
  |                         slide mounting medium | 2013 |                 0 |
  |--------------------------------------------------------------------------|
  |                           bench_log_raw_price                            |
  |                                             0                            |
  +--------------------------------------------------------------------------+

  +--------------------------------------------------------------------------+
  |                                      category | year | cat_log_raw_price |
  |                         slide mounting medium | 2014 |          .0005531 |
  |--------------------------------------------------------------------------|
  |                           bench_log_raw_price                            |
  |                                      .0070848                            |
  +--------------------------------------------------------------------------+

  +--------------------------------------------------------------------------+
  |                                      category | year | cat_log_raw_price |
  |                         slide mounting medium | 2015 |          .0488095 |
  |--------------------------------------------------------------------------|
  |                           bench_log_raw_price                            |
  |                                      .0091944                            |
  +--------------------------------------------------------------------------+

  +--------------------------------------------------------------------------+
  |                                      category | year | cat_log_raw_price |
  |                         slide mounting medium | 2016 |          .0619416 |
  |--------------------------------------------------------------------------|
  |                           bench_log_raw_price                            |
  |                                     -.0050964                            |
  +--------------------------------------------------------------------------+

  +--------------------------------------------------------------------------+
  |                                      category | year | cat_log_raw_price |
  |                         slide mounting medium | 2017 |           .128695 |
  |--------------------------------------------------------------------------|
  |                           bench_log_raw_price                            |
  |                                      .0169358                            |
  +--------------------------------------------------------------------------+

  +--------------------------------------------------------------------------+
  |                                      category | year | cat_log_raw_price |
  |                         slide mounting medium | 2018 |          .2091007 |
  |--------------------------------------------------------------------------|
  |                           bench_log_raw_price                            |
  |                                      .0256877                            |
  +--------------------------------------------------------------------------+

  +--------------------------------------------------------------------------+
  |                                      category | year | cat_log_raw_price |
  |                         slide mounting medium | 2019 |          .2351146 |
  |--------------------------------------------------------------------------|
  |                           bench_log_raw_price                            |
  |                                      .0534329                            |
  +--------------------------------------------------------------------------+

  +--------------------------------------------------------------------------+
  |                                      category | year | cat_log_raw_price |
  |                          centrifugation media | 2010 |         -.1650419 |
  |--------------------------------------------------------------------------|
  |                           bench_log_raw_price                            |
  |                                     -.0162702                            |
  +--------------------------------------------------------------------------+

  +--------------------------------------------------------------------------+
  |                                      category | year | cat_log_raw_price |
  |                          centrifugation media | 2011 |          -.259654 |
  |--------------------------------------------------------------------------|
  |                           bench_log_raw_price                            |
  |                                     -.0793724                            |
  +--------------------------------------------------------------------------+

  +--------------------------------------------------------------------------+
  |                                      category | year | cat_log_raw_price |
  |                          centrifugation media | 2012 |         -.2010651 |
  |--------------------------------------------------------------------------|
  |                           bench_log_raw_price                            |
  |                                      -.041636                            |
  +--------------------------------------------------------------------------+

  +--------------------------------------------------------------------------+
  |                                      category | year | cat_log_raw_price |
  |                          centrifugation media | 2013 |                 0 |
  |--------------------------------------------------------------------------|
  |                           bench_log_raw_price                            |
  |                                             0                            |
  +--------------------------------------------------------------------------+

  +--------------------------------------------------------------------------+
  |                                      category | year | cat_log_raw_price |
  |                          centrifugation media | 2014 |           .134726 |
  |--------------------------------------------------------------------------|
  |                           bench_log_raw_price                            |
  |                                      .0070848                            |
  +--------------------------------------------------------------------------+

  +--------------------------------------------------------------------------+
  |                                      category | year | cat_log_raw_price |
  |                          centrifugation media | 2015 |         -.0226049 |
  |--------------------------------------------------------------------------|
  |                           bench_log_raw_price                            |
  |                                      .0091944                            |
  +--------------------------------------------------------------------------+

  +--------------------------------------------------------------------------+
  |                                      category | year | cat_log_raw_price |
  |                          centrifugation media | 2016 |         -.0933919 |
  |--------------------------------------------------------------------------|
  |                           bench_log_raw_price                            |
  |                                     -.0050964                            |
  +--------------------------------------------------------------------------+

  +--------------------------------------------------------------------------+
  |                                      category | year | cat_log_raw_price |
  |                          centrifugation media | 2017 |          .1338906 |
  |--------------------------------------------------------------------------|
  |                           bench_log_raw_price                            |
  |                                      .0169358                            |
  +--------------------------------------------------------------------------+

  +--------------------------------------------------------------------------+
  |                                      category | year | cat_log_raw_price |
  |                          centrifugation media | 2018 |          .0040007 |
  |--------------------------------------------------------------------------|
  |                           bench_log_raw_price                            |
  |                                      .0256877                            |
  +--------------------------------------------------------------------------+

  +--------------------------------------------------------------------------+
  |                                      category | year | cat_log_raw_price |
  |                          centrifugation media | 2019 |         -.0870261 |
  |--------------------------------------------------------------------------|
  |                           bench_log_raw_price                            |
  |                                      .0534329                            |
  +--------------------------------------------------------------------------+

. 
end of do-file
