
  ___  ____  ____  ____  ____ ©
 /__    /   ____/   /   ____/      17.0
___/   /   /___/   /   /___/       MP—Parallel Edition

 Statistics and Data Science       Copyright 1985-2021 StataCorp LLC
                                   StataCorp
                                   4905 Lakeway Drive
                                   College Station, Texas 77845 USA
                                   800-STATA-PC        https://www.stata.com
                                   979-696-4600        stata@stata.com

Stata license: 32-user 64-core network perpetual
Serial number: 501706311472
  Licensed to: Harvard Research Computing
               Cambridge MA

Notes:
      1. Stata is running in batch mode.
      2. Unicode is supported; see help unicode_advice.
      3. More than 2 billion observations are allowed; see help obs_advice.
      4. Maximum number of variables is set to 120,000; see help set_maxvar.

. do /tmp/show_trends_bot.do 

. set more off

. use /n/home02/cxu75/sci_eq/analysis/placebo_first_stage/temp/plot_data.dta, c
> lear

. keep category year cat_log_raw_price bench_log_raw_price mean_b flagged_botto
> m

. gsort mean_b category year

. list category year cat_log_raw_price bench_log_raw_price if flagged_bottom ==
>  1, sep(10) noobs abbrev(40)

  +------------------------------------------------------------------+
  |                              category | year | cat_log_raw_price |
  |                  square glass bottles | 2010 |          .2601023 |
  |------------------------------------------------------------------|
  |                       bench_log_raw_price                        |
  |                                 -.0162702                        |
  +------------------------------------------------------------------+

  +------------------------------------------------------------------+
  |                              category | year | cat_log_raw_price |
  |                  square glass bottles | 2011 |          .3603868 |
  |------------------------------------------------------------------|
  |                       bench_log_raw_price                        |
  |                                 -.0793724                        |
  +------------------------------------------------------------------+

  +------------------------------------------------------------------+
  |                              category | year | cat_log_raw_price |
  |                  square glass bottles | 2012 |          .1677632 |
  |------------------------------------------------------------------|
  |                       bench_log_raw_price                        |
  |                                  -.041636                        |
  +------------------------------------------------------------------+

  +------------------------------------------------------------------+
  |                              category | year | cat_log_raw_price |
  |                  square glass bottles | 2013 |                 0 |
  |------------------------------------------------------------------|
  |                       bench_log_raw_price                        |
  |                                         0                        |
  +------------------------------------------------------------------+

  +------------------------------------------------------------------+
  |                              category | year | cat_log_raw_price |
  |                  square glass bottles | 2014 |          .1789908 |
  |------------------------------------------------------------------|
  |                       bench_log_raw_price                        |
  |                                  .0070848                        |
  +------------------------------------------------------------------+

  +------------------------------------------------------------------+
  |                              category | year | cat_log_raw_price |
  |                  square glass bottles | 2015 |          .2276025 |
  |------------------------------------------------------------------|
  |                       bench_log_raw_price                        |
  |                                  .0091944                        |
  +------------------------------------------------------------------+

  +------------------------------------------------------------------+
  |                              category | year | cat_log_raw_price |
  |                  square glass bottles | 2016 |         -.1281376 |
  |------------------------------------------------------------------|
  |                       bench_log_raw_price                        |
  |                                 -.0050964                        |
  +------------------------------------------------------------------+

  +------------------------------------------------------------------+
  |                              category | year | cat_log_raw_price |
  |                  square glass bottles | 2017 |         -.2720842 |
  |------------------------------------------------------------------|
  |                       bench_log_raw_price                        |
  |                                  .0169358                        |
  +------------------------------------------------------------------+

  +------------------------------------------------------------------+
  |                              category | year | cat_log_raw_price |
  |                  square glass bottles | 2018 |         -.3132968 |
  |------------------------------------------------------------------|
  |                       bench_log_raw_price                        |
  |                                  .0256877                        |
  +------------------------------------------------------------------+

  +------------------------------------------------------------------+
  |                              category | year | cat_log_raw_price |
  |                  square glass bottles | 2019 |          .3311639 |
  |------------------------------------------------------------------|
  |                       bench_log_raw_price                        |
  |                                  .0534329                        |
  +------------------------------------------------------------------+

  +------------------------------------------------------------------+
  |                              category | year | cat_log_raw_price |
  |        colorimetric substrates - onpg | 2010 |          -.191299 |
  |------------------------------------------------------------------|
  |                       bench_log_raw_price                        |
  |                                 -.0162702                        |
  +------------------------------------------------------------------+

  +------------------------------------------------------------------+
  |                              category | year | cat_log_raw_price |
  |        colorimetric substrates - onpg | 2011 |          .3151081 |
  |------------------------------------------------------------------|
  |                       bench_log_raw_price                        |
  |                                 -.0793724                        |
  +------------------------------------------------------------------+

  +------------------------------------------------------------------+
  |                              category | year | cat_log_raw_price |
  |        colorimetric substrates - onpg | 2012 |          .4294713 |
  |------------------------------------------------------------------|
  |                       bench_log_raw_price                        |
  |                                  -.041636                        |
  +------------------------------------------------------------------+

  +------------------------------------------------------------------+
  |                              category | year | cat_log_raw_price |
  |        colorimetric substrates - onpg | 2013 |                 0 |
  |------------------------------------------------------------------|
  |                       bench_log_raw_price                        |
  |                                         0                        |
  +------------------------------------------------------------------+

  +------------------------------------------------------------------+
  |                              category | year | cat_log_raw_price |
  |        colorimetric substrates - onpg | 2014 |          .0556707 |
  |------------------------------------------------------------------|
  |                       bench_log_raw_price                        |
  |                                  .0070848                        |
  +------------------------------------------------------------------+

  +------------------------------------------------------------------+
  |                              category | year | cat_log_raw_price |
  |        colorimetric substrates - onpg | 2015 |          -.093318 |
  |------------------------------------------------------------------|
  |                       bench_log_raw_price                        |
  |                                  .0091944                        |
  +------------------------------------------------------------------+

  +------------------------------------------------------------------+
  |                              category | year | cat_log_raw_price |
  |        colorimetric substrates - onpg | 2016 |         -.5877469 |
  |------------------------------------------------------------------|
  |                       bench_log_raw_price                        |
  |                                 -.0050964                        |
  +------------------------------------------------------------------+

  +------------------------------------------------------------------+
  |                              category | year | cat_log_raw_price |
  |        colorimetric substrates - onpg | 2017 |         -.0505095 |
  |------------------------------------------------------------------|
  |                       bench_log_raw_price                        |
  |                                  .0169358                        |
  +------------------------------------------------------------------+

  +------------------------------------------------------------------+
  |                              category | year | cat_log_raw_price |
  |        colorimetric substrates - onpg | 2018 |          .1829836 |
  |------------------------------------------------------------------|
  |                       bench_log_raw_price                        |
  |                                  .0256877                        |
  +------------------------------------------------------------------+

  +------------------------------------------------------------------+
  |                              category | year | cat_log_raw_price |
  |        colorimetric substrates - onpg | 2019 |          .2008512 |
  |------------------------------------------------------------------|
  |                       bench_log_raw_price                        |
  |                                  .0534329                        |
  +------------------------------------------------------------------+

  +------------------------------------------------------------------+
  |                              category | year | cat_log_raw_price |
  |                   cylindrical carboys | 2010 |          -.174789 |
  |------------------------------------------------------------------|
  |                       bench_log_raw_price                        |
  |                                 -.0162702                        |
  +------------------------------------------------------------------+

  +------------------------------------------------------------------+
  |                              category | year | cat_log_raw_price |
  |                   cylindrical carboys | 2011 |          .0210609 |
  |------------------------------------------------------------------|
  |                       bench_log_raw_price                        |
  |                                 -.0793724                        |
  +------------------------------------------------------------------+

  +------------------------------------------------------------------+
  |                              category | year | cat_log_raw_price |
  |                   cylindrical carboys | 2012 |         -.2633209 |
  |------------------------------------------------------------------|
  |                       bench_log_raw_price                        |
  |                                  -.041636                        |
  +------------------------------------------------------------------+

  +------------------------------------------------------------------+
  |                              category | year | cat_log_raw_price |
  |                   cylindrical carboys | 2013 |                 0 |
  |------------------------------------------------------------------|
  |                       bench_log_raw_price                        |
  |                                         0                        |
  +------------------------------------------------------------------+

  +------------------------------------------------------------------+
  |                              category | year | cat_log_raw_price |
  |                   cylindrical carboys | 2014 |          .1434608 |
  |------------------------------------------------------------------|
  |                       bench_log_raw_price                        |
  |                                  .0070848                        |
  +------------------------------------------------------------------+

  +------------------------------------------------------------------+
  |                              category | year | cat_log_raw_price |
  |                   cylindrical carboys | 2015 |         -.6452236 |
  |------------------------------------------------------------------|
  |                       bench_log_raw_price                        |
  |                                  .0091944                        |
  +------------------------------------------------------------------+

  +------------------------------------------------------------------+
  |                              category | year | cat_log_raw_price |
  |                   cylindrical carboys | 2016 |         -.3408298 |
  |------------------------------------------------------------------|
  |                       bench_log_raw_price                        |
  |                                 -.0050964                        |
  +------------------------------------------------------------------+

  +------------------------------------------------------------------+
  |                              category | year | cat_log_raw_price |
  |                   cylindrical carboys | 2017 |         -.0955238 |
  |------------------------------------------------------------------|
  |                       bench_log_raw_price                        |
  |                                  .0169358                        |
  +------------------------------------------------------------------+

  +------------------------------------------------------------------+
  |                              category | year | cat_log_raw_price |
  |                   cylindrical carboys | 2018 |         -.6927772 |
  |------------------------------------------------------------------|
  |                       bench_log_raw_price                        |
  |                                  .0256877                        |
  +------------------------------------------------------------------+

  +------------------------------------------------------------------+
  |                              category | year | cat_log_raw_price |
  |                   cylindrical carboys | 2019 |         -.3884792 |
  |------------------------------------------------------------------|
  |                       bench_log_raw_price                        |
  |                                  .0534329                        |
  +------------------------------------------------------------------+

  +------------------------------------------------------------------+
  |                              category | year | cat_log_raw_price |
  |     cell lysis detergents - digitonin | 2010 |          1.335401 |
  |------------------------------------------------------------------|
  |                       bench_log_raw_price                        |
  |                                 -.0162702                        |
  +------------------------------------------------------------------+

  +------------------------------------------------------------------+
  |                              category | year | cat_log_raw_price |
  |     cell lysis detergents - digitonin | 2011 |          .6720409 |
  |------------------------------------------------------------------|
  |                       bench_log_raw_price                        |
  |                                 -.0793724                        |
  +------------------------------------------------------------------+

  +------------------------------------------------------------------+
  |                              category | year | cat_log_raw_price |
  |     cell lysis detergents - digitonin | 2012 |          .0055389 |
  |------------------------------------------------------------------|
  |                       bench_log_raw_price                        |
  |                                  -.041636                        |
  +------------------------------------------------------------------+

  +------------------------------------------------------------------+
  |                              category | year | cat_log_raw_price |
  |     cell lysis detergents - digitonin | 2013 |                 0 |
  |------------------------------------------------------------------|
  |                       bench_log_raw_price                        |
  |                                         0                        |
  +------------------------------------------------------------------+

  +------------------------------------------------------------------+
  |                              category | year | cat_log_raw_price |
  |     cell lysis detergents - digitonin | 2014 |         -.5525961 |
  |------------------------------------------------------------------|
  |                       bench_log_raw_price                        |
  |                                  .0070848                        |
  +------------------------------------------------------------------+

  +------------------------------------------------------------------+
  |                              category | year | cat_log_raw_price |
  |     cell lysis detergents - digitonin | 2015 |         -.1952157 |
  |------------------------------------------------------------------|
  |                       bench_log_raw_price                        |
  |                                  .0091944                        |
  +------------------------------------------------------------------+

  +------------------------------------------------------------------+
  |                              category | year | cat_log_raw_price |
  |     cell lysis detergents - digitonin | 2016 |          .2175903 |
  |------------------------------------------------------------------|
  |                       bench_log_raw_price                        |
  |                                 -.0050964                        |
  +------------------------------------------------------------------+

  +------------------------------------------------------------------+
  |                              category | year | cat_log_raw_price |
  |     cell lysis detergents - digitonin | 2017 |          .3263931 |
  |------------------------------------------------------------------|
  |                       bench_log_raw_price                        |
  |                                  .0169358                        |
  +------------------------------------------------------------------+

  +------------------------------------------------------------------+
  |                              category | year | cat_log_raw_price |
  |     cell lysis detergents - digitonin | 2018 |         -.0568628 |
  |------------------------------------------------------------------|
  |                       bench_log_raw_price                        |
  |                                  .0256877                        |
  +------------------------------------------------------------------+

  +------------------------------------------------------------------+
  |                              category | year | cat_log_raw_price |
  |     cell lysis detergents - digitonin | 2019 |         -.1390586 |
  |------------------------------------------------------------------|
  |                       bench_log_raw_price                        |
  |                                  .0534329                        |
  +------------------------------------------------------------------+

  +------------------------------------------------------------------+
  |                              category | year | cat_log_raw_price |
  |                       chelating resin | 2010 |          .3903136 |
  |------------------------------------------------------------------|
  |                       bench_log_raw_price                        |
  |                                 -.0162702                        |
  +------------------------------------------------------------------+

  +------------------------------------------------------------------+
  |                              category | year | cat_log_raw_price |
  |                       chelating resin | 2011 |          .8888502 |
  |------------------------------------------------------------------|
  |                       bench_log_raw_price                        |
  |                                 -.0793724                        |
  +------------------------------------------------------------------+

  +------------------------------------------------------------------+
  |                              category | year | cat_log_raw_price |
  |                       chelating resin | 2013 |                 0 |
  |------------------------------------------------------------------|
  |                       bench_log_raw_price                        |
  |                                         0                        |
  +------------------------------------------------------------------+

  +------------------------------------------------------------------+
  |                              category | year | cat_log_raw_price |
  |                       chelating resin | 2014 |         -.4418325 |
  |------------------------------------------------------------------|
  |                       bench_log_raw_price                        |
  |                                  .0070848                        |
  +------------------------------------------------------------------+

  +------------------------------------------------------------------+
  |                              category | year | cat_log_raw_price |
  |                       chelating resin | 2015 |           .156961 |
  |------------------------------------------------------------------|
  |                       bench_log_raw_price                        |
  |                                  .0091944                        |
  +------------------------------------------------------------------+

  +------------------------------------------------------------------+
  |                              category | year | cat_log_raw_price |
  |                       chelating resin | 2016 |          .3535452 |
  |------------------------------------------------------------------|
  |                       bench_log_raw_price                        |
  |                                 -.0050964                        |
  +------------------------------------------------------------------+

  +------------------------------------------------------------------+
  |                              category | year | cat_log_raw_price |
  |                        sodium sulfate | 2010 |         -1.061766 |
  |------------------------------------------------------------------|
  |                       bench_log_raw_price                        |
  |                                 -.0162702                        |
  +------------------------------------------------------------------+

  +------------------------------------------------------------------+
  |                              category | year | cat_log_raw_price |
  |                        sodium sulfate | 2011 |         -.2688956 |
  |------------------------------------------------------------------|
  |                       bench_log_raw_price                        |
  |                                 -.0793724                        |
  +------------------------------------------------------------------+

  +------------------------------------------------------------------+
  |                              category | year | cat_log_raw_price |
  |                        sodium sulfate | 2012 |          .0645847 |
  |------------------------------------------------------------------|
  |                       bench_log_raw_price                        |
  |                                  -.041636                        |
  +------------------------------------------------------------------+

  +------------------------------------------------------------------+
  |                              category | year | cat_log_raw_price |
  |                        sodium sulfate | 2013 |                 0 |
  |------------------------------------------------------------------|
  |                       bench_log_raw_price                        |
  |                                         0                        |
  +------------------------------------------------------------------+

  +------------------------------------------------------------------+
  |                              category | year | cat_log_raw_price |
  |                        sodium sulfate | 2014 |         -.3236704 |
  |------------------------------------------------------------------|
  |                       bench_log_raw_price                        |
  |                                  .0070848                        |
  +------------------------------------------------------------------+

  +------------------------------------------------------------------+
  |                              category | year | cat_log_raw_price |
  |                        sodium sulfate | 2015 |          .0107846 |
  |------------------------------------------------------------------|
  |                       bench_log_raw_price                        |
  |                                  .0091944                        |
  +------------------------------------------------------------------+

  +------------------------------------------------------------------+
  |                              category | year | cat_log_raw_price |
  |                        sodium sulfate | 2016 |         -.3778405 |
  |------------------------------------------------------------------|
  |                       bench_log_raw_price                        |
  |                                 -.0050964                        |
  +------------------------------------------------------------------+

  +------------------------------------------------------------------+
  |                              category | year | cat_log_raw_price |
  |                        sodium sulfate | 2017 |         -.0775738 |
  |------------------------------------------------------------------|
  |                       bench_log_raw_price                        |
  |                                  .0169358                        |
  +------------------------------------------------------------------+

  +------------------------------------------------------------------+
  |                              category | year | cat_log_raw_price |
  |                        sodium sulfate | 2018 |          .0637016 |
  |------------------------------------------------------------------|
  |                       bench_log_raw_price                        |
  |                                  .0256877                        |
  +------------------------------------------------------------------+

  +------------------------------------------------------------------+
  |                              category | year | cat_log_raw_price |
  |                        sodium sulfate | 2019 |         -.7753444 |
  |------------------------------------------------------------------|
  |                       bench_log_raw_price                        |
  |                                  .0534329                        |
  +------------------------------------------------------------------+

  +------------------------------------------------------------------+
  |                              category | year | cat_log_raw_price |
  |      capillary blood collection tubes | 2010 |         -.0160365 |
  |------------------------------------------------------------------|
  |                       bench_log_raw_price                        |
  |                                 -.0162702                        |
  +------------------------------------------------------------------+

  +------------------------------------------------------------------+
  |                              category | year | cat_log_raw_price |
  |      capillary blood collection tubes | 2011 |           .313751 |
  |------------------------------------------------------------------|
  |                       bench_log_raw_price                        |
  |                                 -.0793724                        |
  +------------------------------------------------------------------+

  +------------------------------------------------------------------+
  |                              category | year | cat_log_raw_price |
  |      capillary blood collection tubes | 2012 |          .2572873 |
  |------------------------------------------------------------------|
  |                       bench_log_raw_price                        |
  |                                  -.041636                        |
  +------------------------------------------------------------------+

  +------------------------------------------------------------------+
  |                              category | year | cat_log_raw_price |
  |      capillary blood collection tubes | 2013 |                 0 |
  |------------------------------------------------------------------|
  |                       bench_log_raw_price                        |
  |                                         0                        |
  +------------------------------------------------------------------+

  +------------------------------------------------------------------+
  |                              category | year | cat_log_raw_price |
  |      capillary blood collection tubes | 2014 |          .2741282 |
  |------------------------------------------------------------------|
  |                       bench_log_raw_price                        |
  |                                  .0070848                        |
  +------------------------------------------------------------------+

  +------------------------------------------------------------------+
  |                              category | year | cat_log_raw_price |
  |      capillary blood collection tubes | 2015 |           .444165 |
  |------------------------------------------------------------------|
  |                       bench_log_raw_price                        |
  |                                  .0091944                        |
  +------------------------------------------------------------------+

  +------------------------------------------------------------------+
  |                              category | year | cat_log_raw_price |
  |      capillary blood collection tubes | 2016 |          .5851748 |
  |------------------------------------------------------------------|
  |                       bench_log_raw_price                        |
  |                                 -.0050964                        |
  +------------------------------------------------------------------+

  +------------------------------------------------------------------+
  |                              category | year | cat_log_raw_price |
  |      capillary blood collection tubes | 2017 |          .3115757 |
  |------------------------------------------------------------------|
  |                       bench_log_raw_price                        |
  |                                  .0169358                        |
  +------------------------------------------------------------------+

  +------------------------------------------------------------------+
  |                              category | year | cat_log_raw_price |
  |      capillary blood collection tubes | 2018 |          .1898963 |
  |------------------------------------------------------------------|
  |                       bench_log_raw_price                        |
  |                                  .0256877                        |
  +------------------------------------------------------------------+

  +------------------------------------------------------------------+
  |                              category | year | cat_log_raw_price |
  |      capillary blood collection tubes | 2019 |           .313904 |
  |------------------------------------------------------------------|
  |                       bench_log_raw_price                        |
  |                                  .0534329                        |
  +------------------------------------------------------------------+

  +------------------------------------------------------------------+
  |                              category | year | cat_log_raw_price |
  | cell culture antibiotics - ampicillin | 2010 |          .0631747 |
  |------------------------------------------------------------------|
  |                       bench_log_raw_price                        |
  |                                 -.0162702                        |
  +------------------------------------------------------------------+

  +------------------------------------------------------------------+
  |                              category | year | cat_log_raw_price |
  | cell culture antibiotics - ampicillin | 2011 |          .0288067 |
  |------------------------------------------------------------------|
  |                       bench_log_raw_price                        |
  |                                 -.0793724                        |
  +------------------------------------------------------------------+

  +------------------------------------------------------------------+
  |                              category | year | cat_log_raw_price |
  | cell culture antibiotics - ampicillin | 2012 |          .0977001 |
  |------------------------------------------------------------------|
  |                       bench_log_raw_price                        |
  |                                  -.041636                        |
  +------------------------------------------------------------------+

  +------------------------------------------------------------------+
  |                              category | year | cat_log_raw_price |
  | cell culture antibiotics - ampicillin | 2013 |                 0 |
  |------------------------------------------------------------------|
  |                       bench_log_raw_price                        |
  |                                         0                        |
  +------------------------------------------------------------------+

  +------------------------------------------------------------------+
  |                              category | year | cat_log_raw_price |
  | cell culture antibiotics - ampicillin | 2014 |          .0101185 |
  |------------------------------------------------------------------|
  |                       bench_log_raw_price                        |
  |                                  .0070848                        |
  +------------------------------------------------------------------+

  +------------------------------------------------------------------+
  |                              category | year | cat_log_raw_price |
  | cell culture antibiotics - ampicillin | 2015 |         -.2818689 |
  |------------------------------------------------------------------|
  |                       bench_log_raw_price                        |
  |                                  .0091944                        |
  +------------------------------------------------------------------+

  +------------------------------------------------------------------+
  |                              category | year | cat_log_raw_price |
  | cell culture antibiotics - ampicillin | 2016 |         -.2422142 |
  |------------------------------------------------------------------|
  |                       bench_log_raw_price                        |
  |                                 -.0050964                        |
  +------------------------------------------------------------------+

  +------------------------------------------------------------------+
  |                              category | year | cat_log_raw_price |
  | cell culture antibiotics - ampicillin | 2017 |          -.195889 |
  |------------------------------------------------------------------|
  |                       bench_log_raw_price                        |
  |                                  .0169358                        |
  +------------------------------------------------------------------+

  +------------------------------------------------------------------+
  |                              category | year | cat_log_raw_price |
  | cell culture antibiotics - ampicillin | 2018 |         -.3479662 |
  |------------------------------------------------------------------|
  |                       bench_log_raw_price                        |
  |                                  .0256877                        |
  +------------------------------------------------------------------+

  +------------------------------------------------------------------+
  |                              category | year | cat_log_raw_price |
  | cell culture antibiotics - ampicillin | 2019 |         -.3127384 |
  |------------------------------------------------------------------|
  |                       bench_log_raw_price                        |
  |                                  .0534329                        |
  +------------------------------------------------------------------+

  +------------------------------------------------------------------+
  |                              category | year | cat_log_raw_price |
  |                   laboratory spatulas | 2010 |         -.0879619 |
  |------------------------------------------------------------------|
  |                       bench_log_raw_price                        |
  |                                 -.0162702                        |
  +------------------------------------------------------------------+

  +------------------------------------------------------------------+
  |                              category | year | cat_log_raw_price |
  |                   laboratory spatulas | 2011 |         -.2375405 |
  |------------------------------------------------------------------|
  |                       bench_log_raw_price                        |
  |                                 -.0793724                        |
  +------------------------------------------------------------------+

  +------------------------------------------------------------------+
  |                              category | year | cat_log_raw_price |
  |                   laboratory spatulas | 2012 |         -.0987115 |
  |------------------------------------------------------------------|
  |                       bench_log_raw_price                        |
  |                                  -.041636                        |
  +------------------------------------------------------------------+

  +------------------------------------------------------------------+
  |                              category | year | cat_log_raw_price |
  |                   laboratory spatulas | 2013 |                 0 |
  |------------------------------------------------------------------|
  |                       bench_log_raw_price                        |
  |                                         0                        |
  +------------------------------------------------------------------+

  +------------------------------------------------------------------+
  |                              category | year | cat_log_raw_price |
  |                   laboratory spatulas | 2014 |         -.2429452 |
  |------------------------------------------------------------------|
  |                       bench_log_raw_price                        |
  |                                  .0070848                        |
  +------------------------------------------------------------------+

  +------------------------------------------------------------------+
  |                              category | year | cat_log_raw_price |
  |                   laboratory spatulas | 2015 |         -.0494916 |
  |------------------------------------------------------------------|
  |                       bench_log_raw_price                        |
  |                                  .0091944                        |
  +------------------------------------------------------------------+

  +------------------------------------------------------------------+
  |                              category | year | cat_log_raw_price |
  |                   laboratory spatulas | 2016 |         -.4312744 |
  |------------------------------------------------------------------|
  |                       bench_log_raw_price                        |
  |                                 -.0050964                        |
  +------------------------------------------------------------------+

  +------------------------------------------------------------------+
  |                              category | year | cat_log_raw_price |
  |                   laboratory spatulas | 2017 |         -.5131152 |
  |------------------------------------------------------------------|
  |                       bench_log_raw_price                        |
  |                                  .0169358                        |
  +------------------------------------------------------------------+

  +------------------------------------------------------------------+
  |                              category | year | cat_log_raw_price |
  |                   laboratory spatulas | 2018 |         -.4107499 |
  |------------------------------------------------------------------|
  |                       bench_log_raw_price                        |
  |                                  .0256877                        |
  +------------------------------------------------------------------+

  +------------------------------------------------------------------+
  |                              category | year | cat_log_raw_price |
  |                   laboratory spatulas | 2019 |         -.3068011 |
  |------------------------------------------------------------------|
  |                       bench_log_raw_price                        |
  |                                  .0534329                        |
  +------------------------------------------------------------------+

  +------------------------------------------------------------------+
  |                              category | year | cat_log_raw_price |
  |                              cuvettes | 2010 |          .0118251 |
  |------------------------------------------------------------------|
  |                       bench_log_raw_price                        |
  |                                 -.0162702                        |
  +------------------------------------------------------------------+

  +------------------------------------------------------------------+
  |                              category | year | cat_log_raw_price |
  |                              cuvettes | 2011 |         -.0207024 |
  |------------------------------------------------------------------|
  |                       bench_log_raw_price                        |
  |                                 -.0793724                        |
  +------------------------------------------------------------------+

  +------------------------------------------------------------------+
  |                              category | year | cat_log_raw_price |
  |                              cuvettes | 2012 |         -.0366936 |
  |------------------------------------------------------------------|
  |                       bench_log_raw_price                        |
  |                                  -.041636                        |
  +------------------------------------------------------------------+

  +------------------------------------------------------------------+
  |                              category | year | cat_log_raw_price |
  |                              cuvettes | 2013 |                 0 |
  |------------------------------------------------------------------|
  |                       bench_log_raw_price                        |
  |                                         0                        |
  +------------------------------------------------------------------+

  +------------------------------------------------------------------+
  |                              category | year | cat_log_raw_price |
  |                              cuvettes | 2014 |          -.012979 |
  |------------------------------------------------------------------|
  |                       bench_log_raw_price                        |
  |                                  .0070848                        |
  +------------------------------------------------------------------+

  +------------------------------------------------------------------+
  |                              category | year | cat_log_raw_price |
  |                              cuvettes | 2015 |          .0135508 |
  |------------------------------------------------------------------|
  |                       bench_log_raw_price                        |
  |                                  .0091944                        |
  +------------------------------------------------------------------+

  +------------------------------------------------------------------+
  |                              category | year | cat_log_raw_price |
  |                              cuvettes | 2016 |          .0286231 |
  |------------------------------------------------------------------|
  |                       bench_log_raw_price                        |
  |                                 -.0050964                        |
  +------------------------------------------------------------------+

  +------------------------------------------------------------------+
  |                              category | year | cat_log_raw_price |
  |                              cuvettes | 2017 |          .0167303 |
  |------------------------------------------------------------------|
  |                       bench_log_raw_price                        |
  |                                  .0169358                        |
  +------------------------------------------------------------------+

  +------------------------------------------------------------------+
  |                              category | year | cat_log_raw_price |
  |                              cuvettes | 2018 |          .0438986 |
  |------------------------------------------------------------------|
  |                       bench_log_raw_price                        |
  |                                  .0256877                        |
  +------------------------------------------------------------------+

  +------------------------------------------------------------------+
  |                              category | year | cat_log_raw_price |
  |                              cuvettes | 2019 |          .0069861 |
  |------------------------------------------------------------------|
  |                       bench_log_raw_price                        |
  |                                  .0534329                        |
  +------------------------------------------------------------------+

. 
end of do-file
